'The following are prediction results of the ADARNN model.'
                          score
datetime   instrument          
2017-01-03 SH600000    0.100062
           SH600008    0.105258
           SH600009    0.186917
           SH600010    0.086228
           SH600015   -0.010967
{'IC': np.float64(0.050014825678643536),
 'ICIR': np.float64(0.3929058514190661),
 'Rank IC': np.float64(0.059767038902022264),
 'Rank ICIR': np.float64(0.47916546442398555)}
'The following are analysis results of benchmark return(1day).'
                       risk
mean               0.000477
std                0.012295
annualized_return  0.113561
information_ratio  0.598699
max_drawdown      -0.370479
'The following are analysis results of the excess return without cost(1day).'
                       risk
mean               0.000455
std                0.004580
annualized_return  0.108331
information_ratio  1.533209
max_drawdown      -0.070587
'The following are analysis results of the excess return with cost(1day).'
                       risk
mean               0.000270
std                0.004576
annualized_return  0.064181
information_ratio  0.909044
max_drawdown      -0.094463
'The following are analysis results of indicators(1day).'
     value
ffr    1.0
pa     0.0
pos    0.0

[11088:MainThread](2026-07-17 13:54:04,900) INFO - qlib.qrun - [run.py:78] - Render the template with the context: {}
[11088:MainThread](2026-07-17 13:54:04,906) INFO - qlib.Initialization - [config.py:453] - default_conf: client.
[11088:MainThread](2026-07-17 13:54:04,907) INFO - qlib.Initialization - [__init__.py:82] - qlib successfully initialized based on client settings.
[11088:MainThread](2026-07-17 13:54:04,908) INFO - qlib.Initialization - [__init__.py:84] - data_path={'__DEFAULT_FREQ': PosixPath('/Users/xuxin/.qlib/qlib_data/cn_data')}
[11088:MainThread](2026-07-17 13:54:04,916) WARNING - qlib.workflow - [expm.py:230] - No valid experiment found. Create a new experiment with name trav_deep_ADARNN_adarnn_Alpha360_3.
[11088:MainThread](2026-07-17 13:54:04,920) INFO - qlib.workflow - [exp.py:258] - Experiment 314364549801834982 starts running ...
[11088:MainThread](2026-07-17 13:54:05,730) INFO - qlib.workflow - [recorder.py:345] - Recorder eaa605514a634b4f831943367c617c1c starts running under Experiment 314364549801834982 ...
[11088:MainThread](2026-07-17 13:54:08,709) INFO - qlib.ADARNN - [pytorch_adarnn.py:63] - ADARNN pytorch version...
[11088:MainThread](2026-07-17 13:54:08,709) INFO - qlib.ADARNN - [pytorch_adarnn.py:87] - ADARNN parameters setting:
d_feat : 6
hidden_size : 64
num_layers : 2
dropout : 0.0
n_epochs : 200
lr : 0.001
metric : loss
batch_size : 800
early_stop : 20
optimizer : adam
loss_type : mse
visible_GPU : 0
use_GPU : False
seed : None
[11088:MainThread](2026-07-17 13:54:08,721) INFO - qlib.ADARNN - [pytorch_adarnn.py:136] - model:
AdaRNN(
  (features): Sequential(
    (0): GRU(6, 64, batch_first=True)
    (1): GRU(64, 64, batch_first=True)
  )
  (fc_out): Linear(in_features=64, out_features=1, bias=True)
  (gate): ModuleList(
    (0-1): 2 x Linear(in_features=7680, out_features=60, bias=True)
  )
  (bn_lst): ModuleList(
    (0-1): 2 x BatchNorm1d(60, eps=1e-05, momentum=0.1, affine=True, bias=True, track_running_stats=True)
  )
  (softmax): Softmax(dim=0)
)
[11088:MainThread](2026-07-17 13:54:08,721) INFO - qlib.ADARNN - [pytorch_adarnn.py:137] - model size: 0.9163 MB
[11088:MainThread](2026-07-17 13:54:56,051) INFO - qlib.timer - [log.py:127] - Time cost: 45.738s | Loading data Done
/Users/xuxin/.local/lib/python3.12/site-packages/numpy/lib/_nanfunctions_impl.py:1215: RuntimeWarning: All-NaN slice encountered
  return fnb._ureduce(a, func=_nanmedian, keepdims=keepdims,
[11088:MainThread](2026-07-17 13:55:02,402) INFO - qlib.timer - [log.py:127] - Time cost: 5.966s | RobustZScoreNorm Done
[11088:MainThread](2026-07-17 13:55:03,103) INFO - qlib.timer - [log.py:127] - Time cost: 0.701s | Fillna Done
[11088:MainThread](2026-07-17 13:55:03,737) INFO - qlib.timer - [log.py:127] - Time cost: 0.233s | DropnaLabel Done
/Users/xuxin/Documents/dev/qlib/qlib/data/dataset/processor.py:358: SettingWithCopyWarning: 
A value is trying to be set on a copy of a slice from a DataFrame.
Try using .loc[row_indexer,col_indexer] = value instead

See the caveats in the documentation: https://pandas.pydata.org/pandas-docs/stable/user_guide/indexing.html#returning-a-view-versus-a-copy
  df[cols] = t
[11088:MainThread](2026-07-17 13:55:03,895) INFO - qlib.timer - [log.py:127] - Time cost: 0.158s | CSRankNorm Done
[11088:MainThread](2026-07-17 13:55:03,911) INFO - qlib.timer - [log.py:127] - Time cost: 7.859s | fit & process data Done
[11088:MainThread](2026-07-17 13:55:03,911) INFO - qlib.timer - [log.py:127] - Time cost: 53.598s | Init data Done
[11088:MainThread](2026-07-17 13:55:03,912) WARNING - qlib.utils - [__init__.py:849] - The parameter `reweighter` with value `None` is ignored.
[11088:MainThread](2026-07-17 13:55:04,440) INFO - qlib.ADARNN - [pytorch_adarnn.py:265] - training...
[11088:MainThread](2026-07-17 13:55:04,441) INFO - qlib.ADARNN - [pytorch_adarnn.py:272] - Epoch0:
[11088:MainThread](2026-07-17 13:55:04,441) INFO - qlib.ADARNN - [pytorch_adarnn.py:273] - training...
[11088:MainThread](2026-07-17 13:57:04,971) INFO - qlib.ADARNN - [pytorch_adarnn.py:275] - evaluating...
[11088:MainThread](2026-07-17 13:57:43,936) INFO - qlib.ADARNN - [pytorch_adarnn.py:240] - ic/train: : 0.073689, icir/train: : 0.481430, ric/train: : 0.068708, ricir/train: : 0.450497, mse/train: : 0.005911, loss/train: : 0.005911
[11088:MainThread](2026-07-17 13:57:43,936) INFO - qlib.ADARNN - [pytorch_adarnn.py:240] - ic/valid: : 0.076053, icir/valid: : 0.428705, ric/valid: : 0.070257, ricir/valid: : 0.382638, mse/valid: : 0.004429, loss/valid: : 0.004429
[11088:MainThread](2026-07-17 13:57:43,940) INFO - qlib.ADARNN - [pytorch_adarnn.py:272] - Epoch1:
[11088:MainThread](2026-07-17 13:57:43,941) INFO - qlib.ADARNN - [pytorch_adarnn.py:273] - training...
[11088:MainThread](2026-07-17 13:59:44,790) INFO - qlib.ADARNN - [pytorch_adarnn.py:275] - evaluating...
[11088:MainThread](2026-07-17 14:00:24,000) INFO - qlib.ADARNN - [pytorch_adarnn.py:240] - ic/train: : 0.093587, icir/train: : 0.699252, ric/train: : 0.089442, ricir/train: : 0.659389, mse/train: : -0.019494, loss/train: : -0.019494
[11088:MainThread](2026-07-17 14:00:24,000) INFO - qlib.ADARNN - [pytorch_adarnn.py:240] - ic/valid: : 0.075276, icir/valid: : 0.473955, ric/valid: : 0.070749, ricir/valid: : 0.442435, mse/valid: : -0.014717, loss/valid: : -0.014717
[11088:MainThread](2026-07-17 14:00:24,000) INFO - qlib.ADARNN - [pytorch_adarnn.py:272] - Epoch2:
[11088:MainThread](2026-07-17 14:00:24,000) INFO - qlib.ADARNN - [pytorch_adarnn.py:273] - training...
[11088:MainThread](2026-07-17 14:02:23,588) INFO - qlib.ADARNN - [pytorch_adarnn.py:275] - evaluating...
[11088:MainThread](2026-07-17 14:03:04,933) INFO - qlib.ADARNN - [pytorch_adarnn.py:240] - ic/train: : 0.098953, icir/train: : 0.665627, ric/train: : 0.094689, ricir/train: : 0.646598, mse/train: : -0.028447, loss/train: : -0.028447
[11088:MainThread](2026-07-17 14:03:04,934) INFO - qlib.ADARNN - [pytorch_adarnn.py:240] - ic/valid: : 0.087187, icir/valid: : 0.533234, ric/valid: : 0.080172, ricir/valid: : 0.489317, mse/valid: : -0.028778, loss/valid: : -0.028778
[11088:MainThread](2026-07-17 14:03:04,934) INFO - qlib.ADARNN - [pytorch_adarnn.py:272] - Epoch3:
[11088:MainThread](2026-07-17 14:03:04,934) INFO - qlib.ADARNN - [pytorch_adarnn.py:273] - training...
[11088:MainThread](2026-07-17 14:05:11,879) INFO - qlib.ADARNN - [pytorch_adarnn.py:275] - evaluating...
[11088:MainThread](2026-07-17 14:05:49,988) INFO - qlib.ADARNN - [pytorch_adarnn.py:240] - ic/train: : 0.106688, icir/train: : 0.791436, ric/train: : 0.101870, ricir/train: : 0.763299, mse/train: : 0.026429, loss/train: : 0.026429
[11088:MainThread](2026-07-17 14:05:49,988) INFO - qlib.ADARNN - [pytorch_adarnn.py:240] - ic/valid: : 0.082762, icir/valid: : 0.559027, ric/valid: : 0.076736, ricir/valid: : 0.518650, mse/valid: : 0.027857, loss/valid: : 0.027857
[11088:MainThread](2026-07-17 14:05:49,992) INFO - qlib.ADARNN - [pytorch_adarnn.py:272] - Epoch4:
[11088:MainThread](2026-07-17 14:05:49,992) INFO - qlib.ADARNN - [pytorch_adarnn.py:273] - training...
[11088:MainThread](2026-07-17 14:07:56,977) INFO - qlib.ADARNN - [pytorch_adarnn.py:275] - evaluating...
[11088:MainThread](2026-07-17 14:08:36,128) INFO - qlib.ADARNN - [pytorch_adarnn.py:240] - ic/train: : 0.114926, icir/train: : 0.888855, ric/train: : 0.109754, ricir/train: : 0.849496, mse/train: : 0.010263, loss/train: : 0.010263
[11088:MainThread](2026-07-17 14:08:36,128) INFO - qlib.ADARNN - [pytorch_adarnn.py:240] - ic/valid: : 0.088274, icir/valid: : 0.594961, ric/valid: : 0.080872, ricir/valid: : 0.545157, mse/valid: : 0.012826, loss/valid: : 0.012826
[11088:MainThread](2026-07-17 14:08:36,128) INFO - qlib.ADARNN - [pytorch_adarnn.py:272] - Epoch5:
[11088:MainThread](2026-07-17 14:08:36,128) INFO - qlib.ADARNN - [pytorch_adarnn.py:273] - training...
[11088:MainThread](2026-07-17 14:10:42,907) INFO - qlib.ADARNN - [pytorch_adarnn.py:275] - evaluating...
[11088:MainThread](2026-07-17 14:11:24,418) INFO - qlib.ADARNN - [pytorch_adarnn.py:240] - ic/train: : 0.115032, icir/train: : 0.802160, ric/train: : 0.110877, ricir/train: : 0.772997, mse/train: : -0.003914, loss/train: : -0.003914
[11088:MainThread](2026-07-17 14:11:24,418) INFO - qlib.ADARNN - [pytorch_adarnn.py:240] - ic/valid: : 0.097134, icir/valid: : 0.619244, ric/valid: : 0.091075, ricir/valid: : 0.588046, mse/valid: : -0.002479, loss/valid: : -0.002479
[11088:MainThread](2026-07-17 14:11:24,418) INFO - qlib.ADARNN - [pytorch_adarnn.py:272] - Epoch6:
[11088:MainThread](2026-07-17 14:11:24,419) INFO - qlib.ADARNN - [pytorch_adarnn.py:273] - training...
[11088:MainThread](2026-07-17 14:13:34,677) INFO - qlib.ADARNN - [pytorch_adarnn.py:275] - evaluating...
[11088:MainThread](2026-07-17 14:14:13,231) INFO - qlib.ADARNN - [pytorch_adarnn.py:240] - ic/train: : 0.121521, icir/train: : 0.936830, ric/train: : 0.116741, ricir/train: : 0.904987, mse/train: : -0.028457, loss/train: : -0.028457
[11088:MainThread](2026-07-17 14:14:13,231) INFO - qlib.ADARNN - [pytorch_adarnn.py:240] - ic/valid: : 0.092690, icir/valid: : 0.639560, ric/valid: : 0.084549, ricir/valid: : 0.584195, mse/valid: : -0.026553, loss/valid: : -0.026553
[11088:MainThread](2026-07-17 14:14:13,232) INFO - qlib.ADARNN - [pytorch_adarnn.py:272] - Epoch7:
[11088:MainThread](2026-07-17 14:14:13,232) INFO - qlib.ADARNN - [pytorch_adarnn.py:273] - training...
[11088:MainThread](2026-07-17 14:16:12,641) INFO - qlib.ADARNN - [pytorch_adarnn.py:275] - evaluating...
[11088:MainThread](2026-07-17 14:16:51,173) INFO - qlib.ADARNN - [pytorch_adarnn.py:240] - ic/train: : 0.127979, icir/train: : 0.958846, ric/train: : 0.123399, ricir/train: : 0.928136, mse/train: : -0.005374, loss/train: : -0.005374
[11088:MainThread](2026-07-17 14:16:51,174) INFO - qlib.ADARNN - [pytorch_adarnn.py:240] - ic/valid: : 0.094027, icir/valid: : 0.650538, ric/valid: : 0.086737, ricir/valid: : 0.596450, mse/valid: : -0.002962, loss/valid: : -0.002962
[11088:MainThread](2026-07-17 14:16:51,174) INFO - qlib.ADARNN - [pytorch_adarnn.py:272] - Epoch8:
[11088:MainThread](2026-07-17 14:16:51,174) INFO - qlib.ADARNN - [pytorch_adarnn.py:273] - training...
[11088:MainThread](2026-07-17 14:18:51,253) INFO - qlib.ADARNN - [pytorch_adarnn.py:275] - evaluating...
[11088:MainThread](2026-07-17 14:19:29,917) INFO - qlib.ADARNN - [pytorch_adarnn.py:240] - ic/train: : 0.127852, icir/train: : 0.992096, ric/train: : 0.123164, ricir/train: : 0.952859, mse/train: : -0.003763, loss/train: : -0.003763
[11088:MainThread](2026-07-17 14:19:29,917) INFO - qlib.ADARNN - [pytorch_adarnn.py:240] - ic/valid: : 0.092419, icir/valid: : 0.665647, ric/valid: : 0.086517, ricir/valid: : 0.623516, mse/valid: : -0.001607, loss/valid: : -0.001607
[11088:MainThread](2026-07-17 14:19:29,917) INFO - qlib.ADARNN - [pytorch_adarnn.py:272] - Epoch9:
[11088:MainThread](2026-07-17 14:19:29,917) INFO - qlib.ADARNN - [pytorch_adarnn.py:273] - training...
[11088:MainThread](2026-07-17 14:21:30,278) INFO - qlib.ADARNN - [pytorch_adarnn.py:275] - evaluating...
[11088:MainThread](2026-07-17 14:22:09,387) INFO - qlib.ADARNN - [pytorch_adarnn.py:240] - ic/train: : 0.134772, icir/train: : 1.043344, ric/train: : 0.130072, ricir/train: : 1.006829, mse/train: : -0.014404, loss/train: : -0.014404
[11088:MainThread](2026-07-17 14:22:09,388) INFO - qlib.ADARNN - [pytorch_adarnn.py:240] - ic/valid: : 0.090591, icir/valid: : 0.657856, ric/valid: : 0.085395, ricir/valid: : 0.622976, mse/valid: : -0.010120, loss/valid: : -0.010120
[11088:MainThread](2026-07-17 14:22:09,388) INFO - qlib.ADARNN - [pytorch_adarnn.py:272] - Epoch10:
[11088:MainThread](2026-07-17 14:22:09,388) INFO - qlib.ADARNN - [pytorch_adarnn.py:273] - training...
[11088:MainThread](2026-07-17 14:24:10,644) INFO - qlib.ADARNN - [pytorch_adarnn.py:275] - evaluating...
[11088:MainThread](2026-07-17 14:24:49,662) INFO - qlib.ADARNN - [pytorch_adarnn.py:240] - ic/train: : 0.137808, icir/train: : 1.093999, ric/train: : 0.133146, ricir/train: : 1.053481, mse/train: : 0.004721, loss/train: : 0.004721
[11088:MainThread](2026-07-17 14:24:49,662) INFO - qlib.ADARNN - [pytorch_adarnn.py:240] - ic/valid: : 0.086285, icir/valid: : 0.634117, ric/valid: : 0.080933, ricir/valid: : 0.595248, mse/valid: : 0.007535, loss/valid: : 0.007535
[11088:MainThread](2026-07-17 14:24:49,662) INFO - qlib.ADARNN - [pytorch_adarnn.py:272] - Epoch11:
[11088:MainThread](2026-07-17 14:24:49,662) INFO - qlib.ADARNN - [pytorch_adarnn.py:273] - training...
[11088:MainThread](2026-07-17 14:26:49,184) INFO - qlib.ADARNN - [pytorch_adarnn.py:275] - evaluating...
[11088:MainThread](2026-07-17 14:27:27,847) INFO - qlib.ADARNN - [pytorch_adarnn.py:240] - ic/train: : 0.140874, icir/train: : 1.099242, ric/train: : 0.136192, ricir/train: : 1.062580, mse/train: : 0.002452, loss/train: : 0.002452
[11088:MainThread](2026-07-17 14:27:27,848) INFO - qlib.ADARNN - [pytorch_adarnn.py:240] - ic/valid: : 0.093348, icir/valid: : 0.660273, ric/valid: : 0.087352, ricir/valid: : 0.620802, mse/valid: : 0.002612, loss/valid: : 0.002612
[11088:MainThread](2026-07-17 14:27:27,848) INFO - qlib.ADARNN - [pytorch_adarnn.py:272] - Epoch12:
[11088:MainThread](2026-07-17 14:27:27,848) INFO - qlib.ADARNN - [pytorch_adarnn.py:273] - training...
[11088:MainThread](2026-07-17 14:29:27,646) INFO - qlib.ADARNN - [pytorch_adarnn.py:275] - evaluating...
[11088:MainThread](2026-07-17 14:30:06,441) INFO - qlib.ADARNN - [pytorch_adarnn.py:240] - ic/train: : 0.144879, icir/train: : 1.190970, ric/train: : 0.139598, ricir/train: : 1.149732, mse/train: : -0.028754, loss/train: : -0.028754
[11088:MainThread](2026-07-17 14:30:06,441) INFO - qlib.ADARNN - [pytorch_adarnn.py:240] - ic/valid: : 0.089467, icir/valid: : 0.650081, ric/valid: : 0.083625, ricir/valid: : 0.603360, mse/valid: : -0.028539, loss/valid: : -0.028539
[11088:MainThread](2026-07-17 14:30:06,441) INFO - qlib.ADARNN - [pytorch_adarnn.py:272] - Epoch13:
[11088:MainThread](2026-07-17 14:30:06,442) INFO - qlib.ADARNN - [pytorch_adarnn.py:273] - training...
[11088:MainThread](2026-07-17 14:32:07,882) INFO - qlib.ADARNN - [pytorch_adarnn.py:275] - evaluating...
[11088:MainThread](2026-07-17 14:32:46,686) INFO - qlib.ADARNN - [pytorch_adarnn.py:240] - ic/train: : 0.149437, icir/train: : 1.198557, ric/train: : 0.144318, ricir/train: : 1.155870, mse/train: : 0.028039, loss/train: : 0.028039
[11088:MainThread](2026-07-17 14:32:46,686) INFO - qlib.ADARNN - [pytorch_adarnn.py:240] - ic/valid: : 0.088863, icir/valid: : 0.643524, ric/valid: : 0.082159, ricir/valid: : 0.589959, mse/valid: : 0.031318, loss/valid: : 0.031318
[11088:MainThread](2026-07-17 14:32:46,690) INFO - qlib.ADARNN - [pytorch_adarnn.py:272] - Epoch14:
[11088:MainThread](2026-07-17 14:32:46,691) INFO - qlib.ADARNN - [pytorch_adarnn.py:273] - training...
[11088:MainThread](2026-07-17 14:34:48,137) INFO - qlib.ADARNN - [pytorch_adarnn.py:275] - evaluating...
[11088:MainThread](2026-07-17 14:35:26,904) INFO - qlib.ADARNN - [pytorch_adarnn.py:240] - ic/train: : 0.154512, icir/train: : 1.262996, ric/train: : 0.149218, ricir/train: : 1.219493, mse/train: : 0.004636, loss/train: : 0.004636
[11088:MainThread](2026-07-17 14:35:26,904) INFO - qlib.ADARNN - [pytorch_adarnn.py:240] - ic/valid: : 0.088648, icir/valid: : 0.642926, ric/valid: : 0.083315, ricir/valid: : 0.599260, mse/valid: : 0.007774, loss/valid: : 0.007774
[11088:MainThread](2026-07-17 14:35:26,904) INFO - qlib.ADARNN - [pytorch_adarnn.py:272] - Epoch15:
[11088:MainThread](2026-07-17 14:35:26,904) INFO - qlib.ADARNN - [pytorch_adarnn.py:273] - training...
[11088:MainThread](2026-07-17 14:37:26,756) INFO - qlib.ADARNN - [pytorch_adarnn.py:275] - evaluating...
[11088:MainThread](2026-07-17 14:38:05,356) INFO - qlib.ADARNN - [pytorch_adarnn.py:240] - ic/train: : 0.153552, icir/train: : 1.266214, ric/train: : 0.148358, ricir/train: : 1.220439, mse/train: : 0.003480, loss/train: : 0.003480
[11088:MainThread](2026-07-17 14:38:05,356) INFO - qlib.ADARNN - [pytorch_adarnn.py:240] - ic/valid: : 0.080026, icir/valid: : 0.603604, ric/valid: : 0.074532, ricir/valid: : 0.556940, mse/valid: : 0.007252, loss/valid: : 0.007252
[11088:MainThread](2026-07-17 14:38:05,356) INFO - qlib.ADARNN - [pytorch_adarnn.py:272] - Epoch16:
[11088:MainThread](2026-07-17 14:38:05,356) INFO - qlib.ADARNN - [pytorch_adarnn.py:273] - training...
[11088:MainThread](2026-07-17 14:40:03,925) INFO - qlib.ADARNN - [pytorch_adarnn.py:275] - evaluating...
[11088:MainThread](2026-07-17 14:40:42,006) INFO - qlib.ADARNN - [pytorch_adarnn.py:240] - ic/train: : 0.160718, icir/train: : 1.333865, ric/train: : 0.155335, ricir/train: : 1.283918, mse/train: : -0.001884, loss/train: : -0.001884
[11088:MainThread](2026-07-17 14:40:42,006) INFO - qlib.ADARNN - [pytorch_adarnn.py:240] - ic/valid: : 0.081745, icir/valid: : 0.623033, ric/valid: : 0.076583, ricir/valid: : 0.589368, mse/valid: : -0.002957, loss/valid: : -0.002957
[11088:MainThread](2026-07-17 14:40:42,006) INFO - qlib.ADARNN - [pytorch_adarnn.py:272] - Epoch17:
[11088:MainThread](2026-07-17 14:40:42,007) INFO - qlib.ADARNN - [pytorch_adarnn.py:273] - training...
[11088:MainThread](2026-07-17 14:42:41,542) INFO - qlib.ADARNN - [pytorch_adarnn.py:275] - evaluating...
[11088:MainThread](2026-07-17 14:43:19,919) INFO - qlib.ADARNN - [pytorch_adarnn.py:240] - ic/train: : 0.163249, icir/train: : 1.378441, ric/train: : 0.157596, ricir/train: : 1.321903, mse/train: : -0.003569, loss/train: : -0.003569
[11088:MainThread](2026-07-17 14:43:19,920) INFO - qlib.ADARNN - [pytorch_adarnn.py:240] - ic/valid: : 0.083577, icir/valid: : 0.619022, ric/valid: : 0.077110, ricir/valid: : 0.565813, mse/valid: : 0.000001, loss/valid: : 0.000001
[11088:MainThread](2026-07-17 14:43:19,920) INFO - qlib.ADARNN - [pytorch_adarnn.py:272] - Epoch18:
[11088:MainThread](2026-07-17 14:43:19,920) INFO - qlib.ADARNN - [pytorch_adarnn.py:273] - training...
[11088:MainThread](2026-07-17 14:45:19,957) INFO - qlib.ADARNN - [pytorch_adarnn.py:275] - evaluating...
[11088:MainThread](2026-07-17 14:45:58,017) INFO - qlib.ADARNN - [pytorch_adarnn.py:240] - ic/train: : 0.168155, icir/train: : 1.388265, ric/train: : 0.161830, ricir/train: : 1.329040, mse/train: : -0.005234, loss/train: : -0.005234
[11088:MainThread](2026-07-17 14:45:58,017) INFO - qlib.ADARNN - [pytorch_adarnn.py:240] - ic/valid: : 0.085077, icir/valid: : 0.631141, ric/valid: : 0.079273, ricir/valid: : 0.581671, mse/valid: : -0.001770, loss/valid: : -0.001770
[11088:MainThread](2026-07-17 14:45:58,018) INFO - qlib.ADARNN - [pytorch_adarnn.py:272] - Epoch19:
[11088:MainThread](2026-07-17 14:45:58,018) INFO - qlib.ADARNN - [pytorch_adarnn.py:273] - training...
[11088:MainThread](2026-07-17 14:47:58,463) INFO - qlib.ADARNN - [pytorch_adarnn.py:275] - evaluating...
[11088:MainThread](2026-07-17 14:48:36,629) INFO - qlib.ADARNN - [pytorch_adarnn.py:240] - ic/train: : 0.177528, icir/train: : 1.512167, ric/train: : 0.171643, ricir/train: : 1.436902, mse/train: : -0.001358, loss/train: : -0.001358
[11088:MainThread](2026-07-17 14:48:36,629) INFO - qlib.ADARNN - [pytorch_adarnn.py:240] - ic/valid: : 0.085298, icir/valid: : 0.620012, ric/valid: : 0.079819, ricir/valid: : 0.572649, mse/valid: : -0.001050, loss/valid: : -0.001050
[11088:MainThread](2026-07-17 14:48:36,629) INFO - qlib.ADARNN - [pytorch_adarnn.py:272] - Epoch20:
[11088:MainThread](2026-07-17 14:48:36,629) INFO - qlib.ADARNN - [pytorch_adarnn.py:273] - training...
[11088:MainThread](2026-07-17 14:50:37,705) INFO - qlib.ADARNN - [pytorch_adarnn.py:275] - evaluating...
[11088:MainThread](2026-07-17 14:51:16,458) INFO - qlib.ADARNN - [pytorch_adarnn.py:240] - ic/train: : 0.181115, icir/train: : 1.559345, ric/train: : 0.174313, ricir/train: : 1.483341, mse/train: : 0.006404, loss/train: : 0.006404
[11088:MainThread](2026-07-17 14:51:16,458) INFO - qlib.ADARNN - [pytorch_adarnn.py:240] - ic/valid: : 0.081867, icir/valid: : 0.628528, ric/valid: : 0.077433, ricir/valid: : 0.585632, mse/valid: : 0.003810, loss/valid: : 0.003810
[11088:MainThread](2026-07-17 14:51:16,459) INFO - qlib.ADARNN - [pytorch_adarnn.py:272] - Epoch21:
[11088:MainThread](2026-07-17 14:51:16,459) INFO - qlib.ADARNN - [pytorch_adarnn.py:273] - training...
[11088:MainThread](2026-07-17 14:53:18,943) INFO - qlib.ADARNN - [pytorch_adarnn.py:275] - evaluating...
[11088:MainThread](2026-07-17 14:53:57,768) INFO - qlib.ADARNN - [pytorch_adarnn.py:240] - ic/train: : 0.165003, icir/train: : 1.386827, ric/train: : 0.160320, ricir/train: : 1.344667, mse/train: : 0.027945, loss/train: : 0.027945
[11088:MainThread](2026-07-17 14:53:57,769) INFO - qlib.ADARNN - [pytorch_adarnn.py:240] - ic/valid: : 0.087803, icir/valid: : 0.643591, ric/valid: : 0.082048, ricir/valid: : 0.601365, mse/valid: : 0.023981, loss/valid: : 0.023981
[11088:MainThread](2026-07-17 14:53:57,769) INFO - qlib.ADARNN - [pytorch_adarnn.py:272] - Epoch22:
[11088:MainThread](2026-07-17 14:53:57,769) INFO - qlib.ADARNN - [pytorch_adarnn.py:273] - training...
[11088:MainThread](2026-07-17 14:55:59,302) INFO - qlib.ADARNN - [pytorch_adarnn.py:275] - evaluating...
[11088:MainThread](2026-07-17 14:56:38,141) INFO - qlib.ADARNN - [pytorch_adarnn.py:240] - ic/train: : 0.181874, icir/train: : 1.548911, ric/train: : 0.175725, ricir/train: : 1.482446, mse/train: : 0.001213, loss/train: : 0.001213
[11088:MainThread](2026-07-17 14:56:38,141) INFO - qlib.ADARNN - [pytorch_adarnn.py:240] - ic/valid: : 0.086564, icir/valid: : 0.641229, ric/valid: : 0.080396, ricir/valid: : 0.594236, mse/valid: : -0.001492, loss/valid: : -0.001492
[11088:MainThread](2026-07-17 14:56:38,141) INFO - qlib.ADARNN - [pytorch_adarnn.py:272] - Epoch23:
[11088:MainThread](2026-07-17 14:56:38,142) INFO - qlib.ADARNN - [pytorch_adarnn.py:273] - training...
[11088:MainThread](2026-07-17 14:58:38,204) INFO - qlib.ADARNN - [pytorch_adarnn.py:275] - evaluating...
[11088:MainThread](2026-07-17 14:59:17,001) INFO - qlib.ADARNN - [pytorch_adarnn.py:240] - ic/train: : 0.184705, icir/train: : 1.612478, ric/train: : 0.178384, ricir/train: : 1.537825, mse/train: : 0.007921, loss/train: : 0.007921
[11088:MainThread](2026-07-17 14:59:17,002) INFO - qlib.ADARNN - [pytorch_adarnn.py:240] - ic/valid: : 0.075807, icir/valid: : 0.601967, ric/valid: : 0.071906, ricir/valid: : 0.569060, mse/valid: : 0.008685, loss/valid: : 0.008685
[11088:MainThread](2026-07-17 14:59:17,002) INFO - qlib.ADARNN - [pytorch_adarnn.py:272] - Epoch24:
[11088:MainThread](2026-07-17 14:59:17,002) INFO - qlib.ADARNN - [pytorch_adarnn.py:273] - training...
[11088:MainThread](2026-07-17 15:01:18,386) INFO - qlib.ADARNN - [pytorch_adarnn.py:275] - evaluating...
[11088:MainThread](2026-07-17 15:01:57,621) INFO - qlib.ADARNN - [pytorch_adarnn.py:240] - ic/train: : 0.191147, icir/train: : 1.638580, ric/train: : 0.184615, ricir/train: : 1.566177, mse/train: : 0.025837, loss/train: : 0.025837
[11088:MainThread](2026-07-17 15:01:57,622) INFO - qlib.ADARNN - [pytorch_adarnn.py:240] - ic/valid: : 0.081402, icir/valid: : 0.633734, ric/valid: : 0.076215, ricir/valid: : 0.591659, mse/valid: : 0.027309, loss/valid: : 0.027309
[11088:MainThread](2026-07-17 15:01:57,622) INFO - qlib.ADARNN - [pytorch_adarnn.py:272] - Epoch25:
[11088:MainThread](2026-07-17 15:01:57,622) INFO - qlib.ADARNN - [pytorch_adarnn.py:273] - training...
[11088:MainThread](2026-07-17 15:04:00,318) INFO - qlib.ADARNN - [pytorch_adarnn.py:275] - evaluating...
[11088:MainThread](2026-07-17 15:04:38,796) INFO - qlib.ADARNN - [pytorch_adarnn.py:240] - ic/train: : 0.195418, icir/train: : 1.711653, ric/train: : 0.188319, ricir/train: : 1.628897, mse/train: : -0.008387, loss/train: : -0.008387
[11088:MainThread](2026-07-17 15:04:38,796) INFO - qlib.ADARNN - [pytorch_adarnn.py:240] - ic/valid: : 0.074311, icir/valid: : 0.601975, ric/valid: : 0.070583, ricir/valid: : 0.571937, mse/valid: : -0.012352, loss/valid: : -0.012352
[11088:MainThread](2026-07-17 15:04:38,797) INFO - qlib.ADARNN - [pytorch_adarnn.py:272] - Epoch26:
[11088:MainThread](2026-07-17 15:04:38,797) INFO - qlib.ADARNN - [pytorch_adarnn.py:273] - training...
[11088:MainThread](2026-07-17 15:06:36,552) INFO - qlib.ADARNN - [pytorch_adarnn.py:275] - evaluating...
[11088:MainThread](2026-07-17 15:07:15,269) INFO - qlib.ADARNN - [pytorch_adarnn.py:240] - ic/train: : 0.199512, icir/train: : 1.728300, ric/train: : 0.192226, ricir/train: : 1.640766, mse/train: : -0.007966, loss/train: : -0.007966
[11088:MainThread](2026-07-17 15:07:15,269) INFO - qlib.ADARNN - [pytorch_adarnn.py:240] - ic/valid: : 0.080974, icir/valid: : 0.646543, ric/valid: : 0.076775, ricir/valid: : 0.615040, mse/valid: : -0.007788, loss/valid: : -0.007788
[11088:MainThread](2026-07-17 15:07:15,270) INFO - qlib.ADARNN - [pytorch_adarnn.py:272] - Epoch27:
[11088:MainThread](2026-07-17 15:07:15,270) INFO - qlib.ADARNN - [pytorch_adarnn.py:273] - training...
[11088:MainThread](2026-07-17 15:09:14,165) INFO - qlib.ADARNN - [pytorch_adarnn.py:275] - evaluating...
[11088:MainThread](2026-07-17 15:09:53,842) INFO - qlib.ADARNN - [pytorch_adarnn.py:240] - ic/train: : 0.199093, icir/train: : 1.755026, ric/train: : 0.191314, ricir/train: : 1.662099, mse/train: : -0.016174, loss/train: : -0.016174
[11088:MainThread](2026-07-17 15:09:53,843) INFO - qlib.ADARNN - [pytorch_adarnn.py:240] - ic/valid: : 0.078367, icir/valid: : 0.633834, ric/valid: : 0.074472, ricir/valid: : 0.600384, mse/valid: : -0.012608, loss/valid: : -0.012608
[11088:MainThread](2026-07-17 15:09:53,843) INFO - qlib.ADARNN - [pytorch_adarnn.py:272] - Epoch28:
[11088:MainThread](2026-07-17 15:09:53,843) INFO - qlib.ADARNN - [pytorch_adarnn.py:273] - training...
[11088:MainThread](2026-07-17 15:12:01,672) INFO - qlib.ADARNN - [pytorch_adarnn.py:275] - evaluating...
[11088:MainThread](2026-07-17 15:12:40,578) INFO - qlib.ADARNN - [pytorch_adarnn.py:240] - ic/train: : 0.206485, icir/train: : 1.783703, ric/train: : 0.198977, ricir/train: : 1.698589, mse/train: : 0.002481, loss/train: : 0.002481
[11088:MainThread](2026-07-17 15:12:40,578) INFO - qlib.ADARNN - [pytorch_adarnn.py:240] - ic/valid: : 0.081638, icir/valid: : 0.648951, ric/valid: : 0.077205, ricir/valid: : 0.613807, mse/valid: : -0.005436, loss/valid: : -0.005436
[11088:MainThread](2026-07-17 15:12:40,579) INFO - qlib.ADARNN - [pytorch_adarnn.py:272] - Epoch29:
[11088:MainThread](2026-07-17 15:12:40,579) INFO - qlib.ADARNN - [pytorch_adarnn.py:273] - training...
[11088:MainThread](2026-07-17 15:14:44,275) INFO - qlib.ADARNN - [pytorch_adarnn.py:275] - evaluating...
[11088:MainThread](2026-07-17 15:15:22,898) INFO - qlib.ADARNN - [pytorch_adarnn.py:240] - ic/train: : 0.208588, icir/train: : 1.832277, ric/train: : 0.201109, ricir/train: : 1.741541, mse/train: : 0.002179, loss/train: : 0.002179
[11088:MainThread](2026-07-17 15:15:22,898) INFO - qlib.ADARNN - [pytorch_adarnn.py:240] - ic/valid: : 0.076629, icir/valid: : 0.628465, ric/valid: : 0.072588, ricir/valid: : 0.602143, mse/valid: : -0.004442, loss/valid: : -0.004442
[11088:MainThread](2026-07-17 15:15:22,899) INFO - qlib.ADARNN - [pytorch_adarnn.py:272] - Epoch30:
[11088:MainThread](2026-07-17 15:15:22,899) INFO - qlib.ADARNN - [pytorch_adarnn.py:273] - training...
[11088:MainThread](2026-07-17 15:17:24,767) INFO - qlib.ADARNN - [pytorch_adarnn.py:275] - evaluating...
[11088:MainThread](2026-07-17 15:18:03,723) INFO - qlib.ADARNN - [pytorch_adarnn.py:240] - ic/train: : 0.211703, icir/train: : 1.845366, ric/train: : 0.203394, ricir/train: : 1.742797, mse/train: : 0.017892, loss/train: : 0.017892
[11088:MainThread](2026-07-17 15:18:03,724) INFO - qlib.ADARNN - [pytorch_adarnn.py:240] - ic/valid: : 0.071363, icir/valid: : 0.575207, ric/valid: : 0.068552, ricir/valid: : 0.554060, mse/valid: : 0.013956, loss/valid: : 0.013956
[11088:MainThread](2026-07-17 15:18:03,724) INFO - qlib.ADARNN - [pytorch_adarnn.py:272] - Epoch31:
[11088:MainThread](2026-07-17 15:18:03,724) INFO - qlib.ADARNN - [pytorch_adarnn.py:273] - training...
[11088:MainThread](2026-07-17 15:20:06,268) INFO - qlib.ADARNN - [pytorch_adarnn.py:275] - evaluating...
[11088:MainThread](2026-07-17 15:20:45,139) INFO - qlib.ADARNN - [pytorch_adarnn.py:240] - ic/train: : 0.216601, icir/train: : 1.928852, ric/train: : 0.208298, ricir/train: : 1.822900, mse/train: : 0.017026, loss/train: : 0.017026
[11088:MainThread](2026-07-17 15:20:45,140) INFO - qlib.ADARNN - [pytorch_adarnn.py:240] - ic/valid: : 0.074454, icir/valid: : 0.628526, ric/valid: : 0.071493, ricir/valid: : 0.608699, mse/valid: : 0.012657, loss/valid: : 0.012657
[11088:MainThread](2026-07-17 15:20:45,140) INFO - qlib.ADARNN - [pytorch_adarnn.py:272] - Epoch32:
[11088:MainThread](2026-07-17 15:20:45,140) INFO - qlib.ADARNN - [pytorch_adarnn.py:273] - training...
[11088:MainThread](2026-07-17 15:22:46,096) INFO - qlib.ADARNN - [pytorch_adarnn.py:275] - evaluating...
[11088:MainThread](2026-07-17 15:23:26,041) INFO - qlib.ADARNN - [pytorch_adarnn.py:240] - ic/train: : 0.217530, icir/train: : 1.935331, ric/train: : 0.208643, ricir/train: : 1.819195, mse/train: : 0.008339, loss/train: : 0.008339
[11088:MainThread](2026-07-17 15:23:26,041) INFO - qlib.ADARNN - [pytorch_adarnn.py:240] - ic/valid: : 0.072867, icir/valid: : 0.600568, ric/valid: : 0.070055, ricir/valid: : 0.573122, mse/valid: : 0.005540, loss/valid: : 0.005540
[11088:MainThread](2026-07-17 15:23:26,042) INFO - qlib.ADARNN - [pytorch_adarnn.py:272] - Epoch33:
[11088:MainThread](2026-07-17 15:23:26,042) INFO - qlib.ADARNN - [pytorch_adarnn.py:273] - training...
[11088:MainThread](2026-07-17 15:25:33,908) INFO - qlib.ADARNN - [pytorch_adarnn.py:275] - evaluating...
[11088:MainThread](2026-07-17 15:26:13,187) INFO - qlib.ADARNN - [pytorch_adarnn.py:240] - ic/train: : 0.223500, icir/train: : 1.984171, ric/train: : 0.214790, ricir/train: : 1.872995, mse/train: : 0.000420, loss/train: : 0.000420
[11088:MainThread](2026-07-17 15:26:13,187) INFO - qlib.ADARNN - [pytorch_adarnn.py:240] - ic/valid: : 0.075124, icir/valid: : 0.626002, ric/valid: : 0.071857, ricir/valid: : 0.601359, mse/valid: : -0.001920, loss/valid: : -0.001920
[11088:MainThread](2026-07-17 15:26:13,187) INFO - qlib.ADARNN - [pytorch_adarnn.py:293] - early stop
[11088:MainThread](2026-07-17 15:26:13,187) INFO - qlib.ADARNN - [pytorch_adarnn.py:296] - best score: 0.031318 @ 13
[11088:MainThread](2026-07-17 15:26:13,267) INFO - qlib.fill_placeholder - [__init__.py:798] - <PRED> lookes like a placeholder, but it can't match to any given values
Gym has been unmaintained since 2022 and does not support NumPy 2.0 amongst other critical functionality.
Please upgrade to Gymnasium, the maintained drop-in replacement of Gym, or contact the authors of your software and request that they upgrade.
Users of this version of Gym should be able to simply replace 'import gym' with 'import gymnasium as gym' in the vast majority of cases.
See the migration guide at https://gymnasium.farama.org/introduction/migration_guide/ for additional information.
[11088:MainThread](2026-07-17 15:26:30,599) INFO - qlib.workflow - [record_temp.py:197] - Signal record 'pred.pkl' has been saved as the artifact of the Experiment 314364549801834982
/Users/xuxin/.local/lib/python3.12/site-packages/pandas/core/nanops.py:1632: ConstantInputWarning: An input array is constant; the correlation coefficient is not defined.
  return spearmanr(a, b)[0]
[11088:MainThread](2026-07-17 15:26:30,900) INFO - qlib.backtest caller - [__init__.py:93] - Create new exchange
[11088:MainThread](2026-07-17 15:26:38,888) WARNING - qlib.online operator - [exchange.py:219] - $close field data contains nan.
[11088:MainThread](2026-07-17 15:26:38,889) WARNING - qlib.online operator - [exchange.py:219] - $close field data contains nan.
[11088:MainThread](2026-07-17 15:26:38,891) WARNING - qlib.online operator - [exchange.py:226] - factor.day.bin file not exists or factor contains `nan`. Order using adjusted_price.
[11088:MainThread](2026-07-17 15:26:38,891) WARNING - qlib.online operator - [exchange.py:228] - trade unit 100 is not supported in adjusted_price mode.
[11088:MainThread](2026-07-17 15:26:46,856) WARNING - qlib.data - [data.py:665] - load calendar error: freq=day, future=True; return current calendar!
[11088:MainThread](2026-07-17 15:26:46,857) WARNING - qlib.data - [data.py:668] - You can get future calendar by referring to the following document: https://github.com/microsoft/qlib/blob/main/scripts/data_collector/contrib/README.md
[11088:MainThread](2026-07-17 15:26:46,862) WARNING - qlib.BaseExecutor - [executor.py:121] - `common_infra` is not set for <qlib.backtest.executor.SimulatorExecutor object at 0x14fea1040>

backtest loop:   0%|          | 0/871 [00:00<?, ?it/s]/Users/xuxin/Documents/dev/qlib/qlib/utils/index_data.py:492: RuntimeWarning: Mean of empty slice
  return np.nanmean(self.data)

backtest loop:   3%|▎         | 22/871 [00:00<00:03, 219.06it/s]
backtest loop:   5%|▌         | 46/871 [00:00<00:03, 230.71it/s]
backtest loop:   8%|▊         | 70/871 [00:00<00:03, 234.74it/s]
backtest loop:  11%|█         | 94/871 [00:00<00:03, 232.72it/s]
backtest loop:  14%|█▎        | 119/871 [00:00<00:03, 234.17it/s]
backtest loop:  17%|█▋        | 146/871 [00:00<00:02, 244.64it/s]
backtest loop:  20%|█▉        | 174/871 [00:00<00:02, 250.11it/s]
backtest loop:  23%|██▎       | 202/871 [00:00<00:02, 257.21it/s]
backtest loop:  26%|██▌       | 228/871 [00:00<00:02, 257.47it/s]
backtest loop:  29%|██▉       | 254/871 [00:01<00:02, 254.55it/s]
backtest loop:  32%|███▏      | 280/871 [00:01<00:02, 249.48it/s]
backtest loop:  35%|███▌      | 306/871 [00:01<00:02, 246.86it/s]
backtest loop:  38%|███▊      | 331/871 [00:01<00:02, 247.13it/s]
backtest loop:  41%|████      | 357/871 [00:01<00:02, 250.22it/s]
backtest loop:  44%|████▍     | 383/871 [00:01<00:01, 246.13it/s]
backtest loop:  47%|████▋     | 408/871 [00:01<00:01, 244.48it/s]
backtest loop:  50%|████▉     | 434/871 [00:01<00:01, 247.10it/s]
backtest loop:  53%|█████▎    | 459/871 [00:01<00:01, 247.01it/s]
backtest loop:  56%|█████▌    | 484/871 [00:01<00:01, 246.81it/s]
backtest loop:  58%|█████▊    | 509/871 [00:02<00:01, 245.88it/s]
backtest loop:  61%|██████▏   | 534/871 [00:02<00:01, 245.31it/s]
backtest loop:  64%|██████▍   | 559/871 [00:02<00:01, 239.98it/s]/Users/xuxin/Documents/dev/qlib/qlib/utils/index_data.py:492: RuntimeWarning: Mean of empty slice
  return np.nanmean(self.data)
/Users/xuxin/Documents/dev/qlib/qlib/utils/index_data.py:492: RuntimeWarning: Mean of empty slice
  return np.nanmean(self.data)

backtest loop:  67%|██████▋   | 586/871 [00:02<00:01, 242.98it/s]
backtest loop:  70%|███████   | 611/871 [00:02<00:01, 241.62it/s]
backtest loop:  73%|███████▎  | 636/871 [00:02<00:00, 241.01it/s]
backtest loop:  76%|███████▌  | 661/871 [00:02<00:00, 240.48it/s]
backtest loop:  79%|███████▉  | 686/871 [00:02<00:00, 236.10it/s]
backtest loop:  82%|████████▏ | 710/871 [00:02<00:00, 236.45it/s]
backtest loop:  84%|████████▍ | 734/871 [00:03<00:00, 232.84it/s]
backtest loop:  87%|████████▋ | 758/871 [00:03<00:00, 234.13it/s]
backtest loop:  90%|████████▉ | 782/871 [00:03<00:00, 235.25it/s]
backtest loop:  93%|█████████▎| 806/871 [00:03<00:00, 235.90it/s]
backtest loop:  95%|█████████▌| 830/871 [00:03<00:00, 235.26it/s]
backtest loop:  98%|█████████▊| 854/871 [00:03<00:00, 236.18it/s]
backtest loop: 100%|██████████| 871/871 [00:03<00:00, 241.88it/s]
[11088:MainThread](2026-07-17 15:26:50,583) INFO - qlib.workflow - [record_temp.py:520] - Portfolio analysis record 'port_analysis_1day.pkl' has been saved as the artifact of the Experiment 314364549801834982
[11088:MainThread](2026-07-17 15:26:50,586) INFO - qlib.workflow - [record_temp.py:545] - Indicator analysis record 'indicator_analysis_1day.pkl' has been saved as the artifact of the Experiment 314364549801834982
[11088:MainThread](2026-07-17 15:26:50,891) INFO - qlib.timer - [log.py:127] - Time cost: 0.002s | waiting `async_log` Done
