'The following are prediction results of the GeneralPTNN model.'
                          score
datetime   instrument          
2017-01-03 SH600000    0.009807
2017-01-04 SH600000    0.010636
2017-01-05 SH600000    0.010564
2017-01-06 SH600000    0.009958
2017-01-09 SH600000    0.009080
{'IC': np.float64(0.0054824416156299535),
 'ICIR': np.float64(0.05198925680547284),
 'Rank IC': np.float64(0.008561849332909545),
 'Rank ICIR': np.float64(0.07702459571351665)}
'The following are analysis results of benchmark return(1day).'
                       risk
mean               0.000477
std                0.012295
annualized_return  0.113561
information_ratio  0.598699
max_drawdown      -0.370479
'The following are analysis results of the excess return without cost(1day).'
                       risk
mean              -0.000035
std                0.004593
annualized_return -0.008236
information_ratio -0.116226
max_drawdown      -0.103458
'The following are analysis results of the excess return with cost(1day).'
                       risk
mean              -0.000209
std                0.004595
annualized_return -0.049650
information_ratio -0.700452
max_drawdown      -0.182638
'The following are analysis results of indicators(1day).'
     value
ffr    1.0
pa     0.0
pos    0.0

[9551:MainThread](2026-07-20 18:15:15,825) INFO - qlib.qrun - [run.py:78] - Render the template with the context: {}
[9551:MainThread](2026-07-20 18:15:15,833) INFO - qlib.Initialization - [config.py:453] - default_conf: client.
[9551:MainThread](2026-07-20 18:15:15,835) INFO - qlib.Initialization - [__init__.py:82] - qlib successfully initialized based on client settings.
[9551:MainThread](2026-07-20 18:15:15,835) INFO - qlib.Initialization - [__init__.py:84] - data_path={'__DEFAULT_FREQ': PosixPath('/Users/xuxin/.qlib/qlib_data/cn_data')}
[9551:MainThread](2026-07-20 18:15:15,840) WARNING - qlib.workflow - [expm.py:230] - No valid experiment found. Create a new experiment with name trav_deep_GeneralPtNN_gru_2.
[9551:MainThread](2026-07-20 18:15:15,843) INFO - qlib.workflow - [exp.py:258] - Experiment 233149840398298467 starts running ...
[9551:MainThread](2026-07-20 18:15:16,633) INFO - qlib.workflow - [recorder.py:345] - Recorder 651b7b668642470a91aaf6d51d589e54 starts running under Experiment 233149840398298467 ...
[9551:MainThread](2026-07-20 18:15:19,351) INFO - qlib.GeneralPTNN - [pytorch_general_nn.py:75] - GeneralPTNN pytorch version...
[9551:MainThread](2026-07-20 18:15:19,352) INFO - qlib.GeneralPTNN - [pytorch_general_nn.py:93] - GeneralPTNN parameters setting:
n_epochs : 200
lr : 0.0002
metric : loss
batch_size : 800
early_stop : 10
optimizer : adam
loss_type : mse
device : cpu
n_jobs : 0
use_GPU : False
weight_decay : 0.0
seed : None
pt_model_uri: qlib.contrib.model.pytorch_gru_ts.GRUModel
pt_model_kwargs: {'d_feat': 20, 'hidden_size': 64, 'num_layers': 2, 'dropout': 0.0}
[9551:MainThread](2026-07-20 18:15:19,352) INFO - qlib.GeneralPTNN - [pytorch_general_nn.py:130] - model:
GRUModel(
  (rnn): GRU(20, 64, num_layers=2, batch_first=True)
  (fc_out): Linear(in_features=64, out_features=1, bias=True)
)
[9551:MainThread](2026-07-20 18:15:19,353) INFO - qlib.GeneralPTNN - [pytorch_general_nn.py:131] - model size: 0.0396 MB
[9551:MainThread](2026-07-20 18:15:38,619) INFO - qlib.timer - [log.py:127] - Time cost: 17.412s | Loading data Done
[9551:MainThread](2026-07-20 18:15:38,750) INFO - qlib.timer - [log.py:127] - Time cost: 0.011s | FilterCol Done
/Users/xuxin/Documents/dev/qlib/qlib/data/dataset/processor.py:296: SettingWithCopyWarning: 
A value is trying to be set on a copy of a slice from a DataFrame.
Try using .loc[row_indexer,col_indexer] = value instead

See the caveats in the documentation: https://pandas.pydata.org/pandas-docs/stable/user_guide/indexing.html#returning-a-view-versus-a-copy
  df[self.cols] = X
[9551:MainThread](2026-07-20 18:15:38,996) INFO - qlib.timer - [log.py:127] - Time cost: 0.246s | RobustZScoreNorm Done
/Users/xuxin/Documents/dev/qlib/qlib/data/dataset/processor.py:192: SettingWithCopyWarning: 
A value is trying to be set on a copy of a slice from a DataFrame.
Try using .loc[row_indexer,col_indexer] = value instead

See the caveats in the documentation: https://pandas.pydata.org/pandas-docs/stable/user_guide/indexing.html#returning-a-view-versus-a-copy
  df[self.fields_group] = df[self.fields_group].fillna(self.fill_value)
[9551:MainThread](2026-07-20 18:15:39,038) INFO - qlib.timer - [log.py:127] - Time cost: 0.041s | Fillna Done
[9551:MainThread](2026-07-20 18:15:39,068) INFO - qlib.timer - [log.py:127] - Time cost: 0.015s | DropnaLabel Done
/Users/xuxin/Documents/dev/qlib/qlib/data/dataset/processor.py:358: SettingWithCopyWarning: 
A value is trying to be set on a copy of a slice from a DataFrame.
Try using .loc[row_indexer,col_indexer] = value instead

See the caveats in the documentation: https://pandas.pydata.org/pandas-docs/stable/user_guide/indexing.html#returning-a-view-versus-a-copy
  df[cols] = t
[9551:MainThread](2026-07-20 18:15:39,223) INFO - qlib.timer - [log.py:127] - Time cost: 0.154s | CSRankNorm Done
[9551:MainThread](2026-07-20 18:15:39,223) INFO - qlib.timer - [log.py:127] - Time cost: 0.604s | fit & process data Done
[9551:MainThread](2026-07-20 18:15:39,224) INFO - qlib.timer - [log.py:127] - Time cost: 18.017s | Init data Done
[9551:MainThread](2026-07-20 18:15:39,950) INFO - qlib.GeneralPTNN - [pytorch_general_nn.py:246] - Train samples: 478007
[9551:MainThread](2026-07-20 18:15:39,950) INFO - qlib.GeneralPTNN - [pytorch_general_nn.py:247] - Valid samples: 128309
[9551:MainThread](2026-07-20 18:15:39,953) INFO - qlib.GeneralPTNN - [pytorch_general_nn.py:295] - training...
[9551:MainThread](2026-07-20 18:15:39,953) INFO - qlib.GeneralPTNN - [pytorch_general_nn.py:299] - Epoch0:
[9551:MainThread](2026-07-20 18:15:39,953) INFO - qlib.GeneralPTNN - [pytorch_general_nn.py:300] - training...
[9551:MainThread](2026-07-20 18:16:12,903) INFO - qlib.GeneralPTNN - [pytorch_general_nn.py:302] - evaluating...
[9551:MainThread](2026-07-20 18:16:35,143) INFO - qlib.GeneralPTNN - [pytorch_general_nn.py:305] - Epoch0: train 0.997657, valid 0.997339
[9551:MainThread](2026-07-20 18:16:35,144) INFO - qlib.GeneralPTNN - [pytorch_general_nn.py:299] - Epoch1:
[9551:MainThread](2026-07-20 18:16:35,144) INFO - qlib.GeneralPTNN - [pytorch_general_nn.py:300] - training...
[9551:MainThread](2026-07-20 18:17:07,984) INFO - qlib.GeneralPTNN - [pytorch_general_nn.py:302] - evaluating...
[9551:MainThread](2026-07-20 18:17:30,452) INFO - qlib.GeneralPTNN - [pytorch_general_nn.py:305] - Epoch1: train 0.997580, valid 0.997259
[9551:MainThread](2026-07-20 18:17:30,452) INFO - qlib.GeneralPTNN - [pytorch_general_nn.py:299] - Epoch2:
[9551:MainThread](2026-07-20 18:17:30,452) INFO - qlib.GeneralPTNN - [pytorch_general_nn.py:300] - training...
[9551:MainThread](2026-07-20 18:18:03,323) INFO - qlib.GeneralPTNN - [pytorch_general_nn.py:302] - evaluating...
[9551:MainThread](2026-07-20 18:18:25,956) INFO - qlib.GeneralPTNN - [pytorch_general_nn.py:305] - Epoch2: train 0.997662, valid 0.997383
[9551:MainThread](2026-07-20 18:18:25,956) INFO - qlib.GeneralPTNN - [pytorch_general_nn.py:299] - Epoch3:
[9551:MainThread](2026-07-20 18:18:25,956) INFO - qlib.GeneralPTNN - [pytorch_general_nn.py:300] - training...
[9551:MainThread](2026-07-20 18:18:58,858) INFO - qlib.GeneralPTNN - [pytorch_general_nn.py:302] - evaluating...
[9551:MainThread](2026-07-20 18:19:21,454) INFO - qlib.GeneralPTNN - [pytorch_general_nn.py:305] - Epoch3: train 0.997588, valid 0.997207
[9551:MainThread](2026-07-20 18:19:21,455) INFO - qlib.GeneralPTNN - [pytorch_general_nn.py:299] - Epoch4:
[9551:MainThread](2026-07-20 18:19:21,455) INFO - qlib.GeneralPTNN - [pytorch_general_nn.py:300] - training...
[9551:MainThread](2026-07-20 18:19:54,412) INFO - qlib.GeneralPTNN - [pytorch_general_nn.py:302] - evaluating...
[9551:MainThread](2026-07-20 18:20:16,891) INFO - qlib.GeneralPTNN - [pytorch_general_nn.py:305] - Epoch4: train 0.997589, valid 0.997279
[9551:MainThread](2026-07-20 18:20:16,892) INFO - qlib.GeneralPTNN - [pytorch_general_nn.py:299] - Epoch5:
[9551:MainThread](2026-07-20 18:20:16,892) INFO - qlib.GeneralPTNN - [pytorch_general_nn.py:300] - training...
[9551:MainThread](2026-07-20 18:20:49,928) INFO - qlib.GeneralPTNN - [pytorch_general_nn.py:302] - evaluating...
[9551:MainThread](2026-07-20 18:21:12,310) INFO - qlib.GeneralPTNN - [pytorch_general_nn.py:305] - Epoch5: train 0.997608, valid 0.997252
[9551:MainThread](2026-07-20 18:21:12,310) INFO - qlib.GeneralPTNN - [pytorch_general_nn.py:299] - Epoch6:
[9551:MainThread](2026-07-20 18:21:12,310) INFO - qlib.GeneralPTNN - [pytorch_general_nn.py:300] - training...
[9551:MainThread](2026-07-20 18:21:45,248) INFO - qlib.GeneralPTNN - [pytorch_general_nn.py:302] - evaluating...
[9551:MainThread](2026-07-20 18:22:07,618) INFO - qlib.GeneralPTNN - [pytorch_general_nn.py:305] - Epoch6: train 0.997636, valid 0.997300
[9551:MainThread](2026-07-20 18:22:07,619) INFO - qlib.GeneralPTNN - [pytorch_general_nn.py:299] - Epoch7:
[9551:MainThread](2026-07-20 18:22:07,619) INFO - qlib.GeneralPTNN - [pytorch_general_nn.py:300] - training...
[9551:MainThread](2026-07-20 18:22:40,561) INFO - qlib.GeneralPTNN - [pytorch_general_nn.py:302] - evaluating...
[9551:MainThread](2026-07-20 18:23:02,929) INFO - qlib.GeneralPTNN - [pytorch_general_nn.py:305] - Epoch7: train 0.997489, valid 0.997220
[9551:MainThread](2026-07-20 18:23:02,930) INFO - qlib.GeneralPTNN - [pytorch_general_nn.py:299] - Epoch8:
[9551:MainThread](2026-07-20 18:23:02,930) INFO - qlib.GeneralPTNN - [pytorch_general_nn.py:300] - training...
[9551:MainThread](2026-07-20 18:23:35,944) INFO - qlib.GeneralPTNN - [pytorch_general_nn.py:302] - evaluating...
[9551:MainThread](2026-07-20 18:23:58,392) INFO - qlib.GeneralPTNN - [pytorch_general_nn.py:305] - Epoch8: train 0.997581, valid 0.997211
[9551:MainThread](2026-07-20 18:23:58,392) INFO - qlib.GeneralPTNN - [pytorch_general_nn.py:299] - Epoch9:
[9551:MainThread](2026-07-20 18:23:58,393) INFO - qlib.GeneralPTNN - [pytorch_general_nn.py:300] - training...
[9551:MainThread](2026-07-20 18:24:31,327) INFO - qlib.GeneralPTNN - [pytorch_general_nn.py:302] - evaluating...
[9551:MainThread](2026-07-20 18:24:53,789) INFO - qlib.GeneralPTNN - [pytorch_general_nn.py:305] - Epoch9: train 0.997643, valid 0.997272
[9551:MainThread](2026-07-20 18:24:53,789) INFO - qlib.GeneralPTNN - [pytorch_general_nn.py:299] - Epoch10:
[9551:MainThread](2026-07-20 18:24:53,789) INFO - qlib.GeneralPTNN - [pytorch_general_nn.py:300] - training...
[9551:MainThread](2026-07-20 18:25:26,703) INFO - qlib.GeneralPTNN - [pytorch_general_nn.py:302] - evaluating...
[9551:MainThread](2026-07-20 18:25:49,056) INFO - qlib.GeneralPTNN - [pytorch_general_nn.py:305] - Epoch10: train 0.997621, valid 0.997206
[9551:MainThread](2026-07-20 18:25:49,057) INFO - qlib.GeneralPTNN - [pytorch_general_nn.py:299] - Epoch11:
[9551:MainThread](2026-07-20 18:25:49,057) INFO - qlib.GeneralPTNN - [pytorch_general_nn.py:300] - training...
[9551:MainThread](2026-07-20 18:26:21,983) INFO - qlib.GeneralPTNN - [pytorch_general_nn.py:302] - evaluating...
[9551:MainThread](2026-07-20 18:26:44,564) INFO - qlib.GeneralPTNN - [pytorch_general_nn.py:305] - Epoch11: train 0.997525, valid 0.997210
[9551:MainThread](2026-07-20 18:26:44,564) INFO - qlib.GeneralPTNN - [pytorch_general_nn.py:299] - Epoch12:
[9551:MainThread](2026-07-20 18:26:44,564) INFO - qlib.GeneralPTNN - [pytorch_general_nn.py:300] - training...
[9551:MainThread](2026-07-20 18:27:17,418) INFO - qlib.GeneralPTNN - [pytorch_general_nn.py:302] - evaluating...
[9551:MainThread](2026-07-20 18:27:39,842) INFO - qlib.GeneralPTNN - [pytorch_general_nn.py:305] - Epoch12: train 0.997579, valid 0.997265
[9551:MainThread](2026-07-20 18:27:39,842) INFO - qlib.GeneralPTNN - [pytorch_general_nn.py:299] - Epoch13:
[9551:MainThread](2026-07-20 18:27:39,842) INFO - qlib.GeneralPTNN - [pytorch_general_nn.py:300] - training...
[9551:MainThread](2026-07-20 18:28:12,685) INFO - qlib.GeneralPTNN - [pytorch_general_nn.py:302] - evaluating...
[9551:MainThread](2026-07-20 18:28:35,111) INFO - qlib.GeneralPTNN - [pytorch_general_nn.py:305] - Epoch13: train 0.997644, valid 0.997296
[9551:MainThread](2026-07-20 18:28:35,111) INFO - qlib.GeneralPTNN - [pytorch_general_nn.py:299] - Epoch14:
[9551:MainThread](2026-07-20 18:28:35,111) INFO - qlib.GeneralPTNN - [pytorch_general_nn.py:300] - training...
[9551:MainThread](2026-07-20 18:29:08,157) INFO - qlib.GeneralPTNN - [pytorch_general_nn.py:302] - evaluating...
[9551:MainThread](2026-07-20 18:29:30,720) INFO - qlib.GeneralPTNN - [pytorch_general_nn.py:305] - Epoch14: train 0.997636, valid 0.997224
[9551:MainThread](2026-07-20 18:29:30,720) INFO - qlib.GeneralPTNN - [pytorch_general_nn.py:299] - Epoch15:
[9551:MainThread](2026-07-20 18:29:30,721) INFO - qlib.GeneralPTNN - [pytorch_general_nn.py:300] - training...
[9551:MainThread](2026-07-20 18:30:03,678) INFO - qlib.GeneralPTNN - [pytorch_general_nn.py:302] - evaluating...
[9551:MainThread](2026-07-20 18:30:26,231) INFO - qlib.GeneralPTNN - [pytorch_general_nn.py:305] - Epoch15: train 0.997562, valid 0.997240
[9551:MainThread](2026-07-20 18:30:26,232) INFO - qlib.GeneralPTNN - [pytorch_general_nn.py:299] - Epoch16:
[9551:MainThread](2026-07-20 18:30:26,232) INFO - qlib.GeneralPTNN - [pytorch_general_nn.py:300] - training...
[9551:MainThread](2026-07-20 18:30:59,064) INFO - qlib.GeneralPTNN - [pytorch_general_nn.py:302] - evaluating...
[9551:MainThread](2026-07-20 18:31:21,646) INFO - qlib.GeneralPTNN - [pytorch_general_nn.py:305] - Epoch16: train 0.997546, valid 0.997219
[9551:MainThread](2026-07-20 18:31:21,647) INFO - qlib.GeneralPTNN - [pytorch_general_nn.py:299] - Epoch17:
[9551:MainThread](2026-07-20 18:31:21,647) INFO - qlib.GeneralPTNN - [pytorch_general_nn.py:300] - training...
[9551:MainThread](2026-07-20 18:31:54,639) INFO - qlib.GeneralPTNN - [pytorch_general_nn.py:302] - evaluating...
[9551:MainThread](2026-07-20 18:32:17,034) INFO - qlib.GeneralPTNN - [pytorch_general_nn.py:305] - Epoch17: train 0.997531, valid 0.997219
[9551:MainThread](2026-07-20 18:32:17,034) INFO - qlib.GeneralPTNN - [pytorch_general_nn.py:299] - Epoch18:
[9551:MainThread](2026-07-20 18:32:17,034) INFO - qlib.GeneralPTNN - [pytorch_general_nn.py:300] - training...
[9551:MainThread](2026-07-20 18:32:49,964) INFO - qlib.GeneralPTNN - [pytorch_general_nn.py:302] - evaluating...
[9551:MainThread](2026-07-20 18:33:12,620) INFO - qlib.GeneralPTNN - [pytorch_general_nn.py:305] - Epoch18: train 0.997470, valid 0.997214
[9551:MainThread](2026-07-20 18:33:12,620) INFO - qlib.GeneralPTNN - [pytorch_general_nn.py:299] - Epoch19:
[9551:MainThread](2026-07-20 18:33:12,621) INFO - qlib.GeneralPTNN - [pytorch_general_nn.py:300] - training...
[9551:MainThread](2026-07-20 18:33:45,540) INFO - qlib.GeneralPTNN - [pytorch_general_nn.py:302] - evaluating...
[9551:MainThread](2026-07-20 18:34:07,879) INFO - qlib.GeneralPTNN - [pytorch_general_nn.py:305] - Epoch19: train 0.997600, valid 0.997224
[9551:MainThread](2026-07-20 18:34:07,879) INFO - qlib.GeneralPTNN - [pytorch_general_nn.py:299] - Epoch20:
[9551:MainThread](2026-07-20 18:34:07,879) INFO - qlib.GeneralPTNN - [pytorch_general_nn.py:300] - training...
[9551:MainThread](2026-07-20 18:34:40,695) INFO - qlib.GeneralPTNN - [pytorch_general_nn.py:302] - evaluating...
[9551:MainThread](2026-07-20 18:35:03,132) INFO - qlib.GeneralPTNN - [pytorch_general_nn.py:305] - Epoch20: train 0.997606, valid 0.997212
[9551:MainThread](2026-07-20 18:35:03,132) INFO - qlib.GeneralPTNN - [pytorch_general_nn.py:324] - early stop
[9551:MainThread](2026-07-20 18:35:03,132) INFO - qlib.GeneralPTNN - [pytorch_general_nn.py:327] - best score: 0.997206 @ 10 epoch
[9551:MainThread](2026-07-20 18:35:03,153) INFO - qlib.fill_placeholder - [__init__.py:798] - <PRED> lookes like a placeholder, but it can't match to any given values
Gym has been unmaintained since 2022 and does not support NumPy 2.0 amongst other critical functionality.
Please upgrade to Gymnasium, the maintained drop-in replacement of Gym, or contact the authors of your software and request that they upgrade.
Users of this version of Gym should be able to simply replace 'import gym' with 'import gymnasium as gym' in the vast majority of cases.
See the migration guide at https://gymnasium.farama.org/introduction/migration_guide/ for additional information.
[9551:MainThread](2026-07-20 18:35:03,588) INFO - qlib.GeneralPTNN - [pytorch_general_nn.py:344] - Test samples: 261300
[9551:MainThread](2026-07-20 18:35:12,418) INFO - qlib.workflow - [record_temp.py:197] - Signal record 'pred.pkl' has been saved as the artifact of the Experiment 233149840398298467
[9551:MainThread](2026-07-20 18:35:12,718) INFO - qlib.backtest caller - [__init__.py:93] - Create new exchange
[9551:MainThread](2026-07-20 18:35:20,435) WARNING - qlib.online operator - [exchange.py:219] - $close field data contains nan.
[9551:MainThread](2026-07-20 18:35:20,436) WARNING - qlib.online operator - [exchange.py:219] - $close field data contains nan.
[9551:MainThread](2026-07-20 18:35:20,438) WARNING - qlib.online operator - [exchange.py:226] - factor.day.bin file not exists or factor contains `nan`. Order using adjusted_price.
[9551:MainThread](2026-07-20 18:35:20,438) WARNING - qlib.online operator - [exchange.py:228] - trade unit 100 is not supported in adjusted_price mode.
[9551:MainThread](2026-07-20 18:35:28,208) WARNING - qlib.data - [data.py:665] - load calendar error: freq=day, future=True; return current calendar!
[9551:MainThread](2026-07-20 18:35:28,208) WARNING - qlib.data - [data.py:668] - You can get future calendar by referring to the following document: https://github.com/microsoft/qlib/blob/main/scripts/data_collector/contrib/README.md
[9551:MainThread](2026-07-20 18:35:28,213) WARNING - qlib.BaseExecutor - [executor.py:121] - `common_infra` is not set for <qlib.backtest.executor.SimulatorExecutor object at 0x12aefc680>

backtest loop:   0%|          | 0/871 [00:00<?, ?it/s]/Users/xuxin/Documents/dev/qlib/qlib/utils/index_data.py:492: RuntimeWarning: Mean of empty slice
  return np.nanmean(self.data)

backtest loop:   1%|▏         | 12/871 [00:00<00:07, 113.12it/s]
backtest loop:   3%|▎         | 24/871 [00:00<00:07, 110.03it/s]
backtest loop:   4%|▍         | 36/871 [00:00<00:07, 113.97it/s]
backtest loop:   6%|▌         | 48/871 [00:00<00:07, 116.18it/s]
backtest loop:   7%|▋         | 60/871 [00:00<00:07, 115.39it/s]
backtest loop:   8%|▊         | 72/871 [00:00<00:07, 113.13it/s]
backtest loop:  10%|▉         | 84/871 [00:00<00:06, 115.15it/s]
backtest loop:  11%|█         | 96/871 [00:00<00:06, 114.41it/s]
backtest loop:  12%|█▏        | 108/871 [00:00<00:06, 115.83it/s]
backtest loop:  14%|█▍        | 120/871 [00:01<00:06, 115.90it/s]
backtest loop:  15%|█▌        | 133/871 [00:01<00:06, 118.34it/s]
backtest loop:  17%|█▋        | 145/871 [00:01<00:06, 117.54it/s]
backtest loop:  18%|█▊        | 158/871 [00:01<00:05, 118.97it/s]
backtest loop:  20%|█▉        | 170/871 [00:01<00:05, 118.38it/s]
backtest loop:  21%|██        | 183/871 [00:01<00:05, 119.76it/s]
backtest loop:  22%|██▏       | 195/871 [00:01<00:05, 117.79it/s]
backtest loop:  24%|██▍       | 207/871 [00:01<00:05, 118.17it/s]
backtest loop:  25%|██▌       | 219/871 [00:01<00:05, 116.56it/s]
backtest loop:  27%|██▋       | 231/871 [00:01<00:05, 117.09it/s]
backtest loop:  28%|██▊       | 243/871 [00:02<00:05, 116.74it/s]
backtest loop:  29%|██▉       | 255/871 [00:02<00:05, 115.80it/s]
backtest loop:  31%|███       | 268/871 [00:02<00:05, 117.00it/s]
backtest loop:  32%|███▏      | 280/871 [00:02<00:05, 117.27it/s]
backtest loop:  34%|███▎      | 293/871 [00:02<00:04, 118.94it/s]
backtest loop:  35%|███▌      | 306/871 [00:02<00:04, 119.68it/s]
backtest loop:  37%|███▋      | 319/871 [00:02<00:04, 122.39it/s]
backtest loop:  38%|███▊      | 332/871 [00:02<00:04, 122.89it/s]
backtest loop:  40%|███▉      | 345/871 [00:02<00:04, 122.99it/s]
backtest loop:  41%|████      | 358/871 [00:03<00:04, 122.51it/s]
backtest loop:  43%|████▎     | 371/871 [00:03<00:04, 123.04it/s]
backtest loop:  44%|████▍     | 384/871 [00:03<00:04, 121.47it/s]
backtest loop:  46%|████▌     | 397/871 [00:03<00:03, 123.10it/s]
backtest loop:  47%|████▋     | 410/871 [00:03<00:03, 121.73it/s]
backtest loop:  49%|████▊     | 423/871 [00:03<00:03, 120.84it/s]
backtest loop:  50%|█████     | 436/871 [00:03<00:03, 122.47it/s]
backtest loop:  52%|█████▏    | 449/871 [00:03<00:03, 120.86it/s]
backtest loop:  53%|█████▎    | 462/871 [00:03<00:03, 119.51it/s]
backtest loop:  55%|█████▍    | 475/871 [00:04<00:03, 120.45it/s]
backtest loop:  56%|█████▌    | 488/871 [00:04<00:03, 119.21it/s]
backtest loop:  57%|█████▋    | 500/871 [00:04<00:03, 117.89it/s]
backtest loop:  59%|█████▉    | 513/871 [00:04<00:02, 119.53it/s]
backtest loop:  60%|██████    | 525/871 [00:04<00:02, 117.82it/s]
backtest loop:  62%|██████▏   | 538/871 [00:04<00:02, 119.30it/s]
backtest loop:  63%|██████▎   | 550/871 [00:04<00:02, 118.79it/s]
backtest loop:  65%|██████▍   | 562/871 [00:04<00:02, 117.67it/s]/Users/xuxin/Documents/dev/qlib/qlib/utils/index_data.py:492: RuntimeWarning: Mean of empty slice
  return np.nanmean(self.data)
/Users/xuxin/Documents/dev/qlib/qlib/utils/index_data.py:492: RuntimeWarning: Mean of empty slice
  return np.nanmean(self.data)

backtest loop:  66%|██████▌   | 575/871 [00:04<00:02, 119.68it/s]
backtest loop:  67%|██████▋   | 587/871 [00:04<00:02, 118.62it/s]
backtest loop:  69%|██████▉   | 600/871 [00:05<00:02, 118.38it/s]
backtest loop:  70%|███████   | 613/871 [00:05<00:02, 119.93it/s]
backtest loop:  72%|███████▏  | 625/871 [00:05<00:02, 118.36it/s]
backtest loop:  73%|███████▎  | 638/871 [00:05<00:01, 119.67it/s]
backtest loop:  75%|███████▍  | 650/871 [00:05<00:01, 118.29it/s]
backtest loop:  76%|███████▌  | 663/871 [00:05<00:01, 119.56it/s]
backtest loop:  77%|███████▋  | 675/871 [00:05<00:01, 116.11it/s]
backtest loop:  79%|███████▉  | 688/871 [00:05<00:01, 117.85it/s]
backtest loop:  80%|████████  | 700/871 [00:05<00:01, 116.76it/s]
backtest loop:  82%|████████▏ | 713/871 [00:06<00:01, 118.81it/s]
backtest loop:  83%|████████▎ | 725/871 [00:06<00:01, 117.68it/s]
backtest loop:  85%|████████▍ | 737/871 [00:06<00:01, 116.85it/s]
backtest loop:  86%|████████▌ | 749/871 [00:06<00:01, 116.67it/s]
backtest loop:  87%|████████▋ | 762/871 [00:06<00:00, 116.78it/s]
backtest loop:  89%|████████▉ | 775/871 [00:06<00:00, 118.43it/s]
backtest loop:  90%|█████████ | 787/871 [00:06<00:00, 117.55it/s]
backtest loop:  92%|█████████▏| 800/871 [00:06<00:00, 118.89it/s]
backtest loop:  93%|█████████▎| 812/871 [00:06<00:00, 117.67it/s]
backtest loop:  95%|█████████▍| 824/871 [00:07<00:00, 91.66it/s] 
backtest loop:  96%|█████████▌| 836/871 [00:07<00:00, 98.42it/s]
backtest loop:  97%|█████████▋| 848/871 [00:07<00:00, 102.60it/s]
backtest loop:  99%|█████████▊| 860/871 [00:07<00:00, 107.08it/s]
backtest loop: 100%|██████████| 871/871 [00:07<00:00, 116.75it/s]
[9551:MainThread](2026-07-20 18:35:35,695) INFO - qlib.workflow - [record_temp.py:520] - Portfolio analysis record 'port_analysis_1day.pkl' has been saved as the artifact of the Experiment 233149840398298467
[9551:MainThread](2026-07-20 18:35:35,698) INFO - qlib.workflow - [record_temp.py:545] - Indicator analysis record 'indicator_analysis_1day.pkl' has been saved as the artifact of the Experiment 233149840398298467
[9551:MainThread](2026-07-20 18:35:35,999) INFO - qlib.timer - [log.py:127] - Time cost: 0.000s | waiting `async_log` Done
