'The following are prediction results of the GeneralPTNN model.'
                          score
datetime   instrument          
2017-01-03 SH600000   -0.022044
           SH600008   -0.003283
           SH600009    0.035140
           SH600010   -0.014621
           SH600015   -0.040308
{'IC': np.float64(0.035343070379488264),
 'ICIR': np.float64(0.24644859224429172),
 'Rank IC': np.float64(0.04407407376666056),
 'Rank ICIR': np.float64(0.29581861790386665)}
'The following are analysis results of benchmark return(1day).'
                       risk
mean               0.000477
std                0.012295
annualized_return  0.113561
information_ratio  0.598699
max_drawdown      -0.370479
'The following are analysis results of the excess return without cost(1day).'
                       risk
mean               0.000473
std                0.005384
annualized_return  0.112503
information_ratio  1.354462
max_drawdown      -0.081485
'The following are analysis results of the excess return with cost(1day).'
                       risk
mean               0.000275
std                0.005383
annualized_return  0.065375
information_ratio  0.787245
max_drawdown      -0.093647
'The following are analysis results of indicators(1day).'
     value
ffr    1.0
pa     0.0
pos    0.0

[29133:MainThread](2026-07-20 23:33:26,761) INFO - qlib.qrun - [run.py:78] - Render the template with the context: {}
[29133:MainThread](2026-07-20 23:33:26,768) INFO - qlib.Initialization - [config.py:453] - default_conf: client.
[29133:MainThread](2026-07-20 23:33:26,770) INFO - qlib.Initialization - [__init__.py:82] - qlib successfully initialized based on client settings.
[29133:MainThread](2026-07-20 23:33:26,770) INFO - qlib.Initialization - [__init__.py:84] - data_path={'__DEFAULT_FREQ': PosixPath('/Users/xuxin/.qlib/qlib_data/cn_data')}
[29133:MainThread](2026-07-20 23:33:26,782) WARNING - qlib.workflow - [expm.py:230] - No valid experiment found. Create a new experiment with name trav_deep_GeneralPtNN_mlp_2.
[29133:MainThread](2026-07-20 23:33:26,788) INFO - qlib.workflow - [exp.py:258] - Experiment 125847733581669415 starts running ...
[29133:MainThread](2026-07-20 23:33:27,446) INFO - qlib.workflow - [recorder.py:345] - Recorder 92e6a54d8dda459a8d70ca637799db76 starts running under Experiment 125847733581669415 ...
[29133:MainThread](2026-07-20 23:33:29,898) INFO - qlib.GeneralPTNN - [pytorch_general_nn.py:75] - GeneralPTNN pytorch version...
[29133:MainThread](2026-07-20 23:33:29,901) INFO - qlib.GeneralPTNN - [pytorch_general_nn.py:93] - GeneralPTNN parameters setting:
n_epochs : 200
lr : 0.002
metric : 
batch_size : 8192
early_stop : 20
optimizer : adam
loss_type : mse
device : cpu
n_jobs : 0
use_GPU : False
weight_decay : 0.0002
seed : None
pt_model_uri: qlib.contrib.model.pytorch_nn.Net
pt_model_kwargs: {'input_dim': 157}
[29133:MainThread](2026-07-20 23:33:29,901) INFO - qlib.GeneralPTNN - [pytorch_general_nn.py:130] - model:
Net(
  (dnn_layers): ModuleList(
    (0): Dropout(p=0.05, inplace=False)
    (1): Sequential(
      (0): Linear(in_features=157, out_features=256, bias=True)
      (1): BatchNorm1d(256, eps=1e-05, momentum=0.1, affine=True, bias=True, track_running_stats=True)
      (2): LeakyReLU(negative_slope=0.1)
    )
    (2): Dropout(p=0.05, inplace=False)
    (3): Linear(in_features=256, out_features=1, bias=True)
  )
)
[29133:MainThread](2026-07-20 23:33:29,902) INFO - qlib.GeneralPTNN - [pytorch_general_nn.py:131] - model size: 0.0393 MB
[29133:MainThread](2026-07-20 23:33:49,202) INFO - qlib.timer - [log.py:127] - Time cost: 17.970s | Loading data Done
[29133:MainThread](2026-07-20 23:33:49,417) INFO - qlib.timer - [log.py:127] - Time cost: 0.062s | DropCol Done
/Users/xuxin/Documents/dev/qlib/qlib/data/dataset/processor.py:370: SettingWithCopyWarning: 
A value is trying to be set on a copy of a slice from a DataFrame.
Try using .loc[row_indexer,col_indexer] = value instead

See the caveats in the documentation: https://pandas.pydata.org/pandas-docs/stable/user_guide/indexing.html#returning-a-view-versus-a-copy
  df[cols] = df[cols].groupby("datetime", group_keys=False).apply(lambda x: x.fillna(x.mean()))
[29133:MainThread](2026-07-20 23:34:33,017) INFO - qlib.timer - [log.py:127] - Time cost: 43.599s | CSZFillna Done
[29133:MainThread](2026-07-20 23:34:33,326) INFO - qlib.timer - [log.py:127] - Time cost: 0.070s | DropCol Done
[29133:MainThread](2026-07-20 23:34:33,951) INFO - qlib.timer - [log.py:127] - Time cost: 0.625s | DropnaProcessor Done
[29133:MainThread](2026-07-20 23:34:34,082) INFO - qlib.timer - [log.py:127] - Time cost: 0.131s | DropnaLabel Done
[29133:MainThread](2026-07-20 23:34:34,863) INFO - qlib.timer - [log.py:127] - Time cost: 0.780s | CSZScoreNorm Done
[29133:MainThread](2026-07-20 23:34:34,871) INFO - qlib.timer - [log.py:127] - Time cost: 45.669s | fit & process data Done
[29133:MainThread](2026-07-20 23:34:34,872) INFO - qlib.timer - [log.py:127] - Time cost: 63.640s | Init data Done
[29133:MainThread](2026-07-20 23:34:35,014) INFO - qlib.GeneralPTNN - [pytorch_general_nn.py:246] - Train samples: 437944
[29133:MainThread](2026-07-20 23:34:35,014) INFO - qlib.GeneralPTNN - [pytorch_general_nn.py:247] - Valid samples: 115241
[29133:MainThread](2026-07-20 23:34:35,043) INFO - qlib.GeneralPTNN - [pytorch_general_nn.py:295] - training...
[29133:MainThread](2026-07-20 23:34:35,043) INFO - qlib.GeneralPTNN - [pytorch_general_nn.py:299] - Epoch0:
[29133:MainThread](2026-07-20 23:34:35,044) INFO - qlib.GeneralPTNN - [pytorch_general_nn.py:300] - training...
[29133:MainThread](2026-07-20 23:34:40,252) INFO - qlib.GeneralPTNN - [pytorch_general_nn.py:302] - evaluating...
[29133:MainThread](2026-07-20 23:34:43,647) INFO - qlib.GeneralPTNN - [pytorch_general_nn.py:305] - Epoch0: train 1.111426, valid 1.009333
[29133:MainThread](2026-07-20 23:34:43,648) INFO - qlib.GeneralPTNN - [pytorch_general_nn.py:299] - Epoch1:
[29133:MainThread](2026-07-20 23:34:43,648) INFO - qlib.GeneralPTNN - [pytorch_general_nn.py:300] - training...
[29133:MainThread](2026-07-20 23:34:49,030) INFO - qlib.GeneralPTNN - [pytorch_general_nn.py:302] - evaluating...
[29133:MainThread](2026-07-20 23:34:52,650) INFO - qlib.GeneralPTNN - [pytorch_general_nn.py:305] - Epoch1: train 1.060488, valid 1.001612
[29133:MainThread](2026-07-20 23:34:52,651) INFO - qlib.GeneralPTNN - [pytorch_general_nn.py:299] - Epoch2:
[29133:MainThread](2026-07-20 23:34:52,651) INFO - qlib.GeneralPTNN - [pytorch_general_nn.py:300] - training...
[29133:MainThread](2026-07-20 23:34:58,421) INFO - qlib.GeneralPTNN - [pytorch_general_nn.py:302] - evaluating...
[29133:MainThread](2026-07-20 23:35:02,056) INFO - qlib.GeneralPTNN - [pytorch_general_nn.py:305] - Epoch2: train 1.025825, valid 0.998961
[29133:MainThread](2026-07-20 23:35:02,056) INFO - qlib.GeneralPTNN - [pytorch_general_nn.py:299] - Epoch3:
[29133:MainThread](2026-07-20 23:35:02,057) INFO - qlib.GeneralPTNN - [pytorch_general_nn.py:300] - training...
[29133:MainThread](2026-07-20 23:35:07,645) INFO - qlib.GeneralPTNN - [pytorch_general_nn.py:302] - evaluating...
[29133:MainThread](2026-07-20 23:35:11,298) INFO - qlib.GeneralPTNN - [pytorch_general_nn.py:305] - Epoch3: train 1.004820, valid 0.996483
[29133:MainThread](2026-07-20 23:35:11,299) INFO - qlib.GeneralPTNN - [pytorch_general_nn.py:299] - Epoch4:
[29133:MainThread](2026-07-20 23:35:11,299) INFO - qlib.GeneralPTNN - [pytorch_general_nn.py:300] - training...
[29133:MainThread](2026-07-20 23:35:16,798) INFO - qlib.GeneralPTNN - [pytorch_general_nn.py:302] - evaluating...
[29133:MainThread](2026-07-20 23:35:20,496) INFO - qlib.GeneralPTNN - [pytorch_general_nn.py:305] - Epoch4: train 1.081742, valid 0.996040
[29133:MainThread](2026-07-20 23:35:20,496) INFO - qlib.GeneralPTNN - [pytorch_general_nn.py:299] - Epoch5:
[29133:MainThread](2026-07-20 23:35:20,497) INFO - qlib.GeneralPTNN - [pytorch_general_nn.py:300] - training...
[29133:MainThread](2026-07-20 23:35:25,893) INFO - qlib.GeneralPTNN - [pytorch_general_nn.py:302] - evaluating...
[29133:MainThread](2026-07-20 23:35:29,472) INFO - qlib.GeneralPTNN - [pytorch_general_nn.py:305] - Epoch5: train 1.131681, valid 0.999787
[29133:MainThread](2026-07-20 23:35:29,472) INFO - qlib.GeneralPTNN - [pytorch_general_nn.py:299] - Epoch6:
[29133:MainThread](2026-07-20 23:35:29,472) INFO - qlib.GeneralPTNN - [pytorch_general_nn.py:300] - training...
[29133:MainThread](2026-07-20 23:35:34,834) INFO - qlib.GeneralPTNN - [pytorch_general_nn.py:302] - evaluating...
[29133:MainThread](2026-07-20 23:35:38,414) INFO - qlib.GeneralPTNN - [pytorch_general_nn.py:305] - Epoch6: train 1.004827, valid 0.995850
[29133:MainThread](2026-07-20 23:35:38,414) INFO - qlib.GeneralPTNN - [pytorch_general_nn.py:299] - Epoch7:
[29133:MainThread](2026-07-20 23:35:38,415) INFO - qlib.GeneralPTNN - [pytorch_general_nn.py:300] - training...
[29133:MainThread](2026-07-20 23:35:44,522) INFO - qlib.GeneralPTNN - [pytorch_general_nn.py:302] - evaluating...
[29133:MainThread](2026-07-20 23:35:48,100) INFO - qlib.GeneralPTNN - [pytorch_general_nn.py:305] - Epoch7: train 1.000965, valid 0.995370
[29133:MainThread](2026-07-20 23:35:48,101) INFO - qlib.GeneralPTNN - [pytorch_general_nn.py:299] - Epoch8:
[29133:MainThread](2026-07-20 23:35:48,101) INFO - qlib.GeneralPTNN - [pytorch_general_nn.py:300] - training...
[29133:MainThread](2026-07-20 23:35:53,694) INFO - qlib.GeneralPTNN - [pytorch_general_nn.py:302] - evaluating...
[29133:MainThread](2026-07-20 23:35:57,328) INFO - qlib.GeneralPTNN - [pytorch_general_nn.py:305] - Epoch8: train 1.004890, valid 0.995537
[29133:MainThread](2026-07-20 23:35:57,329) INFO - qlib.GeneralPTNN - [pytorch_general_nn.py:299] - Epoch9:
[29133:MainThread](2026-07-20 23:35:57,329) INFO - qlib.GeneralPTNN - [pytorch_general_nn.py:300] - training...
[29133:MainThread](2026-07-20 23:36:02,935) INFO - qlib.GeneralPTNN - [pytorch_general_nn.py:302] - evaluating...
[29133:MainThread](2026-07-20 23:36:06,593) INFO - qlib.GeneralPTNN - [pytorch_general_nn.py:305] - Epoch9: train 1.001134, valid 0.994825
[29133:MainThread](2026-07-20 23:36:06,593) INFO - qlib.GeneralPTNN - [pytorch_general_nn.py:299] - Epoch10:
[29133:MainThread](2026-07-20 23:36:06,594) INFO - qlib.GeneralPTNN - [pytorch_general_nn.py:300] - training...
[29133:MainThread](2026-07-20 23:36:13,026) INFO - qlib.GeneralPTNN - [pytorch_general_nn.py:302] - evaluating...
[29133:MainThread](2026-07-20 23:36:16,767) INFO - qlib.GeneralPTNN - [pytorch_general_nn.py:305] - Epoch10: train 1.009977, valid 0.995153
[29133:MainThread](2026-07-20 23:36:16,768) INFO - qlib.GeneralPTNN - [pytorch_general_nn.py:299] - Epoch11:
[29133:MainThread](2026-07-20 23:36:16,768) INFO - qlib.GeneralPTNN - [pytorch_general_nn.py:300] - training...
[29133:MainThread](2026-07-20 23:36:22,311) INFO - qlib.GeneralPTNN - [pytorch_general_nn.py:302] - evaluating...
[29133:MainThread](2026-07-20 23:36:25,960) INFO - qlib.GeneralPTNN - [pytorch_general_nn.py:305] - Epoch11: train 1.049910, valid 0.995303
[29133:MainThread](2026-07-20 23:36:25,960) INFO - qlib.GeneralPTNN - [pytorch_general_nn.py:299] - Epoch12:
[29133:MainThread](2026-07-20 23:36:25,961) INFO - qlib.GeneralPTNN - [pytorch_general_nn.py:300] - training...
[29133:MainThread](2026-07-20 23:36:31,770) INFO - qlib.GeneralPTNN - [pytorch_general_nn.py:302] - evaluating...
[29133:MainThread](2026-07-20 23:36:35,514) INFO - qlib.GeneralPTNN - [pytorch_general_nn.py:305] - Epoch12: train 0.995561, valid 0.994889
[29133:MainThread](2026-07-20 23:36:35,514) INFO - qlib.GeneralPTNN - [pytorch_general_nn.py:299] - Epoch13:
[29133:MainThread](2026-07-20 23:36:35,514) INFO - qlib.GeneralPTNN - [pytorch_general_nn.py:300] - training...
[29133:MainThread](2026-07-20 23:36:40,918) INFO - qlib.GeneralPTNN - [pytorch_general_nn.py:302] - evaluating...
[29133:MainThread](2026-07-20 23:36:44,524) INFO - qlib.GeneralPTNN - [pytorch_general_nn.py:305] - Epoch13: train 1.019513, valid 0.995163
[29133:MainThread](2026-07-20 23:36:44,525) INFO - qlib.GeneralPTNN - [pytorch_general_nn.py:299] - Epoch14:
[29133:MainThread](2026-07-20 23:36:44,525) INFO - qlib.GeneralPTNN - [pytorch_general_nn.py:300] - training...
[29133:MainThread](2026-07-20 23:36:49,967) INFO - qlib.GeneralPTNN - [pytorch_general_nn.py:302] - evaluating...
[29133:MainThread](2026-07-20 23:36:53,595) INFO - qlib.GeneralPTNN - [pytorch_general_nn.py:305] - Epoch14: train 1.035488, valid 0.994891
[29133:MainThread](2026-07-20 23:36:53,595) INFO - qlib.GeneralPTNN - [pytorch_general_nn.py:299] - Epoch15:
[29133:MainThread](2026-07-20 23:36:53,595) INFO - qlib.GeneralPTNN - [pytorch_general_nn.py:300] - training...
[29133:MainThread](2026-07-20 23:36:59,231) INFO - qlib.GeneralPTNN - [pytorch_general_nn.py:302] - evaluating...
[29133:MainThread](2026-07-20 23:37:02,903) INFO - qlib.GeneralPTNN - [pytorch_general_nn.py:305] - Epoch15: train 0.996102, valid 0.994968
[29133:MainThread](2026-07-20 23:37:02,903) INFO - qlib.GeneralPTNN - [pytorch_general_nn.py:299] - Epoch16:
[29133:MainThread](2026-07-20 23:37:02,903) INFO - qlib.GeneralPTNN - [pytorch_general_nn.py:300] - training...
[29133:MainThread](2026-07-20 23:37:08,690) INFO - qlib.GeneralPTNN - [pytorch_general_nn.py:302] - evaluating...
[29133:MainThread](2026-07-20 23:37:12,313) INFO - qlib.GeneralPTNN - [pytorch_general_nn.py:305] - Epoch16: train 1.000819, valid 0.994702
[29133:MainThread](2026-07-20 23:37:12,313) INFO - qlib.GeneralPTNN - [pytorch_general_nn.py:299] - Epoch17:
[29133:MainThread](2026-07-20 23:37:12,314) INFO - qlib.GeneralPTNN - [pytorch_general_nn.py:300] - training...
[29133:MainThread](2026-07-20 23:37:17,707) INFO - qlib.GeneralPTNN - [pytorch_general_nn.py:302] - evaluating...
[29133:MainThread](2026-07-20 23:37:21,336) INFO - qlib.GeneralPTNN - [pytorch_general_nn.py:305] - Epoch17: train 0.992740, valid 0.994399
[29133:MainThread](2026-07-20 23:37:21,336) INFO - qlib.GeneralPTNN - [pytorch_general_nn.py:299] - Epoch18:
[29133:MainThread](2026-07-20 23:37:21,336) INFO - qlib.GeneralPTNN - [pytorch_general_nn.py:300] - training...
[29133:MainThread](2026-07-20 23:37:26,748) INFO - qlib.GeneralPTNN - [pytorch_general_nn.py:302] - evaluating...
[29133:MainThread](2026-07-20 23:37:30,362) INFO - qlib.GeneralPTNN - [pytorch_general_nn.py:305] - Epoch18: train 0.998359, valid 0.994473
[29133:MainThread](2026-07-20 23:37:30,362) INFO - qlib.GeneralPTNN - [pytorch_general_nn.py:299] - Epoch19:
[29133:MainThread](2026-07-20 23:37:30,362) INFO - qlib.GeneralPTNN - [pytorch_general_nn.py:300] - training...
[29133:MainThread](2026-07-20 23:37:35,754) INFO - qlib.GeneralPTNN - [pytorch_general_nn.py:302] - evaluating...
[29133:MainThread](2026-07-20 23:37:39,302) INFO - qlib.GeneralPTNN - [pytorch_general_nn.py:305] - Epoch19: train 1.001600, valid 0.995049
[29133:MainThread](2026-07-20 23:37:39,302) INFO - qlib.GeneralPTNN - [pytorch_general_nn.py:299] - Epoch20:
[29133:MainThread](2026-07-20 23:37:39,303) INFO - qlib.GeneralPTNN - [pytorch_general_nn.py:300] - training...
[29133:MainThread](2026-07-20 23:37:44,873) INFO - qlib.GeneralPTNN - [pytorch_general_nn.py:302] - evaluating...
[29133:MainThread](2026-07-20 23:37:48,487) INFO - qlib.GeneralPTNN - [pytorch_general_nn.py:305] - Epoch20: train 0.995231, valid 0.994653
[29133:MainThread](2026-07-20 23:37:48,488) INFO - qlib.GeneralPTNN - [pytorch_general_nn.py:299] - Epoch21:
[29133:MainThread](2026-07-20 23:37:48,488) INFO - qlib.GeneralPTNN - [pytorch_general_nn.py:300] - training...
[29133:MainThread](2026-07-20 23:37:54,310) INFO - qlib.GeneralPTNN - [pytorch_general_nn.py:302] - evaluating...
[29133:MainThread](2026-07-20 23:37:57,926) INFO - qlib.GeneralPTNN - [pytorch_general_nn.py:305] - Epoch21: train 0.997163, valid 0.994369
[29133:MainThread](2026-07-20 23:37:57,926) INFO - qlib.GeneralPTNN - [pytorch_general_nn.py:299] - Epoch22:
[29133:MainThread](2026-07-20 23:37:57,927) INFO - qlib.GeneralPTNN - [pytorch_general_nn.py:300] - training...
[29133:MainThread](2026-07-20 23:38:03,518) INFO - qlib.GeneralPTNN - [pytorch_general_nn.py:302] - evaluating...
[29133:MainThread](2026-07-20 23:38:07,102) INFO - qlib.GeneralPTNN - [pytorch_general_nn.py:305] - Epoch22: train 0.992787, valid 0.994434
[29133:MainThread](2026-07-20 23:38:07,102) INFO - qlib.GeneralPTNN - [pytorch_general_nn.py:299] - Epoch23:
[29133:MainThread](2026-07-20 23:38:07,102) INFO - qlib.GeneralPTNN - [pytorch_general_nn.py:300] - training...
[29133:MainThread](2026-07-20 23:38:12,643) INFO - qlib.GeneralPTNN - [pytorch_general_nn.py:302] - evaluating...
[29133:MainThread](2026-07-20 23:38:16,248) INFO - qlib.GeneralPTNN - [pytorch_general_nn.py:305] - Epoch23: train 0.995057, valid 0.994355
[29133:MainThread](2026-07-20 23:38:16,248) INFO - qlib.GeneralPTNN - [pytorch_general_nn.py:299] - Epoch24:
[29133:MainThread](2026-07-20 23:38:16,248) INFO - qlib.GeneralPTNN - [pytorch_general_nn.py:300] - training...
[29133:MainThread](2026-07-20 23:38:21,618) INFO - qlib.GeneralPTNN - [pytorch_general_nn.py:302] - evaluating...
[29133:MainThread](2026-07-20 23:38:25,222) INFO - qlib.GeneralPTNN - [pytorch_general_nn.py:305] - Epoch24: train 0.995843, valid 0.994397
[29133:MainThread](2026-07-20 23:38:25,222) INFO - qlib.GeneralPTNN - [pytorch_general_nn.py:299] - Epoch25:
[29133:MainThread](2026-07-20 23:38:25,223) INFO - qlib.GeneralPTNN - [pytorch_general_nn.py:300] - training...
[29133:MainThread](2026-07-20 23:38:31,016) INFO - qlib.GeneralPTNN - [pytorch_general_nn.py:302] - evaluating...
[29133:MainThread](2026-07-20 23:38:34,684) INFO - qlib.GeneralPTNN - [pytorch_general_nn.py:305] - Epoch25: train 0.993806, valid 0.994776
[29133:MainThread](2026-07-20 23:38:34,685) INFO - qlib.GeneralPTNN - [pytorch_general_nn.py:299] - Epoch26:
[29133:MainThread](2026-07-20 23:38:34,685) INFO - qlib.GeneralPTNN - [pytorch_general_nn.py:300] - training...
[29133:MainThread](2026-07-20 23:38:40,273) INFO - qlib.GeneralPTNN - [pytorch_general_nn.py:302] - evaluating...
[29133:MainThread](2026-07-20 23:38:43,893) INFO - qlib.GeneralPTNN - [pytorch_general_nn.py:305] - Epoch26: train 0.993229, valid 0.994586
[29133:MainThread](2026-07-20 23:38:43,893) INFO - qlib.GeneralPTNN - [pytorch_general_nn.py:299] - Epoch27:
[29133:MainThread](2026-07-20 23:38:43,893) INFO - qlib.GeneralPTNN - [pytorch_general_nn.py:300] - training...
[29133:MainThread](2026-07-20 23:38:49,366) INFO - qlib.GeneralPTNN - [pytorch_general_nn.py:302] - evaluating...
[29133:MainThread](2026-07-20 23:38:52,781) INFO - qlib.GeneralPTNN - [pytorch_general_nn.py:305] - Epoch27: train 0.994004, valid 0.994395
[29133:MainThread](2026-07-20 23:38:52,782) INFO - qlib.GeneralPTNN - [pytorch_general_nn.py:299] - Epoch28:
[29133:MainThread](2026-07-20 23:38:52,782) INFO - qlib.GeneralPTNN - [pytorch_general_nn.py:300] - training...
[29133:MainThread](2026-07-20 23:38:58,354) INFO - qlib.GeneralPTNN - [pytorch_general_nn.py:302] - evaluating...
[29133:MainThread](2026-07-20 23:39:01,942) INFO - qlib.GeneralPTNN - [pytorch_general_nn.py:305] - Epoch28: train 0.993066, valid 0.994121
[29133:MainThread](2026-07-20 23:39:01,942) INFO - qlib.GeneralPTNN - [pytorch_general_nn.py:299] - Epoch29:
[29133:MainThread](2026-07-20 23:39:01,942) INFO - qlib.GeneralPTNN - [pytorch_general_nn.py:300] - training...
[29133:MainThread](2026-07-20 23:39:07,342) INFO - qlib.GeneralPTNN - [pytorch_general_nn.py:302] - evaluating...
[29133:MainThread](2026-07-20 23:39:11,031) INFO - qlib.GeneralPTNN - [pytorch_general_nn.py:305] - Epoch29: train 0.993701, valid 0.994441
[29133:MainThread](2026-07-20 23:39:11,032) INFO - qlib.GeneralPTNN - [pytorch_general_nn.py:299] - Epoch30:
[29133:MainThread](2026-07-20 23:39:11,032) INFO - qlib.GeneralPTNN - [pytorch_general_nn.py:300] - training...
[29133:MainThread](2026-07-20 23:39:16,680) INFO - qlib.GeneralPTNN - [pytorch_general_nn.py:302] - evaluating...
[29133:MainThread](2026-07-20 23:39:20,253) INFO - qlib.GeneralPTNN - [pytorch_general_nn.py:305] - Epoch30: train 0.998320, valid 0.994565
[29133:MainThread](2026-07-20 23:39:20,254) INFO - qlib.GeneralPTNN - [pytorch_general_nn.py:299] - Epoch31:
[29133:MainThread](2026-07-20 23:39:20,254) INFO - qlib.GeneralPTNN - [pytorch_general_nn.py:300] - training...
[29133:MainThread](2026-07-20 23:39:25,673) INFO - qlib.GeneralPTNN - [pytorch_general_nn.py:302] - evaluating...
[29133:MainThread](2026-07-20 23:39:29,169) INFO - qlib.GeneralPTNN - [pytorch_general_nn.py:305] - Epoch31: train 0.992954, valid 0.994395
[29133:MainThread](2026-07-20 23:39:29,169) INFO - qlib.GeneralPTNN - [pytorch_general_nn.py:299] - Epoch32:
[29133:MainThread](2026-07-20 23:39:29,169) INFO - qlib.GeneralPTNN - [pytorch_general_nn.py:300] - training...
[29133:MainThread](2026-07-20 23:39:34,816) INFO - qlib.GeneralPTNN - [pytorch_general_nn.py:302] - evaluating...
[29133:MainThread](2026-07-20 23:39:38,427) INFO - qlib.GeneralPTNN - [pytorch_general_nn.py:305] - Epoch32: train 0.993041, valid 0.994430
[29133:MainThread](2026-07-20 23:39:38,427) INFO - qlib.GeneralPTNN - [pytorch_general_nn.py:299] - Epoch33:
[29133:MainThread](2026-07-20 23:39:38,427) INFO - qlib.GeneralPTNN - [pytorch_general_nn.py:300] - training...
[29133:MainThread](2026-07-20 23:39:43,865) INFO - qlib.GeneralPTNN - [pytorch_general_nn.py:302] - evaluating...
[29133:MainThread](2026-07-20 23:39:47,467) INFO - qlib.GeneralPTNN - [pytorch_general_nn.py:305] - Epoch33: train 0.996658, valid 0.994222
[29133:MainThread](2026-07-20 23:39:47,467) INFO - qlib.GeneralPTNN - [pytorch_general_nn.py:299] - Epoch34:
[29133:MainThread](2026-07-20 23:39:47,467) INFO - qlib.GeneralPTNN - [pytorch_general_nn.py:300] - training...
[29133:MainThread](2026-07-20 23:39:52,847) INFO - qlib.GeneralPTNN - [pytorch_general_nn.py:302] - evaluating...
[29133:MainThread](2026-07-20 23:39:56,349) INFO - qlib.GeneralPTNN - [pytorch_general_nn.py:305] - Epoch34: train 0.995835, valid 0.994127
[29133:MainThread](2026-07-20 23:39:56,349) INFO - qlib.GeneralPTNN - [pytorch_general_nn.py:299] - Epoch35:
[29133:MainThread](2026-07-20 23:39:56,349) INFO - qlib.GeneralPTNN - [pytorch_general_nn.py:300] - training...
[29133:MainThread](2026-07-20 23:40:01,691) INFO - qlib.GeneralPTNN - [pytorch_general_nn.py:302] - evaluating...
[29133:MainThread](2026-07-20 23:40:05,257) INFO - qlib.GeneralPTNN - [pytorch_general_nn.py:305] - Epoch35: train 0.993463, valid 0.994564
[29133:MainThread](2026-07-20 23:40:05,257) INFO - qlib.GeneralPTNN - [pytorch_general_nn.py:299] - Epoch36:
[29133:MainThread](2026-07-20 23:40:05,257) INFO - qlib.GeneralPTNN - [pytorch_general_nn.py:300] - training...
[29133:MainThread](2026-07-20 23:40:10,731) INFO - qlib.GeneralPTNN - [pytorch_general_nn.py:302] - evaluating...
[29133:MainThread](2026-07-20 23:40:14,315) INFO - qlib.GeneralPTNN - [pytorch_general_nn.py:305] - Epoch36: train 0.994032, valid 0.994328
[29133:MainThread](2026-07-20 23:40:14,315) INFO - qlib.GeneralPTNN - [pytorch_general_nn.py:299] - Epoch37:
[29133:MainThread](2026-07-20 23:40:14,315) INFO - qlib.GeneralPTNN - [pytorch_general_nn.py:300] - training...
[29133:MainThread](2026-07-20 23:40:19,735) INFO - qlib.GeneralPTNN - [pytorch_general_nn.py:302] - evaluating...
[29133:MainThread](2026-07-20 23:40:23,412) INFO - qlib.GeneralPTNN - [pytorch_general_nn.py:305] - Epoch37: train 0.995550, valid 0.994105
[29133:MainThread](2026-07-20 23:40:23,412) INFO - qlib.GeneralPTNN - [pytorch_general_nn.py:299] - Epoch38:
[29133:MainThread](2026-07-20 23:40:23,412) INFO - qlib.GeneralPTNN - [pytorch_general_nn.py:300] - training...
[29133:MainThread](2026-07-20 23:40:28,839) INFO - qlib.GeneralPTNN - [pytorch_general_nn.py:302] - evaluating...
[29133:MainThread](2026-07-20 23:40:32,466) INFO - qlib.GeneralPTNN - [pytorch_general_nn.py:305] - Epoch38: train 0.992706, valid 0.994308
[29133:MainThread](2026-07-20 23:40:32,466) INFO - qlib.GeneralPTNN - [pytorch_general_nn.py:299] - Epoch39:
[29133:MainThread](2026-07-20 23:40:32,466) INFO - qlib.GeneralPTNN - [pytorch_general_nn.py:300] - training...
[29133:MainThread](2026-07-20 23:40:37,792) INFO - qlib.GeneralPTNN - [pytorch_general_nn.py:302] - evaluating...
[29133:MainThread](2026-07-20 23:40:41,292) INFO - qlib.GeneralPTNN - [pytorch_general_nn.py:305] - Epoch39: train 0.994013, valid 0.994143
[29133:MainThread](2026-07-20 23:40:41,292) INFO - qlib.GeneralPTNN - [pytorch_general_nn.py:299] - Epoch40:
[29133:MainThread](2026-07-20 23:40:41,293) INFO - qlib.GeneralPTNN - [pytorch_general_nn.py:300] - training...
[29133:MainThread](2026-07-20 23:40:47,026) INFO - qlib.GeneralPTNN - [pytorch_general_nn.py:302] - evaluating...
[29133:MainThread](2026-07-20 23:40:50,618) INFO - qlib.GeneralPTNN - [pytorch_general_nn.py:305] - Epoch40: train 0.993064, valid 0.994326
[29133:MainThread](2026-07-20 23:40:50,618) INFO - qlib.GeneralPTNN - [pytorch_general_nn.py:299] - Epoch41:
[29133:MainThread](2026-07-20 23:40:50,619) INFO - qlib.GeneralPTNN - [pytorch_general_nn.py:300] - training...
[29133:MainThread](2026-07-20 23:40:56,096) INFO - qlib.GeneralPTNN - [pytorch_general_nn.py:302] - evaluating...
[29133:MainThread](2026-07-20 23:40:59,615) INFO - qlib.GeneralPTNN - [pytorch_general_nn.py:305] - Epoch41: train 0.992869, valid 0.994387
[29133:MainThread](2026-07-20 23:40:59,615) INFO - qlib.GeneralPTNN - [pytorch_general_nn.py:299] - Epoch42:
[29133:MainThread](2026-07-20 23:40:59,616) INFO - qlib.GeneralPTNN - [pytorch_general_nn.py:300] - training...
[29133:MainThread](2026-07-20 23:41:05,276) INFO - qlib.GeneralPTNN - [pytorch_general_nn.py:302] - evaluating...
[29133:MainThread](2026-07-20 23:41:08,939) INFO - qlib.GeneralPTNN - [pytorch_general_nn.py:305] - Epoch42: train 0.992373, valid 0.994332
[29133:MainThread](2026-07-20 23:41:08,939) INFO - qlib.GeneralPTNN - [pytorch_general_nn.py:299] - Epoch43:
[29133:MainThread](2026-07-20 23:41:08,939) INFO - qlib.GeneralPTNN - [pytorch_general_nn.py:300] - training...
[29133:MainThread](2026-07-20 23:41:14,372) INFO - qlib.GeneralPTNN - [pytorch_general_nn.py:302] - evaluating...
[29133:MainThread](2026-07-20 23:41:17,993) INFO - qlib.GeneralPTNN - [pytorch_general_nn.py:305] - Epoch43: train 0.993369, valid 0.994170
[29133:MainThread](2026-07-20 23:41:17,993) INFO - qlib.GeneralPTNN - [pytorch_general_nn.py:299] - Epoch44:
[29133:MainThread](2026-07-20 23:41:17,993) INFO - qlib.GeneralPTNN - [pytorch_general_nn.py:300] - training...
[29133:MainThread](2026-07-20 23:41:23,573) INFO - qlib.GeneralPTNN - [pytorch_general_nn.py:302] - evaluating...
[29133:MainThread](2026-07-20 23:41:27,183) INFO - qlib.GeneralPTNN - [pytorch_general_nn.py:305] - Epoch44: train 0.996615, valid 0.994320
[29133:MainThread](2026-07-20 23:41:27,183) INFO - qlib.GeneralPTNN - [pytorch_general_nn.py:299] - Epoch45:
[29133:MainThread](2026-07-20 23:41:27,184) INFO - qlib.GeneralPTNN - [pytorch_general_nn.py:300] - training...
[29133:MainThread](2026-07-20 23:41:32,536) INFO - qlib.GeneralPTNN - [pytorch_general_nn.py:302] - evaluating...
[29133:MainThread](2026-07-20 23:41:36,094) INFO - qlib.GeneralPTNN - [pytorch_general_nn.py:305] - Epoch45: train 0.992989, valid 0.994380
[29133:MainThread](2026-07-20 23:41:36,095) INFO - qlib.GeneralPTNN - [pytorch_general_nn.py:299] - Epoch46:
[29133:MainThread](2026-07-20 23:41:36,095) INFO - qlib.GeneralPTNN - [pytorch_general_nn.py:300] - training...
[29133:MainThread](2026-07-20 23:41:41,659) INFO - qlib.GeneralPTNN - [pytorch_general_nn.py:302] - evaluating...
[29133:MainThread](2026-07-20 23:41:45,251) INFO - qlib.GeneralPTNN - [pytorch_general_nn.py:305] - Epoch46: train 0.992858, valid 0.994229
[29133:MainThread](2026-07-20 23:41:45,252) INFO - qlib.GeneralPTNN - [pytorch_general_nn.py:299] - Epoch47:
[29133:MainThread](2026-07-20 23:41:45,252) INFO - qlib.GeneralPTNN - [pytorch_general_nn.py:300] - training...
[29133:MainThread](2026-07-20 23:41:50,665) INFO - qlib.GeneralPTNN - [pytorch_general_nn.py:302] - evaluating...
[29133:MainThread](2026-07-20 23:41:54,211) INFO - qlib.GeneralPTNN - [pytorch_general_nn.py:305] - Epoch47: train 0.992987, valid 0.994109
[29133:MainThread](2026-07-20 23:41:54,211) INFO - qlib.GeneralPTNN - [pytorch_general_nn.py:299] - Epoch48:
[29133:MainThread](2026-07-20 23:41:54,212) INFO - qlib.GeneralPTNN - [pytorch_general_nn.py:300] - training...
[29133:MainThread](2026-07-20 23:41:59,526) INFO - qlib.GeneralPTNN - [pytorch_general_nn.py:302] - evaluating...
[29133:MainThread](2026-07-20 23:42:03,136) INFO - qlib.GeneralPTNN - [pytorch_general_nn.py:305] - Epoch48: train 0.991711, valid 0.994104
[29133:MainThread](2026-07-20 23:42:03,137) INFO - qlib.GeneralPTNN - [pytorch_general_nn.py:299] - Epoch49:
[29133:MainThread](2026-07-20 23:42:03,137) INFO - qlib.GeneralPTNN - [pytorch_general_nn.py:300] - training...
[29133:MainThread](2026-07-20 23:42:08,479) INFO - qlib.GeneralPTNN - [pytorch_general_nn.py:302] - evaluating...
[29133:MainThread](2026-07-20 23:42:11,900) INFO - qlib.GeneralPTNN - [pytorch_general_nn.py:305] - Epoch49: train 0.993033, valid 0.994163
[29133:MainThread](2026-07-20 23:42:11,900) INFO - qlib.GeneralPTNN - [pytorch_general_nn.py:299] - Epoch50:
[29133:MainThread](2026-07-20 23:42:11,900) INFO - qlib.GeneralPTNN - [pytorch_general_nn.py:300] - training...
[29133:MainThread](2026-07-20 23:42:17,377) INFO - qlib.GeneralPTNN - [pytorch_general_nn.py:302] - evaluating...
[29133:MainThread](2026-07-20 23:42:20,937) INFO - qlib.GeneralPTNN - [pytorch_general_nn.py:305] - Epoch50: train 0.992604, valid 0.994183
[29133:MainThread](2026-07-20 23:42:20,937) INFO - qlib.GeneralPTNN - [pytorch_general_nn.py:299] - Epoch51:
[29133:MainThread](2026-07-20 23:42:20,938) INFO - qlib.GeneralPTNN - [pytorch_general_nn.py:300] - training...
[29133:MainThread](2026-07-20 23:42:26,346) INFO - qlib.GeneralPTNN - [pytorch_general_nn.py:302] - evaluating...
[29133:MainThread](2026-07-20 23:42:29,921) INFO - qlib.GeneralPTNN - [pytorch_general_nn.py:305] - Epoch51: train 0.993843, valid 0.994358
[29133:MainThread](2026-07-20 23:42:29,922) INFO - qlib.GeneralPTNN - [pytorch_general_nn.py:299] - Epoch52:
[29133:MainThread](2026-07-20 23:42:29,922) INFO - qlib.GeneralPTNN - [pytorch_general_nn.py:300] - training...
[29133:MainThread](2026-07-20 23:42:35,609) INFO - qlib.GeneralPTNN - [pytorch_general_nn.py:302] - evaluating...
[29133:MainThread](2026-07-20 23:42:39,199) INFO - qlib.GeneralPTNN - [pytorch_general_nn.py:305] - Epoch52: train 0.992787, valid 0.994216
[29133:MainThread](2026-07-20 23:42:39,199) INFO - qlib.GeneralPTNN - [pytorch_general_nn.py:299] - Epoch53:
[29133:MainThread](2026-07-20 23:42:39,199) INFO - qlib.GeneralPTNN - [pytorch_general_nn.py:300] - training...
[29133:MainThread](2026-07-20 23:42:44,664) INFO - qlib.GeneralPTNN - [pytorch_general_nn.py:302] - evaluating...
[29133:MainThread](2026-07-20 23:42:48,246) INFO - qlib.GeneralPTNN - [pytorch_general_nn.py:305] - Epoch53: train 0.992501, valid 0.994144
[29133:MainThread](2026-07-20 23:42:48,246) INFO - qlib.GeneralPTNN - [pytorch_general_nn.py:299] - Epoch54:
[29133:MainThread](2026-07-20 23:42:48,246) INFO - qlib.GeneralPTNN - [pytorch_general_nn.py:300] - training...
[29133:MainThread](2026-07-20 23:42:53,954) INFO - qlib.GeneralPTNN - [pytorch_general_nn.py:302] - evaluating...
[29133:MainThread](2026-07-20 23:42:57,547) INFO - qlib.GeneralPTNN - [pytorch_general_nn.py:305] - Epoch54: train 0.991718, valid 0.994199
[29133:MainThread](2026-07-20 23:42:57,547) INFO - qlib.GeneralPTNN - [pytorch_general_nn.py:299] - Epoch55:
[29133:MainThread](2026-07-20 23:42:57,548) INFO - qlib.GeneralPTNN - [pytorch_general_nn.py:300] - training...
[29133:MainThread](2026-07-20 23:43:02,900) INFO - qlib.GeneralPTNN - [pytorch_general_nn.py:302] - evaluating...
[29133:MainThread](2026-07-20 23:43:06,390) INFO - qlib.GeneralPTNN - [pytorch_general_nn.py:305] - Epoch55: train 0.993103, valid 0.994256
[29133:MainThread](2026-07-20 23:43:06,390) INFO - qlib.GeneralPTNN - [pytorch_general_nn.py:299] - Epoch56:
[29133:MainThread](2026-07-20 23:43:06,390) INFO - qlib.GeneralPTNN - [pytorch_general_nn.py:300] - training...
[29133:MainThread](2026-07-20 23:43:11,793) INFO - qlib.GeneralPTNN - [pytorch_general_nn.py:302] - evaluating...
[29133:MainThread](2026-07-20 23:43:15,415) INFO - qlib.GeneralPTNN - [pytorch_general_nn.py:305] - Epoch56: train 0.992932, valid 0.994268
[29133:MainThread](2026-07-20 23:43:15,415) INFO - qlib.GeneralPTNN - [pytorch_general_nn.py:299] - Epoch57:
[29133:MainThread](2026-07-20 23:43:15,416) INFO - qlib.GeneralPTNN - [pytorch_general_nn.py:300] - training...
[29133:MainThread](2026-07-20 23:43:20,849) INFO - qlib.GeneralPTNN - [pytorch_general_nn.py:302] - evaluating...
[29133:MainThread](2026-07-20 23:43:24,414) INFO - qlib.GeneralPTNN - [pytorch_general_nn.py:305] - Epoch57: train 0.993341, valid 0.994384
[29133:MainThread](2026-07-20 23:43:24,414) INFO - qlib.GeneralPTNN - [pytorch_general_nn.py:299] - Epoch58:
[29133:MainThread](2026-07-20 23:43:24,414) INFO - qlib.GeneralPTNN - [pytorch_general_nn.py:300] - training...
[29133:MainThread](2026-07-20 23:43:29,922) INFO - qlib.GeneralPTNN - [pytorch_general_nn.py:302] - evaluating...
[29133:MainThread](2026-07-20 23:43:33,469) INFO - qlib.GeneralPTNN - [pytorch_general_nn.py:305] - Epoch58: train 0.991615, valid 0.994127
[29133:MainThread](2026-07-20 23:43:33,469) INFO - qlib.GeneralPTNN - [pytorch_general_nn.py:299] - Epoch59:
[29133:MainThread](2026-07-20 23:43:33,469) INFO - qlib.GeneralPTNN - [pytorch_general_nn.py:300] - training...
[29133:MainThread](2026-07-20 23:43:38,770) INFO - qlib.GeneralPTNN - [pytorch_general_nn.py:302] - evaluating...
[29133:MainThread](2026-07-20 23:43:42,321) INFO - qlib.GeneralPTNN - [pytorch_general_nn.py:305] - Epoch59: train 0.992515, valid 0.994260
[29133:MainThread](2026-07-20 23:43:42,322) INFO - qlib.GeneralPTNN - [pytorch_general_nn.py:299] - Epoch60:
[29133:MainThread](2026-07-20 23:43:42,322) INFO - qlib.GeneralPTNN - [pytorch_general_nn.py:300] - training...
[29133:MainThread](2026-07-20 23:43:48,095) INFO - qlib.GeneralPTNN - [pytorch_general_nn.py:302] - evaluating...
[29133:MainThread](2026-07-20 23:43:51,659) INFO - qlib.GeneralPTNN - [pytorch_general_nn.py:305] - Epoch60: train 0.992443, valid 0.994151
[29133:MainThread](2026-07-20 23:43:51,659) INFO - qlib.GeneralPTNN - [pytorch_general_nn.py:299] - Epoch61:
[29133:MainThread](2026-07-20 23:43:51,659) INFO - qlib.GeneralPTNN - [pytorch_general_nn.py:300] - training...
[29133:MainThread](2026-07-20 23:43:57,266) INFO - qlib.GeneralPTNN - [pytorch_general_nn.py:302] - evaluating...
[29133:MainThread](2026-07-20 23:44:00,920) INFO - qlib.GeneralPTNN - [pytorch_general_nn.py:305] - Epoch61: train 0.991632, valid 0.994333
[29133:MainThread](2026-07-20 23:44:00,920) INFO - qlib.GeneralPTNN - [pytorch_general_nn.py:299] - Epoch62:
[29133:MainThread](2026-07-20 23:44:00,920) INFO - qlib.GeneralPTNN - [pytorch_general_nn.py:300] - training...
[29133:MainThread](2026-07-20 23:44:06,354) INFO - qlib.GeneralPTNN - [pytorch_general_nn.py:302] - evaluating...
[29133:MainThread](2026-07-20 23:44:09,864) INFO - qlib.GeneralPTNN - [pytorch_general_nn.py:305] - Epoch62: train 0.992532, valid 0.994275
[29133:MainThread](2026-07-20 23:44:09,864) INFO - qlib.GeneralPTNN - [pytorch_general_nn.py:299] - Epoch63:
[29133:MainThread](2026-07-20 23:44:09,864) INFO - qlib.GeneralPTNN - [pytorch_general_nn.py:300] - training...
[29133:MainThread](2026-07-20 23:44:15,256) INFO - qlib.GeneralPTNN - [pytorch_general_nn.py:302] - evaluating...
[29133:MainThread](2026-07-20 23:44:18,850) INFO - qlib.GeneralPTNN - [pytorch_general_nn.py:305] - Epoch63: train 0.992417, valid 0.994264
[29133:MainThread](2026-07-20 23:44:18,850) INFO - qlib.GeneralPTNN - [pytorch_general_nn.py:299] - Epoch64:
[29133:MainThread](2026-07-20 23:44:18,851) INFO - qlib.GeneralPTNN - [pytorch_general_nn.py:300] - training...
[29133:MainThread](2026-07-20 23:44:24,459) INFO - qlib.GeneralPTNN - [pytorch_general_nn.py:302] - evaluating...
[29133:MainThread](2026-07-20 23:44:28,031) INFO - qlib.GeneralPTNN - [pytorch_general_nn.py:305] - Epoch64: train 0.992482, valid 0.994228
[29133:MainThread](2026-07-20 23:44:28,031) INFO - qlib.GeneralPTNN - [pytorch_general_nn.py:299] - Epoch65:
[29133:MainThread](2026-07-20 23:44:28,031) INFO - qlib.GeneralPTNN - [pytorch_general_nn.py:300] - training...
[29133:MainThread](2026-07-20 23:44:33,424) INFO - qlib.GeneralPTNN - [pytorch_general_nn.py:302] - evaluating...
[29133:MainThread](2026-07-20 23:44:36,977) INFO - qlib.GeneralPTNN - [pytorch_general_nn.py:305] - Epoch65: train 0.993319, valid 0.994200
[29133:MainThread](2026-07-20 23:44:36,978) INFO - qlib.GeneralPTNN - [pytorch_general_nn.py:299] - Epoch66:
[29133:MainThread](2026-07-20 23:44:36,978) INFO - qlib.GeneralPTNN - [pytorch_general_nn.py:300] - training...
[29133:MainThread](2026-07-20 23:44:42,533) INFO - qlib.GeneralPTNN - [pytorch_general_nn.py:302] - evaluating...
[29133:MainThread](2026-07-20 23:44:46,988) INFO - qlib.GeneralPTNN - [pytorch_general_nn.py:305] - Epoch66: train 0.992124, valid 0.994023
[29133:MainThread](2026-07-20 23:44:46,989) INFO - qlib.GeneralPTNN - [pytorch_general_nn.py:299] - Epoch67:
[29133:MainThread](2026-07-20 23:44:46,989) INFO - qlib.GeneralPTNN - [pytorch_general_nn.py:300] - training...
[29133:MainThread](2026-07-20 23:44:53,481) INFO - qlib.GeneralPTNN - [pytorch_general_nn.py:302] - evaluating...
[29133:MainThread](2026-07-20 23:44:57,217) INFO - qlib.GeneralPTNN - [pytorch_general_nn.py:305] - Epoch67: train 0.992041, valid 0.994124
[29133:MainThread](2026-07-20 23:44:57,217) INFO - qlib.GeneralPTNN - [pytorch_general_nn.py:299] - Epoch68:
[29133:MainThread](2026-07-20 23:44:57,217) INFO - qlib.GeneralPTNN - [pytorch_general_nn.py:300] - training...
[29133:MainThread](2026-07-20 23:45:03,810) INFO - qlib.GeneralPTNN - [pytorch_general_nn.py:302] - evaluating...
[29133:MainThread](2026-07-20 23:45:07,857) INFO - qlib.GeneralPTNN - [pytorch_general_nn.py:305] - Epoch68: train 0.992188, valid 0.994187
[29133:MainThread](2026-07-20 23:45:07,857) INFO - qlib.GeneralPTNN - [pytorch_general_nn.py:299] - Epoch69:
[29133:MainThread](2026-07-20 23:45:07,857) INFO - qlib.GeneralPTNN - [pytorch_general_nn.py:300] - training...
[29133:MainThread](2026-07-20 23:45:14,587) INFO - qlib.GeneralPTNN - [pytorch_general_nn.py:302] - evaluating...
[29133:MainThread](2026-07-20 23:45:18,520) INFO - qlib.GeneralPTNN - [pytorch_general_nn.py:305] - Epoch69: train 0.992248, valid 0.994166
[29133:MainThread](2026-07-20 23:45:18,520) INFO - qlib.GeneralPTNN - [pytorch_general_nn.py:299] - Epoch70:
[29133:MainThread](2026-07-20 23:45:18,520) INFO - qlib.GeneralPTNN - [pytorch_general_nn.py:300] - training...
[29133:MainThread](2026-07-20 23:45:24,437) INFO - qlib.GeneralPTNN - [pytorch_general_nn.py:302] - evaluating...
[29133:MainThread](2026-07-20 23:45:28,098) INFO - qlib.GeneralPTNN - [pytorch_general_nn.py:305] - Epoch70: train 0.992555, valid 0.994127
[29133:MainThread](2026-07-20 23:45:28,098) INFO - qlib.GeneralPTNN - [pytorch_general_nn.py:299] - Epoch71:
[29133:MainThread](2026-07-20 23:45:28,098) INFO - qlib.GeneralPTNN - [pytorch_general_nn.py:300] - training...
[29133:MainThread](2026-07-20 23:45:33,694) INFO - qlib.GeneralPTNN - [pytorch_general_nn.py:302] - evaluating...
[29133:MainThread](2026-07-20 23:45:37,432) INFO - qlib.GeneralPTNN - [pytorch_general_nn.py:305] - Epoch71: train 0.992177, valid 0.994146
[29133:MainThread](2026-07-20 23:45:37,433) INFO - qlib.GeneralPTNN - [pytorch_general_nn.py:299] - Epoch72:
[29133:MainThread](2026-07-20 23:45:37,433) INFO - qlib.GeneralPTNN - [pytorch_general_nn.py:300] - training...
[29133:MainThread](2026-07-20 23:45:44,565) INFO - qlib.GeneralPTNN - [pytorch_general_nn.py:302] - evaluating...
[29133:MainThread](2026-07-20 23:45:48,507) INFO - qlib.GeneralPTNN - [pytorch_general_nn.py:305] - Epoch72: train 0.992524, valid 0.994111
[29133:MainThread](2026-07-20 23:45:48,507) INFO - qlib.GeneralPTNN - [pytorch_general_nn.py:299] - Epoch73:
[29133:MainThread](2026-07-20 23:45:48,507) INFO - qlib.GeneralPTNN - [pytorch_general_nn.py:300] - training...
[29133:MainThread](2026-07-20 23:45:54,125) INFO - qlib.GeneralPTNN - [pytorch_general_nn.py:302] - evaluating...
[29133:MainThread](2026-07-20 23:45:57,865) INFO - qlib.GeneralPTNN - [pytorch_general_nn.py:305] - Epoch73: train 0.991970, valid 0.994069
[29133:MainThread](2026-07-20 23:45:57,865) INFO - qlib.GeneralPTNN - [pytorch_general_nn.py:299] - Epoch74:
[29133:MainThread](2026-07-20 23:45:57,865) INFO - qlib.GeneralPTNN - [pytorch_general_nn.py:300] - training...
[29133:MainThread](2026-07-20 23:46:03,757) INFO - qlib.GeneralPTNN - [pytorch_general_nn.py:302] - evaluating...
[29133:MainThread](2026-07-20 23:46:07,436) INFO - qlib.GeneralPTNN - [pytorch_general_nn.py:305] - Epoch74: train 0.992415, valid 0.994182
[29133:MainThread](2026-07-20 23:46:07,437) INFO - qlib.GeneralPTNN - [pytorch_general_nn.py:299] - Epoch75:
[29133:MainThread](2026-07-20 23:46:07,437) INFO - qlib.GeneralPTNN - [pytorch_general_nn.py:300] - training...
[29133:MainThread](2026-07-20 23:46:13,943) INFO - qlib.GeneralPTNN - [pytorch_general_nn.py:302] - evaluating...
[29133:MainThread](2026-07-20 23:46:17,705) INFO - qlib.GeneralPTNN - [pytorch_general_nn.py:305] - Epoch75: train 0.992816, valid 0.994406
[29133:MainThread](2026-07-20 23:46:17,705) INFO - qlib.GeneralPTNN - [pytorch_general_nn.py:299] - Epoch76:
[29133:MainThread](2026-07-20 23:46:17,705) INFO - qlib.GeneralPTNN - [pytorch_general_nn.py:300] - training...
[29133:MainThread](2026-07-20 23:46:23,200) INFO - qlib.GeneralPTNN - [pytorch_general_nn.py:302] - evaluating...
[29133:MainThread](2026-07-20 23:46:26,854) INFO - qlib.GeneralPTNN - [pytorch_general_nn.py:305] - Epoch76: train 0.992439, valid 0.994300
[29133:MainThread](2026-07-20 23:46:26,854) INFO - qlib.GeneralPTNN - [pytorch_general_nn.py:299] - Epoch77:
[29133:MainThread](2026-07-20 23:46:26,855) INFO - qlib.GeneralPTNN - [pytorch_general_nn.py:300] - training...
[29133:MainThread](2026-07-20 23:46:32,664) INFO - qlib.GeneralPTNN - [pytorch_general_nn.py:302] - evaluating...
[29133:MainThread](2026-07-20 23:46:36,362) INFO - qlib.GeneralPTNN - [pytorch_general_nn.py:305] - Epoch77: train 0.992819, valid 0.994248
[29133:MainThread](2026-07-20 23:46:36,362) INFO - qlib.GeneralPTNN - [pytorch_general_nn.py:299] - Epoch78:
[29133:MainThread](2026-07-20 23:46:36,362) INFO - qlib.GeneralPTNN - [pytorch_general_nn.py:300] - training...
[29133:MainThread](2026-07-20 23:46:42,152) INFO - qlib.GeneralPTNN - [pytorch_general_nn.py:302] - evaluating...
[29133:MainThread](2026-07-20 23:46:45,895) INFO - qlib.GeneralPTNN - [pytorch_general_nn.py:305] - Epoch78: train 0.992425, valid 0.994216
[29133:MainThread](2026-07-20 23:46:45,895) INFO - qlib.GeneralPTNN - [pytorch_general_nn.py:299] - Epoch79:
[29133:MainThread](2026-07-20 23:46:45,896) INFO - qlib.GeneralPTNN - [pytorch_general_nn.py:300] - training...
[29133:MainThread](2026-07-20 23:46:51,513) INFO - qlib.GeneralPTNN - [pytorch_general_nn.py:302] - evaluating...
[29133:MainThread](2026-07-20 23:46:55,129) INFO - qlib.GeneralPTNN - [pytorch_general_nn.py:305] - Epoch79: train 0.992735, valid 0.994211
[29133:MainThread](2026-07-20 23:46:55,129) INFO - qlib.GeneralPTNN - [pytorch_general_nn.py:299] - Epoch80:
[29133:MainThread](2026-07-20 23:46:55,129) INFO - qlib.GeneralPTNN - [pytorch_general_nn.py:300] - training...
[29133:MainThread](2026-07-20 23:47:00,592) INFO - qlib.GeneralPTNN - [pytorch_general_nn.py:302] - evaluating...
[29133:MainThread](2026-07-20 23:47:04,303) INFO - qlib.GeneralPTNN - [pytorch_general_nn.py:305] - Epoch80: train 0.992987, valid 0.994113
[29133:MainThread](2026-07-20 23:47:04,303) INFO - qlib.GeneralPTNN - [pytorch_general_nn.py:299] - Epoch81:
[29133:MainThread](2026-07-20 23:47:04,304) INFO - qlib.GeneralPTNN - [pytorch_general_nn.py:300] - training...
[29133:MainThread](2026-07-20 23:47:10,045) INFO - qlib.GeneralPTNN - [pytorch_general_nn.py:302] - evaluating...
[29133:MainThread](2026-07-20 23:47:13,717) INFO - qlib.GeneralPTNN - [pytorch_general_nn.py:305] - Epoch81: train 0.991456, valid 0.994185
[29133:MainThread](2026-07-20 23:47:13,717) INFO - qlib.GeneralPTNN - [pytorch_general_nn.py:299] - Epoch82:
[29133:MainThread](2026-07-20 23:47:13,717) INFO - qlib.GeneralPTNN - [pytorch_general_nn.py:300] - training...
[29133:MainThread](2026-07-20 23:47:19,759) INFO - qlib.GeneralPTNN - [pytorch_general_nn.py:302] - evaluating...
[29133:MainThread](2026-07-20 23:47:23,381) INFO - qlib.GeneralPTNN - [pytorch_general_nn.py:305] - Epoch82: train 0.992769, valid 0.994174
[29133:MainThread](2026-07-20 23:47:23,381) INFO - qlib.GeneralPTNN - [pytorch_general_nn.py:299] - Epoch83:
[29133:MainThread](2026-07-20 23:47:23,382) INFO - qlib.GeneralPTNN - [pytorch_general_nn.py:300] - training...
[29133:MainThread](2026-07-20 23:47:28,938) INFO - qlib.GeneralPTNN - [pytorch_general_nn.py:302] - evaluating...
[29133:MainThread](2026-07-20 23:47:32,619) INFO - qlib.GeneralPTNN - [pytorch_general_nn.py:305] - Epoch83: train 0.992727, valid 0.994193
[29133:MainThread](2026-07-20 23:47:32,620) INFO - qlib.GeneralPTNN - [pytorch_general_nn.py:299] - Epoch84:
[29133:MainThread](2026-07-20 23:47:32,620) INFO - qlib.GeneralPTNN - [pytorch_general_nn.py:300] - training...
[29133:MainThread](2026-07-20 23:47:38,371) INFO - qlib.GeneralPTNN - [pytorch_general_nn.py:302] - evaluating...
[29133:MainThread](2026-07-20 23:47:42,059) INFO - qlib.GeneralPTNN - [pytorch_general_nn.py:305] - Epoch84: train 0.991844, valid 0.994078
[29133:MainThread](2026-07-20 23:47:42,060) INFO - qlib.GeneralPTNN - [pytorch_general_nn.py:299] - Epoch85:
[29133:MainThread](2026-07-20 23:47:42,060) INFO - qlib.GeneralPTNN - [pytorch_general_nn.py:300] - training...
[29133:MainThread](2026-07-20 23:47:47,723) INFO - qlib.GeneralPTNN - [pytorch_general_nn.py:302] - evaluating...
[29133:MainThread](2026-07-20 23:47:51,288) INFO - qlib.GeneralPTNN - [pytorch_general_nn.py:305] - Epoch85: train 0.993081, valid 0.994183
[29133:MainThread](2026-07-20 23:47:51,288) INFO - qlib.GeneralPTNN - [pytorch_general_nn.py:299] - Epoch86:
[29133:MainThread](2026-07-20 23:47:51,288) INFO - qlib.GeneralPTNN - [pytorch_general_nn.py:300] - training...
[29133:MainThread](2026-07-20 23:47:56,713) INFO - qlib.GeneralPTNN - [pytorch_general_nn.py:302] - evaluating...
[29133:MainThread](2026-07-20 23:48:00,262) INFO - qlib.GeneralPTNN - [pytorch_general_nn.py:305] - Epoch86: train 0.992334, valid 0.994291
[29133:MainThread](2026-07-20 23:48:00,263) INFO - qlib.GeneralPTNN - [pytorch_general_nn.py:324] - early stop
[29133:MainThread](2026-07-20 23:48:00,263) INFO - qlib.GeneralPTNN - [pytorch_general_nn.py:327] - best score: 0.994023 @ 66 epoch
[29133:MainThread](2026-07-20 23:48:00,281) INFO - qlib.fill_placeholder - [__init__.py:798] - <PRED> lookes like a placeholder, but it can't match to any given values
Gym has been unmaintained since 2022 and does not support NumPy 2.0 amongst other critical functionality.
Please upgrade to Gymnasium, the maintained drop-in replacement of Gym, or contact the authors of your software and request that they upgrade.
Users of this version of Gym should be able to simply replace 'import gym' with 'import gymnasium as gym' in the vast majority of cases.
See the migration guide at https://gymnasium.farama.org/introduction/migration_guide/ for additional information.
[29133:MainThread](2026-07-20 23:48:00,834) INFO - qlib.GeneralPTNN - [pytorch_general_nn.py:344] - Test samples: 261300
[29133:MainThread](2026-07-20 23:48:01,170) INFO - qlib.workflow - [record_temp.py:197] - Signal record 'pred.pkl' has been saved as the artifact of the Experiment 125847733581669415
[29133:MainThread](2026-07-20 23:48:01,457) INFO - qlib.backtest caller - [__init__.py:93] - Create new exchange
[29133:MainThread](2026-07-20 23:48:09,912) WARNING - qlib.online operator - [exchange.py:219] - $close field data contains nan.
[29133:MainThread](2026-07-20 23:48:09,913) WARNING - qlib.online operator - [exchange.py:219] - $close field data contains nan.
[29133:MainThread](2026-07-20 23:48:09,916) WARNING - qlib.online operator - [exchange.py:226] - factor.day.bin file not exists or factor contains `nan`. Order using adjusted_price.
[29133:MainThread](2026-07-20 23:48:09,916) WARNING - qlib.online operator - [exchange.py:228] - trade unit 100 is not supported in adjusted_price mode.
[29133:MainThread](2026-07-20 23:48:17,888) WARNING - qlib.data - [data.py:665] - load calendar error: freq=day, future=True; return current calendar!
[29133:MainThread](2026-07-20 23:48:17,888) WARNING - qlib.data - [data.py:668] - You can get future calendar by referring to the following document: https://github.com/microsoft/qlib/blob/main/scripts/data_collector/contrib/README.md
[29133:MainThread](2026-07-20 23:48:17,893) WARNING - qlib.BaseExecutor - [executor.py:121] - `common_infra` is not set for <qlib.backtest.executor.SimulatorExecutor object at 0x12ccdb410>

backtest loop:   0%|          | 0/871 [00:00<?, ?it/s]/Users/xuxin/Documents/dev/qlib/qlib/utils/index_data.py:492: RuntimeWarning: Mean of empty slice
  return np.nanmean(self.data)

backtest loop:   2%|▏         | 19/871 [00:00<00:04, 187.05it/s]
backtest loop:   5%|▍         | 41/871 [00:00<00:04, 203.70it/s]
backtest loop:   7%|▋         | 62/871 [00:00<00:04, 201.12it/s]
backtest loop:  10%|▉         | 86/871 [00:00<00:03, 214.48it/s]
backtest loop:  13%|█▎        | 111/871 [00:00<00:03, 225.48it/s]
backtest loop:  15%|█▌        | 135/871 [00:00<00:03, 230.09it/s]
backtest loop:  18%|█▊        | 159/871 [00:00<00:03, 233.12it/s]
backtest loop:  21%|██        | 184/871 [00:00<00:02, 237.79it/s]
backtest loop:  24%|██▍       | 209/871 [00:00<00:02, 240.21it/s]
backtest loop:  27%|██▋       | 235/871 [00:01<00:02, 244.22it/s]
backtest loop:  30%|██▉       | 260/871 [00:01<00:02, 243.46it/s]
backtest loop:  33%|███▎      | 285/871 [00:01<00:02, 239.55it/s]
backtest loop:  36%|███▌      | 310/871 [00:01<00:02, 241.10it/s]
backtest loop:  38%|███▊      | 335/871 [00:01<00:02, 238.81it/s]
backtest loop:  41%|████▏     | 361/871 [00:01<00:02, 244.33it/s]
backtest loop:  44%|████▍     | 387/871 [00:01<00:01, 248.13it/s]
backtest loop:  47%|████▋     | 412/871 [00:01<00:01, 248.14it/s]
backtest loop:  50%|█████     | 437/871 [00:01<00:01, 245.69it/s]
backtest loop:  53%|█████▎    | 463/871 [00:01<00:01, 248.06it/s]
backtest loop:  56%|█████▌    | 488/871 [00:02<00:01, 246.72it/s]
backtest loop:  59%|█████▉    | 513/871 [00:02<00:01, 245.36it/s]
backtest loop:  62%|██████▏   | 538/871 [00:02<00:01, 245.23it/s]
backtest loop:  65%|██████▍   | 563/871 [00:02<00:01, 245.02it/s]/Users/xuxin/Documents/dev/qlib/qlib/utils/index_data.py:492: RuntimeWarning: Mean of empty slice
  return np.nanmean(self.data)
/Users/xuxin/Documents/dev/qlib/qlib/utils/index_data.py:492: RuntimeWarning: Mean of empty slice
  return np.nanmean(self.data)

backtest loop:  68%|██████▊   | 589/871 [00:02<00:01, 247.67it/s]
backtest loop:  70%|███████   | 614/871 [00:02<00:01, 246.39it/s]
backtest loop:  73%|███████▎  | 639/871 [00:02<00:00, 244.35it/s]
backtest loop:  76%|███████▌  | 664/871 [00:02<00:00, 239.63it/s]
backtest loop:  79%|███████▉  | 688/871 [00:02<00:00, 239.44it/s]
backtest loop:  82%|████████▏ | 712/871 [00:02<00:00, 239.27it/s]
backtest loop:  85%|████████▍ | 736/871 [00:03<00:00, 235.65it/s]
backtest loop:  87%|████████▋ | 761/871 [00:03<00:00, 237.93it/s]
backtest loop:  90%|█████████ | 785/871 [00:03<00:00, 238.32it/s]
backtest loop:  93%|█████████▎| 809/871 [00:03<00:00, 238.74it/s]
backtest loop:  96%|█████████▌| 833/871 [00:03<00:00, 235.48it/s]
backtest loop:  99%|█████████▊| 858/871 [00:03<00:00, 238.13it/s]
backtest loop: 100%|██████████| 871/871 [00:03<00:00, 238.54it/s]
[29133:MainThread](2026-07-20 23:48:21,569) INFO - qlib.workflow - [record_temp.py:520] - Portfolio analysis record 'port_analysis_1day.pkl' has been saved as the artifact of the Experiment 125847733581669415
[29133:MainThread](2026-07-20 23:48:21,572) INFO - qlib.workflow - [record_temp.py:545] - Indicator analysis record 'indicator_analysis_1day.pkl' has been saved as the artifact of the Experiment 125847733581669415
[29133:MainThread](2026-07-20 23:48:22,015) INFO - qlib.timer - [log.py:127] - Time cost: 0.002s | waiting `async_log` Done
