'The following are prediction results of the GRU model.'
                          score
datetime   instrument          
2017-01-03 SH600000    0.035739
           SH600008    0.045674
           SH600009    0.093128
           SH600010    0.034892
           SH600015    0.024372
{'IC': np.float64(0.046673686043360536),
 'ICIR': np.float64(0.35642227795609055),
 'Rank IC': np.float64(0.05557084887523528),
 'Rank ICIR': np.float64(0.44862995522989596)}
'The following are analysis results of benchmark return(1day).'
                       risk
mean               0.000477
std                0.012295
annualized_return  0.113561
information_ratio  0.598699
max_drawdown      -0.370479
'The following are analysis results of the excess return without cost(1day).'
                       risk
mean               0.000546
std                0.004722
annualized_return  0.129981
information_ratio  1.784294
max_drawdown      -0.073521
'The following are analysis results of the excess return with cost(1day).'
                       risk
mean               0.000364
std                0.004719
annualized_return  0.086671
information_ratio  1.190476
max_drawdown      -0.095385
'The following are analysis results of indicators(1day).'
     value
ffr    1.0
pa     0.0
pos    0.0

[12295:MainThread](2026-07-21 11:40:57,983) INFO - qlib.qrun - [run.py:78] - Render the template with the context: {}
[12295:MainThread](2026-07-21 11:40:57,990) INFO - qlib.Initialization - [config.py:453] - default_conf: client.
[12295:MainThread](2026-07-21 11:40:57,991) INFO - qlib.Initialization - [__init__.py:82] - qlib successfully initialized based on client settings.
[12295:MainThread](2026-07-21 11:40:57,992) INFO - qlib.Initialization - [__init__.py:84] - data_path={'__DEFAULT_FREQ': PosixPath('/Users/xuxin/.qlib/qlib_data/cn_data')}
[12295:MainThread](2026-07-21 11:40:58,000) WARNING - qlib.workflow - [expm.py:230] - No valid experiment found. Create a new experiment with name trav_deep1b_GRU_gru_Alpha360_1.
[12295:MainThread](2026-07-21 11:40:58,004) INFO - qlib.workflow - [exp.py:258] - Experiment 674377681940299511 starts running ...
[12295:MainThread](2026-07-21 11:40:58,790) INFO - qlib.workflow - [recorder.py:345] - Recorder 1f2045b833dc48f5a3ee780c74972f0d starts running under Experiment 674377681940299511 ...
[12295:MainThread](2026-07-21 11:41:01,874) INFO - qlib.GRU - [pytorch_gru.py:59] - GRU pytorch version...
[12295:MainThread](2026-07-21 11:41:01,874) INFO - qlib.GRU - [pytorch_gru.py:76] - GRU parameters setting:
d_feat : 6
hidden_size : 64
num_layers : 2
dropout : 0.0
n_epochs : 200
lr : 0.001
metric : loss
batch_size : 800
early_stop : 20
optimizer : adam
loss_type : mse
visible_GPU : 0
use_GPU : False
seed : None
[12295:MainThread](2026-07-21 11:41:01,875) INFO - qlib.GRU - [pytorch_gru.py:119] - model:
GRUModel(
  (rnn): GRU(6, 64, num_layers=2, batch_first=True)
  (fc_out): Linear(in_features=64, out_features=1, bias=True)
)
[12295:MainThread](2026-07-21 11:41:01,876) INFO - qlib.GRU - [pytorch_gru.py:120] - model size: 0.0370 MB
[12295:MainThread](2026-07-21 11:41:51,804) INFO - qlib.timer - [log.py:127] - Time cost: 48.235s | Loading data Done
/Users/xuxin/.local/lib/python3.12/site-packages/numpy/lib/_nanfunctions_impl.py:1215: RuntimeWarning: All-NaN slice encountered
  return fnb._ureduce(a, func=_nanmedian, keepdims=keepdims,
[12295:MainThread](2026-07-21 11:41:59,531) INFO - qlib.timer - [log.py:127] - Time cost: 6.468s | RobustZScoreNorm Done
[12295:MainThread](2026-07-21 11:42:00,308) INFO - qlib.timer - [log.py:127] - Time cost: 0.776s | Fillna Done
[12295:MainThread](2026-07-21 11:42:01,512) INFO - qlib.timer - [log.py:127] - Time cost: 0.342s | DropnaLabel Done
/Users/xuxin/Documents/dev/qlib/qlib/data/dataset/processor.py:358: SettingWithCopyWarning: 
A value is trying to be set on a copy of a slice from a DataFrame.
Try using .loc[row_indexer,col_indexer] = value instead

See the caveats in the documentation: https://pandas.pydata.org/pandas-docs/stable/user_guide/indexing.html#returning-a-view-versus-a-copy
  df[cols] = t
[12295:MainThread](2026-07-21 11:42:01,681) INFO - qlib.timer - [log.py:127] - Time cost: 0.169s | CSRankNorm Done
[12295:MainThread](2026-07-21 11:42:01,694) INFO - qlib.timer - [log.py:127] - Time cost: 9.890s | fit & process data Done
[12295:MainThread](2026-07-21 11:42:01,694) INFO - qlib.timer - [log.py:127] - Time cost: 58.127s | Init data Done
[12295:MainThread](2026-07-21 11:42:01,695) WARNING - qlib.utils - [__init__.py:849] - The parameter `reweighter` with value `None` is ignored.
[12295:MainThread](2026-07-21 11:42:02,320) INFO - qlib.GRU - [pytorch_gru.py:250] - training...
[12295:MainThread](2026-07-21 11:42:02,326) INFO - qlib.GRU - [pytorch_gru.py:255] - Epoch0:
[12295:MainThread](2026-07-21 11:42:02,327) INFO - qlib.GRU - [pytorch_gru.py:256] - training...
[12295:MainThread](2026-07-21 11:43:25,202) INFO - qlib.GRU - [pytorch_gru.py:258] - evaluating...
[12295:MainThread](2026-07-21 11:44:04,164) INFO - qlib.GRU - [pytorch_gru.py:265] - train -0.993163, valid -0.994846
[12295:MainThread](2026-07-21 11:44:04,165) INFO - qlib.GRU - [pytorch_gru.py:255] - Epoch1:
[12295:MainThread](2026-07-21 11:44:04,166) INFO - qlib.GRU - [pytorch_gru.py:256] - training...
[12295:MainThread](2026-07-21 11:45:26,241) INFO - qlib.GRU - [pytorch_gru.py:258] - evaluating...
[12295:MainThread](2026-07-21 11:46:04,831) INFO - qlib.GRU - [pytorch_gru.py:265] - train -0.990324, valid -0.992559
[12295:MainThread](2026-07-21 11:46:04,832) INFO - qlib.GRU - [pytorch_gru.py:255] - Epoch2:
[12295:MainThread](2026-07-21 11:46:04,832) INFO - qlib.GRU - [pytorch_gru.py:256] - training...
[12295:MainThread](2026-07-21 11:47:25,443) INFO - qlib.GRU - [pytorch_gru.py:258] - evaluating...
[12295:MainThread](2026-07-21 11:48:06,069) INFO - qlib.GRU - [pytorch_gru.py:265] - train -0.988993, valid -0.993632
[12295:MainThread](2026-07-21 11:48:06,069) INFO - qlib.GRU - [pytorch_gru.py:255] - Epoch3:
[12295:MainThread](2026-07-21 11:48:06,070) INFO - qlib.GRU - [pytorch_gru.py:256] - training...
[12295:MainThread](2026-07-21 11:49:28,698) INFO - qlib.GRU - [pytorch_gru.py:258] - evaluating...
[12295:MainThread](2026-07-21 11:50:07,846) INFO - qlib.GRU - [pytorch_gru.py:265] - train -0.988848, valid -0.992977
[12295:MainThread](2026-07-21 11:50:07,847) INFO - qlib.GRU - [pytorch_gru.py:255] - Epoch4:
[12295:MainThread](2026-07-21 11:50:07,847) INFO - qlib.GRU - [pytorch_gru.py:256] - training...
[12295:MainThread](2026-07-21 11:51:27,636) INFO - qlib.GRU - [pytorch_gru.py:258] - evaluating...
[12295:MainThread](2026-07-21 11:52:06,948) INFO - qlib.GRU - [pytorch_gru.py:265] - train -0.986498, valid -0.991762
[12295:MainThread](2026-07-21 11:52:06,950) INFO - qlib.GRU - [pytorch_gru.py:255] - Epoch5:
[12295:MainThread](2026-07-21 11:52:06,951) INFO - qlib.GRU - [pytorch_gru.py:256] - training...
[12295:MainThread](2026-07-21 11:53:26,751) INFO - qlib.GRU - [pytorch_gru.py:258] - evaluating...
[12295:MainThread](2026-07-21 11:54:05,175) INFO - qlib.GRU - [pytorch_gru.py:265] - train -0.986441, valid -0.993236
[12295:MainThread](2026-07-21 11:54:05,175) INFO - qlib.GRU - [pytorch_gru.py:255] - Epoch6:
[12295:MainThread](2026-07-21 11:54:05,176) INFO - qlib.GRU - [pytorch_gru.py:256] - training...
[12295:MainThread](2026-07-21 11:55:24,636) INFO - qlib.GRU - [pytorch_gru.py:258] - evaluating...
[12295:MainThread](2026-07-21 11:56:03,265) INFO - qlib.GRU - [pytorch_gru.py:265] - train -0.985085, valid -0.994083
[12295:MainThread](2026-07-21 11:56:03,265) INFO - qlib.GRU - [pytorch_gru.py:255] - Epoch7:
[12295:MainThread](2026-07-21 11:56:03,265) INFO - qlib.GRU - [pytorch_gru.py:256] - training...
[12295:MainThread](2026-07-21 11:57:20,740) INFO - qlib.GRU - [pytorch_gru.py:258] - evaluating...
[12295:MainThread](2026-07-21 11:57:58,800) INFO - qlib.GRU - [pytorch_gru.py:265] - train -0.983667, valid -0.993052
[12295:MainThread](2026-07-21 11:57:58,800) INFO - qlib.GRU - [pytorch_gru.py:255] - Epoch8:
[12295:MainThread](2026-07-21 11:57:58,801) INFO - qlib.GRU - [pytorch_gru.py:256] - training...
[12295:MainThread](2026-07-21 11:59:26,448) INFO - qlib.GRU - [pytorch_gru.py:258] - evaluating...
[12295:MainThread](2026-07-21 12:00:26,776) INFO - qlib.GRU - [pytorch_gru.py:265] - train -0.981964, valid -0.993039
[12295:MainThread](2026-07-21 12:00:26,777) INFO - qlib.GRU - [pytorch_gru.py:255] - Epoch9:
[12295:MainThread](2026-07-21 12:00:26,777) INFO - qlib.GRU - [pytorch_gru.py:256] - training...
[12295:MainThread](2026-07-21 12:01:46,254) INFO - qlib.GRU - [pytorch_gru.py:258] - evaluating...
[12295:MainThread](2026-07-21 12:02:24,215) INFO - qlib.GRU - [pytorch_gru.py:265] - train -0.981782, valid -0.996137
[12295:MainThread](2026-07-21 12:02:24,215) INFO - qlib.GRU - [pytorch_gru.py:255] - Epoch10:
[12295:MainThread](2026-07-21 12:02:24,215) INFO - qlib.GRU - [pytorch_gru.py:256] - training...
[12295:MainThread](2026-07-21 12:03:41,959) INFO - qlib.GRU - [pytorch_gru.py:258] - evaluating...
[12295:MainThread](2026-07-21 12:04:19,854) INFO - qlib.GRU - [pytorch_gru.py:265] - train -0.978962, valid -0.993938
[12295:MainThread](2026-07-21 12:04:19,854) INFO - qlib.GRU - [pytorch_gru.py:255] - Epoch11:
[12295:MainThread](2026-07-21 12:04:19,855) INFO - qlib.GRU - [pytorch_gru.py:256] - training...
[12295:MainThread](2026-07-21 12:05:37,140) INFO - qlib.GRU - [pytorch_gru.py:258] - evaluating...
[12295:MainThread](2026-07-21 12:06:14,937) INFO - qlib.GRU - [pytorch_gru.py:265] - train -0.976487, valid -0.994340
[12295:MainThread](2026-07-21 12:06:14,937) INFO - qlib.GRU - [pytorch_gru.py:255] - Epoch12:
[12295:MainThread](2026-07-21 12:06:14,937) INFO - qlib.GRU - [pytorch_gru.py:256] - training...
[12295:MainThread](2026-07-21 12:07:31,359) INFO - qlib.GRU - [pytorch_gru.py:258] - evaluating...
[12295:MainThread](2026-07-21 12:08:09,048) INFO - qlib.GRU - [pytorch_gru.py:265] - train -0.974511, valid -0.996026
[12295:MainThread](2026-07-21 12:08:09,048) INFO - qlib.GRU - [pytorch_gru.py:255] - Epoch13:
[12295:MainThread](2026-07-21 12:08:09,049) INFO - qlib.GRU - [pytorch_gru.py:256] - training...
[12295:MainThread](2026-07-21 12:09:26,001) INFO - qlib.GRU - [pytorch_gru.py:258] - evaluating...
[12295:MainThread](2026-07-21 12:10:03,632) INFO - qlib.GRU - [pytorch_gru.py:265] - train -0.972088, valid -0.997068
[12295:MainThread](2026-07-21 12:10:03,632) INFO - qlib.GRU - [pytorch_gru.py:255] - Epoch14:
[12295:MainThread](2026-07-21 12:10:03,632) INFO - qlib.GRU - [pytorch_gru.py:256] - training...
[12295:MainThread](2026-07-21 12:11:20,464) INFO - qlib.GRU - [pytorch_gru.py:258] - evaluating...
[12295:MainThread](2026-07-21 12:11:58,600) INFO - qlib.GRU - [pytorch_gru.py:265] - train -0.970358, valid -0.999994
[12295:MainThread](2026-07-21 12:11:58,600) INFO - qlib.GRU - [pytorch_gru.py:255] - Epoch15:
[12295:MainThread](2026-07-21 12:11:58,600) INFO - qlib.GRU - [pytorch_gru.py:256] - training...
[12295:MainThread](2026-07-21 12:13:16,689) INFO - qlib.GRU - [pytorch_gru.py:258] - evaluating...
[12295:MainThread](2026-07-21 12:13:54,670) INFO - qlib.GRU - [pytorch_gru.py:265] - train -0.967778, valid -1.002943
[12295:MainThread](2026-07-21 12:13:54,670) INFO - qlib.GRU - [pytorch_gru.py:255] - Epoch16:
[12295:MainThread](2026-07-21 12:13:54,670) INFO - qlib.GRU - [pytorch_gru.py:256] - training...
[12295:MainThread](2026-07-21 12:15:11,491) INFO - qlib.GRU - [pytorch_gru.py:258] - evaluating...
[12295:MainThread](2026-07-21 12:15:49,432) INFO - qlib.GRU - [pytorch_gru.py:265] - train -0.963305, valid -1.003189
[12295:MainThread](2026-07-21 12:15:49,433) INFO - qlib.GRU - [pytorch_gru.py:255] - Epoch17:
[12295:MainThread](2026-07-21 12:15:49,433) INFO - qlib.GRU - [pytorch_gru.py:256] - training...
[12295:MainThread](2026-07-21 12:17:06,086) INFO - qlib.GRU - [pytorch_gru.py:258] - evaluating...
[12295:MainThread](2026-07-21 12:17:44,061) INFO - qlib.GRU - [pytorch_gru.py:265] - train -0.964906, valid -1.007706
[12295:MainThread](2026-07-21 12:17:44,062) INFO - qlib.GRU - [pytorch_gru.py:255] - Epoch18:
[12295:MainThread](2026-07-21 12:17:44,062) INFO - qlib.GRU - [pytorch_gru.py:256] - training...
[12295:MainThread](2026-07-21 12:19:00,643) INFO - qlib.GRU - [pytorch_gru.py:258] - evaluating...
[12295:MainThread](2026-07-21 12:19:38,809) INFO - qlib.GRU - [pytorch_gru.py:265] - train -0.958281, valid -1.006744
[12295:MainThread](2026-07-21 12:19:38,809) INFO - qlib.GRU - [pytorch_gru.py:255] - Epoch19:
[12295:MainThread](2026-07-21 12:19:38,810) INFO - qlib.GRU - [pytorch_gru.py:256] - training...
[12295:MainThread](2026-07-21 12:20:55,458) INFO - qlib.GRU - [pytorch_gru.py:258] - evaluating...
[12295:MainThread](2026-07-21 12:21:33,169) INFO - qlib.GRU - [pytorch_gru.py:265] - train -0.955307, valid -1.011370
[12295:MainThread](2026-07-21 12:21:33,169) INFO - qlib.GRU - [pytorch_gru.py:255] - Epoch20:
[12295:MainThread](2026-07-21 12:21:33,169) INFO - qlib.GRU - [pytorch_gru.py:256] - training...
[12295:MainThread](2026-07-21 12:22:49,374) INFO - qlib.GRU - [pytorch_gru.py:258] - evaluating...
[12295:MainThread](2026-07-21 12:23:27,272) INFO - qlib.GRU - [pytorch_gru.py:265] - train -0.951198, valid -1.014022
[12295:MainThread](2026-07-21 12:23:27,273) INFO - qlib.GRU - [pytorch_gru.py:255] - Epoch21:
[12295:MainThread](2026-07-21 12:23:27,273) INFO - qlib.GRU - [pytorch_gru.py:256] - training...
[12295:MainThread](2026-07-21 12:24:43,859) INFO - qlib.GRU - [pytorch_gru.py:258] - evaluating...
[12295:MainThread](2026-07-21 12:25:22,035) INFO - qlib.GRU - [pytorch_gru.py:265] - train -0.947178, valid -1.015839
[12295:MainThread](2026-07-21 12:25:22,035) INFO - qlib.GRU - [pytorch_gru.py:255] - Epoch22:
[12295:MainThread](2026-07-21 12:25:22,036) INFO - qlib.GRU - [pytorch_gru.py:256] - training...
[12295:MainThread](2026-07-21 12:26:38,476) INFO - qlib.GRU - [pytorch_gru.py:258] - evaluating...
[12295:MainThread](2026-07-21 12:27:16,531) INFO - qlib.GRU - [pytorch_gru.py:265] - train -0.943847, valid -1.019156
[12295:MainThread](2026-07-21 12:27:16,532) INFO - qlib.GRU - [pytorch_gru.py:255] - Epoch23:
[12295:MainThread](2026-07-21 12:27:16,532) INFO - qlib.GRU - [pytorch_gru.py:256] - training...
[12295:MainThread](2026-07-21 12:28:32,590) INFO - qlib.GRU - [pytorch_gru.py:258] - evaluating...
[12295:MainThread](2026-07-21 12:29:10,160) INFO - qlib.GRU - [pytorch_gru.py:265] - train -0.940771, valid -1.021431
[12295:MainThread](2026-07-21 12:29:10,160) INFO - qlib.GRU - [pytorch_gru.py:255] - Epoch24:
[12295:MainThread](2026-07-21 12:29:10,160) INFO - qlib.GRU - [pytorch_gru.py:256] - training...
[12295:MainThread](2026-07-21 12:30:26,754) INFO - qlib.GRU - [pytorch_gru.py:258] - evaluating...
[12295:MainThread](2026-07-21 12:31:05,281) INFO - qlib.GRU - [pytorch_gru.py:265] - train -0.939756, valid -1.027417
[12295:MainThread](2026-07-21 12:31:05,282) INFO - qlib.GRU - [pytorch_gru.py:276] - early stop
[12295:MainThread](2026-07-21 12:31:05,282) INFO - qlib.GRU - [pytorch_gru.py:279] - best score: -0.991762 @ 4
[12295:MainThread](2026-07-21 12:31:05,485) INFO - qlib.fill_placeholder - [__init__.py:798] - <PRED> lookes like a placeholder, but it can't match to any given values
Gym has been unmaintained since 2022 and does not support NumPy 2.0 amongst other critical functionality.
Please upgrade to Gymnasium, the maintained drop-in replacement of Gym, or contact the authors of your software and request that they upgrade.
Users of this version of Gym should be able to simply replace 'import gym' with 'import gymnasium as gym' in the vast majority of cases.
See the migration guide at https://gymnasium.farama.org/introduction/migration_guide/ for additional information.
[12295:MainThread](2026-07-21 12:31:22,893) INFO - qlib.workflow - [record_temp.py:197] - Signal record 'pred.pkl' has been saved as the artifact of the Experiment 674377681940299511
[12295:MainThread](2026-07-21 12:31:23,227) INFO - qlib.backtest caller - [__init__.py:93] - Create new exchange
[12295:MainThread](2026-07-21 12:31:31,572) WARNING - qlib.online operator - [exchange.py:219] - $close field data contains nan.
[12295:MainThread](2026-07-21 12:31:31,573) WARNING - qlib.online operator - [exchange.py:219] - $close field data contains nan.
[12295:MainThread](2026-07-21 12:31:31,575) WARNING - qlib.online operator - [exchange.py:226] - factor.day.bin file not exists or factor contains `nan`. Order using adjusted_price.
[12295:MainThread](2026-07-21 12:31:31,575) WARNING - qlib.online operator - [exchange.py:228] - trade unit 100 is not supported in adjusted_price mode.
[12295:MainThread](2026-07-21 12:31:39,379) WARNING - qlib.data - [data.py:665] - load calendar error: freq=day, future=True; return current calendar!
[12295:MainThread](2026-07-21 12:31:39,379) WARNING - qlib.data - [data.py:668] - You can get future calendar by referring to the following document: https://github.com/microsoft/qlib/blob/main/scripts/data_collector/contrib/README.md
[12295:MainThread](2026-07-21 12:31:39,383) WARNING - qlib.BaseExecutor - [executor.py:121] - `common_infra` is not set for <qlib.backtest.executor.SimulatorExecutor object at 0x123f7a930>

backtest loop:   0%|          | 0/871 [00:00<?, ?it/s]/Users/xuxin/Documents/dev/qlib/qlib/utils/index_data.py:492: RuntimeWarning: Mean of empty slice
  return np.nanmean(self.data)

backtest loop:   3%|▎         | 23/871 [00:00<00:03, 226.26it/s]
backtest loop:   6%|▌         | 48/871 [00:00<00:03, 237.03it/s]
backtest loop:   8%|▊         | 72/871 [00:00<00:03, 233.56it/s]
backtest loop:  11%|█         | 97/871 [00:00<00:03, 237.23it/s]
backtest loop:  14%|█▍        | 123/871 [00:00<00:03, 243.35it/s]
backtest loop:  17%|█▋        | 149/871 [00:00<00:02, 243.87it/s]
backtest loop:  20%|██        | 176/871 [00:00<00:02, 250.62it/s]
backtest loop:  23%|██▎       | 202/871 [00:00<00:02, 251.25it/s]
backtest loop:  26%|██▌       | 228/871 [00:00<00:02, 251.46it/s]
backtest loop:  29%|██▉       | 254/871 [00:01<00:02, 248.67it/s]
backtest loop:  32%|███▏      | 279/871 [00:01<00:02, 245.78it/s]
backtest loop:  35%|███▌      | 305/871 [00:01<00:02, 248.49it/s]
backtest loop:  38%|███▊      | 330/871 [00:01<00:02, 245.23it/s]
backtest loop:  41%|████      | 357/871 [00:01<00:02, 250.71it/s]
backtest loop:  44%|████▍     | 383/871 [00:01<00:01, 249.38it/s]
backtest loop:  47%|████▋     | 409/871 [00:01<00:01, 251.58it/s]
backtest loop:  50%|████▉     | 435/871 [00:01<00:01, 252.81it/s]
backtest loop:  53%|█████▎    | 461/871 [00:01<00:01, 253.85it/s]
backtest loop:  56%|█████▌    | 487/871 [00:01<00:01, 248.97it/s]
backtest loop:  59%|█████▉    | 512/871 [00:02<00:01, 246.88it/s]
backtest loop:  62%|██████▏   | 537/871 [00:02<00:01, 246.48it/s]
backtest loop:  65%|██████▍   | 562/871 [00:02<00:01, 245.90it/s]/Users/xuxin/Documents/dev/qlib/qlib/utils/index_data.py:492: RuntimeWarning: Mean of empty slice
  return np.nanmean(self.data)
/Users/xuxin/Documents/dev/qlib/qlib/utils/index_data.py:492: RuntimeWarning: Mean of empty slice
  return np.nanmean(self.data)

backtest loop:  67%|██████▋   | 587/871 [00:02<00:01, 246.89it/s]
backtest loop:  70%|███████   | 612/871 [00:02<00:01, 246.59it/s]
backtest loop:  73%|███████▎  | 637/871 [00:02<00:00, 245.13it/s]
backtest loop:  76%|███████▌  | 662/871 [00:02<00:00, 244.23it/s]
backtest loop:  79%|███████▉  | 687/871 [00:02<00:00, 239.04it/s]
backtest loop:  82%|████████▏ | 712/871 [00:02<00:00, 240.58it/s]
backtest loop:  85%|████████▍ | 737/871 [00:03<00:00, 237.30it/s]
backtest loop:  87%|████████▋ | 762/871 [00:03<00:00, 235.57it/s]
backtest loop:  90%|█████████ | 787/871 [00:03<00:00, 238.02it/s]
backtest loop:  93%|█████████▎| 811/871 [00:03<00:00, 186.52it/s]
backtest loop:  96%|█████████▌| 835/871 [00:03<00:00, 198.98it/s]
backtest loop:  99%|█████████▊| 859/871 [00:03<00:00, 209.43it/s]
backtest loop: 100%|██████████| 871/871 [00:03<00:00, 237.57it/s]
[12295:MainThread](2026-07-21 12:31:43,076) INFO - qlib.workflow - [record_temp.py:520] - Portfolio analysis record 'port_analysis_1day.pkl' has been saved as the artifact of the Experiment 674377681940299511
[12295:MainThread](2026-07-21 12:31:43,080) INFO - qlib.workflow - [record_temp.py:545] - Indicator analysis record 'indicator_analysis_1day.pkl' has been saved as the artifact of the Experiment 674377681940299511
[12295:MainThread](2026-07-21 12:31:43,381) INFO - qlib.timer - [log.py:127] - Time cost: 0.003s | waiting `async_log` Done
