'The following are prediction results of the LSTM model.'
                          score
datetime   instrument          
2017-01-03 SH600000    0.011703
           SH600008    0.020008
           SH600009    0.054739
           SH600010    0.011707
           SH600015    0.002641
{'IC': np.float64(0.043923659362818925),
 'ICIR': np.float64(0.3358570912869213),
 'Rank IC': np.float64(0.05349682443518632),
 'Rank ICIR': np.float64(0.41941071592835216)}
'The following are analysis results of benchmark return(1day).'
                       risk
mean               0.000477
std                0.012295
annualized_return  0.113561
information_ratio  0.598699
max_drawdown      -0.370479
'The following are analysis results of the excess return without cost(1day).'
                       risk
mean               0.000251
std                0.005502
annualized_return  0.059831
information_ratio  0.704885
max_drawdown      -0.113325
'The following are analysis results of the excess return with cost(1day).'
                       risk
mean               0.000078
std                0.005500
annualized_return  0.018613
information_ratio  0.219378
max_drawdown      -0.149617
'The following are analysis results of indicators(1day).'
     value
ffr    1.0
pa     0.0
pos    0.0

[68388:MainThread](2026-07-21 15:25:18,615) INFO - qlib.qrun - [run.py:78] - Render the template with the context: {}
[68388:MainThread](2026-07-21 15:25:18,622) INFO - qlib.Initialization - [config.py:453] - default_conf: client.
[68388:MainThread](2026-07-21 15:25:18,625) INFO - qlib.Initialization - [__init__.py:82] - qlib successfully initialized based on client settings.
[68388:MainThread](2026-07-21 15:25:18,625) INFO - qlib.Initialization - [__init__.py:84] - data_path={'__DEFAULT_FREQ': PosixPath('/Users/xuxin/.qlib/qlib_data/cn_data')}
[68388:MainThread](2026-07-21 15:25:18,637) WARNING - qlib.workflow - [expm.py:230] - No valid experiment found. Create a new experiment with name trav_deep1b_LSTM_lstm_Alpha360_1.
[68388:MainThread](2026-07-21 15:25:18,642) INFO - qlib.workflow - [exp.py:258] - Experiment 955575005116822072 starts running ...
[68388:MainThread](2026-07-21 15:25:19,390) INFO - qlib.workflow - [recorder.py:345] - Recorder fc3a7691aa9b47fbbd92ae73840bf538 starts running under Experiment 955575005116822072 ...
[68388:MainThread](2026-07-21 15:25:21,955) INFO - qlib.LSTM - [pytorch_lstm.py:58] - LSTM pytorch version...
[68388:MainThread](2026-07-21 15:25:21,955) INFO - qlib.LSTM - [pytorch_lstm.py:75] - LSTM parameters setting:
d_feat : 6
hidden_size : 64
num_layers : 2
dropout : 0.0
n_epochs : 200
lr : 0.001
metric : loss
batch_size : 800
early_stop : 20
optimizer : adam
loss_type : mse
visible_GPU : 0
use_GPU : False
seed : None
[68388:MainThread](2026-07-21 15:26:14,984) INFO - qlib.timer - [log.py:127] - Time cost: 51.103s | Loading data Done
/Users/xuxin/.local/lib/python3.12/site-packages/numpy/lib/_nanfunctions_impl.py:1215: RuntimeWarning: All-NaN slice encountered
  return fnb._ureduce(a, func=_nanmedian, keepdims=keepdims,
[68388:MainThread](2026-07-21 15:26:22,513) INFO - qlib.timer - [log.py:127] - Time cost: 6.207s | RobustZScoreNorm Done
[68388:MainThread](2026-07-21 15:26:23,285) INFO - qlib.timer - [log.py:127] - Time cost: 0.772s | Fillna Done
[68388:MainThread](2026-07-21 15:26:24,520) INFO - qlib.timer - [log.py:127] - Time cost: 0.332s | DropnaLabel Done
/Users/xuxin/Documents/dev/qlib/qlib/data/dataset/processor.py:358: SettingWithCopyWarning: 
A value is trying to be set on a copy of a slice from a DataFrame.
Try using .loc[row_indexer,col_indexer] = value instead

See the caveats in the documentation: https://pandas.pydata.org/pandas-docs/stable/user_guide/indexing.html#returning-a-view-versus-a-copy
  df[cols] = t
[68388:MainThread](2026-07-21 15:26:24,680) INFO - qlib.timer - [log.py:127] - Time cost: 0.160s | CSRankNorm Done
[68388:MainThread](2026-07-21 15:26:24,693) INFO - qlib.timer - [log.py:127] - Time cost: 9.708s | fit & process data Done
[68388:MainThread](2026-07-21 15:26:24,693) INFO - qlib.timer - [log.py:127] - Time cost: 60.812s | Init data Done
[68388:MainThread](2026-07-21 15:26:24,693) WARNING - qlib.utils - [__init__.py:849] - The parameter `reweighter` with value `None` is ignored.
[68388:MainThread](2026-07-21 15:26:25,417) INFO - qlib.LSTM - [pytorch_lstm.py:230] - training...
[68388:MainThread](2026-07-21 15:26:25,417) INFO - qlib.LSTM - [pytorch_lstm.py:234] - Epoch0:
[68388:MainThread](2026-07-21 15:26:25,419) INFO - qlib.LSTM - [pytorch_lstm.py:235] - training...
[68388:MainThread](2026-07-21 15:27:55,674) INFO - qlib.LSTM - [pytorch_lstm.py:237] - evaluating...
[68388:MainThread](2026-07-21 15:28:52,458) INFO - qlib.LSTM - [pytorch_lstm.py:240] - train -0.993461, valid -0.994870
[68388:MainThread](2026-07-21 15:28:52,463) INFO - qlib.LSTM - [pytorch_lstm.py:234] - Epoch1:
[68388:MainThread](2026-07-21 15:28:52,463) INFO - qlib.LSTM - [pytorch_lstm.py:235] - training...
[68388:MainThread](2026-07-21 15:30:20,447) INFO - qlib.LSTM - [pytorch_lstm.py:237] - evaluating...
[68388:MainThread](2026-07-21 15:31:12,833) INFO - qlib.LSTM - [pytorch_lstm.py:240] - train -0.992251, valid -0.996336
[68388:MainThread](2026-07-21 15:31:12,834) INFO - qlib.LSTM - [pytorch_lstm.py:234] - Epoch2:
[68388:MainThread](2026-07-21 15:31:12,834) INFO - qlib.LSTM - [pytorch_lstm.py:235] - training...
[68388:MainThread](2026-07-21 15:32:36,728) INFO - qlib.LSTM - [pytorch_lstm.py:237] - evaluating...
[68388:MainThread](2026-07-21 15:33:27,390) INFO - qlib.LSTM - [pytorch_lstm.py:240] - train -0.989052, valid -0.994004
[68388:MainThread](2026-07-21 15:33:27,391) INFO - qlib.LSTM - [pytorch_lstm.py:234] - Epoch3:
[68388:MainThread](2026-07-21 15:33:27,391) INFO - qlib.LSTM - [pytorch_lstm.py:235] - training...
[68388:MainThread](2026-07-21 15:34:48,911) INFO - qlib.LSTM - [pytorch_lstm.py:237] - evaluating...
[68388:MainThread](2026-07-21 15:35:38,912) INFO - qlib.LSTM - [pytorch_lstm.py:240] - train -0.988238, valid -0.993764
[68388:MainThread](2026-07-21 15:35:38,913) INFO - qlib.LSTM - [pytorch_lstm.py:234] - Epoch4:
[68388:MainThread](2026-07-21 15:35:38,913) INFO - qlib.LSTM - [pytorch_lstm.py:235] - training...
[68388:MainThread](2026-07-21 15:37:00,410) INFO - qlib.LSTM - [pytorch_lstm.py:237] - evaluating...
[68388:MainThread](2026-07-21 15:37:50,005) INFO - qlib.LSTM - [pytorch_lstm.py:240] - train -0.987393, valid -0.994267
[68388:MainThread](2026-07-21 15:37:50,005) INFO - qlib.LSTM - [pytorch_lstm.py:234] - Epoch5:
[68388:MainThread](2026-07-21 15:37:50,005) INFO - qlib.LSTM - [pytorch_lstm.py:235] - training...
[68388:MainThread](2026-07-21 15:39:12,741) INFO - qlib.LSTM - [pytorch_lstm.py:237] - evaluating...
[68388:MainThread](2026-07-21 15:40:03,636) INFO - qlib.LSTM - [pytorch_lstm.py:240] - train -0.987072, valid -0.994659
[68388:MainThread](2026-07-21 15:40:03,637) INFO - qlib.LSTM - [pytorch_lstm.py:234] - Epoch6:
[68388:MainThread](2026-07-21 15:40:03,637) INFO - qlib.LSTM - [pytorch_lstm.py:235] - training...
[68388:MainThread](2026-07-21 15:41:25,863) INFO - qlib.LSTM - [pytorch_lstm.py:237] - evaluating...
[68388:MainThread](2026-07-21 15:42:16,113) INFO - qlib.LSTM - [pytorch_lstm.py:240] - train -0.985136, valid -0.993863
[68388:MainThread](2026-07-21 15:42:16,114) INFO - qlib.LSTM - [pytorch_lstm.py:234] - Epoch7:
[68388:MainThread](2026-07-21 15:42:16,114) INFO - qlib.LSTM - [pytorch_lstm.py:235] - training...
[68388:MainThread](2026-07-21 15:43:40,261) INFO - qlib.LSTM - [pytorch_lstm.py:237] - evaluating...
[68388:MainThread](2026-07-21 15:44:29,997) INFO - qlib.LSTM - [pytorch_lstm.py:240] - train -0.984104, valid -0.994812
[68388:MainThread](2026-07-21 15:44:29,997) INFO - qlib.LSTM - [pytorch_lstm.py:234] - Epoch8:
[68388:MainThread](2026-07-21 15:44:29,998) INFO - qlib.LSTM - [pytorch_lstm.py:235] - training...
[68388:MainThread](2026-07-21 15:45:51,999) INFO - qlib.LSTM - [pytorch_lstm.py:237] - evaluating...
[68388:MainThread](2026-07-21 15:46:43,438) INFO - qlib.LSTM - [pytorch_lstm.py:240] - train -0.982951, valid -0.994440
[68388:MainThread](2026-07-21 15:46:43,439) INFO - qlib.LSTM - [pytorch_lstm.py:234] - Epoch9:
[68388:MainThread](2026-07-21 15:46:43,439) INFO - qlib.LSTM - [pytorch_lstm.py:235] - training...
[68388:MainThread](2026-07-21 15:48:06,586) INFO - qlib.LSTM - [pytorch_lstm.py:237] - evaluating...
[68388:MainThread](2026-07-21 15:48:58,378) INFO - qlib.LSTM - [pytorch_lstm.py:240] - train -0.981256, valid -0.994959
[68388:MainThread](2026-07-21 15:48:58,378) INFO - qlib.LSTM - [pytorch_lstm.py:234] - Epoch10:
[68388:MainThread](2026-07-21 15:48:58,379) INFO - qlib.LSTM - [pytorch_lstm.py:235] - training...
[68388:MainThread](2026-07-21 15:50:23,130) INFO - qlib.LSTM - [pytorch_lstm.py:237] - evaluating...
[68388:MainThread](2026-07-21 15:51:14,026) INFO - qlib.LSTM - [pytorch_lstm.py:240] - train -0.980686, valid -0.996985
[68388:MainThread](2026-07-21 15:51:14,026) INFO - qlib.LSTM - [pytorch_lstm.py:234] - Epoch11:
[68388:MainThread](2026-07-21 15:51:14,026) INFO - qlib.LSTM - [pytorch_lstm.py:235] - training...
[68388:MainThread](2026-07-21 15:52:35,238) INFO - qlib.LSTM - [pytorch_lstm.py:237] - evaluating...
[68388:MainThread](2026-07-21 15:53:25,715) INFO - qlib.LSTM - [pytorch_lstm.py:240] - train -0.979282, valid -0.995679
[68388:MainThread](2026-07-21 15:53:25,715) INFO - qlib.LSTM - [pytorch_lstm.py:234] - Epoch12:
[68388:MainThread](2026-07-21 15:53:25,715) INFO - qlib.LSTM - [pytorch_lstm.py:235] - training...
[68388:MainThread](2026-07-21 15:54:48,371) INFO - qlib.LSTM - [pytorch_lstm.py:237] - evaluating...
[68388:MainThread](2026-07-21 15:55:41,382) INFO - qlib.LSTM - [pytorch_lstm.py:240] - train -0.978858, valid -0.997782
[68388:MainThread](2026-07-21 15:55:41,383) INFO - qlib.LSTM - [pytorch_lstm.py:234] - Epoch13:
[68388:MainThread](2026-07-21 15:55:41,383) INFO - qlib.LSTM - [pytorch_lstm.py:235] - training...
[68388:MainThread](2026-07-21 15:57:04,754) INFO - qlib.LSTM - [pytorch_lstm.py:237] - evaluating...
[68388:MainThread](2026-07-21 15:57:56,861) INFO - qlib.LSTM - [pytorch_lstm.py:240] - train -0.975692, valid -1.000939
[68388:MainThread](2026-07-21 15:57:56,861) INFO - qlib.LSTM - [pytorch_lstm.py:234] - Epoch14:
[68388:MainThread](2026-07-21 15:57:56,862) INFO - qlib.LSTM - [pytorch_lstm.py:235] - training...
[68388:MainThread](2026-07-21 15:59:23,709) INFO - qlib.LSTM - [pytorch_lstm.py:237] - evaluating...
[68388:MainThread](2026-07-21 16:00:17,609) INFO - qlib.LSTM - [pytorch_lstm.py:240] - train -0.974542, valid -1.000651
[68388:MainThread](2026-07-21 16:00:17,610) INFO - qlib.LSTM - [pytorch_lstm.py:234] - Epoch15:
[68388:MainThread](2026-07-21 16:00:17,610) INFO - qlib.LSTM - [pytorch_lstm.py:235] - training...
[68388:MainThread](2026-07-21 16:01:41,940) INFO - qlib.LSTM - [pytorch_lstm.py:237] - evaluating...
[68388:MainThread](2026-07-21 16:02:35,491) INFO - qlib.LSTM - [pytorch_lstm.py:240] - train -0.972005, valid -1.003839
[68388:MainThread](2026-07-21 16:02:35,492) INFO - qlib.LSTM - [pytorch_lstm.py:234] - Epoch16:
[68388:MainThread](2026-07-21 16:02:35,492) INFO - qlib.LSTM - [pytorch_lstm.py:235] - training...
[68388:MainThread](2026-07-21 16:03:59,246) INFO - qlib.LSTM - [pytorch_lstm.py:237] - evaluating...
[68388:MainThread](2026-07-21 16:04:50,683) INFO - qlib.LSTM - [pytorch_lstm.py:240] - train -0.970930, valid -1.005467
[68388:MainThread](2026-07-21 16:04:50,683) INFO - qlib.LSTM - [pytorch_lstm.py:234] - Epoch17:
[68388:MainThread](2026-07-21 16:04:50,683) INFO - qlib.LSTM - [pytorch_lstm.py:235] - training...
[68388:MainThread](2026-07-21 16:06:13,064) INFO - qlib.LSTM - [pytorch_lstm.py:237] - evaluating...
[68388:MainThread](2026-07-21 16:07:04,660) INFO - qlib.LSTM - [pytorch_lstm.py:240] - train -0.969170, valid -1.005783
[68388:MainThread](2026-07-21 16:07:04,660) INFO - qlib.LSTM - [pytorch_lstm.py:234] - Epoch18:
[68388:MainThread](2026-07-21 16:07:04,660) INFO - qlib.LSTM - [pytorch_lstm.py:235] - training...
[68388:MainThread](2026-07-21 16:08:28,149) INFO - qlib.LSTM - [pytorch_lstm.py:237] - evaluating...
[68388:MainThread](2026-07-21 16:09:18,612) INFO - qlib.LSTM - [pytorch_lstm.py:240] - train -0.966026, valid -1.010754
[68388:MainThread](2026-07-21 16:09:18,613) INFO - qlib.LSTM - [pytorch_lstm.py:234] - Epoch19:
[68388:MainThread](2026-07-21 16:09:18,613) INFO - qlib.LSTM - [pytorch_lstm.py:235] - training...
[68388:MainThread](2026-07-21 16:10:41,997) INFO - qlib.LSTM - [pytorch_lstm.py:237] - evaluating...
[68388:MainThread](2026-07-21 16:11:32,218) INFO - qlib.LSTM - [pytorch_lstm.py:240] - train -0.963546, valid -1.010980
[68388:MainThread](2026-07-21 16:11:32,218) INFO - qlib.LSTM - [pytorch_lstm.py:234] - Epoch20:
[68388:MainThread](2026-07-21 16:11:32,218) INFO - qlib.LSTM - [pytorch_lstm.py:235] - training...
[68388:MainThread](2026-07-21 16:12:54,210) INFO - qlib.LSTM - [pytorch_lstm.py:237] - evaluating...
[68388:MainThread](2026-07-21 16:13:44,579) INFO - qlib.LSTM - [pytorch_lstm.py:240] - train -0.960940, valid -1.012217
[68388:MainThread](2026-07-21 16:13:44,579) INFO - qlib.LSTM - [pytorch_lstm.py:234] - Epoch21:
[68388:MainThread](2026-07-21 16:13:44,580) INFO - qlib.LSTM - [pytorch_lstm.py:235] - training...
[68388:MainThread](2026-07-21 16:15:07,278) INFO - qlib.LSTM - [pytorch_lstm.py:237] - evaluating...
[68388:MainThread](2026-07-21 16:15:59,080) INFO - qlib.LSTM - [pytorch_lstm.py:240] - train -0.957216, valid -1.015605
[68388:MainThread](2026-07-21 16:15:59,081) INFO - qlib.LSTM - [pytorch_lstm.py:234] - Epoch22:
[68388:MainThread](2026-07-21 16:15:59,081) INFO - qlib.LSTM - [pytorch_lstm.py:235] - training...
[68388:MainThread](2026-07-21 16:17:22,499) INFO - qlib.LSTM - [pytorch_lstm.py:237] - evaluating...
[68388:MainThread](2026-07-21 16:18:14,301) INFO - qlib.LSTM - [pytorch_lstm.py:240] - train -0.954954, valid -1.018014
[68388:MainThread](2026-07-21 16:18:14,301) INFO - qlib.LSTM - [pytorch_lstm.py:234] - Epoch23:
[68388:MainThread](2026-07-21 16:18:14,301) INFO - qlib.LSTM - [pytorch_lstm.py:235] - training...
[68388:MainThread](2026-07-21 16:19:38,326) INFO - qlib.LSTM - [pytorch_lstm.py:237] - evaluating...
[68388:MainThread](2026-07-21 16:20:28,639) INFO - qlib.LSTM - [pytorch_lstm.py:240] - train -0.952392, valid -1.019360
[68388:MainThread](2026-07-21 16:20:28,639) INFO - qlib.LSTM - [pytorch_lstm.py:252] - early stop
[68388:MainThread](2026-07-21 16:20:28,639) INFO - qlib.LSTM - [pytorch_lstm.py:255] - best score: -0.993764 @ 3
[68388:MainThread](2026-07-21 16:20:28,813) INFO - qlib.fill_placeholder - [__init__.py:798] - <PRED> lookes like a placeholder, but it can't match to any given values
Gym has been unmaintained since 2022 and does not support NumPy 2.0 amongst other critical functionality.
Please upgrade to Gymnasium, the maintained drop-in replacement of Gym, or contact the authors of your software and request that they upgrade.
Users of this version of Gym should be able to simply replace 'import gym' with 'import gymnasium as gym' in the vast majority of cases.
See the migration guide at https://gymnasium.farama.org/introduction/migration_guide/ for additional information.
[68388:MainThread](2026-07-21 16:20:50,435) INFO - qlib.workflow - [record_temp.py:197] - Signal record 'pred.pkl' has been saved as the artifact of the Experiment 955575005116822072
[68388:MainThread](2026-07-21 16:20:50,792) INFO - qlib.backtest caller - [__init__.py:93] - Create new exchange
[68388:MainThread](2026-07-21 16:20:59,248) WARNING - qlib.online operator - [exchange.py:219] - $close field data contains nan.
[68388:MainThread](2026-07-21 16:20:59,249) WARNING - qlib.online operator - [exchange.py:219] - $close field data contains nan.
[68388:MainThread](2026-07-21 16:20:59,250) WARNING - qlib.online operator - [exchange.py:226] - factor.day.bin file not exists or factor contains `nan`. Order using adjusted_price.
[68388:MainThread](2026-07-21 16:20:59,250) WARNING - qlib.online operator - [exchange.py:228] - trade unit 100 is not supported in adjusted_price mode.
[68388:MainThread](2026-07-21 16:21:07,084) WARNING - qlib.data - [data.py:665] - load calendar error: freq=day, future=True; return current calendar!
[68388:MainThread](2026-07-21 16:21:07,084) WARNING - qlib.data - [data.py:668] - You can get future calendar by referring to the following document: https://github.com/microsoft/qlib/blob/main/scripts/data_collector/contrib/README.md
[68388:MainThread](2026-07-21 16:21:07,088) WARNING - qlib.BaseExecutor - [executor.py:121] - `common_infra` is not set for <qlib.backtest.executor.SimulatorExecutor object at 0x12a56c680>

backtest loop:   0%|          | 0/871 [00:00<?, ?it/s]/Users/xuxin/Documents/dev/qlib/qlib/utils/index_data.py:492: RuntimeWarning: Mean of empty slice
  return np.nanmean(self.data)

backtest loop:   3%|▎         | 23/871 [00:00<00:03, 229.26it/s]
backtest loop:   5%|▌         | 47/871 [00:00<00:03, 233.92it/s]
backtest loop:   8%|▊         | 71/871 [00:00<00:03, 235.62it/s]
backtest loop:  11%|█         | 96/871 [00:00<00:03, 233.72it/s]
backtest loop:  14%|█▍        | 121/871 [00:00<00:03, 238.12it/s]
backtest loop:  17%|█▋        | 147/871 [00:00<00:02, 244.73it/s]
backtest loop:  20%|█▉        | 174/871 [00:00<00:02, 248.52it/s]/Users/xuxin/Documents/dev/qlib/qlib/utils/index_data.py:492: RuntimeWarning: Mean of empty slice
  return np.nanmean(self.data)

backtest loop:  23%|██▎       | 202/871 [00:00<00:02, 258.21it/s]
backtest loop:  26%|██▋       | 229/871 [00:00<00:02, 258.53it/s]
backtest loop:  30%|██▉       | 257/871 [00:01<00:02, 263.91it/s]
backtest loop:  33%|███▎      | 284/871 [00:01<00:02, 256.69it/s]
backtest loop:  36%|███▌      | 310/871 [00:01<00:02, 257.30it/s]
backtest loop:  39%|███▊      | 336/871 [00:01<00:02, 253.23it/s]
backtest loop:  42%|████▏     | 363/871 [00:01<00:01, 254.13it/s]
backtest loop:  45%|████▍     | 390/871 [00:01<00:01, 258.17it/s]
backtest loop:  48%|████▊     | 416/871 [00:01<00:01, 257.55it/s]
backtest loop:  51%|█████     | 442/871 [00:01<00:01, 254.87it/s]
backtest loop:  54%|█████▎    | 468/871 [00:01<00:01, 253.76it/s]
backtest loop:  57%|█████▋    | 494/871 [00:01<00:01, 253.28it/s]
backtest loop:  60%|█████▉    | 520/871 [00:02<00:01, 246.36it/s]
backtest loop:  63%|██████▎   | 545/871 [00:02<00:01, 245.93it/s]/Users/xuxin/Documents/dev/qlib/qlib/utils/index_data.py:492: RuntimeWarning: Mean of empty slice
  return np.nanmean(self.data)
/Users/xuxin/Documents/dev/qlib/qlib/utils/index_data.py:492: RuntimeWarning: Mean of empty slice
  return np.nanmean(self.data)

backtest loop:  66%|██████▌   | 571/871 [00:02<00:01, 248.35it/s]
backtest loop:  68%|██████▊   | 596/871 [00:02<00:01, 247.54it/s]
backtest loop:  71%|███████▏  | 621/871 [00:02<00:01, 246.39it/s]
backtest loop:  74%|███████▍  | 646/871 [00:02<00:00, 245.36it/s]
backtest loop:  77%|███████▋  | 671/871 [00:02<00:00, 239.89it/s]
backtest loop:  80%|███████▉  | 696/871 [00:02<00:00, 240.22it/s]
backtest loop:  83%|████████▎ | 721/871 [00:02<00:00, 239.87it/s]
backtest loop:  86%|████████▌ | 746/871 [00:03<00:00, 237.17it/s]
backtest loop:  89%|████████▊ | 771/871 [00:03<00:00, 239.07it/s]
backtest loop:  91%|█████████▏| 795/871 [00:03<00:00, 183.94it/s]
backtest loop:  94%|█████████▍| 818/871 [00:03<00:00, 193.53it/s]
backtest loop:  97%|█████████▋| 843/871 [00:03<00:00, 205.19it/s]
backtest loop: 100%|█████████▉| 868/871 [00:03<00:00, 215.39it/s]
backtest loop: 100%|██████████| 871/871 [00:03<00:00, 238.99it/s]
[68388:MainThread](2026-07-21 16:21:10,758) INFO - qlib.workflow - [record_temp.py:520] - Portfolio analysis record 'port_analysis_1day.pkl' has been saved as the artifact of the Experiment 955575005116822072
[68388:MainThread](2026-07-21 16:21:10,761) INFO - qlib.workflow - [record_temp.py:545] - Indicator analysis record 'indicator_analysis_1day.pkl' has been saved as the artifact of the Experiment 955575005116822072
[68388:MainThread](2026-07-21 16:21:11,079) INFO - qlib.timer - [log.py:127] - Time cost: 0.000s | waiting `async_log` Done
