'The following are prediction results of the GATs model.'
                          score
datetime   instrument          
2017-01-03 SH600000   -0.015372
2017-01-04 SH600000   -0.018303
2017-01-05 SH600000   -0.006905
2017-01-06 SH600000    0.027483
2017-01-09 SH600000    0.019264
{'IC': np.float64(0.04586321409131141),
 'ICIR': np.float64(0.3222947617339857),
 'Rank IC': np.float64(0.05354086620431129),
 'Rank ICIR': np.float64(0.3804175692345037)}
'The following are analysis results of benchmark return(1day).'
                       risk
mean               0.000477
std                0.012295
annualized_return  0.113561
information_ratio  0.598699
max_drawdown      -0.370479
'The following are analysis results of the excess return without cost(1day).'
                       risk
mean               0.000726
std                0.004719
annualized_return  0.172706
information_ratio  2.372175
max_drawdown      -0.068385
'The following are analysis results of the excess return with cost(1day).'
                       risk
mean               0.000555
std                0.004717
annualized_return  0.132011
information_ratio  1.814131
max_drawdown      -0.086464
'The following are analysis results of indicators(1day).'
     value
ffr    1.0
pa     0.0
pos    0.0

[31737:MainThread](2026-07-21 18:53:17,604) INFO - qlib.qrun - [run.py:78] - Render the template with the context: {}
[31737:MainThread](2026-07-21 18:53:17,611) INFO - qlib.Initialization - [config.py:453] - default_conf: client.
[31737:MainThread](2026-07-21 18:53:17,613) INFO - qlib.Initialization - [__init__.py:82] - qlib successfully initialized based on client settings.
[31737:MainThread](2026-07-21 18:53:17,613) INFO - qlib.Initialization - [__init__.py:84] - data_path={'__DEFAULT_FREQ': PosixPath('/Users/xuxin/.qlib/qlib_data/cn_data')}
[31737:MainThread](2026-07-21 18:53:17,623) WARNING - qlib.workflow - [expm.py:230] - No valid experiment found. Create a new experiment with name trav_deep1b_GATs_gats_Alpha158_3.
[31737:MainThread](2026-07-21 18:53:17,627) INFO - qlib.workflow - [exp.py:258] - Experiment 101963830228703737 starts running ...
[31737:MainThread](2026-07-21 18:53:18,344) INFO - qlib.workflow - [recorder.py:345] - Recorder 1cd2040875854d2a9892ae936afd6c4a starts running under Experiment 101963830228703737 ...
[31737:MainThread](2026-07-21 18:53:21,416) INFO - qlib.GATs - [pytorch_gats_ts.py:82] - GATs pytorch version...
[31737:MainThread](2026-07-21 18:53:21,416) INFO - qlib.GATs - [pytorch_gats_ts.py:101] - GATs parameters setting:
d_feat : 20
hidden_size : 64
num_layers : 2
dropout : 0.7
n_epochs : 200
lr : 0.0001
metric : loss
early_stop : 10
optimizer : adam
loss_type : mse
base_model : LSTM
model_path : /Users/xuxin/Documents/dev/qlib/examples/benchmarks/LSTM/csi300_lstm_ts.pkl
visible_GPU : 0
use_GPU : False
seed : None
[31737:MainThread](2026-07-21 18:53:21,417) INFO - qlib.GATs - [pytorch_gats_ts.py:147] - model:
GATModel(
  (rnn): LSTM(20, 64, num_layers=2, batch_first=True, dropout=0.7)
  (transformation): Linear(in_features=64, out_features=64, bias=True)
  (fc): Linear(in_features=64, out_features=64, bias=True)
  (fc_out): Linear(in_features=64, out_features=1, bias=True)
  (leaky_relu): LeakyReLU(negative_slope=0.01)
  (softmax): Softmax(dim=1)
)
[31737:MainThread](2026-07-21 18:53:21,417) INFO - qlib.GATs - [pytorch_gats_ts.py:148] - model size: 0.0609 MB
[31737:MainThread](2026-07-21 18:53:40,271) INFO - qlib.timer - [log.py:127] - Time cost: 17.247s | Loading data Done
[31737:MainThread](2026-07-21 18:53:40,422) INFO - qlib.timer - [log.py:127] - Time cost: 0.011s | FilterCol Done
/Users/xuxin/Documents/dev/qlib/qlib/data/dataset/processor.py:296: SettingWithCopyWarning: 
A value is trying to be set on a copy of a slice from a DataFrame.
Try using .loc[row_indexer,col_indexer] = value instead

See the caveats in the documentation: https://pandas.pydata.org/pandas-docs/stable/user_guide/indexing.html#returning-a-view-versus-a-copy
  df[self.cols] = X
[31737:MainThread](2026-07-21 18:53:40,672) INFO - qlib.timer - [log.py:127] - Time cost: 0.250s | RobustZScoreNorm Done
/Users/xuxin/Documents/dev/qlib/qlib/data/dataset/processor.py:192: SettingWithCopyWarning: 
A value is trying to be set on a copy of a slice from a DataFrame.
Try using .loc[row_indexer,col_indexer] = value instead

See the caveats in the documentation: https://pandas.pydata.org/pandas-docs/stable/user_guide/indexing.html#returning-a-view-versus-a-copy
  df[self.fields_group] = df[self.fields_group].fillna(self.fill_value)
[31737:MainThread](2026-07-21 18:53:40,713) INFO - qlib.timer - [log.py:127] - Time cost: 0.041s | Fillna Done
[31737:MainThread](2026-07-21 18:53:40,749) INFO - qlib.timer - [log.py:127] - Time cost: 0.017s | DropnaLabel Done
/Users/xuxin/Documents/dev/qlib/qlib/data/dataset/processor.py:358: SettingWithCopyWarning: 
A value is trying to be set on a copy of a slice from a DataFrame.
Try using .loc[row_indexer,col_indexer] = value instead

See the caveats in the documentation: https://pandas.pydata.org/pandas-docs/stable/user_guide/indexing.html#returning-a-view-versus-a-copy
  df[cols] = t
[31737:MainThread](2026-07-21 18:53:40,904) INFO - qlib.timer - [log.py:127] - Time cost: 0.155s | CSRankNorm Done
[31737:MainThread](2026-07-21 18:53:40,905) INFO - qlib.timer - [log.py:127] - Time cost: 0.634s | fit & process data Done
[31737:MainThread](2026-07-21 18:53:40,905) INFO - qlib.timer - [log.py:127] - Time cost: 17.881s | Init data Done
[31737:MainThread](2026-07-21 18:53:40,916) WARNING - qlib.utils - [__init__.py:849] - The parameter `reweighter` with value `None` is ignored.
[31737:MainThread](2026-07-21 18:53:41,656) INFO - qlib.GATs - [pytorch_gats_ts.py:271] - Loading pretrained model...
[31737:MainThread](2026-07-21 18:53:41,662) INFO - qlib.GATs - [pytorch_gats_ts.py:280] - Loading pretrained model Done...
[31737:MainThread](2026-07-21 18:53:41,663) INFO - qlib.GATs - [pytorch_gats_ts.py:283] - training...
[31737:MainThread](2026-07-21 18:53:41,663) INFO - qlib.GATs - [pytorch_gats_ts.py:287] - Epoch0:
[31737:MainThread](2026-07-21 18:53:41,663) INFO - qlib.GATs - [pytorch_gats_ts.py:288] - training...
[31737:MainThread](2026-07-21 18:54:31,213) INFO - qlib.GATs - [pytorch_gats_ts.py:290] - evaluating...
[31737:MainThread](2026-07-21 18:55:02,661) INFO - qlib.GATs - [pytorch_gats_ts.py:293] - train -0.987091, valid -0.993015
[31737:MainThread](2026-07-21 18:55:02,662) INFO - qlib.GATs - [pytorch_gats_ts.py:287] - Epoch1:
[31737:MainThread](2026-07-21 18:55:02,662) INFO - qlib.GATs - [pytorch_gats_ts.py:288] - training...
[31737:MainThread](2026-07-21 18:55:51,966) INFO - qlib.GATs - [pytorch_gats_ts.py:290] - evaluating...
[31737:MainThread](2026-07-21 18:56:23,411) INFO - qlib.GATs - [pytorch_gats_ts.py:293] - train -0.986187, valid -0.993272
[31737:MainThread](2026-07-21 18:56:23,411) INFO - qlib.GATs - [pytorch_gats_ts.py:287] - Epoch2:
[31737:MainThread](2026-07-21 18:56:23,411) INFO - qlib.GATs - [pytorch_gats_ts.py:288] - training...
[31737:MainThread](2026-07-21 18:57:12,813) INFO - qlib.GATs - [pytorch_gats_ts.py:290] - evaluating...
[31737:MainThread](2026-07-21 18:57:43,694) INFO - qlib.GATs - [pytorch_gats_ts.py:293] - train -0.985453, valid -0.993511
[31737:MainThread](2026-07-21 18:57:43,694) INFO - qlib.GATs - [pytorch_gats_ts.py:287] - Epoch3:
[31737:MainThread](2026-07-21 18:57:43,694) INFO - qlib.GATs - [pytorch_gats_ts.py:288] - training...
[31737:MainThread](2026-07-21 18:58:33,126) INFO - qlib.GATs - [pytorch_gats_ts.py:290] - evaluating...
[31737:MainThread](2026-07-21 18:59:04,462) INFO - qlib.GATs - [pytorch_gats_ts.py:293] - train -0.984842, valid -0.993292
[31737:MainThread](2026-07-21 18:59:04,462) INFO - qlib.GATs - [pytorch_gats_ts.py:287] - Epoch4:
[31737:MainThread](2026-07-21 18:59:04,462) INFO - qlib.GATs - [pytorch_gats_ts.py:288] - training...
[31737:MainThread](2026-07-21 18:59:54,443) INFO - qlib.GATs - [pytorch_gats_ts.py:290] - evaluating...
[31737:MainThread](2026-07-21 19:00:25,534) INFO - qlib.GATs - [pytorch_gats_ts.py:293] - train -0.984471, valid -0.993949
[31737:MainThread](2026-07-21 19:00:25,534) INFO - qlib.GATs - [pytorch_gats_ts.py:287] - Epoch5:
[31737:MainThread](2026-07-21 19:00:25,534) INFO - qlib.GATs - [pytorch_gats_ts.py:288] - training...
[31737:MainThread](2026-07-21 19:01:15,864) INFO - qlib.GATs - [pytorch_gats_ts.py:290] - evaluating...
[31737:MainThread](2026-07-21 19:01:47,326) INFO - qlib.GATs - [pytorch_gats_ts.py:293] - train -0.983994, valid -0.993568
[31737:MainThread](2026-07-21 19:01:47,326) INFO - qlib.GATs - [pytorch_gats_ts.py:287] - Epoch6:
[31737:MainThread](2026-07-21 19:01:47,327) INFO - qlib.GATs - [pytorch_gats_ts.py:288] - training...
[31737:MainThread](2026-07-21 19:02:37,172) INFO - qlib.GATs - [pytorch_gats_ts.py:290] - evaluating...
[31737:MainThread](2026-07-21 19:03:08,748) INFO - qlib.GATs - [pytorch_gats_ts.py:293] - train -0.983490, valid -0.993728
[31737:MainThread](2026-07-21 19:03:08,748) INFO - qlib.GATs - [pytorch_gats_ts.py:287] - Epoch7:
[31737:MainThread](2026-07-21 19:03:08,748) INFO - qlib.GATs - [pytorch_gats_ts.py:288] - training...
[31737:MainThread](2026-07-21 19:03:58,378) INFO - qlib.GATs - [pytorch_gats_ts.py:290] - evaluating...
[31737:MainThread](2026-07-21 19:04:29,596) INFO - qlib.GATs - [pytorch_gats_ts.py:293] - train -0.983015, valid -0.994538
[31737:MainThread](2026-07-21 19:04:29,596) INFO - qlib.GATs - [pytorch_gats_ts.py:287] - Epoch8:
[31737:MainThread](2026-07-21 19:04:29,597) INFO - qlib.GATs - [pytorch_gats_ts.py:288] - training...
[31737:MainThread](2026-07-21 19:05:19,414) INFO - qlib.GATs - [pytorch_gats_ts.py:290] - evaluating...
[31737:MainThread](2026-07-21 19:05:50,595) INFO - qlib.GATs - [pytorch_gats_ts.py:293] - train -0.982544, valid -0.994706
[31737:MainThread](2026-07-21 19:05:50,595) INFO - qlib.GATs - [pytorch_gats_ts.py:287] - Epoch9:
[31737:MainThread](2026-07-21 19:05:50,596) INFO - qlib.GATs - [pytorch_gats_ts.py:288] - training...
[31737:MainThread](2026-07-21 19:06:40,887) INFO - qlib.GATs - [pytorch_gats_ts.py:290] - evaluating...
[31737:MainThread](2026-07-21 19:07:12,215) INFO - qlib.GATs - [pytorch_gats_ts.py:293] - train -0.982135, valid -0.994699
[31737:MainThread](2026-07-21 19:07:12,216) INFO - qlib.GATs - [pytorch_gats_ts.py:287] - Epoch10:
[31737:MainThread](2026-07-21 19:07:12,216) INFO - qlib.GATs - [pytorch_gats_ts.py:288] - training...
[31737:MainThread](2026-07-21 19:08:02,024) INFO - qlib.GATs - [pytorch_gats_ts.py:290] - evaluating...
[31737:MainThread](2026-07-21 19:08:33,695) INFO - qlib.GATs - [pytorch_gats_ts.py:293] - train -0.981640, valid -0.994887
[31737:MainThread](2026-07-21 19:08:33,696) INFO - qlib.GATs - [pytorch_gats_ts.py:305] - early stop
[31737:MainThread](2026-07-21 19:08:33,696) INFO - qlib.GATs - [pytorch_gats_ts.py:308] - best score: -0.993015 @ 0
[31737:MainThread](2026-07-21 19:08:33,709) INFO - qlib.fill_placeholder - [__init__.py:798] - <PRED> lookes like a placeholder, but it can't match to any given values
Gym has been unmaintained since 2022 and does not support NumPy 2.0 amongst other critical functionality.
Please upgrade to Gymnasium, the maintained drop-in replacement of Gym, or contact the authors of your software and request that they upgrade.
Users of this version of Gym should be able to simply replace 'import gym' with 'import gymnasium as gym' in the vast majority of cases.
See the migration guide at https://gymnasium.farama.org/introduction/migration_guide/ for additional information.
[31737:MainThread](2026-07-21 19:08:46,534) INFO - qlib.workflow - [record_temp.py:197] - Signal record 'pred.pkl' has been saved as the artifact of the Experiment 101963830228703737
[31737:MainThread](2026-07-21 19:08:46,828) INFO - qlib.backtest caller - [__init__.py:93] - Create new exchange
[31737:MainThread](2026-07-21 19:08:54,666) WARNING - qlib.online operator - [exchange.py:219] - $close field data contains nan.
[31737:MainThread](2026-07-21 19:08:54,667) WARNING - qlib.online operator - [exchange.py:219] - $close field data contains nan.
[31737:MainThread](2026-07-21 19:08:54,669) WARNING - qlib.online operator - [exchange.py:226] - factor.day.bin file not exists or factor contains `nan`. Order using adjusted_price.
[31737:MainThread](2026-07-21 19:08:54,669) WARNING - qlib.online operator - [exchange.py:228] - trade unit 100 is not supported in adjusted_price mode.
[31737:MainThread](2026-07-21 19:09:02,479) WARNING - qlib.data - [data.py:665] - load calendar error: freq=day, future=True; return current calendar!
[31737:MainThread](2026-07-21 19:09:02,479) WARNING - qlib.data - [data.py:668] - You can get future calendar by referring to the following document: https://github.com/microsoft/qlib/blob/main/scripts/data_collector/contrib/README.md
[31737:MainThread](2026-07-21 19:09:02,484) WARNING - qlib.BaseExecutor - [executor.py:121] - `common_infra` is not set for <qlib.backtest.executor.SimulatorExecutor object at 0x14c3b9eb0>

backtest loop:   0%|          | 0/871 [00:00<?, ?it/s]/Users/xuxin/Documents/dev/qlib/qlib/utils/index_data.py:492: RuntimeWarning: Mean of empty slice
  return np.nanmean(self.data)

backtest loop:   1%|▏         | 12/871 [00:00<00:07, 117.35it/s]
backtest loop:   3%|▎         | 24/871 [00:00<00:07, 112.67it/s]
backtest loop:   4%|▍         | 37/871 [00:00<00:07, 117.48it/s]
backtest loop:   6%|▌         | 49/871 [00:00<00:07, 116.19it/s]
backtest loop:   7%|▋         | 62/871 [00:00<00:06, 116.05it/s]
backtest loop:   9%|▊         | 75/871 [00:00<00:06, 117.93it/s]
backtest loop:  10%|▉         | 87/871 [00:00<00:06, 116.66it/s]
backtest loop:  11%|█▏        | 99/871 [00:00<00:06, 116.07it/s]
backtest loop:  13%|█▎        | 111/871 [00:00<00:06, 116.70it/s]
backtest loop:  14%|█▍        | 123/871 [00:01<00:06, 117.20it/s]
backtest loop:  15%|█▌        | 135/871 [00:01<00:06, 116.57it/s]
backtest loop:  17%|█▋        | 147/871 [00:01<00:06, 117.22it/s]
backtest loop:  18%|█▊        | 159/871 [00:01<00:06, 115.97it/s]
backtest loop:  20%|█▉        | 172/871 [00:01<00:05, 117.86it/s]
backtest loop:  21%|██        | 184/871 [00:01<00:05, 117.46it/s]
backtest loop:  23%|██▎       | 197/871 [00:01<00:05, 119.71it/s]
backtest loop:  24%|██▍       | 209/871 [00:01<00:05, 119.60it/s]
backtest loop:  25%|██▌       | 222/871 [00:01<00:05, 122.12it/s]
backtest loop:  27%|██▋       | 235/871 [00:01<00:05, 121.54it/s]
backtest loop:  28%|██▊       | 248/871 [00:02<00:05, 121.49it/s]
backtest loop:  30%|██▉       | 261/871 [00:02<00:04, 123.34it/s]
backtest loop:  31%|███▏      | 274/871 [00:02<00:04, 122.57it/s]
backtest loop:  33%|███▎      | 287/871 [00:02<00:04, 121.53it/s]
backtest loop:  34%|███▍      | 300/871 [00:02<00:04, 121.46it/s]
backtest loop:  36%|███▌      | 313/871 [00:02<00:04, 121.19it/s]
backtest loop:  37%|███▋      | 326/871 [00:02<00:04, 120.60it/s]
backtest loop:  39%|███▉      | 339/871 [00:02<00:04, 119.02it/s]
backtest loop:  40%|████      | 352/871 [00:02<00:04, 120.65it/s]
backtest loop:  42%|████▏     | 365/871 [00:03<00:04, 120.90it/s]
backtest loop:  43%|████▎     | 378/871 [00:03<00:04, 120.57it/s]
backtest loop:  45%|████▍     | 391/871 [00:03<00:03, 122.49it/s]
backtest loop:  46%|████▋     | 404/871 [00:03<00:03, 122.41it/s]
backtest loop:  48%|████▊     | 417/871 [00:03<00:03, 123.67it/s]
backtest loop:  49%|████▉     | 430/871 [00:03<00:03, 122.92it/s]
backtest loop:  51%|█████     | 443/871 [00:03<00:03, 122.34it/s]
backtest loop:  52%|█████▏    | 456/871 [00:03<00:03, 123.36it/s]
backtest loop:  54%|█████▍    | 469/871 [00:03<00:03, 122.02it/s]
backtest loop:  55%|█████▌    | 482/871 [00:04<00:03, 120.71it/s]
backtest loop:  57%|█████▋    | 495/871 [00:04<00:03, 119.48it/s]
backtest loop:  58%|█████▊    | 508/871 [00:04<00:03, 120.46it/s]
backtest loop:  60%|█████▉    | 521/871 [00:04<00:02, 118.14it/s]
backtest loop:  61%|██████▏   | 534/871 [00:04<00:02, 120.08it/s]
backtest loop:  63%|██████▎   | 547/871 [00:04<00:02, 119.09it/s]
backtest loop:  64%|██████▍   | 559/871 [00:04<00:02, 117.89it/s]/Users/xuxin/Documents/dev/qlib/qlib/utils/index_data.py:492: RuntimeWarning: Mean of empty slice
  return np.nanmean(self.data)
/Users/xuxin/Documents/dev/qlib/qlib/utils/index_data.py:492: RuntimeWarning: Mean of empty slice
  return np.nanmean(self.data)

backtest loop:  66%|██████▌   | 572/871 [00:04<00:02, 119.86it/s]
backtest loop:  67%|██████▋   | 585/871 [00:04<00:02, 120.90it/s]
backtest loop:  69%|██████▊   | 598/871 [00:04<00:02, 120.08it/s]
backtest loop:  70%|███████   | 611/871 [00:05<00:02, 119.21it/s]
backtest loop:  72%|███████▏  | 624/871 [00:05<00:02, 119.96it/s]
backtest loop:  73%|███████▎  | 637/871 [00:05<00:01, 118.65it/s]
backtest loop:  75%|███████▍  | 650/871 [00:05<00:01, 117.97it/s]
backtest loop:  76%|███████▌  | 663/871 [00:05<00:01, 119.02it/s]
backtest loop:  77%|███████▋  | 675/871 [00:05<00:01, 116.03it/s]
backtest loop:  79%|███████▉  | 688/871 [00:05<00:01, 117.72it/s]
backtest loop:  80%|████████  | 700/871 [00:05<00:01, 116.85it/s]
backtest loop:  82%|████████▏ | 713/871 [00:05<00:01, 118.15it/s]
backtest loop:  83%|████████▎ | 725/871 [00:06<00:01, 117.03it/s]
backtest loop:  85%|████████▍ | 737/871 [00:06<00:01, 116.29it/s]
backtest loop:  86%|████████▌ | 749/871 [00:06<00:01, 113.95it/s]
backtest loop:  87%|████████▋ | 762/871 [00:06<00:00, 114.55it/s]
backtest loop:  89%|████████▉ | 774/871 [00:06<00:00, 115.57it/s]
backtest loop:  90%|█████████ | 787/871 [00:06<00:00, 115.97it/s]
backtest loop:  92%|█████████▏| 799/871 [00:06<00:00, 116.98it/s]
backtest loop:  93%|█████████▎| 811/871 [00:06<00:00, 116.47it/s]
backtest loop:  94%|█████████▍| 823/871 [00:07<00:00, 90.55it/s] 
backtest loop:  96%|█████████▌| 835/871 [00:07<00:00, 97.52it/s]
backtest loop:  97%|█████████▋| 847/871 [00:07<00:00, 101.96it/s]
backtest loop:  99%|█████████▊| 859/871 [00:07<00:00, 106.13it/s]
backtest loop: 100%|██████████| 871/871 [00:07<00:00, 107.42it/s]
backtest loop: 100%|██████████| 871/871 [00:07<00:00, 117.11it/s]
[31737:MainThread](2026-07-21 19:09:09,943) INFO - qlib.workflow - [record_temp.py:520] - Portfolio analysis record 'port_analysis_1day.pkl' has been saved as the artifact of the Experiment 101963830228703737
[31737:MainThread](2026-07-21 19:09:09,947) INFO - qlib.workflow - [record_temp.py:545] - Indicator analysis record 'indicator_analysis_1day.pkl' has been saved as the artifact of the Experiment 101963830228703737
[31737:MainThread](2026-07-21 19:09:10,241) INFO - qlib.timer - [log.py:127] - Time cost: 0.004s | waiting `async_log` Done
