'The following are prediction results of the LocalformerModel model.'
                          score
datetime   instrument          
2017-01-03 SH600000    0.024204
2017-01-04 SH600000    0.011692
2017-01-05 SH600000    0.011070
2017-01-06 SH600000    0.042132
2017-01-09 SH600000    0.017772
{'IC': np.float64(0.03429572895265056),
 'ICIR': np.float64(0.2627402914917667),
 'Rank IC': np.float64(0.046229362330340563),
 'Rank ICIR': np.float64(0.36923395940241066)}
'The following are analysis results of benchmark return(1day).'
                       risk
mean               0.000477
std                0.012295
annualized_return  0.113561
information_ratio  0.598699
max_drawdown      -0.370479
'The following are analysis results of the excess return without cost(1day).'
                       risk
mean               0.000224
std                0.004253
annualized_return  0.053425
information_ratio  0.814221
max_drawdown      -0.101263
'The following are analysis results of the excess return with cost(1day).'
                       risk
mean               0.000059
std                0.004253
annualized_return  0.014030
information_ratio  0.213826
max_drawdown      -0.152347
'The following are analysis results of indicators(1day).'
     value
ffr    1.0
pa     0.0
pos    0.0

[25342:MainThread](2026-07-18 22:57:09,559) INFO - qlib.qrun - [run.py:78] - Render the template with the context: {}
[25342:MainThread](2026-07-18 22:57:09,565) INFO - qlib.Initialization - [config.py:453] - default_conf: client.
[25342:MainThread](2026-07-18 22:57:09,567) INFO - qlib.Initialization - [__init__.py:82] - qlib successfully initialized based on client settings.
[25342:MainThread](2026-07-18 22:57:09,567) INFO - qlib.Initialization - [__init__.py:84] - data_path={'__DEFAULT_FREQ': PosixPath('/Users/xuxin/.qlib/qlib_data/cn_data')}
[25342:MainThread](2026-07-18 22:57:09,572) WARNING - qlib.workflow - [expm.py:230] - No valid experiment found. Create a new experiment with name trav_deep_Localformer_localformer_Alpha158_2.
[25342:MainThread](2026-07-18 22:57:09,574) INFO - qlib.workflow - [exp.py:258] - Experiment 949605510549231802 starts running ...
[25342:MainThread](2026-07-18 22:57:10,309) INFO - qlib.workflow - [recorder.py:345] - Recorder 2ef749f8b9ab440b9ad6eea04239478f starts running under Experiment 949605510549231802 ...
[25342:MainThread](2026-07-18 22:57:13,091) INFO - qlib.TransformerModel - [pytorch_localformer_ts.py:62] - Improved Transformer:
batch_size : 8192
device : cpu
[25342:MainThread](2026-07-18 22:57:31,884) INFO - qlib.timer - [log.py:127] - Time cost: 17.158s | Loading data Done
[25342:MainThread](2026-07-18 22:57:32,013) INFO - qlib.timer - [log.py:127] - Time cost: 0.011s | FilterCol Done
/Users/xuxin/Documents/dev/qlib/qlib/data/dataset/processor.py:296: SettingWithCopyWarning: 
A value is trying to be set on a copy of a slice from a DataFrame.
Try using .loc[row_indexer,col_indexer] = value instead

See the caveats in the documentation: https://pandas.pydata.org/pandas-docs/stable/user_guide/indexing.html#returning-a-view-versus-a-copy
  df[self.cols] = X
[25342:MainThread](2026-07-18 22:57:32,256) INFO - qlib.timer - [log.py:127] - Time cost: 0.243s | RobustZScoreNorm Done
/Users/xuxin/Documents/dev/qlib/qlib/data/dataset/processor.py:192: SettingWithCopyWarning: 
A value is trying to be set on a copy of a slice from a DataFrame.
Try using .loc[row_indexer,col_indexer] = value instead

See the caveats in the documentation: https://pandas.pydata.org/pandas-docs/stable/user_guide/indexing.html#returning-a-view-versus-a-copy
  df[self.fields_group] = df[self.fields_group].fillna(self.fill_value)
[25342:MainThread](2026-07-18 22:57:32,296) INFO - qlib.timer - [log.py:127] - Time cost: 0.040s | Fillna Done
[25342:MainThread](2026-07-18 22:57:32,330) INFO - qlib.timer - [log.py:127] - Time cost: 0.017s | DropnaLabel Done
/Users/xuxin/Documents/dev/qlib/qlib/data/dataset/processor.py:358: SettingWithCopyWarning: 
A value is trying to be set on a copy of a slice from a DataFrame.
Try using .loc[row_indexer,col_indexer] = value instead

See the caveats in the documentation: https://pandas.pydata.org/pandas-docs/stable/user_guide/indexing.html#returning-a-view-versus-a-copy
  df[cols] = t
[25342:MainThread](2026-07-18 22:57:32,484) INFO - qlib.timer - [log.py:127] - Time cost: 0.154s | CSRankNorm Done
[25342:MainThread](2026-07-18 22:57:32,485) INFO - qlib.timer - [log.py:127] - Time cost: 0.601s | fit & process data Done
[25342:MainThread](2026-07-18 22:57:32,485) INFO - qlib.timer - [log.py:127] - Time cost: 17.760s | Init data Done
[25342:MainThread](2026-07-18 22:57:32,497) WARNING - qlib.utils - [__init__.py:849] - The parameter `reweighter` with value `None` is ignored.
[25342:MainThread](2026-07-18 22:57:33,225) INFO - qlib.TransformerModel - [pytorch_localformer_ts.py:171] - training...
[25342:MainThread](2026-07-18 22:57:33,226) INFO - qlib.TransformerModel - [pytorch_localformer_ts.py:175] - Epoch0:
[25342:MainThread](2026-07-18 22:57:33,226) INFO - qlib.TransformerModel - [pytorch_localformer_ts.py:176] - training...
[25342:MainThread](2026-07-18 23:01:13,855) INFO - qlib.TransformerModel - [pytorch_localformer_ts.py:178] - evaluating...
[25342:MainThread](2026-07-18 23:02:53,607) INFO - qlib.TransformerModel - [pytorch_localformer_ts.py:181] - train -0.995153, valid -0.986349
[25342:MainThread](2026-07-18 23:02:53,609) INFO - qlib.TransformerModel - [pytorch_localformer_ts.py:175] - Epoch1:
[25342:MainThread](2026-07-18 23:02:53,609) INFO - qlib.TransformerModel - [pytorch_localformer_ts.py:176] - training...
[25342:MainThread](2026-07-18 23:06:10,378) INFO - qlib.TransformerModel - [pytorch_localformer_ts.py:178] - evaluating...
[25342:MainThread](2026-07-18 23:07:50,685) INFO - qlib.TransformerModel - [pytorch_localformer_ts.py:181] - train -0.994131, valid -0.985407
[25342:MainThread](2026-07-18 23:07:50,687) INFO - qlib.TransformerModel - [pytorch_localformer_ts.py:175] - Epoch2:
[25342:MainThread](2026-07-18 23:07:50,688) INFO - qlib.TransformerModel - [pytorch_localformer_ts.py:176] - training...
[25342:MainThread](2026-07-18 23:10:57,345) INFO - qlib.TransformerModel - [pytorch_localformer_ts.py:178] - evaluating...
[25342:MainThread](2026-07-18 23:12:37,474) INFO - qlib.TransformerModel - [pytorch_localformer_ts.py:181] - train -0.993116, valid -0.984836
[25342:MainThread](2026-07-18 23:12:37,476) INFO - qlib.TransformerModel - [pytorch_localformer_ts.py:175] - Epoch3:
[25342:MainThread](2026-07-18 23:12:37,477) INFO - qlib.TransformerModel - [pytorch_localformer_ts.py:176] - training...
[25342:MainThread](2026-07-18 23:16:05,122) INFO - qlib.TransformerModel - [pytorch_localformer_ts.py:178] - evaluating...
[25342:MainThread](2026-07-18 23:17:45,599) INFO - qlib.TransformerModel - [pytorch_localformer_ts.py:181] - train -0.992471, valid -0.985229
[25342:MainThread](2026-07-18 23:17:45,599) INFO - qlib.TransformerModel - [pytorch_localformer_ts.py:175] - Epoch4:
[25342:MainThread](2026-07-18 23:17:45,600) INFO - qlib.TransformerModel - [pytorch_localformer_ts.py:176] - training...
[25342:MainThread](2026-07-18 23:21:25,248) INFO - qlib.TransformerModel - [pytorch_localformer_ts.py:178] - evaluating...
[25342:MainThread](2026-07-18 23:23:06,008) INFO - qlib.TransformerModel - [pytorch_localformer_ts.py:181] - train -0.991451, valid -0.984479
[25342:MainThread](2026-07-18 23:23:06,010) INFO - qlib.TransformerModel - [pytorch_localformer_ts.py:175] - Epoch5:
[25342:MainThread](2026-07-18 23:23:06,010) INFO - qlib.TransformerModel - [pytorch_localformer_ts.py:176] - training...
[25342:MainThread](2026-07-18 23:26:51,039) INFO - qlib.TransformerModel - [pytorch_localformer_ts.py:178] - evaluating...
[25342:MainThread](2026-07-18 23:28:31,092) INFO - qlib.TransformerModel - [pytorch_localformer_ts.py:181] - train -0.990468, valid -0.984282
[25342:MainThread](2026-07-18 23:28:31,094) INFO - qlib.TransformerModel - [pytorch_localformer_ts.py:175] - Epoch6:
[25342:MainThread](2026-07-18 23:28:31,094) INFO - qlib.TransformerModel - [pytorch_localformer_ts.py:176] - training...
[25342:MainThread](2026-07-18 23:32:19,013) INFO - qlib.TransformerModel - [pytorch_localformer_ts.py:178] - evaluating...
[25342:MainThread](2026-07-18 23:33:59,906) INFO - qlib.TransformerModel - [pytorch_localformer_ts.py:181] - train -0.990498, valid -0.985304
[25342:MainThread](2026-07-18 23:33:59,907) INFO - qlib.TransformerModel - [pytorch_localformer_ts.py:175] - Epoch7:
[25342:MainThread](2026-07-18 23:33:59,907) INFO - qlib.TransformerModel - [pytorch_localformer_ts.py:176] - training...
[25342:MainThread](2026-07-18 23:37:19,879) INFO - qlib.TransformerModel - [pytorch_localformer_ts.py:178] - evaluating...
[25342:MainThread](2026-07-18 23:38:59,598) INFO - qlib.TransformerModel - [pytorch_localformer_ts.py:181] - train -0.990604, valid -0.984847
[25342:MainThread](2026-07-18 23:38:59,599) INFO - qlib.TransformerModel - [pytorch_localformer_ts.py:175] - Epoch8:
[25342:MainThread](2026-07-18 23:38:59,599) INFO - qlib.TransformerModel - [pytorch_localformer_ts.py:176] - training...
[25342:MainThread](2026-07-18 23:42:25,515) INFO - qlib.TransformerModel - [pytorch_localformer_ts.py:178] - evaluating...
[25342:MainThread](2026-07-18 23:44:06,014) INFO - qlib.TransformerModel - [pytorch_localformer_ts.py:181] - train -0.989259, valid -0.983508
[25342:MainThread](2026-07-18 23:44:06,018) INFO - qlib.TransformerModel - [pytorch_localformer_ts.py:175] - Epoch9:
[25342:MainThread](2026-07-18 23:44:06,018) INFO - qlib.TransformerModel - [pytorch_localformer_ts.py:176] - training...
[25342:MainThread](2026-07-18 23:47:29,990) INFO - qlib.TransformerModel - [pytorch_localformer_ts.py:178] - evaluating...
[25342:MainThread](2026-07-18 23:49:10,412) INFO - qlib.TransformerModel - [pytorch_localformer_ts.py:181] - train -0.989424, valid -0.983894
[25342:MainThread](2026-07-18 23:49:10,413) INFO - qlib.TransformerModel - [pytorch_localformer_ts.py:175] - Epoch10:
[25342:MainThread](2026-07-18 23:49:10,413) INFO - qlib.TransformerModel - [pytorch_localformer_ts.py:176] - training...
[25342:MainThread](2026-07-18 23:52:35,626) INFO - qlib.TransformerModel - [pytorch_localformer_ts.py:178] - evaluating...
[25342:MainThread](2026-07-18 23:54:16,252) INFO - qlib.TransformerModel - [pytorch_localformer_ts.py:181] - train -0.989257, valid -0.984023
[25342:MainThread](2026-07-18 23:54:16,252) INFO - qlib.TransformerModel - [pytorch_localformer_ts.py:175] - Epoch11:
[25342:MainThread](2026-07-18 23:54:16,252) INFO - qlib.TransformerModel - [pytorch_localformer_ts.py:176] - training...
[25342:MainThread](2026-07-18 23:57:48,802) INFO - qlib.TransformerModel - [pytorch_localformer_ts.py:178] - evaluating...
[25342:MainThread](2026-07-18 23:59:28,546) INFO - qlib.TransformerModel - [pytorch_localformer_ts.py:181] - train -0.988680, valid -0.983864
[25342:MainThread](2026-07-18 23:59:28,546) INFO - qlib.TransformerModel - [pytorch_localformer_ts.py:175] - Epoch12:
[25342:MainThread](2026-07-18 23:59:28,546) INFO - qlib.TransformerModel - [pytorch_localformer_ts.py:176] - training...
[25342:MainThread](2026-07-19 00:03:11,681) INFO - qlib.TransformerModel - [pytorch_localformer_ts.py:178] - evaluating...
[25342:MainThread](2026-07-19 00:04:50,703) INFO - qlib.TransformerModel - [pytorch_localformer_ts.py:181] - train -0.988888, valid -0.983809
[25342:MainThread](2026-07-19 00:04:50,704) INFO - qlib.TransformerModel - [pytorch_localformer_ts.py:175] - Epoch13:
[25342:MainThread](2026-07-19 00:04:50,704) INFO - qlib.TransformerModel - [pytorch_localformer_ts.py:176] - training...
[25342:MainThread](2026-07-19 00:08:08,650) INFO - qlib.TransformerModel - [pytorch_localformer_ts.py:178] - evaluating...
[25342:MainThread](2026-07-19 00:09:49,161) INFO - qlib.TransformerModel - [pytorch_localformer_ts.py:181] - train -0.988202, valid -0.983695
[25342:MainThread](2026-07-19 00:09:49,161) INFO - qlib.TransformerModel - [pytorch_localformer_ts.py:193] - early stop
[25342:MainThread](2026-07-19 00:09:49,161) INFO - qlib.TransformerModel - [pytorch_localformer_ts.py:196] - best score: -0.983508 @ 8
[25342:MainThread](2026-07-19 00:09:49,211) INFO - qlib.fill_placeholder - [__init__.py:798] - <PRED> lookes like a placeholder, but it can't match to any given values
Gym has been unmaintained since 2022 and does not support NumPy 2.0 amongst other critical functionality.
Please upgrade to Gymnasium, the maintained drop-in replacement of Gym, or contact the authors of your software and request that they upgrade.
Users of this version of Gym should be able to simply replace 'import gym' with 'import gymnasium as gym' in the vast majority of cases.
See the migration guide at https://gymnasium.farama.org/introduction/migration_guide/ for additional information.
[25342:MainThread](2026-07-19 00:10:33,172) INFO - qlib.workflow - [record_temp.py:197] - Signal record 'pred.pkl' has been saved as the artifact of the Experiment 949605510549231802
[25342:MainThread](2026-07-19 00:10:33,483) INFO - qlib.backtest caller - [__init__.py:93] - Create new exchange
[25342:MainThread](2026-07-19 00:10:41,492) WARNING - qlib.online operator - [exchange.py:219] - $close field data contains nan.
[25342:MainThread](2026-07-19 00:10:41,493) WARNING - qlib.online operator - [exchange.py:219] - $close field data contains nan.
[25342:MainThread](2026-07-19 00:10:41,495) WARNING - qlib.online operator - [exchange.py:226] - factor.day.bin file not exists or factor contains `nan`. Order using adjusted_price.
[25342:MainThread](2026-07-19 00:10:41,495) WARNING - qlib.online operator - [exchange.py:228] - trade unit 100 is not supported in adjusted_price mode.
[25342:MainThread](2026-07-19 00:10:49,410) WARNING - qlib.data - [data.py:665] - load calendar error: freq=day, future=True; return current calendar!
[25342:MainThread](2026-07-19 00:10:49,411) WARNING - qlib.data - [data.py:668] - You can get future calendar by referring to the following document: https://github.com/microsoft/qlib/blob/main/scripts/data_collector/contrib/README.md
[25342:MainThread](2026-07-19 00:10:49,415) WARNING - qlib.BaseExecutor - [executor.py:121] - `common_infra` is not set for <qlib.backtest.executor.SimulatorExecutor object at 0x12a2b8680>

backtest loop:   0%|          | 0/871 [00:00<?, ?it/s]/Users/xuxin/Documents/dev/qlib/qlib/utils/index_data.py:492: RuntimeWarning: Mean of empty slice
  return np.nanmean(self.data)

backtest loop:   1%|▏         | 12/871 [00:00<00:07, 114.54it/s]
backtest loop:   3%|▎         | 24/871 [00:00<00:07, 110.68it/s]
backtest loop:   4%|▍         | 37/871 [00:00<00:07, 116.06it/s]
backtest loop:   6%|▌         | 49/871 [00:00<00:07, 115.79it/s]
backtest loop:   7%|▋         | 61/871 [00:00<00:06, 117.19it/s]
backtest loop:   8%|▊         | 73/871 [00:00<00:06, 115.99it/s]
backtest loop:  10%|▉         | 86/871 [00:00<00:06, 116.85it/s]
backtest loop:  11%|█▏        | 99/871 [00:00<00:06, 117.58it/s]
backtest loop:  13%|█▎        | 112/871 [00:00<00:06, 120.21it/s]
backtest loop:  14%|█▍        | 125/871 [00:01<00:06, 119.88it/s]
backtest loop:  16%|█▌        | 138/871 [00:01<00:06, 121.25it/s]
backtest loop:  17%|█▋        | 151/871 [00:01<00:05, 120.42it/s]
backtest loop:  19%|█▉        | 164/871 [00:01<00:05, 120.14it/s]
backtest loop:  20%|██        | 177/871 [00:01<00:05, 121.64it/s]
backtest loop:  22%|██▏       | 190/871 [00:01<00:05, 120.89it/s]
backtest loop:  23%|██▎       | 203/871 [00:01<00:05, 122.49it/s]
backtest loop:  25%|██▍       | 216/871 [00:01<00:05, 121.83it/s]
backtest loop:  26%|██▋       | 229/871 [00:01<00:05, 121.02it/s]
backtest loop:  28%|██▊       | 242/871 [00:02<00:05, 122.62it/s]
backtest loop:  29%|██▉       | 255/871 [00:02<00:05, 121.72it/s]
backtest loop:  31%|███       | 268/871 [00:02<00:04, 121.46it/s]
backtest loop:  32%|███▏      | 281/871 [00:02<00:04, 121.63it/s]
backtest loop:  34%|███▍      | 294/871 [00:02<00:04, 121.45it/s]
backtest loop:  35%|███▌      | 307/871 [00:02<00:04, 122.28it/s]
backtest loop:  37%|███▋      | 320/871 [00:02<00:04, 124.43it/s]
backtest loop:  38%|███▊      | 333/871 [00:02<00:04, 122.97it/s]
backtest loop:  40%|███▉      | 346/871 [00:02<00:04, 122.13it/s]
backtest loop:  41%|████      | 359/871 [00:02<00:04, 122.91it/s]
backtest loop:  43%|████▎     | 373/871 [00:03<00:04, 123.72it/s]
backtest loop:  44%|████▍     | 387/871 [00:03<00:03, 126.54it/s]
backtest loop:  46%|████▌     | 400/871 [00:03<00:03, 125.80it/s]
backtest loop:  47%|████▋     | 413/871 [00:03<00:03, 124.91it/s]
backtest loop:  49%|████▉     | 426/871 [00:03<00:03, 126.27it/s]
backtest loop:  50%|█████     | 439/871 [00:03<00:03, 125.79it/s]
backtest loop:  52%|█████▏    | 452/871 [00:03<00:03, 124.82it/s]
backtest loop:  53%|█████▎    | 465/871 [00:03<00:03, 124.71it/s]
backtest loop:  55%|█████▍    | 478/871 [00:03<00:03, 123.02it/s]
backtest loop:  56%|█████▋    | 491/871 [00:04<00:03, 120.83it/s]
backtest loop:  58%|█████▊    | 504/871 [00:04<00:03, 121.48it/s]
backtest loop:  59%|█████▉    | 517/871 [00:04<00:02, 119.97it/s]
backtest loop:  61%|██████    | 530/871 [00:04<00:02, 119.37it/s]
backtest loop:  62%|██████▏   | 543/871 [00:04<00:02, 120.56it/s]
backtest loop:  64%|██████▍   | 556/871 [00:04<00:02, 119.48it/s]/Users/xuxin/Documents/dev/qlib/qlib/utils/index_data.py:492: RuntimeWarning: Mean of empty slice
  return np.nanmean(self.data)
/Users/xuxin/Documents/dev/qlib/qlib/utils/index_data.py:492: RuntimeWarning: Mean of empty slice
  return np.nanmean(self.data)

backtest loop:  65%|██████▌   | 569/871 [00:04<00:02, 121.16it/s]
backtest loop:  67%|██████▋   | 582/871 [00:04<00:02, 119.73it/s]
backtest loop:  68%|██████▊   | 595/871 [00:04<00:02, 118.68it/s]
backtest loop:  70%|██████▉   | 608/871 [00:05<00:02, 120.09it/s]
backtest loop:  71%|███████▏  | 621/871 [00:05<00:02, 119.09it/s]
backtest loop:  73%|███████▎  | 634/871 [00:05<00:01, 119.84it/s]
backtest loop:  74%|███████▍  | 646/871 [00:05<00:01, 118.73it/s]
backtest loop:  76%|███████▌  | 659/871 [00:05<00:01, 117.86it/s]
backtest loop:  77%|███████▋  | 671/871 [00:05<00:01, 117.02it/s]
backtest loop:  79%|███████▊  | 684/871 [00:05<00:01, 117.05it/s]
backtest loop:  80%|███████▉  | 696/871 [00:05<00:01, 116.42it/s]
backtest loop:  81%|████████▏ | 709/871 [00:05<00:01, 116.32it/s]
backtest loop:  83%|████████▎ | 722/871 [00:05<00:01, 118.14it/s]
backtest loop:  84%|████████▍ | 734/871 [00:06<00:01, 113.91it/s]
backtest loop:  86%|████████▌ | 746/871 [00:06<00:01, 112.39it/s]
backtest loop:  87%|████████▋ | 758/871 [00:06<00:01, 112.97it/s]
backtest loop:  88%|████████▊ | 770/871 [00:06<00:00, 113.98it/s]
backtest loop:  90%|████████▉ | 782/871 [00:06<00:00, 113.41it/s]
backtest loop:  91%|█████████▏| 795/871 [00:06<00:00, 115.78it/s]
backtest loop:  93%|█████████▎| 807/871 [00:06<00:00, 90.84it/s] 
backtest loop:  94%|█████████▍| 819/871 [00:06<00:00, 96.76it/s]
backtest loop:  96%|█████████▌| 832/871 [00:07<00:00, 103.39it/s]
backtest loop:  97%|█████████▋| 844/871 [00:07<00:00, 106.49it/s]
backtest loop:  98%|█████████▊| 856/871 [00:07<00:00, 108.93it/s]
backtest loop: 100%|█████████▉| 869/871 [00:07<00:00, 113.17it/s]
backtest loop: 100%|██████████| 871/871 [00:07<00:00, 118.00it/s]
[25342:MainThread](2026-07-19 00:10:56,820) INFO - qlib.workflow - [record_temp.py:520] - Portfolio analysis record 'port_analysis_1day.pkl' has been saved as the artifact of the Experiment 949605510549231802
[25342:MainThread](2026-07-19 00:10:56,823) INFO - qlib.workflow - [record_temp.py:545] - Indicator analysis record 'indicator_analysis_1day.pkl' has been saved as the artifact of the Experiment 949605510549231802
[25342:MainThread](2026-07-19 00:10:57,107) INFO - qlib.timer - [log.py:127] - Time cost: 0.002s | waiting `async_log` Done
