'The following are prediction results of the GATs model.'
                          score
datetime   instrument          
2017-01-03 SH600000   -0.019354
2017-01-04 SH600000   -0.016846
2017-01-05 SH600000   -0.000875
2017-01-06 SH600000    0.038070
2017-01-09 SH600000    0.028024
{'IC': np.float64(0.04577440736316342),
 'ICIR': np.float64(0.32086493762331797),
 'Rank IC': np.float64(0.05304297665776005),
 'Rank ICIR': np.float64(0.37849990535775024)}
'The following are analysis results of benchmark return(1day).'
                       risk
mean               0.000477
std                0.012295
annualized_return  0.113561
information_ratio  0.598699
max_drawdown      -0.370479
'The following are analysis results of the excess return without cost(1day).'
                       risk
mean               0.000622
std                0.004646
annualized_return  0.147988
information_ratio  2.064507
max_drawdown      -0.086291
'The following are analysis results of the excess return with cost(1day).'
                       risk
mean               0.000464
std                0.004645
annualized_return  0.110371
information_ratio  1.540348
max_drawdown      -0.097445
'The following are analysis results of indicators(1day).'
     value
ffr    1.0
pa     0.0
pos    0.0

[26702:MainThread](2026-07-21 18:36:06,123) INFO - qlib.qrun - [run.py:78] - Render the template with the context: {}
[26702:MainThread](2026-07-21 18:36:06,129) INFO - qlib.Initialization - [config.py:453] - default_conf: client.
[26702:MainThread](2026-07-21 18:36:06,131) INFO - qlib.Initialization - [__init__.py:82] - qlib successfully initialized based on client settings.
[26702:MainThread](2026-07-21 18:36:06,131) INFO - qlib.Initialization - [__init__.py:84] - data_path={'__DEFAULT_FREQ': PosixPath('/Users/xuxin/.qlib/qlib_data/cn_data')}
[26702:MainThread](2026-07-21 18:36:06,139) WARNING - qlib.workflow - [expm.py:230] - No valid experiment found. Create a new experiment with name trav_deep1b_GATs_gats_Alpha158_2.
[26702:MainThread](2026-07-21 18:36:06,142) INFO - qlib.workflow - [exp.py:258] - Experiment 857998940677860395 starts running ...
[26702:MainThread](2026-07-21 18:36:06,646) INFO - qlib.workflow - [recorder.py:345] - Recorder 01fb56bccdec402ab0508897c3f31242 starts running under Experiment 857998940677860395 ...
[26702:MainThread](2026-07-21 18:36:09,498) INFO - qlib.GATs - [pytorch_gats_ts.py:82] - GATs pytorch version...
[26702:MainThread](2026-07-21 18:36:09,498) INFO - qlib.GATs - [pytorch_gats_ts.py:101] - GATs parameters setting:
d_feat : 20
hidden_size : 64
num_layers : 2
dropout : 0.7
n_epochs : 200
lr : 0.0001
metric : loss
early_stop : 10
optimizer : adam
loss_type : mse
base_model : LSTM
model_path : /Users/xuxin/Documents/dev/qlib/examples/benchmarks/LSTM/csi300_lstm_ts.pkl
visible_GPU : 0
use_GPU : False
seed : None
[26702:MainThread](2026-07-21 18:36:09,499) INFO - qlib.GATs - [pytorch_gats_ts.py:147] - model:
GATModel(
  (rnn): LSTM(20, 64, num_layers=2, batch_first=True, dropout=0.7)
  (transformation): Linear(in_features=64, out_features=64, bias=True)
  (fc): Linear(in_features=64, out_features=64, bias=True)
  (fc_out): Linear(in_features=64, out_features=1, bias=True)
  (leaky_relu): LeakyReLU(negative_slope=0.01)
  (softmax): Softmax(dim=1)
)
[26702:MainThread](2026-07-21 18:36:09,499) INFO - qlib.GATs - [pytorch_gats_ts.py:148] - model size: 0.0609 MB
[26702:MainThread](2026-07-21 18:36:27,818) INFO - qlib.timer - [log.py:127] - Time cost: 17.148s | Loading data Done
[26702:MainThread](2026-07-21 18:36:27,962) INFO - qlib.timer - [log.py:127] - Time cost: 0.011s | FilterCol Done
/Users/xuxin/Documents/dev/qlib/qlib/data/dataset/processor.py:296: SettingWithCopyWarning: 
A value is trying to be set on a copy of a slice from a DataFrame.
Try using .loc[row_indexer,col_indexer] = value instead

See the caveats in the documentation: https://pandas.pydata.org/pandas-docs/stable/user_guide/indexing.html#returning-a-view-versus-a-copy
  df[self.cols] = X
[26702:MainThread](2026-07-21 18:36:28,208) INFO - qlib.timer - [log.py:127] - Time cost: 0.245s | RobustZScoreNorm Done
/Users/xuxin/Documents/dev/qlib/qlib/data/dataset/processor.py:192: SettingWithCopyWarning: 
A value is trying to be set on a copy of a slice from a DataFrame.
Try using .loc[row_indexer,col_indexer] = value instead

See the caveats in the documentation: https://pandas.pydata.org/pandas-docs/stable/user_guide/indexing.html#returning-a-view-versus-a-copy
  df[self.fields_group] = df[self.fields_group].fillna(self.fill_value)
[26702:MainThread](2026-07-21 18:36:28,250) INFO - qlib.timer - [log.py:127] - Time cost: 0.041s | Fillna Done
[26702:MainThread](2026-07-21 18:36:28,286) INFO - qlib.timer - [log.py:127] - Time cost: 0.017s | DropnaLabel Done
/Users/xuxin/Documents/dev/qlib/qlib/data/dataset/processor.py:358: SettingWithCopyWarning: 
A value is trying to be set on a copy of a slice from a DataFrame.
Try using .loc[row_indexer,col_indexer] = value instead

See the caveats in the documentation: https://pandas.pydata.org/pandas-docs/stable/user_guide/indexing.html#returning-a-view-versus-a-copy
  df[cols] = t
[26702:MainThread](2026-07-21 18:36:28,440) INFO - qlib.timer - [log.py:127] - Time cost: 0.155s | CSRankNorm Done
[26702:MainThread](2026-07-21 18:36:28,441) INFO - qlib.timer - [log.py:127] - Time cost: 0.623s | fit & process data Done
[26702:MainThread](2026-07-21 18:36:28,441) INFO - qlib.timer - [log.py:127] - Time cost: 17.772s | Init data Done
[26702:MainThread](2026-07-21 18:36:28,453) WARNING - qlib.utils - [__init__.py:849] - The parameter `reweighter` with value `None` is ignored.
[26702:MainThread](2026-07-21 18:36:29,206) INFO - qlib.GATs - [pytorch_gats_ts.py:271] - Loading pretrained model...
[26702:MainThread](2026-07-21 18:36:29,215) INFO - qlib.GATs - [pytorch_gats_ts.py:280] - Loading pretrained model Done...
[26702:MainThread](2026-07-21 18:36:29,215) INFO - qlib.GATs - [pytorch_gats_ts.py:283] - training...
[26702:MainThread](2026-07-21 18:36:29,215) INFO - qlib.GATs - [pytorch_gats_ts.py:287] - Epoch0:
[26702:MainThread](2026-07-21 18:36:29,216) INFO - qlib.GATs - [pytorch_gats_ts.py:288] - training...
[26702:MainThread](2026-07-21 18:37:18,181) INFO - qlib.GATs - [pytorch_gats_ts.py:290] - evaluating...
[26702:MainThread](2026-07-21 18:37:48,745) INFO - qlib.GATs - [pytorch_gats_ts.py:293] - train -0.987756, valid -0.994028
[26702:MainThread](2026-07-21 18:37:48,746) INFO - qlib.GATs - [pytorch_gats_ts.py:287] - Epoch1:
[26702:MainThread](2026-07-21 18:37:48,746) INFO - qlib.GATs - [pytorch_gats_ts.py:288] - training...
[26702:MainThread](2026-07-21 18:38:38,962) INFO - qlib.GATs - [pytorch_gats_ts.py:290] - evaluating...
[26702:MainThread](2026-07-21 18:39:09,985) INFO - qlib.GATs - [pytorch_gats_ts.py:293] - train -0.986515, valid -0.993922
[26702:MainThread](2026-07-21 18:39:09,986) INFO - qlib.GATs - [pytorch_gats_ts.py:287] - Epoch2:
[26702:MainThread](2026-07-21 18:39:09,986) INFO - qlib.GATs - [pytorch_gats_ts.py:288] - training...
[26702:MainThread](2026-07-21 18:39:59,240) INFO - qlib.GATs - [pytorch_gats_ts.py:290] - evaluating...
[26702:MainThread](2026-07-21 18:40:29,993) INFO - qlib.GATs - [pytorch_gats_ts.py:293] - train -0.985726, valid -0.994303
[26702:MainThread](2026-07-21 18:40:29,994) INFO - qlib.GATs - [pytorch_gats_ts.py:287] - Epoch3:
[26702:MainThread](2026-07-21 18:40:29,994) INFO - qlib.GATs - [pytorch_gats_ts.py:288] - training...
[26702:MainThread](2026-07-21 18:41:19,342) INFO - qlib.GATs - [pytorch_gats_ts.py:290] - evaluating...
[26702:MainThread](2026-07-21 18:41:49,981) INFO - qlib.GATs - [pytorch_gats_ts.py:293] - train -0.985154, valid -0.994523
[26702:MainThread](2026-07-21 18:41:49,981) INFO - qlib.GATs - [pytorch_gats_ts.py:287] - Epoch4:
[26702:MainThread](2026-07-21 18:41:49,981) INFO - qlib.GATs - [pytorch_gats_ts.py:288] - training...
[26702:MainThread](2026-07-21 18:42:39,781) INFO - qlib.GATs - [pytorch_gats_ts.py:290] - evaluating...
[26702:MainThread](2026-07-21 18:43:10,794) INFO - qlib.GATs - [pytorch_gats_ts.py:293] - train -0.984616, valid -0.995036
[26702:MainThread](2026-07-21 18:43:10,794) INFO - qlib.GATs - [pytorch_gats_ts.py:287] - Epoch5:
[26702:MainThread](2026-07-21 18:43:10,794) INFO - qlib.GATs - [pytorch_gats_ts.py:288] - training...
[26702:MainThread](2026-07-21 18:44:00,044) INFO - qlib.GATs - [pytorch_gats_ts.py:290] - evaluating...
[26702:MainThread](2026-07-21 18:44:30,974) INFO - qlib.GATs - [pytorch_gats_ts.py:293] - train -0.983978, valid -0.995156
[26702:MainThread](2026-07-21 18:44:30,974) INFO - qlib.GATs - [pytorch_gats_ts.py:287] - Epoch6:
[26702:MainThread](2026-07-21 18:44:30,974) INFO - qlib.GATs - [pytorch_gats_ts.py:288] - training...
[26702:MainThread](2026-07-21 18:45:19,976) INFO - qlib.GATs - [pytorch_gats_ts.py:290] - evaluating...
[26702:MainThread](2026-07-21 18:45:50,807) INFO - qlib.GATs - [pytorch_gats_ts.py:293] - train -0.983600, valid -0.994836
[26702:MainThread](2026-07-21 18:45:50,807) INFO - qlib.GATs - [pytorch_gats_ts.py:287] - Epoch7:
[26702:MainThread](2026-07-21 18:45:50,807) INFO - qlib.GATs - [pytorch_gats_ts.py:288] - training...
[26702:MainThread](2026-07-21 18:46:40,316) INFO - qlib.GATs - [pytorch_gats_ts.py:290] - evaluating...
[26702:MainThread](2026-07-21 18:47:11,165) INFO - qlib.GATs - [pytorch_gats_ts.py:293] - train -0.982960, valid -0.995384
[26702:MainThread](2026-07-21 18:47:11,165) INFO - qlib.GATs - [pytorch_gats_ts.py:287] - Epoch8:
[26702:MainThread](2026-07-21 18:47:11,165) INFO - qlib.GATs - [pytorch_gats_ts.py:288] - training...
[26702:MainThread](2026-07-21 18:48:00,640) INFO - qlib.GATs - [pytorch_gats_ts.py:290] - evaluating...
[26702:MainThread](2026-07-21 18:48:31,647) INFO - qlib.GATs - [pytorch_gats_ts.py:293] - train -0.982637, valid -0.995147
[26702:MainThread](2026-07-21 18:48:31,648) INFO - qlib.GATs - [pytorch_gats_ts.py:287] - Epoch9:
[26702:MainThread](2026-07-21 18:48:31,648) INFO - qlib.GATs - [pytorch_gats_ts.py:288] - training...
[26702:MainThread](2026-07-21 18:49:21,071) INFO - qlib.GATs - [pytorch_gats_ts.py:290] - evaluating...
[26702:MainThread](2026-07-21 18:49:52,442) INFO - qlib.GATs - [pytorch_gats_ts.py:293] - train -0.982297, valid -0.995520
[26702:MainThread](2026-07-21 18:49:52,442) INFO - qlib.GATs - [pytorch_gats_ts.py:287] - Epoch10:
[26702:MainThread](2026-07-21 18:49:52,442) INFO - qlib.GATs - [pytorch_gats_ts.py:288] - training...
[26702:MainThread](2026-07-21 18:50:42,728) INFO - qlib.GATs - [pytorch_gats_ts.py:290] - evaluating...
[26702:MainThread](2026-07-21 18:51:14,106) INFO - qlib.GATs - [pytorch_gats_ts.py:293] - train -0.981817, valid -0.995198
[26702:MainThread](2026-07-21 18:51:14,106) INFO - qlib.GATs - [pytorch_gats_ts.py:287] - Epoch11:
[26702:MainThread](2026-07-21 18:51:14,106) INFO - qlib.GATs - [pytorch_gats_ts.py:288] - training...
[26702:MainThread](2026-07-21 18:52:04,086) INFO - qlib.GATs - [pytorch_gats_ts.py:290] - evaluating...
[26702:MainThread](2026-07-21 18:52:35,307) INFO - qlib.GATs - [pytorch_gats_ts.py:293] - train -0.981223, valid -0.995902
[26702:MainThread](2026-07-21 18:52:35,307) INFO - qlib.GATs - [pytorch_gats_ts.py:305] - early stop
[26702:MainThread](2026-07-21 18:52:35,307) INFO - qlib.GATs - [pytorch_gats_ts.py:308] - best score: -0.993922 @ 1
[26702:MainThread](2026-07-21 18:52:35,320) INFO - qlib.fill_placeholder - [__init__.py:798] - <PRED> lookes like a placeholder, but it can't match to any given values
Gym has been unmaintained since 2022 and does not support NumPy 2.0 amongst other critical functionality.
Please upgrade to Gymnasium, the maintained drop-in replacement of Gym, or contact the authors of your software and request that they upgrade.
Users of this version of Gym should be able to simply replace 'import gym' with 'import gymnasium as gym' in the vast majority of cases.
See the migration guide at https://gymnasium.farama.org/introduction/migration_guide/ for additional information.
[26702:MainThread](2026-07-21 18:52:47,889) INFO - qlib.workflow - [record_temp.py:197] - Signal record 'pred.pkl' has been saved as the artifact of the Experiment 857998940677860395
[26702:MainThread](2026-07-21 18:52:48,184) INFO - qlib.backtest caller - [__init__.py:93] - Create new exchange
[26702:MainThread](2026-07-21 18:52:56,106) WARNING - qlib.online operator - [exchange.py:219] - $close field data contains nan.
[26702:MainThread](2026-07-21 18:52:56,107) WARNING - qlib.online operator - [exchange.py:219] - $close field data contains nan.
[26702:MainThread](2026-07-21 18:52:56,109) WARNING - qlib.online operator - [exchange.py:226] - factor.day.bin file not exists or factor contains `nan`. Order using adjusted_price.
[26702:MainThread](2026-07-21 18:52:56,109) WARNING - qlib.online operator - [exchange.py:228] - trade unit 100 is not supported in adjusted_price mode.
[26702:MainThread](2026-07-21 18:53:04,009) WARNING - qlib.data - [data.py:665] - load calendar error: freq=day, future=True; return current calendar!
[26702:MainThread](2026-07-21 18:53:04,010) WARNING - qlib.data - [data.py:668] - You can get future calendar by referring to the following document: https://github.com/microsoft/qlib/blob/main/scripts/data_collector/contrib/README.md
[26702:MainThread](2026-07-21 18:53:04,016) WARNING - qlib.BaseExecutor - [executor.py:121] - `common_infra` is not set for <qlib.backtest.executor.SimulatorExecutor object at 0x120ba7cb0>

backtest loop:   0%|          | 0/871 [00:00<?, ?it/s]/Users/xuxin/Documents/dev/qlib/qlib/utils/index_data.py:492: RuntimeWarning: Mean of empty slice
  return np.nanmean(self.data)

backtest loop:   1%|▏         | 12/871 [00:00<00:07, 114.86it/s]
backtest loop:   3%|▎         | 24/871 [00:00<00:07, 111.28it/s]
backtest loop:   4%|▍         | 37/871 [00:00<00:07, 118.01it/s]
backtest loop:   6%|▌         | 49/871 [00:00<00:07, 117.27it/s]
backtest loop:   7%|▋         | 62/871 [00:00<00:06, 117.93it/s]
backtest loop:   9%|▊         | 75/871 [00:00<00:06, 120.72it/s]
backtest loop:  10%|█         | 88/871 [00:00<00:06, 119.63it/s]
backtest loop:  11%|█▏        | 100/871 [00:00<00:06, 118.53it/s]
backtest loop:  13%|█▎        | 113/871 [00:00<00:06, 120.50it/s]
backtest loop:  14%|█▍        | 126/871 [00:01<00:06, 119.99it/s]
backtest loop:  16%|█▌        | 139/871 [00:01<00:06, 119.93it/s]
backtest loop:  17%|█▋        | 152/871 [00:01<00:05, 122.10it/s]
backtest loop:  19%|█▉        | 165/871 [00:01<00:05, 121.88it/s]
backtest loop:  20%|██        | 178/871 [00:01<00:05, 124.20it/s]
backtest loop:  22%|██▏       | 191/871 [00:01<00:05, 124.11it/s]
backtest loop:  23%|██▎       | 204/871 [00:01<00:05, 123.90it/s]
backtest loop:  25%|██▍       | 217/871 [00:01<00:05, 125.66it/s]
backtest loop:  26%|██▋       | 230/871 [00:01<00:05, 125.29it/s]
backtest loop:  28%|██▊       | 243/871 [00:01<00:04, 126.24it/s]
backtest loop:  29%|██▉       | 256/871 [00:02<00:04, 125.34it/s]
backtest loop:  31%|███       | 269/871 [00:02<00:04, 124.44it/s]
backtest loop:  32%|███▏      | 282/871 [00:02<00:04, 123.89it/s]
backtest loop:  34%|███▍      | 295/871 [00:02<00:04, 122.48it/s]
backtest loop:  35%|███▌      | 308/871 [00:02<00:04, 122.30it/s]
backtest loop:  37%|███▋      | 321/871 [00:02<00:04, 122.05it/s]
backtest loop:  38%|███▊      | 334/871 [00:02<00:04, 121.04it/s]
backtest loop:  40%|███▉      | 347/871 [00:02<00:04, 122.98it/s]
backtest loop:  41%|████▏     | 360/871 [00:02<00:04, 122.46it/s]
backtest loop:  43%|████▎     | 373/871 [00:03<00:04, 120.89it/s]
backtest loop:  44%|████▍     | 386/871 [00:03<00:03, 122.73it/s]
backtest loop:  46%|████▌     | 399/871 [00:03<00:03, 123.55it/s]
backtest loop:  47%|████▋     | 412/871 [00:03<00:03, 124.71it/s]
backtest loop:  49%|████▉     | 425/871 [00:03<00:03, 124.31it/s]/Users/xuxin/Documents/dev/qlib/qlib/utils/index_data.py:492: RuntimeWarning: Mean of empty slice
  return np.nanmean(self.data)

backtest loop:  50%|█████     | 438/871 [00:03<00:03, 124.48it/s]
backtest loop:  52%|█████▏    | 451/871 [00:03<00:03, 125.69it/s]
backtest loop:  53%|█████▎    | 464/871 [00:03<00:03, 123.90it/s]
backtest loop:  55%|█████▍    | 477/871 [00:03<00:03, 122.60it/s]
backtest loop:  56%|█████▋    | 490/871 [00:04<00:03, 121.97it/s]
backtest loop:  58%|█████▊    | 503/871 [00:04<00:03, 121.74it/s]
backtest loop:  59%|█████▉    | 516/871 [00:04<00:02, 120.32it/s]
backtest loop:  61%|██████    | 529/871 [00:04<00:02, 121.45it/s]
backtest loop:  62%|██████▏   | 542/871 [00:04<00:02, 119.86it/s]
backtest loop:  64%|██████▎   | 554/871 [00:04<00:02, 116.79it/s]/Users/xuxin/Documents/dev/qlib/qlib/utils/index_data.py:492: RuntimeWarning: Mean of empty slice
  return np.nanmean(self.data)
/Users/xuxin/Documents/dev/qlib/qlib/utils/index_data.py:492: RuntimeWarning: Mean of empty slice
  return np.nanmean(self.data)

backtest loop:  65%|██████▌   | 567/871 [00:04<00:02, 118.17it/s]
backtest loop:  67%|██████▋   | 580/871 [00:04<00:02, 119.76it/s]
backtest loop:  68%|██████▊   | 592/871 [00:04<00:02, 118.10it/s]
backtest loop:  69%|██████▉   | 605/871 [00:04<00:02, 117.76it/s]
backtest loop:  71%|███████   | 618/871 [00:05<00:02, 119.40it/s]
backtest loop:  72%|███████▏  | 630/871 [00:05<00:02, 118.36it/s]
backtest loop:  74%|███████▍  | 643/871 [00:05<00:01, 119.81it/s]
backtest loop:  75%|███████▌  | 655/871 [00:05<00:01, 118.52it/s]
backtest loop:  77%|███████▋  | 668/871 [00:05<00:01, 119.30it/s]
backtest loop:  78%|███████▊  | 680/871 [00:05<00:01, 113.77it/s]
backtest loop:  80%|███████▉  | 693/871 [00:05<00:01, 116.62it/s]
backtest loop:  81%|████████  | 705/871 [00:05<00:01, 115.15it/s]
backtest loop:  82%|████████▏ | 717/871 [00:05<00:01, 115.45it/s]
backtest loop:  84%|████████▎ | 729/871 [00:06<00:01, 115.18it/s]
backtest loop:  85%|████████▌ | 741/871 [00:06<00:01, 115.12it/s]
backtest loop:  86%|████████▋ | 753/871 [00:06<00:01, 115.34it/s]
backtest loop:  88%|████████▊ | 766/871 [00:06<00:00, 117.93it/s]
backtest loop:  89%|████████▉ | 778/871 [00:06<00:00, 117.11it/s]
backtest loop:  91%|█████████ | 791/871 [00:06<00:00, 119.17it/s]
backtest loop:  92%|█████████▏| 803/871 [00:06<00:00, 118.24it/s]
backtest loop:  94%|█████████▎| 815/871 [00:06<00:00, 92.00it/s] 
backtest loop:  95%|█████████▌| 828/871 [00:06<00:00, 98.50it/s]
backtest loop:  97%|█████████▋| 841/871 [00:07<00:00, 104.91it/s]
backtest loop:  98%|█████████▊| 853/871 [00:07<00:00, 107.92it/s]
backtest loop:  99%|█████████▉| 866/871 [00:07<00:00, 110.78it/s]
backtest loop: 100%|██████████| 871/871 [00:07<00:00, 118.64it/s]
[26702:MainThread](2026-07-21 18:53:11,381) INFO - qlib.workflow - [record_temp.py:520] - Portfolio analysis record 'port_analysis_1day.pkl' has been saved as the artifact of the Experiment 857998940677860395
[26702:MainThread](2026-07-21 18:53:11,384) INFO - qlib.workflow - [record_temp.py:545] - Indicator analysis record 'indicator_analysis_1day.pkl' has been saved as the artifact of the Experiment 857998940677860395
[26702:MainThread](2026-07-21 18:53:11,666) INFO - qlib.timer - [log.py:127] - Time cost: 0.001s | waiting `async_log` Done
