'The following are prediction results of the LSTM model.'
                          score
datetime   instrument          
2017-01-03 SH600000   -0.001599
2017-01-04 SH600000   -0.012010
2017-01-05 SH600000    0.002061
2017-01-06 SH600000    0.058080
2017-01-09 SH600000    0.015659
{'IC': np.float64(0.025199960924032604),
 'ICIR': np.float64(0.1861843513976803),
 'Rank IC': np.float64(0.03835415845692896),
 'Rank ICIR': np.float64(0.29418634084950124)}
'The following are analysis results of benchmark return(1day).'
                       risk
mean               0.000477
std                0.012295
annualized_return  0.113561
information_ratio  0.598699
max_drawdown      -0.370479
'The following are analysis results of the excess return without cost(1day).'
                       risk
mean               0.000231
std                0.004129
annualized_return  0.054891
information_ratio  0.861764
max_drawdown      -0.073299
'The following are analysis results of the excess return with cost(1day).'
                       risk
mean               0.000052
std                0.004130
annualized_return  0.012294
information_ratio  0.192962
max_drawdown      -0.119754
'The following are analysis results of indicators(1day).'
     value
ffr    1.0
pa     0.0
pos    0.0

[60949:MainThread](2026-07-21 15:00:45,138) INFO - qlib.qrun - [run.py:78] - Render the template with the context: {}
[60949:MainThread](2026-07-21 15:00:45,145) INFO - qlib.Initialization - [config.py:453] - default_conf: client.
[60949:MainThread](2026-07-21 15:00:45,147) INFO - qlib.Initialization - [__init__.py:82] - qlib successfully initialized based on client settings.
[60949:MainThread](2026-07-21 15:00:45,147) INFO - qlib.Initialization - [__init__.py:84] - data_path={'__DEFAULT_FREQ': PosixPath('/Users/xuxin/.qlib/qlib_data/cn_data')}
[60949:MainThread](2026-07-21 15:00:45,156) WARNING - qlib.workflow - [expm.py:230] - No valid experiment found. Create a new experiment with name trav_deep1b_LSTM_lstm_Alpha158_2.
[60949:MainThread](2026-07-21 15:00:45,160) INFO - qlib.workflow - [exp.py:258] - Experiment 855333799513065480 starts running ...
[60949:MainThread](2026-07-21 15:00:45,845) INFO - qlib.workflow - [recorder.py:345] - Recorder 793efe4d5f8b464b91339b4d2ef00a8f starts running under Experiment 855333799513065480 ...
[60949:MainThread](2026-07-21 15:00:48,839) INFO - qlib.LSTM - [pytorch_lstm_ts.py:60] - LSTM pytorch version...
[60949:MainThread](2026-07-21 15:00:48,840) INFO - qlib.LSTM - [pytorch_lstm_ts.py:78] - LSTM parameters setting:
d_feat : 20
hidden_size : 64
num_layers : 2
dropout : 0.0
n_epochs : 200
lr : 0.001
metric : loss
batch_size : 800
early_stop : 10
optimizer : adam
loss_type : mse
device : cpu
n_jobs : 0
use_GPU : False
seed : None
[60949:MainThread](2026-07-21 15:01:08,460) INFO - qlib.timer - [log.py:127] - Time cost: 18.272s | Loading data Done
[60949:MainThread](2026-07-21 15:01:08,614) INFO - qlib.timer - [log.py:127] - Time cost: 0.011s | FilterCol Done
/Users/xuxin/Documents/dev/qlib/qlib/data/dataset/processor.py:296: SettingWithCopyWarning: 
A value is trying to be set on a copy of a slice from a DataFrame.
Try using .loc[row_indexer,col_indexer] = value instead

See the caveats in the documentation: https://pandas.pydata.org/pandas-docs/stable/user_guide/indexing.html#returning-a-view-versus-a-copy
  df[self.cols] = X
[60949:MainThread](2026-07-21 15:01:08,871) INFO - qlib.timer - [log.py:127] - Time cost: 0.257s | RobustZScoreNorm Done
/Users/xuxin/Documents/dev/qlib/qlib/data/dataset/processor.py:192: SettingWithCopyWarning: 
A value is trying to be set on a copy of a slice from a DataFrame.
Try using .loc[row_indexer,col_indexer] = value instead

See the caveats in the documentation: https://pandas.pydata.org/pandas-docs/stable/user_guide/indexing.html#returning-a-view-versus-a-copy
  df[self.fields_group] = df[self.fields_group].fillna(self.fill_value)
[60949:MainThread](2026-07-21 15:01:08,913) INFO - qlib.timer - [log.py:127] - Time cost: 0.041s | Fillna Done
[60949:MainThread](2026-07-21 15:01:08,949) INFO - qlib.timer - [log.py:127] - Time cost: 0.017s | DropnaLabel Done
/Users/xuxin/Documents/dev/qlib/qlib/data/dataset/processor.py:358: SettingWithCopyWarning: 
A value is trying to be set on a copy of a slice from a DataFrame.
Try using .loc[row_indexer,col_indexer] = value instead

See the caveats in the documentation: https://pandas.pydata.org/pandas-docs/stable/user_guide/indexing.html#returning-a-view-versus-a-copy
  df[cols] = t
[60949:MainThread](2026-07-21 15:01:09,104) INFO - qlib.timer - [log.py:127] - Time cost: 0.155s | CSRankNorm Done
[60949:MainThread](2026-07-21 15:01:09,105) INFO - qlib.timer - [log.py:127] - Time cost: 0.645s | fit & process data Done
[60949:MainThread](2026-07-21 15:01:09,105) INFO - qlib.timer - [log.py:127] - Time cost: 18.918s | Init data Done
[60949:MainThread](2026-07-21 15:01:09,869) INFO - qlib.LSTM - [pytorch_lstm_ts.py:244] - training...
[60949:MainThread](2026-07-21 15:01:09,869) INFO - qlib.LSTM - [pytorch_lstm_ts.py:248] - Epoch0:
[60949:MainThread](2026-07-21 15:01:09,869) INFO - qlib.LSTM - [pytorch_lstm_ts.py:249] - training...
[60949:MainThread](2026-07-21 15:01:43,902) INFO - qlib.LSTM - [pytorch_lstm_ts.py:251] - evaluating...
[60949:MainThread](2026-07-21 15:02:10,159) INFO - qlib.LSTM - [pytorch_lstm_ts.py:254] - train -0.990571, valid -0.994133
[60949:MainThread](2026-07-21 15:02:10,159) INFO - qlib.LSTM - [pytorch_lstm_ts.py:248] - Epoch1:
[60949:MainThread](2026-07-21 15:02:10,160) INFO - qlib.LSTM - [pytorch_lstm_ts.py:249] - training...
[60949:MainThread](2026-07-21 15:02:44,989) INFO - qlib.LSTM - [pytorch_lstm_ts.py:251] - evaluating...
[60949:MainThread](2026-07-21 15:03:11,457) INFO - qlib.LSTM - [pytorch_lstm_ts.py:254] - train -0.986773, valid -0.995013
[60949:MainThread](2026-07-21 15:03:11,457) INFO - qlib.LSTM - [pytorch_lstm_ts.py:248] - Epoch2:
[60949:MainThread](2026-07-21 15:03:11,457) INFO - qlib.LSTM - [pytorch_lstm_ts.py:249] - training...
[60949:MainThread](2026-07-21 15:03:46,469) INFO - qlib.LSTM - [pytorch_lstm_ts.py:251] - evaluating...
[60949:MainThread](2026-07-21 15:04:13,434) INFO - qlib.LSTM - [pytorch_lstm_ts.py:254] - train -0.983221, valid -0.999223
[60949:MainThread](2026-07-21 15:04:13,434) INFO - qlib.LSTM - [pytorch_lstm_ts.py:248] - Epoch3:
[60949:MainThread](2026-07-21 15:04:13,434) INFO - qlib.LSTM - [pytorch_lstm_ts.py:249] - training...
[60949:MainThread](2026-07-21 15:04:47,579) INFO - qlib.LSTM - [pytorch_lstm_ts.py:251] - evaluating...
[60949:MainThread](2026-07-21 15:05:13,968) INFO - qlib.LSTM - [pytorch_lstm_ts.py:254] - train -0.979770, valid -0.996994
[60949:MainThread](2026-07-21 15:05:13,968) INFO - qlib.LSTM - [pytorch_lstm_ts.py:248] - Epoch4:
[60949:MainThread](2026-07-21 15:05:13,968) INFO - qlib.LSTM - [pytorch_lstm_ts.py:249] - training...
[60949:MainThread](2026-07-21 15:05:48,474) INFO - qlib.LSTM - [pytorch_lstm_ts.py:251] - evaluating...
[60949:MainThread](2026-07-21 15:06:16,177) INFO - qlib.LSTM - [pytorch_lstm_ts.py:254] - train -0.975370, valid -1.000793
[60949:MainThread](2026-07-21 15:06:16,177) INFO - qlib.LSTM - [pytorch_lstm_ts.py:248] - Epoch5:
[60949:MainThread](2026-07-21 15:06:16,177) INFO - qlib.LSTM - [pytorch_lstm_ts.py:249] - training...
[60949:MainThread](2026-07-21 15:06:52,100) INFO - qlib.LSTM - [pytorch_lstm_ts.py:251] - evaluating...
[60949:MainThread](2026-07-21 15:07:19,942) INFO - qlib.LSTM - [pytorch_lstm_ts.py:254] - train -0.970229, valid -1.003548
[60949:MainThread](2026-07-21 15:07:19,943) INFO - qlib.LSTM - [pytorch_lstm_ts.py:248] - Epoch6:
[60949:MainThread](2026-07-21 15:07:19,943) INFO - qlib.LSTM - [pytorch_lstm_ts.py:249] - training...
[60949:MainThread](2026-07-21 15:07:56,463) INFO - qlib.LSTM - [pytorch_lstm_ts.py:251] - evaluating...
[60949:MainThread](2026-07-21 15:08:24,796) INFO - qlib.LSTM - [pytorch_lstm_ts.py:254] - train -0.966613, valid -1.009560
[60949:MainThread](2026-07-21 15:08:24,797) INFO - qlib.LSTM - [pytorch_lstm_ts.py:248] - Epoch7:
[60949:MainThread](2026-07-21 15:08:24,797) INFO - qlib.LSTM - [pytorch_lstm_ts.py:249] - training...
[60949:MainThread](2026-07-21 15:09:01,568) INFO - qlib.LSTM - [pytorch_lstm_ts.py:251] - evaluating...
[60949:MainThread](2026-07-21 15:09:27,920) INFO - qlib.LSTM - [pytorch_lstm_ts.py:254] - train -0.960226, valid -1.013832
[60949:MainThread](2026-07-21 15:09:27,920) INFO - qlib.LSTM - [pytorch_lstm_ts.py:248] - Epoch8:
[60949:MainThread](2026-07-21 15:09:27,920) INFO - qlib.LSTM - [pytorch_lstm_ts.py:249] - training...
[60949:MainThread](2026-07-21 15:10:01,967) INFO - qlib.LSTM - [pytorch_lstm_ts.py:251] - evaluating...
[60949:MainThread](2026-07-21 15:10:28,401) INFO - qlib.LSTM - [pytorch_lstm_ts.py:254] - train -0.955442, valid -1.021143
[60949:MainThread](2026-07-21 15:10:28,401) INFO - qlib.LSTM - [pytorch_lstm_ts.py:248] - Epoch9:
[60949:MainThread](2026-07-21 15:10:28,402) INFO - qlib.LSTM - [pytorch_lstm_ts.py:249] - training...
[60949:MainThread](2026-07-21 15:11:02,488) INFO - qlib.LSTM - [pytorch_lstm_ts.py:251] - evaluating...
[60949:MainThread](2026-07-21 15:11:28,639) INFO - qlib.LSTM - [pytorch_lstm_ts.py:254] - train -0.948473, valid -1.022038
[60949:MainThread](2026-07-21 15:11:28,639) INFO - qlib.LSTM - [pytorch_lstm_ts.py:248] - Epoch10:
[60949:MainThread](2026-07-21 15:11:28,640) INFO - qlib.LSTM - [pytorch_lstm_ts.py:249] - training...
[60949:MainThread](2026-07-21 15:12:02,602) INFO - qlib.LSTM - [pytorch_lstm_ts.py:251] - evaluating...
[60949:MainThread](2026-07-21 15:12:28,707) INFO - qlib.LSTM - [pytorch_lstm_ts.py:254] - train -0.942805, valid -1.027413
[60949:MainThread](2026-07-21 15:12:28,707) INFO - qlib.LSTM - [pytorch_lstm_ts.py:266] - early stop
[60949:MainThread](2026-07-21 15:12:28,707) INFO - qlib.LSTM - [pytorch_lstm_ts.py:269] - best score: -0.994133 @ 0
[60949:MainThread](2026-07-21 15:12:28,727) INFO - qlib.fill_placeholder - [__init__.py:798] - <PRED> lookes like a placeholder, but it can't match to any given values
Gym has been unmaintained since 2022 and does not support NumPy 2.0 amongst other critical functionality.
Please upgrade to Gymnasium, the maintained drop-in replacement of Gym, or contact the authors of your software and request that they upgrade.
Users of this version of Gym should be able to simply replace 'import gym' with 'import gymnasium as gym' in the vast majority of cases.
See the migration guide at https://gymnasium.farama.org/introduction/migration_guide/ for additional information.
[60949:MainThread](2026-07-21 15:12:39,428) INFO - qlib.workflow - [record_temp.py:197] - Signal record 'pred.pkl' has been saved as the artifact of the Experiment 855333799513065480
[60949:MainThread](2026-07-21 15:12:39,728) INFO - qlib.backtest caller - [__init__.py:93] - Create new exchange
[60949:MainThread](2026-07-21 15:12:47,438) WARNING - qlib.online operator - [exchange.py:219] - $close field data contains nan.
[60949:MainThread](2026-07-21 15:12:47,439) WARNING - qlib.online operator - [exchange.py:219] - $close field data contains nan.
[60949:MainThread](2026-07-21 15:12:47,441) WARNING - qlib.online operator - [exchange.py:226] - factor.day.bin file not exists or factor contains `nan`. Order using adjusted_price.
[60949:MainThread](2026-07-21 15:12:47,441) WARNING - qlib.online operator - [exchange.py:228] - trade unit 100 is not supported in adjusted_price mode.
[60949:MainThread](2026-07-21 15:12:55,251) WARNING - qlib.data - [data.py:665] - load calendar error: freq=day, future=True; return current calendar!
[60949:MainThread](2026-07-21 15:12:55,252) WARNING - qlib.data - [data.py:668] - You can get future calendar by referring to the following document: https://github.com/microsoft/qlib/blob/main/scripts/data_collector/contrib/README.md
[60949:MainThread](2026-07-21 15:12:55,256) WARNING - qlib.BaseExecutor - [executor.py:121] - `common_infra` is not set for <qlib.backtest.executor.SimulatorExecutor object at 0x1407f42f0>

backtest loop:   0%|          | 0/871 [00:00<?, ?it/s]/Users/xuxin/Documents/dev/qlib/qlib/utils/index_data.py:492: RuntimeWarning: Mean of empty slice
  return np.nanmean(self.data)

backtest loop:   1%|▏         | 13/871 [00:00<00:07, 121.77it/s]
backtest loop:   3%|▎         | 26/871 [00:00<00:07, 114.67it/s]
backtest loop:   4%|▍         | 39/871 [00:00<00:07, 115.29it/s]
backtest loop:   6%|▌         | 52/871 [00:00<00:06, 118.24it/s]
backtest loop:   7%|▋         | 64/871 [00:00<00:06, 117.35it/s]
backtest loop:   9%|▉         | 77/871 [00:00<00:06, 118.14it/s]
backtest loop:  10%|█         | 90/871 [00:00<00:06, 120.05it/s]
backtest loop:  12%|█▏        | 103/871 [00:00<00:06, 119.23it/s]
backtest loop:  13%|█▎        | 115/871 [00:00<00:06, 118.53it/s]
backtest loop:  15%|█▍        | 128/871 [00:01<00:06, 120.44it/s]
backtest loop:  16%|█▌        | 141/871 [00:01<00:06, 120.00it/s]
backtest loop:  18%|█▊        | 154/871 [00:01<00:05, 119.91it/s]
backtest loop:  19%|█▉        | 167/871 [00:01<00:05, 121.74it/s]
backtest loop:  21%|██        | 180/871 [00:01<00:05, 120.45it/s]
backtest loop:  22%|██▏       | 193/871 [00:01<00:05, 120.82it/s]
backtest loop:  24%|██▎       | 206/871 [00:01<00:05, 119.41it/s]
backtest loop:  25%|██▌       | 219/871 [00:01<00:05, 118.50it/s]
backtest loop:  27%|██▋       | 232/871 [00:01<00:05, 119.89it/s]
backtest loop:  28%|██▊       | 244/871 [00:02<00:05, 118.44it/s]
backtest loop:  30%|██▉       | 257/871 [00:02<00:05, 119.99it/s]
backtest loop:  31%|███       | 270/871 [00:02<00:05, 118.07it/s]
backtest loop:  32%|███▏      | 282/871 [00:02<00:04, 118.36it/s]
backtest loop:  34%|███▍      | 295/871 [00:02<00:04, 119.44it/s]
backtest loop:  35%|███▌      | 307/871 [00:02<00:04, 119.21it/s]
backtest loop:  37%|███▋      | 320/871 [00:02<00:04, 121.75it/s]
backtest loop:  38%|███▊      | 333/871 [00:02<00:04, 121.00it/s]
backtest loop:  40%|███▉      | 346/871 [00:02<00:04, 121.19it/s]
backtest loop:  41%|████      | 359/871 [00:03<00:04, 121.14it/s]
backtest loop:  43%|████▎     | 372/871 [00:03<00:04, 123.21it/s]
backtest loop:  44%|████▍     | 385/871 [00:03<00:03, 122.68it/s]
backtest loop:  46%|████▌     | 398/871 [00:03<00:03, 121.67it/s]
backtest loop:  47%|████▋     | 411/871 [00:03<00:03, 122.73it/s]
backtest loop:  49%|████▊     | 424/871 [00:03<00:03, 121.99it/s]
backtest loop:  50%|█████     | 437/871 [00:03<00:03, 121.52it/s]
backtest loop:  52%|█████▏    | 450/871 [00:03<00:03, 122.75it/s]
backtest loop:  53%|█████▎    | 463/871 [00:03<00:03, 121.31it/s]
backtest loop:  55%|█████▍    | 476/871 [00:03<00:03, 121.66it/s]
backtest loop:  56%|█████▌    | 489/871 [00:04<00:03, 120.22it/s]
backtest loop:  58%|█████▊    | 502/871 [00:04<00:03, 118.82it/s]
backtest loop:  59%|█████▉    | 515/871 [00:04<00:03, 118.12it/s]
backtest loop:  61%|██████    | 528/871 [00:04<00:02, 119.82it/s]
backtest loop:  62%|██████▏   | 540/871 [00:04<00:02, 118.22it/s]
backtest loop:  63%|██████▎   | 553/871 [00:04<00:02, 119.23it/s]/Users/xuxin/Documents/dev/qlib/qlib/utils/index_data.py:492: RuntimeWarning: Mean of empty slice
  return np.nanmean(self.data)

backtest loop:  65%|██████▍   | 565/871 [00:04<00:02, 118.62it/s]/Users/xuxin/Documents/dev/qlib/qlib/utils/index_data.py:492: RuntimeWarning: Mean of empty slice
  return np.nanmean(self.data)

backtest loop:  66%|██████▋   | 578/871 [00:04<00:02, 119.70it/s]
backtest loop:  68%|██████▊   | 590/871 [00:04<00:02, 118.41it/s]
backtest loop:  69%|██████▉   | 602/871 [00:05<00:02, 118.81it/s]
backtest loop:  71%|███████   | 615/871 [00:05<00:02, 117.88it/s]
backtest loop:  72%|███████▏  | 627/871 [00:05<00:02, 118.37it/s]
backtest loop:  73%|███████▎  | 640/871 [00:05<00:01, 117.38it/s]
backtest loop:  75%|███████▍  | 653/871 [00:05<00:01, 118.66it/s]
backtest loop:  76%|███████▋  | 665/871 [00:05<00:01, 116.90it/s]
backtest loop:  78%|███████▊  | 677/871 [00:05<00:01, 115.43it/s]
backtest loop:  79%|███████▉  | 689/871 [00:05<00:01, 114.84it/s]
backtest loop:  81%|████████  | 702/871 [00:05<00:01, 117.35it/s]
backtest loop:  82%|████████▏ | 714/871 [00:05<00:01, 116.63it/s]
backtest loop:  83%|████████▎ | 727/871 [00:06<00:01, 118.48it/s]
backtest loop:  85%|████████▍ | 739/871 [00:06<00:01, 113.39it/s]
backtest loop:  86%|████████▋ | 752/871 [00:06<00:01, 114.06it/s]
backtest loop:  88%|████████▊ | 765/871 [00:06<00:00, 116.77it/s]
backtest loop:  89%|████████▉ | 777/871 [00:06<00:00, 116.43it/s]
backtest loop:  91%|█████████ | 790/871 [00:06<00:00, 118.00it/s]
backtest loop:  92%|█████████▏| 802/871 [00:06<00:00, 117.01it/s]
backtest loop:  93%|█████████▎| 814/871 [00:06<00:00, 116.30it/s]
backtest loop:  95%|█████████▍| 826/871 [00:07<00:00, 92.41it/s] 
backtest loop:  96%|█████████▌| 838/871 [00:07<00:00, 98.33it/s]
backtest loop:  98%|█████████▊| 851/871 [00:07<00:00, 103.22it/s]
backtest loop:  99%|█████████▉| 864/871 [00:07<00:00, 108.99it/s]
backtest loop: 100%|██████████| 871/871 [00:07<00:00, 117.38it/s]
[60949:MainThread](2026-07-21 15:13:02,697) INFO - qlib.workflow - [record_temp.py:520] - Portfolio analysis record 'port_analysis_1day.pkl' has been saved as the artifact of the Experiment 855333799513065480
[60949:MainThread](2026-07-21 15:13:02,700) INFO - qlib.workflow - [record_temp.py:545] - Indicator analysis record 'indicator_analysis_1day.pkl' has been saved as the artifact of the Experiment 855333799513065480
[60949:MainThread](2026-07-21 15:13:02,998) INFO - qlib.timer - [log.py:127] - Time cost: 0.007s | waiting `async_log` Done
