'The following are prediction results of the TabnetModel model.'
                          score
datetime   instrument          
2017-01-03 SH600000   -0.010212
           SH600008    0.069297
           SH600009    0.040948
           SH600010    0.031024
           SH600015   -0.021122
{'IC': np.float64(0.04044207404747263),
 'ICIR': np.float64(0.3483164812578577),
 'Rank IC': np.float64(0.04432845873401349),
 'Rank ICIR': np.float64(0.3858780432085764)}
'The following are analysis results of benchmark return(1day).'
                       risk
mean               0.000477
std                0.012295
annualized_return  0.113561
information_ratio  0.598699
max_drawdown      -0.370479
'The following are analysis results of the excess return without cost(1day).'
                       risk
mean               0.000323
std                0.004429
annualized_return  0.076986
information_ratio  1.126692
max_drawdown      -0.070361
'The following are analysis results of the excess return with cost(1day).'
                       risk
mean               0.000130
std                0.004429
annualized_return  0.030962
information_ratio  0.453165
max_drawdown      -0.106123
'The following are analysis results of indicators(1day).'
     value
ffr    1.0
pa     0.0
pos    0.0

[63585:MainThread](2026-07-19 12:05:12,763) INFO - qlib.qrun - [run.py:78] - Render the template with the context: {}
[63585:MainThread](2026-07-19 12:05:12,770) INFO - qlib.Initialization - [config.py:453] - default_conf: client.
[63585:MainThread](2026-07-19 12:05:12,772) INFO - qlib.Initialization - [__init__.py:82] - qlib successfully initialized based on client settings.
[63585:MainThread](2026-07-19 12:05:12,772) INFO - qlib.Initialization - [__init__.py:84] - data_path={'__DEFAULT_FREQ': PosixPath('/Users/xuxin/.qlib/qlib_data/cn_data')}
[63585:MainThread](2026-07-19 12:05:12,786) INFO - qlib.workflow - [exp.py:258] - Experiment 719738221333457950 starts running ...
[63585:MainThread](2026-07-19 12:05:13,247) INFO - qlib.workflow - [recorder.py:345] - Recorder ef4141b5f0cc40b2b0c0fcc67db61da1 starts running under Experiment 719738221333457950 ...
[63585:MainThread](2026-07-19 12:05:15,266) INFO - qlib.TabNet - [pytorch_tabnet.py:78] - TabNet:
batch_size : 4096
virtual bs : 2048
device : cpu
pretrain: True
[63585:MainThread](2026-07-19 12:05:15,279) INFO - qlib.TabNet - [pytorch_tabnet.py:91] - model:
TabNet(
  (shared): ModuleList(
    (0): Linear(in_features=158, out_features=256, bias=True)
    (1): Linear(in_features=128, out_features=256, bias=True)
  )
  (first_step): FeatureTransformer(
    (shared): ModuleList(
      (0): GLU(
        (fc): Linear(in_features=158, out_features=256, bias=True)
        (bn): GBN(
          (bn): BatchNorm1d(256, eps=1e-05, momentum=0.01, affine=True, bias=True, track_running_stats=True)
        )
      )
      (1): GLU(
        (fc): Linear(in_features=128, out_features=256, bias=True)
        (bn): GBN(
          (bn): BatchNorm1d(256, eps=1e-05, momentum=0.01, affine=True, bias=True, track_running_stats=True)
        )
      )
    )
    (independ): ModuleList(
      (0-1): 2 x GLU(
        (fc): Linear(in_features=128, out_features=256, bias=True)
        (bn): GBN(
          (bn): BatchNorm1d(256, eps=1e-05, momentum=0.01, affine=True, bias=True, track_running_stats=True)
        )
      )
    )
  )
  (steps): ModuleList(
    (0-3): 4 x DecisionStep(
      (atten_tran): AttentionTransformer(
        (fc): Linear(in_features=64, out_features=158, bias=True)
        (bn): GBN(
          (bn): BatchNorm1d(158, eps=1e-05, momentum=0.01, affine=True, bias=True, track_running_stats=True)
        )
      )
      (fea_tran): FeatureTransformer(
        (shared): ModuleList(
          (0): GLU(
            (fc): Linear(in_features=158, out_features=256, bias=True)
            (bn): GBN(
              (bn): BatchNorm1d(256, eps=1e-05, momentum=0.01, affine=True, bias=True, track_running_stats=True)
            )
          )
          (1): GLU(
            (fc): Linear(in_features=128, out_features=256, bias=True)
            (bn): GBN(
              (bn): BatchNorm1d(256, eps=1e-05, momentum=0.01, affine=True, bias=True, track_running_stats=True)
            )
          )
        )
        (independ): ModuleList(
          (0-1): 2 x GLU(
            (fc): Linear(in_features=128, out_features=256, bias=True)
            (bn): GBN(
              (bn): BatchNorm1d(256, eps=1e-05, momentum=0.01, affine=True, bias=True, track_running_stats=True)
            )
          )
        )
      )
    )
  )
  (fc): Linear(in_features=64, out_features=64, bias=True)
  (bn): BatchNorm1d(158, eps=1e-05, momentum=0.01, affine=True, bias=True, track_running_stats=True)
)
TabNet_Decoder(
  (shared): ModuleList(
    (0): Linear(in_features=64, out_features=316, bias=True)
    (1): Linear(in_features=158, out_features=316, bias=True)
  )
  (steps): ModuleList(
    (0-4): 5 x DecoderStep(
      (fea_tran): FeatureTransformer(
        (shared): ModuleList(
          (0): GLU(
            (fc): Linear(in_features=64, out_features=316, bias=True)
            (bn): GBN(
              (bn): BatchNorm1d(316, eps=1e-05, momentum=0.01, affine=True, bias=True, track_running_stats=True)
            )
          )
          (1): GLU(
            (fc): Linear(in_features=158, out_features=316, bias=True)
            (bn): GBN(
              (bn): BatchNorm1d(316, eps=1e-05, momentum=0.01, affine=True, bias=True, track_running_stats=True)
            )
          )
        )
        (independ): ModuleList(
          (0-1): 2 x GLU(
            (fc): Linear(in_features=158, out_features=316, bias=True)
            (bn): GBN(
              (bn): BatchNorm1d(316, eps=1e-05, momentum=0.01, affine=True, bias=True, track_running_stats=True)
            )
          )
        )
      )
      (fc): Linear(in_features=158, out_features=158, bias=True)
    )
  )
)
[63585:MainThread](2026-07-19 12:05:15,279) INFO - qlib.TabNet - [pytorch_tabnet.py:92] - model size: 1.1182 MB
[63585:MainThread](2026-07-19 12:05:34,939) INFO - qlib.timer - [log.py:127] - Time cost: 18.147s | Loading data Done
/Users/xuxin/.local/lib/python3.12/site-packages/numpy/lib/_nanfunctions_impl.py:1215: RuntimeWarning: All-NaN slice encountered
  return fnb._ureduce(a, func=_nanmedian, keepdims=keepdims,
[63585:MainThread](2026-07-19 12:05:37,093) INFO - qlib.timer - [log.py:127] - Time cost: 2.016s | RobustZScoreNorm Done
[63585:MainThread](2026-07-19 12:05:37,415) INFO - qlib.timer - [log.py:127] - Time cost: 0.322s | Fillna Done
[63585:MainThread](2026-07-19 12:05:37,632) INFO - qlib.timer - [log.py:127] - Time cost: 0.099s | DropnaLabel Done
/Users/xuxin/Documents/dev/qlib/qlib/data/dataset/processor.py:358: SettingWithCopyWarning: 
A value is trying to be set on a copy of a slice from a DataFrame.
Try using .loc[row_indexer,col_indexer] = value instead

See the caveats in the documentation: https://pandas.pydata.org/pandas-docs/stable/user_guide/indexing.html#returning-a-view-versus-a-copy
  df[cols] = t
[63585:MainThread](2026-07-19 12:05:37,784) INFO - qlib.timer - [log.py:127] - Time cost: 0.152s | CSRankNorm Done
[63585:MainThread](2026-07-19 12:05:37,790) INFO - qlib.timer - [log.py:127] - Time cost: 2.850s | fit & process data Done
[63585:MainThread](2026-07-19 12:05:37,790) INFO - qlib.timer - [log.py:127] - Time cost: 20.998s | Init data Done
[63585:MainThread](2026-07-19 12:05:37,790) WARNING - qlib.utils - [__init__.py:849] - The parameter `reweighter` with value `None` is ignored.
[63585:MainThread](2026-07-19 12:05:37,790) INFO - qlib.TabNet - [pytorch_tabnet.py:159] - Pretrain...
[63585:MainThread](2026-07-19 12:05:47,255) INFO - qlib.TabNet - [pytorch_tabnet.py:133] - epoch: 0
[63585:MainThread](2026-07-19 12:05:47,255) INFO - qlib.TabNet - [pytorch_tabnet.py:134] - pre-training...
[63585:MainThread](2026-07-19 12:06:08,367) INFO - qlib.TabNet - [pytorch_tabnet.py:136] - evaluating...
[63585:MainThread](2026-07-19 12:06:19,007) INFO - qlib.TabNet - [pytorch_tabnet.py:139] - train 410.386493, valid 471.164282
[63585:MainThread](2026-07-19 12:06:19,007) INFO - qlib.TabNet - [pytorch_tabnet.py:142] - Save Model...
[63585:MainThread](2026-07-19 12:06:19,024) INFO - qlib.TabNet - [pytorch_tabnet.py:133] - epoch: 1
[63585:MainThread](2026-07-19 12:06:19,025) INFO - qlib.TabNet - [pytorch_tabnet.py:134] - pre-training...
[63585:MainThread](2026-07-19 12:06:39,927) INFO - qlib.TabNet - [pytorch_tabnet.py:136] - evaluating...
[63585:MainThread](2026-07-19 12:06:50,576) INFO - qlib.TabNet - [pytorch_tabnet.py:139] - train 64.592336, valid 73.432021
[63585:MainThread](2026-07-19 12:06:50,576) INFO - qlib.TabNet - [pytorch_tabnet.py:142] - Save Model...
[63585:MainThread](2026-07-19 12:06:50,587) INFO - qlib.TabNet - [pytorch_tabnet.py:133] - epoch: 2
[63585:MainThread](2026-07-19 12:06:50,587) INFO - qlib.TabNet - [pytorch_tabnet.py:134] - pre-training...
[63585:MainThread](2026-07-19 12:07:11,582) INFO - qlib.TabNet - [pytorch_tabnet.py:136] - evaluating...
[63585:MainThread](2026-07-19 12:07:22,269) INFO - qlib.TabNet - [pytorch_tabnet.py:139] - train 28.596319, valid 33.143655
[63585:MainThread](2026-07-19 12:07:22,270) INFO - qlib.TabNet - [pytorch_tabnet.py:142] - Save Model...
[63585:MainThread](2026-07-19 12:07:22,280) INFO - qlib.TabNet - [pytorch_tabnet.py:133] - epoch: 3
[63585:MainThread](2026-07-19 12:07:22,280) INFO - qlib.TabNet - [pytorch_tabnet.py:134] - pre-training...
[63585:MainThread](2026-07-19 12:07:43,224) INFO - qlib.TabNet - [pytorch_tabnet.py:136] - evaluating...
[63585:MainThread](2026-07-19 12:07:53,780) INFO - qlib.TabNet - [pytorch_tabnet.py:139] - train 21.558428, valid 24.695584
[63585:MainThread](2026-07-19 12:07:53,780) INFO - qlib.TabNet - [pytorch_tabnet.py:142] - Save Model...
[63585:MainThread](2026-07-19 12:07:53,790) INFO - qlib.TabNet - [pytorch_tabnet.py:133] - epoch: 4
[63585:MainThread](2026-07-19 12:07:53,790) INFO - qlib.TabNet - [pytorch_tabnet.py:134] - pre-training...
[63585:MainThread](2026-07-19 12:08:14,809) INFO - qlib.TabNet - [pytorch_tabnet.py:136] - evaluating...
[63585:MainThread](2026-07-19 12:08:25,533) INFO - qlib.TabNet - [pytorch_tabnet.py:139] - train 20.228777, valid 22.702278
[63585:MainThread](2026-07-19 12:08:25,534) INFO - qlib.TabNet - [pytorch_tabnet.py:142] - Save Model...
[63585:MainThread](2026-07-19 12:08:25,543) INFO - qlib.TabNet - [pytorch_tabnet.py:133] - epoch: 5
[63585:MainThread](2026-07-19 12:08:25,543) INFO - qlib.TabNet - [pytorch_tabnet.py:134] - pre-training...
[63585:MainThread](2026-07-19 12:08:46,491) INFO - qlib.TabNet - [pytorch_tabnet.py:136] - evaluating...
[63585:MainThread](2026-07-19 12:08:57,071) INFO - qlib.TabNet - [pytorch_tabnet.py:139] - train 21.483042, valid 24.286826
[63585:MainThread](2026-07-19 12:08:57,072) INFO - qlib.TabNet - [pytorch_tabnet.py:133] - epoch: 6
[63585:MainThread](2026-07-19 12:08:57,072) INFO - qlib.TabNet - [pytorch_tabnet.py:134] - pre-training...
[63585:MainThread](2026-07-19 12:09:18,118) INFO - qlib.TabNet - [pytorch_tabnet.py:136] - evaluating...
[63585:MainThread](2026-07-19 12:09:28,732) INFO - qlib.TabNet - [pytorch_tabnet.py:139] - train 16.352214, valid 18.344515
[63585:MainThread](2026-07-19 12:09:28,732) INFO - qlib.TabNet - [pytorch_tabnet.py:142] - Save Model...
[63585:MainThread](2026-07-19 12:09:28,744) INFO - qlib.TabNet - [pytorch_tabnet.py:133] - epoch: 7
[63585:MainThread](2026-07-19 12:09:28,745) INFO - qlib.TabNet - [pytorch_tabnet.py:134] - pre-training...
[63585:MainThread](2026-07-19 12:09:49,832) INFO - qlib.TabNet - [pytorch_tabnet.py:136] - evaluating...
[63585:MainThread](2026-07-19 12:10:00,394) INFO - qlib.TabNet - [pytorch_tabnet.py:139] - train 19.400033, valid 21.757862
[63585:MainThread](2026-07-19 12:10:00,394) INFO - qlib.TabNet - [pytorch_tabnet.py:133] - epoch: 8
[63585:MainThread](2026-07-19 12:10:00,394) INFO - qlib.TabNet - [pytorch_tabnet.py:134] - pre-training...
[63585:MainThread](2026-07-19 12:10:21,401) INFO - qlib.TabNet - [pytorch_tabnet.py:136] - evaluating...
[63585:MainThread](2026-07-19 12:10:31,978) INFO - qlib.TabNet - [pytorch_tabnet.py:139] - train 16.248479, valid 18.159815
[63585:MainThread](2026-07-19 12:10:31,978) INFO - qlib.TabNet - [pytorch_tabnet.py:142] - Save Model...
[63585:MainThread](2026-07-19 12:10:31,991) INFO - qlib.TabNet - [pytorch_tabnet.py:133] - epoch: 9
[63585:MainThread](2026-07-19 12:10:31,991) INFO - qlib.TabNet - [pytorch_tabnet.py:134] - pre-training...
[63585:MainThread](2026-07-19 12:10:53,199) INFO - qlib.TabNet - [pytorch_tabnet.py:136] - evaluating...
[63585:MainThread](2026-07-19 12:11:03,837) INFO - qlib.TabNet - [pytorch_tabnet.py:139] - train 15.567117, valid 18.016205
[63585:MainThread](2026-07-19 12:11:03,838) INFO - qlib.TabNet - [pytorch_tabnet.py:142] - Save Model...
[63585:MainThread](2026-07-19 12:11:03,850) INFO - qlib.TabNet - [pytorch_tabnet.py:133] - epoch: 10
[63585:MainThread](2026-07-19 12:11:03,850) INFO - qlib.TabNet - [pytorch_tabnet.py:134] - pre-training...
[63585:MainThread](2026-07-19 12:11:24,860) INFO - qlib.TabNet - [pytorch_tabnet.py:136] - evaluating...
[63585:MainThread](2026-07-19 12:11:35,467) INFO - qlib.TabNet - [pytorch_tabnet.py:139] - train 52.286726, valid 55.876533
[63585:MainThread](2026-07-19 12:11:35,467) INFO - qlib.TabNet - [pytorch_tabnet.py:133] - epoch: 11
[63585:MainThread](2026-07-19 12:11:35,467) INFO - qlib.TabNet - [pytorch_tabnet.py:134] - pre-training...
[63585:MainThread](2026-07-19 12:11:56,456) INFO - qlib.TabNet - [pytorch_tabnet.py:136] - evaluating...
[63585:MainThread](2026-07-19 12:12:07,048) INFO - qlib.TabNet - [pytorch_tabnet.py:139] - train 25.115980, valid 28.002702
[63585:MainThread](2026-07-19 12:12:07,048) INFO - qlib.TabNet - [pytorch_tabnet.py:133] - epoch: 12
[63585:MainThread](2026-07-19 12:12:07,048) INFO - qlib.TabNet - [pytorch_tabnet.py:134] - pre-training...
[63585:MainThread](2026-07-19 12:12:28,032) INFO - qlib.TabNet - [pytorch_tabnet.py:136] - evaluating...
[63585:MainThread](2026-07-19 12:12:38,587) INFO - qlib.TabNet - [pytorch_tabnet.py:139] - train 20.231281, valid 21.986751
[63585:MainThread](2026-07-19 12:12:38,587) INFO - qlib.TabNet - [pytorch_tabnet.py:133] - epoch: 13
[63585:MainThread](2026-07-19 12:12:38,587) INFO - qlib.TabNet - [pytorch_tabnet.py:134] - pre-training...
[63585:MainThread](2026-07-19 12:12:59,509) INFO - qlib.TabNet - [pytorch_tabnet.py:136] - evaluating...
[63585:MainThread](2026-07-19 12:13:10,090) INFO - qlib.TabNet - [pytorch_tabnet.py:139] - train 23.798453, valid 26.219410
[63585:MainThread](2026-07-19 12:13:10,091) INFO - qlib.TabNet - [pytorch_tabnet.py:133] - epoch: 14
[63585:MainThread](2026-07-19 12:13:10,091) INFO - qlib.TabNet - [pytorch_tabnet.py:134] - pre-training...
[63585:MainThread](2026-07-19 12:13:31,177) INFO - qlib.TabNet - [pytorch_tabnet.py:136] - evaluating...
[63585:MainThread](2026-07-19 12:13:41,746) INFO - qlib.TabNet - [pytorch_tabnet.py:139] - train 20.180566, valid 22.849281
[63585:MainThread](2026-07-19 12:13:41,746) INFO - qlib.TabNet - [pytorch_tabnet.py:133] - epoch: 15
[63585:MainThread](2026-07-19 12:13:41,747) INFO - qlib.TabNet - [pytorch_tabnet.py:134] - pre-training...
[63585:MainThread](2026-07-19 12:14:02,844) INFO - qlib.TabNet - [pytorch_tabnet.py:136] - evaluating...
[63585:MainThread](2026-07-19 12:14:13,552) INFO - qlib.TabNet - [pytorch_tabnet.py:139] - train 80.352448, valid 79.246242
[63585:MainThread](2026-07-19 12:14:13,552) INFO - qlib.TabNet - [pytorch_tabnet.py:133] - epoch: 16
[63585:MainThread](2026-07-19 12:14:13,552) INFO - qlib.TabNet - [pytorch_tabnet.py:134] - pre-training...
[63585:MainThread](2026-07-19 12:14:34,512) INFO - qlib.TabNet - [pytorch_tabnet.py:136] - evaluating...
[63585:MainThread](2026-07-19 12:14:45,149) INFO - qlib.TabNet - [pytorch_tabnet.py:139] - train 26.098376, valid 28.877504
[63585:MainThread](2026-07-19 12:14:45,149) INFO - qlib.TabNet - [pytorch_tabnet.py:133] - epoch: 17
[63585:MainThread](2026-07-19 12:14:45,149) INFO - qlib.TabNet - [pytorch_tabnet.py:134] - pre-training...
[63585:MainThread](2026-07-19 12:15:06,108) INFO - qlib.TabNet - [pytorch_tabnet.py:136] - evaluating...
[63585:MainThread](2026-07-19 12:15:16,692) INFO - qlib.TabNet - [pytorch_tabnet.py:139] - train 17.166469, valid 19.352250
[63585:MainThread](2026-07-19 12:15:16,692) INFO - qlib.TabNet - [pytorch_tabnet.py:133] - epoch: 18
[63585:MainThread](2026-07-19 12:15:16,693) INFO - qlib.TabNet - [pytorch_tabnet.py:134] - pre-training...
[63585:MainThread](2026-07-19 12:15:37,618) INFO - qlib.TabNet - [pytorch_tabnet.py:136] - evaluating...
[63585:MainThread](2026-07-19 12:15:48,196) INFO - qlib.TabNet - [pytorch_tabnet.py:139] - train 29.188926, valid 32.820259
[63585:MainThread](2026-07-19 12:15:48,197) INFO - qlib.TabNet - [pytorch_tabnet.py:133] - epoch: 19
[63585:MainThread](2026-07-19 12:15:48,197) INFO - qlib.TabNet - [pytorch_tabnet.py:134] - pre-training...
[63585:MainThread](2026-07-19 12:16:09,146) INFO - qlib.TabNet - [pytorch_tabnet.py:136] - evaluating...
[63585:MainThread](2026-07-19 12:16:19,794) INFO - qlib.TabNet - [pytorch_tabnet.py:139] - train 48.408658, valid 51.515084
[63585:MainThread](2026-07-19 12:16:19,794) INFO - qlib.TabNet - [pytorch_tabnet.py:133] - epoch: 20
[63585:MainThread](2026-07-19 12:16:19,795) INFO - qlib.TabNet - [pytorch_tabnet.py:134] - pre-training...
[63585:MainThread](2026-07-19 12:16:40,959) INFO - qlib.TabNet - [pytorch_tabnet.py:136] - evaluating...
[63585:MainThread](2026-07-19 12:16:51,598) INFO - qlib.TabNet - [pytorch_tabnet.py:139] - train 94.102033, valid 98.436223
[63585:MainThread](2026-07-19 12:16:51,599) INFO - qlib.TabNet - [pytorch_tabnet.py:133] - epoch: 21
[63585:MainThread](2026-07-19 12:16:51,599) INFO - qlib.TabNet - [pytorch_tabnet.py:134] - pre-training...
[63585:MainThread](2026-07-19 12:17:12,711) INFO - qlib.TabNet - [pytorch_tabnet.py:136] - evaluating...
[63585:MainThread](2026-07-19 12:17:23,374) INFO - qlib.TabNet - [pytorch_tabnet.py:139] - train 42.554325, valid 46.381355
[63585:MainThread](2026-07-19 12:17:23,374) INFO - qlib.TabNet - [pytorch_tabnet.py:133] - epoch: 22
[63585:MainThread](2026-07-19 12:17:23,374) INFO - qlib.TabNet - [pytorch_tabnet.py:134] - pre-training...
[63585:MainThread](2026-07-19 12:17:44,396) INFO - qlib.TabNet - [pytorch_tabnet.py:136] - evaluating...
[63585:MainThread](2026-07-19 12:17:55,028) INFO - qlib.TabNet - [pytorch_tabnet.py:139] - train 14.815960, valid 17.243219
[63585:MainThread](2026-07-19 12:17:55,029) INFO - qlib.TabNet - [pytorch_tabnet.py:142] - Save Model...
[63585:MainThread](2026-07-19 12:17:55,041) INFO - qlib.TabNet - [pytorch_tabnet.py:133] - epoch: 23
[63585:MainThread](2026-07-19 12:17:55,041) INFO - qlib.TabNet - [pytorch_tabnet.py:134] - pre-training...
[63585:MainThread](2026-07-19 12:18:16,191) INFO - qlib.TabNet - [pytorch_tabnet.py:136] - evaluating...
[63585:MainThread](2026-07-19 12:18:26,720) INFO - qlib.TabNet - [pytorch_tabnet.py:139] - train 25.766745, valid 28.558456
[63585:MainThread](2026-07-19 12:18:26,720) INFO - qlib.TabNet - [pytorch_tabnet.py:133] - epoch: 24
[63585:MainThread](2026-07-19 12:18:26,721) INFO - qlib.TabNet - [pytorch_tabnet.py:134] - pre-training...
[63585:MainThread](2026-07-19 12:18:47,729) INFO - qlib.TabNet - [pytorch_tabnet.py:136] - evaluating...
[63585:MainThread](2026-07-19 12:18:58,325) INFO - qlib.TabNet - [pytorch_tabnet.py:139] - train 82.907487, valid 86.709279
[63585:MainThread](2026-07-19 12:18:58,326) INFO - qlib.TabNet - [pytorch_tabnet.py:133] - epoch: 25
[63585:MainThread](2026-07-19 12:18:58,326) INFO - qlib.TabNet - [pytorch_tabnet.py:134] - pre-training...
[63585:MainThread](2026-07-19 12:19:19,409) INFO - qlib.TabNet - [pytorch_tabnet.py:136] - evaluating...
[63585:MainThread](2026-07-19 12:19:29,942) INFO - qlib.TabNet - [pytorch_tabnet.py:139] - train 48.621511, valid 55.007005
[63585:MainThread](2026-07-19 12:19:29,942) INFO - qlib.TabNet - [pytorch_tabnet.py:133] - epoch: 26
[63585:MainThread](2026-07-19 12:19:29,942) INFO - qlib.TabNet - [pytorch_tabnet.py:134] - pre-training...
[63585:MainThread](2026-07-19 12:19:50,995) INFO - qlib.TabNet - [pytorch_tabnet.py:136] - evaluating...
[63585:MainThread](2026-07-19 12:20:01,616) INFO - qlib.TabNet - [pytorch_tabnet.py:139] - train 34.378130, valid 37.297297
[63585:MainThread](2026-07-19 12:20:01,616) INFO - qlib.TabNet - [pytorch_tabnet.py:133] - epoch: 27
[63585:MainThread](2026-07-19 12:20:01,616) INFO - qlib.TabNet - [pytorch_tabnet.py:134] - pre-training...
[63585:MainThread](2026-07-19 12:20:22,772) INFO - qlib.TabNet - [pytorch_tabnet.py:136] - evaluating...
[63585:MainThread](2026-07-19 12:20:33,309) INFO - qlib.TabNet - [pytorch_tabnet.py:139] - train 18.509289, valid 21.660388
[63585:MainThread](2026-07-19 12:20:33,309) INFO - qlib.TabNet - [pytorch_tabnet.py:133] - epoch: 28
[63585:MainThread](2026-07-19 12:20:33,310) INFO - qlib.TabNet - [pytorch_tabnet.py:134] - pre-training...
[63585:MainThread](2026-07-19 12:20:54,470) INFO - qlib.TabNet - [pytorch_tabnet.py:136] - evaluating...
[63585:MainThread](2026-07-19 12:21:05,114) INFO - qlib.TabNet - [pytorch_tabnet.py:139] - train 19.808624, valid 22.310272
[63585:MainThread](2026-07-19 12:21:05,115) INFO - qlib.TabNet - [pytorch_tabnet.py:148] - early stop
[63585:MainThread](2026-07-19 12:21:05,134) INFO - qlib.TabNet - [pytorch_tabnet.py:161] - Load Pretrain model
[63585:MainThread](2026-07-19 12:21:12,594) INFO - qlib.TabNet - [pytorch_tabnet.py:185] - training...
[63585:MainThread](2026-07-19 12:21:12,594) INFO - qlib.TabNet - [pytorch_tabnet.py:189] - epoch: 0
[63585:MainThread](2026-07-19 12:21:12,594) INFO - qlib.TabNet - [pytorch_tabnet.py:190] - training...
[63585:MainThread](2026-07-19 12:21:23,874) INFO - qlib.TabNet - [pytorch_tabnet.py:192] - evaluating...
[63585:MainThread](2026-07-19 12:21:30,227) INFO - qlib.TabNet - [pytorch_tabnet.py:195] - train -1.003747, valid -1.007805
[63585:MainThread](2026-07-19 12:21:30,230) INFO - qlib.TabNet - [pytorch_tabnet.py:189] - epoch: 1
[63585:MainThread](2026-07-19 12:21:30,230) INFO - qlib.TabNet - [pytorch_tabnet.py:190] - training...
[63585:MainThread](2026-07-19 12:21:41,378) INFO - qlib.TabNet - [pytorch_tabnet.py:192] - evaluating...
[63585:MainThread](2026-07-19 12:21:47,737) INFO - qlib.TabNet - [pytorch_tabnet.py:195] - train -1.000974, valid -1.007147
[63585:MainThread](2026-07-19 12:21:47,740) INFO - qlib.TabNet - [pytorch_tabnet.py:189] - epoch: 2
[63585:MainThread](2026-07-19 12:21:47,740) INFO - qlib.TabNet - [pytorch_tabnet.py:190] - training...
[63585:MainThread](2026-07-19 12:21:58,809) INFO - qlib.TabNet - [pytorch_tabnet.py:192] - evaluating...
[63585:MainThread](2026-07-19 12:22:05,201) INFO - qlib.TabNet - [pytorch_tabnet.py:195] - train -0.991992, valid -0.997712
[63585:MainThread](2026-07-19 12:22:05,204) INFO - qlib.TabNet - [pytorch_tabnet.py:189] - epoch: 3
[63585:MainThread](2026-07-19 12:22:05,205) INFO - qlib.TabNet - [pytorch_tabnet.py:190] - training...
[63585:MainThread](2026-07-19 12:22:16,290) INFO - qlib.TabNet - [pytorch_tabnet.py:192] - evaluating...
[63585:MainThread](2026-07-19 12:22:22,609) INFO - qlib.TabNet - [pytorch_tabnet.py:195] - train -0.994412, valid -1.001938
[63585:MainThread](2026-07-19 12:22:22,609) INFO - qlib.TabNet - [pytorch_tabnet.py:189] - epoch: 4
[63585:MainThread](2026-07-19 12:22:22,609) INFO - qlib.TabNet - [pytorch_tabnet.py:190] - training...
[63585:MainThread](2026-07-19 12:22:33,641) INFO - qlib.TabNet - [pytorch_tabnet.py:192] - evaluating...
[63585:MainThread](2026-07-19 12:22:39,971) INFO - qlib.TabNet - [pytorch_tabnet.py:195] - train -1.005764, valid -1.012211
[63585:MainThread](2026-07-19 12:22:39,972) INFO - qlib.TabNet - [pytorch_tabnet.py:189] - epoch: 5
[63585:MainThread](2026-07-19 12:22:39,972) INFO - qlib.TabNet - [pytorch_tabnet.py:190] - training...
[63585:MainThread](2026-07-19 12:22:51,024) INFO - qlib.TabNet - [pytorch_tabnet.py:192] - evaluating...
[63585:MainThread](2026-07-19 12:22:57,329) INFO - qlib.TabNet - [pytorch_tabnet.py:195] - train -0.990823, valid -0.999051
[63585:MainThread](2026-07-19 12:22:57,329) INFO - qlib.TabNet - [pytorch_tabnet.py:189] - epoch: 6
[63585:MainThread](2026-07-19 12:22:57,329) INFO - qlib.TabNet - [pytorch_tabnet.py:190] - training...
[63585:MainThread](2026-07-19 12:23:08,409) INFO - qlib.TabNet - [pytorch_tabnet.py:192] - evaluating...
[63585:MainThread](2026-07-19 12:23:14,770) INFO - qlib.TabNet - [pytorch_tabnet.py:195] - train -1.023424, valid -1.029640
[63585:MainThread](2026-07-19 12:23:14,770) INFO - qlib.TabNet - [pytorch_tabnet.py:189] - epoch: 7
[63585:MainThread](2026-07-19 12:23:14,770) INFO - qlib.TabNet - [pytorch_tabnet.py:190] - training...
[63585:MainThread](2026-07-19 12:23:25,840) INFO - qlib.TabNet - [pytorch_tabnet.py:192] - evaluating...
[63585:MainThread](2026-07-19 12:23:32,247) INFO - qlib.TabNet - [pytorch_tabnet.py:195] - train -1.027794, valid -1.038275
[63585:MainThread](2026-07-19 12:23:32,247) INFO - qlib.TabNet - [pytorch_tabnet.py:189] - epoch: 8
[63585:MainThread](2026-07-19 12:23:32,248) INFO - qlib.TabNet - [pytorch_tabnet.py:190] - training...
[63585:MainThread](2026-07-19 12:23:43,334) INFO - qlib.TabNet - [pytorch_tabnet.py:192] - evaluating...
[63585:MainThread](2026-07-19 12:23:49,660) INFO - qlib.TabNet - [pytorch_tabnet.py:195] - train -0.995502, valid -1.003876
[63585:MainThread](2026-07-19 12:23:49,660) INFO - qlib.TabNet - [pytorch_tabnet.py:189] - epoch: 9
[63585:MainThread](2026-07-19 12:23:49,660) INFO - qlib.TabNet - [pytorch_tabnet.py:190] - training...
[63585:MainThread](2026-07-19 12:24:00,760) INFO - qlib.TabNet - [pytorch_tabnet.py:192] - evaluating...
[63585:MainThread](2026-07-19 12:24:07,104) INFO - qlib.TabNet - [pytorch_tabnet.py:195] - train -1.029157, valid -1.037149
[63585:MainThread](2026-07-19 12:24:07,104) INFO - qlib.TabNet - [pytorch_tabnet.py:189] - epoch: 10
[63585:MainThread](2026-07-19 12:24:07,104) INFO - qlib.TabNet - [pytorch_tabnet.py:190] - training...
[63585:MainThread](2026-07-19 12:24:18,173) INFO - qlib.TabNet - [pytorch_tabnet.py:192] - evaluating...
[63585:MainThread](2026-07-19 12:24:24,476) INFO - qlib.TabNet - [pytorch_tabnet.py:195] - train -1.003640, valid -1.008811
[63585:MainThread](2026-07-19 12:24:24,476) INFO - qlib.TabNet - [pytorch_tabnet.py:189] - epoch: 11
[63585:MainThread](2026-07-19 12:24:24,476) INFO - qlib.TabNet - [pytorch_tabnet.py:190] - training...
[63585:MainThread](2026-07-19 12:24:35,508) INFO - qlib.TabNet - [pytorch_tabnet.py:192] - evaluating...
[63585:MainThread](2026-07-19 12:24:41,801) INFO - qlib.TabNet - [pytorch_tabnet.py:195] - train -1.137491, valid -1.143146
[63585:MainThread](2026-07-19 12:24:41,802) INFO - qlib.TabNet - [pytorch_tabnet.py:189] - epoch: 12
[63585:MainThread](2026-07-19 12:24:41,802) INFO - qlib.TabNet - [pytorch_tabnet.py:190] - training...
[63585:MainThread](2026-07-19 12:24:52,852) INFO - qlib.TabNet - [pytorch_tabnet.py:192] - evaluating...
[63585:MainThread](2026-07-19 12:24:59,159) INFO - qlib.TabNet - [pytorch_tabnet.py:195] - train -1.031049, valid -1.042919
[63585:MainThread](2026-07-19 12:24:59,160) INFO - qlib.TabNet - [pytorch_tabnet.py:189] - epoch: 13
[63585:MainThread](2026-07-19 12:24:59,160) INFO - qlib.TabNet - [pytorch_tabnet.py:190] - training...
[63585:MainThread](2026-07-19 12:25:10,216) INFO - qlib.TabNet - [pytorch_tabnet.py:192] - evaluating...
[63585:MainThread](2026-07-19 12:25:16,539) INFO - qlib.TabNet - [pytorch_tabnet.py:195] - train -0.997192, valid -1.008919
[63585:MainThread](2026-07-19 12:25:16,540) INFO - qlib.TabNet - [pytorch_tabnet.py:189] - epoch: 14
[63585:MainThread](2026-07-19 12:25:16,540) INFO - qlib.TabNet - [pytorch_tabnet.py:190] - training...
[63585:MainThread](2026-07-19 12:25:27,595) INFO - qlib.TabNet - [pytorch_tabnet.py:192] - evaluating...
[63585:MainThread](2026-07-19 12:25:33,922) INFO - qlib.TabNet - [pytorch_tabnet.py:195] - train -1.006366, valid -1.014548
[63585:MainThread](2026-07-19 12:25:33,922) INFO - qlib.TabNet - [pytorch_tabnet.py:189] - epoch: 15
[63585:MainThread](2026-07-19 12:25:33,922) INFO - qlib.TabNet - [pytorch_tabnet.py:190] - training...
[63585:MainThread](2026-07-19 12:25:45,005) INFO - qlib.TabNet - [pytorch_tabnet.py:192] - evaluating...
[63585:MainThread](2026-07-19 12:25:51,315) INFO - qlib.TabNet - [pytorch_tabnet.py:195] - train -0.988614, valid -0.997811
[63585:MainThread](2026-07-19 12:25:51,316) INFO - qlib.TabNet - [pytorch_tabnet.py:189] - epoch: 16
[63585:MainThread](2026-07-19 12:25:51,316) INFO - qlib.TabNet - [pytorch_tabnet.py:190] - training...
[63585:MainThread](2026-07-19 12:26:02,397) INFO - qlib.TabNet - [pytorch_tabnet.py:192] - evaluating...
[63585:MainThread](2026-07-19 12:26:08,720) INFO - qlib.TabNet - [pytorch_tabnet.py:195] - train -1.161457, valid -1.167781
[63585:MainThread](2026-07-19 12:26:08,720) INFO - qlib.TabNet - [pytorch_tabnet.py:189] - epoch: 17
[63585:MainThread](2026-07-19 12:26:08,720) INFO - qlib.TabNet - [pytorch_tabnet.py:190] - training...
[63585:MainThread](2026-07-19 12:26:19,786) INFO - qlib.TabNet - [pytorch_tabnet.py:192] - evaluating...
[63585:MainThread](2026-07-19 12:26:26,098) INFO - qlib.TabNet - [pytorch_tabnet.py:195] - train -0.998318, valid -1.007465
[63585:MainThread](2026-07-19 12:26:26,098) INFO - qlib.TabNet - [pytorch_tabnet.py:189] - epoch: 18
[63585:MainThread](2026-07-19 12:26:26,098) INFO - qlib.TabNet - [pytorch_tabnet.py:190] - training...
[63585:MainThread](2026-07-19 12:26:37,130) INFO - qlib.TabNet - [pytorch_tabnet.py:192] - evaluating...
[63585:MainThread](2026-07-19 12:26:43,411) INFO - qlib.TabNet - [pytorch_tabnet.py:195] - train -0.991216, valid -1.000692
[63585:MainThread](2026-07-19 12:26:43,411) INFO - qlib.TabNet - [pytorch_tabnet.py:189] - epoch: 19
[63585:MainThread](2026-07-19 12:26:43,412) INFO - qlib.TabNet - [pytorch_tabnet.py:190] - training...
[63585:MainThread](2026-07-19 12:26:54,460) INFO - qlib.TabNet - [pytorch_tabnet.py:192] - evaluating...
[63585:MainThread](2026-07-19 12:27:00,779) INFO - qlib.TabNet - [pytorch_tabnet.py:195] - train -1.079133, valid -1.090854
[63585:MainThread](2026-07-19 12:27:00,779) INFO - qlib.TabNet - [pytorch_tabnet.py:189] - epoch: 20
[63585:MainThread](2026-07-19 12:27:00,780) INFO - qlib.TabNet - [pytorch_tabnet.py:190] - training...
[63585:MainThread](2026-07-19 12:27:11,825) INFO - qlib.TabNet - [pytorch_tabnet.py:192] - evaluating...
[63585:MainThread](2026-07-19 12:27:18,147) INFO - qlib.TabNet - [pytorch_tabnet.py:195] - train -0.988056, valid -0.997323
[63585:MainThread](2026-07-19 12:27:18,150) INFO - qlib.TabNet - [pytorch_tabnet.py:189] - epoch: 21
[63585:MainThread](2026-07-19 12:27:18,150) INFO - qlib.TabNet - [pytorch_tabnet.py:190] - training...
[63585:MainThread](2026-07-19 12:27:29,200) INFO - qlib.TabNet - [pytorch_tabnet.py:192] - evaluating...
[63585:MainThread](2026-07-19 12:27:35,474) INFO - qlib.TabNet - [pytorch_tabnet.py:195] - train -1.024636, valid -1.037909
[63585:MainThread](2026-07-19 12:27:35,474) INFO - qlib.TabNet - [pytorch_tabnet.py:189] - epoch: 22
[63585:MainThread](2026-07-19 12:27:35,475) INFO - qlib.TabNet - [pytorch_tabnet.py:190] - training...
[63585:MainThread](2026-07-19 12:27:46,504) INFO - qlib.TabNet - [pytorch_tabnet.py:192] - evaluating...
[63585:MainThread](2026-07-19 12:27:52,815) INFO - qlib.TabNet - [pytorch_tabnet.py:195] - train -0.987720, valid -0.996022
[63585:MainThread](2026-07-19 12:27:52,818) INFO - qlib.TabNet - [pytorch_tabnet.py:189] - epoch: 23
[63585:MainThread](2026-07-19 12:27:52,819) INFO - qlib.TabNet - [pytorch_tabnet.py:190] - training...
[63585:MainThread](2026-07-19 12:28:03,886) INFO - qlib.TabNet - [pytorch_tabnet.py:192] - evaluating...
[63585:MainThread](2026-07-19 12:28:10,200) INFO - qlib.TabNet - [pytorch_tabnet.py:195] - train -1.077029, valid -1.089741
[63585:MainThread](2026-07-19 12:28:10,201) INFO - qlib.TabNet - [pytorch_tabnet.py:189] - epoch: 24
[63585:MainThread](2026-07-19 12:28:10,201) INFO - qlib.TabNet - [pytorch_tabnet.py:190] - training...
[63585:MainThread](2026-07-19 12:28:21,263) INFO - qlib.TabNet - [pytorch_tabnet.py:192] - evaluating...
[63585:MainThread](2026-07-19 12:28:27,560) INFO - qlib.TabNet - [pytorch_tabnet.py:195] - train -1.009585, valid -1.021314
[63585:MainThread](2026-07-19 12:28:27,560) INFO - qlib.TabNet - [pytorch_tabnet.py:189] - epoch: 25
[63585:MainThread](2026-07-19 12:28:27,560) INFO - qlib.TabNet - [pytorch_tabnet.py:190] - training...
[63585:MainThread](2026-07-19 12:28:38,773) INFO - qlib.TabNet - [pytorch_tabnet.py:192] - evaluating...
[63585:MainThread](2026-07-19 12:28:45,048) INFO - qlib.TabNet - [pytorch_tabnet.py:195] - train -0.992716, valid -1.002076
[63585:MainThread](2026-07-19 12:28:45,048) INFO - qlib.TabNet - [pytorch_tabnet.py:189] - epoch: 26
[63585:MainThread](2026-07-19 12:28:45,048) INFO - qlib.TabNet - [pytorch_tabnet.py:190] - training...
[63585:MainThread](2026-07-19 12:28:56,115) INFO - qlib.TabNet - [pytorch_tabnet.py:192] - evaluating...
[63585:MainThread](2026-07-19 12:29:02,457) INFO - qlib.TabNet - [pytorch_tabnet.py:195] - train -1.004953, valid -1.012426
[63585:MainThread](2026-07-19 12:29:02,457) INFO - qlib.TabNet - [pytorch_tabnet.py:189] - epoch: 27
[63585:MainThread](2026-07-19 12:29:02,457) INFO - qlib.TabNet - [pytorch_tabnet.py:190] - training...
[63585:MainThread](2026-07-19 12:29:13,579) INFO - qlib.TabNet - [pytorch_tabnet.py:192] - evaluating...
[63585:MainThread](2026-07-19 12:29:19,918) INFO - qlib.TabNet - [pytorch_tabnet.py:195] - train -1.031804, valid -1.040200
[63585:MainThread](2026-07-19 12:29:19,918) INFO - qlib.TabNet - [pytorch_tabnet.py:189] - epoch: 28
[63585:MainThread](2026-07-19 12:29:19,918) INFO - qlib.TabNet - [pytorch_tabnet.py:190] - training...
[63585:MainThread](2026-07-19 12:29:31,006) INFO - qlib.TabNet - [pytorch_tabnet.py:192] - evaluating...
[63585:MainThread](2026-07-19 12:29:37,572) INFO - qlib.TabNet - [pytorch_tabnet.py:195] - train -0.987470, valid -0.997841
[63585:MainThread](2026-07-19 12:29:37,572) INFO - qlib.TabNet - [pytorch_tabnet.py:189] - epoch: 29
[63585:MainThread](2026-07-19 12:29:37,573) INFO - qlib.TabNet - [pytorch_tabnet.py:190] - training...
[63585:MainThread](2026-07-19 12:29:48,778) INFO - qlib.TabNet - [pytorch_tabnet.py:192] - evaluating...
[63585:MainThread](2026-07-19 12:29:55,159) INFO - qlib.TabNet - [pytorch_tabnet.py:195] - train -0.991417, valid -1.003140
[63585:MainThread](2026-07-19 12:29:55,159) INFO - qlib.TabNet - [pytorch_tabnet.py:189] - epoch: 30
[63585:MainThread](2026-07-19 12:29:55,160) INFO - qlib.TabNet - [pytorch_tabnet.py:190] - training...
[63585:MainThread](2026-07-19 12:30:06,309) INFO - qlib.TabNet - [pytorch_tabnet.py:192] - evaluating...
[63585:MainThread](2026-07-19 12:30:12,786) INFO - qlib.TabNet - [pytorch_tabnet.py:195] - train -0.986917, valid -0.999191
[63585:MainThread](2026-07-19 12:30:12,786) INFO - qlib.TabNet - [pytorch_tabnet.py:189] - epoch: 31
[63585:MainThread](2026-07-19 12:30:12,786) INFO - qlib.TabNet - [pytorch_tabnet.py:190] - training...
[63585:MainThread](2026-07-19 12:30:23,947) INFO - qlib.TabNet - [pytorch_tabnet.py:192] - evaluating...
[63585:MainThread](2026-07-19 12:30:30,303) INFO - qlib.TabNet - [pytorch_tabnet.py:195] - train -1.008987, valid -1.014494
[63585:MainThread](2026-07-19 12:30:30,304) INFO - qlib.TabNet - [pytorch_tabnet.py:189] - epoch: 32
[63585:MainThread](2026-07-19 12:30:30,304) INFO - qlib.TabNet - [pytorch_tabnet.py:190] - training...
[63585:MainThread](2026-07-19 12:30:41,404) INFO - qlib.TabNet - [pytorch_tabnet.py:192] - evaluating...
[63585:MainThread](2026-07-19 12:30:47,764) INFO - qlib.TabNet - [pytorch_tabnet.py:195] - train -0.991319, valid -0.997687
[63585:MainThread](2026-07-19 12:30:47,764) INFO - qlib.TabNet - [pytorch_tabnet.py:189] - epoch: 33
[63585:MainThread](2026-07-19 12:30:47,765) INFO - qlib.TabNet - [pytorch_tabnet.py:190] - training...
[63585:MainThread](2026-07-19 12:30:58,822) INFO - qlib.TabNet - [pytorch_tabnet.py:192] - evaluating...
[63585:MainThread](2026-07-19 12:31:05,120) INFO - qlib.TabNet - [pytorch_tabnet.py:195] - train -0.987745, valid -0.999763
[63585:MainThread](2026-07-19 12:31:05,120) INFO - qlib.TabNet - [pytorch_tabnet.py:189] - epoch: 34
[63585:MainThread](2026-07-19 12:31:05,120) INFO - qlib.TabNet - [pytorch_tabnet.py:190] - training...
[63585:MainThread](2026-07-19 12:31:16,153) INFO - qlib.TabNet - [pytorch_tabnet.py:192] - evaluating...
[63585:MainThread](2026-07-19 12:31:22,444) INFO - qlib.TabNet - [pytorch_tabnet.py:195] - train -0.994004, valid -1.004551
[63585:MainThread](2026-07-19 12:31:22,444) INFO - qlib.TabNet - [pytorch_tabnet.py:189] - epoch: 35
[63585:MainThread](2026-07-19 12:31:22,444) INFO - qlib.TabNet - [pytorch_tabnet.py:190] - training...
[63585:MainThread](2026-07-19 12:31:33,443) INFO - qlib.TabNet - [pytorch_tabnet.py:192] - evaluating...
[63585:MainThread](2026-07-19 12:31:39,688) INFO - qlib.TabNet - [pytorch_tabnet.py:195] - train -0.986193, valid -1.000842
[63585:MainThread](2026-07-19 12:31:39,688) INFO - qlib.TabNet - [pytorch_tabnet.py:189] - epoch: 36
[63585:MainThread](2026-07-19 12:31:39,688) INFO - qlib.TabNet - [pytorch_tabnet.py:190] - training...
[63585:MainThread](2026-07-19 12:31:50,851) INFO - qlib.TabNet - [pytorch_tabnet.py:192] - evaluating...
[63585:MainThread](2026-07-19 12:31:57,244) INFO - qlib.TabNet - [pytorch_tabnet.py:195] - train -1.013308, valid -1.025103
[63585:MainThread](2026-07-19 12:31:57,244) INFO - qlib.TabNet - [pytorch_tabnet.py:189] - epoch: 37
[63585:MainThread](2026-07-19 12:31:57,244) INFO - qlib.TabNet - [pytorch_tabnet.py:190] - training...
[63585:MainThread](2026-07-19 12:32:08,408) INFO - qlib.TabNet - [pytorch_tabnet.py:192] - evaluating...
[63585:MainThread](2026-07-19 12:32:14,747) INFO - qlib.TabNet - [pytorch_tabnet.py:195] - train -0.992964, valid -1.005202
[63585:MainThread](2026-07-19 12:32:14,747) INFO - qlib.TabNet - [pytorch_tabnet.py:189] - epoch: 38
[63585:MainThread](2026-07-19 12:32:14,748) INFO - qlib.TabNet - [pytorch_tabnet.py:190] - training...
[63585:MainThread](2026-07-19 12:32:25,796) INFO - qlib.TabNet - [pytorch_tabnet.py:192] - evaluating...
[63585:MainThread](2026-07-19 12:32:32,093) INFO - qlib.TabNet - [pytorch_tabnet.py:195] - train -1.017331, valid -1.032544
[63585:MainThread](2026-07-19 12:32:32,093) INFO - qlib.TabNet - [pytorch_tabnet.py:189] - epoch: 39
[63585:MainThread](2026-07-19 12:32:32,093) INFO - qlib.TabNet - [pytorch_tabnet.py:190] - training...
[63585:MainThread](2026-07-19 12:32:43,127) INFO - qlib.TabNet - [pytorch_tabnet.py:192] - evaluating...
[63585:MainThread](2026-07-19 12:32:49,412) INFO - qlib.TabNet - [pytorch_tabnet.py:195] - train -1.040893, valid -1.053131
[63585:MainThread](2026-07-19 12:32:49,412) INFO - qlib.TabNet - [pytorch_tabnet.py:189] - epoch: 40
[63585:MainThread](2026-07-19 12:32:49,412) INFO - qlib.TabNet - [pytorch_tabnet.py:190] - training...
[63585:MainThread](2026-07-19 12:33:00,518) INFO - qlib.TabNet - [pytorch_tabnet.py:192] - evaluating...
[63585:MainThread](2026-07-19 12:33:06,901) INFO - qlib.TabNet - [pytorch_tabnet.py:195] - train -0.992416, valid -1.004405
[63585:MainThread](2026-07-19 12:33:06,901) INFO - qlib.TabNet - [pytorch_tabnet.py:189] - epoch: 41
[63585:MainThread](2026-07-19 12:33:06,901) INFO - qlib.TabNet - [pytorch_tabnet.py:190] - training...
[63585:MainThread](2026-07-19 12:33:18,094) INFO - qlib.TabNet - [pytorch_tabnet.py:192] - evaluating...
[63585:MainThread](2026-07-19 12:33:24,643) INFO - qlib.TabNet - [pytorch_tabnet.py:195] - train -0.986249, valid -1.001072
[63585:MainThread](2026-07-19 12:33:24,643) INFO - qlib.TabNet - [pytorch_tabnet.py:189] - epoch: 42
[63585:MainThread](2026-07-19 12:33:24,643) INFO - qlib.TabNet - [pytorch_tabnet.py:190] - training...
[63585:MainThread](2026-07-19 12:33:35,692) INFO - qlib.TabNet - [pytorch_tabnet.py:192] - evaluating...
[63585:MainThread](2026-07-19 12:33:42,071) INFO - qlib.TabNet - [pytorch_tabnet.py:195] - train -1.001291, valid -1.016824
[63585:MainThread](2026-07-19 12:33:42,071) INFO - qlib.TabNet - [pytorch_tabnet.py:207] - early stop
[63585:MainThread](2026-07-19 12:33:42,071) INFO - qlib.TabNet - [pytorch_tabnet.py:210] - best score: -0.996022 @ 22
[63585:MainThread](2026-07-19 12:33:42,179) INFO - qlib.fill_placeholder - [__init__.py:798] - <PRED> lookes like a placeholder, but it can't match to any given values
Gym has been unmaintained since 2022 and does not support NumPy 2.0 amongst other critical functionality.
Please upgrade to Gymnasium, the maintained drop-in replacement of Gym, or contact the authors of your software and request that they upgrade.
Users of this version of Gym should be able to simply replace 'import gym' with 'import gymnasium as gym' in the vast majority of cases.
See the migration guide at https://gymnasium.farama.org/introduction/migration_guide/ for additional information.
[63585:MainThread](2026-07-19 12:33:45,536) INFO - qlib.workflow - [record_temp.py:197] - Signal record 'pred.pkl' has been saved as the artifact of the Experiment 719738221333457950
[63585:MainThread](2026-07-19 12:33:45,815) INFO - qlib.backtest caller - [__init__.py:93] - Create new exchange
[63585:MainThread](2026-07-19 12:33:54,919) WARNING - qlib.online operator - [exchange.py:219] - $close field data contains nan.
[63585:MainThread](2026-07-19 12:33:54,920) WARNING - qlib.online operator - [exchange.py:219] - $close field data contains nan.
[63585:MainThread](2026-07-19 12:33:54,922) WARNING - qlib.online operator - [exchange.py:226] - factor.day.bin file not exists or factor contains `nan`. Order using adjusted_price.
[63585:MainThread](2026-07-19 12:33:54,922) WARNING - qlib.online operator - [exchange.py:228] - trade unit 100 is not supported in adjusted_price mode.
[63585:MainThread](2026-07-19 12:34:02,966) WARNING - qlib.data - [data.py:665] - load calendar error: freq=day, future=True; return current calendar!
[63585:MainThread](2026-07-19 12:34:02,967) WARNING - qlib.data - [data.py:668] - You can get future calendar by referring to the following document: https://github.com/microsoft/qlib/blob/main/scripts/data_collector/contrib/README.md
[63585:MainThread](2026-07-19 12:34:02,973) WARNING - qlib.BaseExecutor - [executor.py:121] - `common_infra` is not set for <qlib.backtest.executor.SimulatorExecutor object at 0x16bea2870>

backtest loop:   0%|          | 0/871 [00:00<?, ?it/s]/Users/xuxin/Documents/dev/qlib/qlib/utils/index_data.py:492: RuntimeWarning: Mean of empty slice
  return np.nanmean(self.data)

backtest loop:   3%|▎         | 22/871 [00:00<00:03, 214.90it/s]
backtest loop:   5%|▌         | 47/871 [00:00<00:03, 233.11it/s]
backtest loop:   8%|▊         | 72/871 [00:00<00:03, 232.61it/s]
backtest loop:  11%|█         | 96/871 [00:00<00:03, 234.24it/s]
backtest loop:  14%|█▍        | 121/871 [00:00<00:03, 237.74it/s]
backtest loop:  17%|█▋        | 146/871 [00:00<00:03, 240.67it/s]
backtest loop:  20%|█▉        | 171/871 [00:00<00:02, 242.09it/s]
backtest loop:  23%|██▎       | 196/871 [00:00<00:02, 243.20it/s]
backtest loop:  25%|██▌       | 221/871 [00:00<00:02, 242.99it/s]
backtest loop:  28%|██▊       | 246/871 [00:01<00:02, 243.51it/s]
backtest loop:  31%|███       | 271/871 [00:01<00:02, 243.67it/s]
backtest loop:  34%|███▍      | 296/871 [00:01<00:02, 240.08it/s]
backtest loop:  37%|███▋      | 321/871 [00:01<00:02, 238.99it/s]
backtest loop:  40%|███▉      | 346/871 [00:01<00:02, 241.91it/s]
backtest loop:  43%|████▎     | 372/871 [00:01<00:02, 245.61it/s]
backtest loop:  46%|████▌     | 397/871 [00:01<00:01, 245.23it/s]
backtest loop:  48%|████▊     | 422/871 [00:01<00:01, 244.60it/s]
backtest loop:  51%|█████▏    | 447/871 [00:01<00:01, 241.16it/s]
backtest loop:  54%|█████▍    | 472/871 [00:01<00:01, 241.99it/s]
backtest loop:  57%|█████▋    | 497/871 [00:02<00:01, 242.30it/s]
backtest loop:  60%|█████▉    | 522/871 [00:02<00:01, 242.79it/s]
backtest loop:  63%|██████▎   | 547/871 [00:02<00:01, 243.39it/s]/Users/xuxin/Documents/dev/qlib/qlib/utils/index_data.py:492: RuntimeWarning: Mean of empty slice
  return np.nanmean(self.data)
/Users/xuxin/Documents/dev/qlib/qlib/utils/index_data.py:492: RuntimeWarning: Mean of empty slice
  return np.nanmean(self.data)

backtest loop:  66%|██████▌   | 572/871 [00:02<00:01, 244.80it/s]
backtest loop:  69%|██████▊   | 597/871 [00:02<00:01, 244.70it/s]
backtest loop:  71%|███████▏  | 622/871 [00:02<00:01, 244.38it/s]
backtest loop:  74%|███████▍  | 647/871 [00:02<00:00, 243.75it/s]
backtest loop:  77%|███████▋  | 672/871 [00:02<00:00, 239.17it/s]
backtest loop:  80%|███████▉  | 696/871 [00:02<00:00, 239.28it/s]
backtest loop:  83%|████████▎ | 720/871 [00:02<00:00, 239.31it/s]
backtest loop:  85%|████████▌ | 744/871 [00:03<00:00, 234.45it/s]
backtest loop:  88%|████████▊ | 769/871 [00:03<00:00, 237.35it/s]
backtest loop:  91%|█████████ | 794/871 [00:03<00:00, 239.45it/s]
backtest loop:  94%|█████████▍| 818/871 [00:03<00:00, 236.33it/s]
backtest loop:  97%|█████████▋| 843/871 [00:03<00:00, 238.27it/s]
backtest loop: 100%|█████████▉| 868/871 [00:03<00:00, 240.53it/s]
backtest loop: 100%|██████████| 871/871 [00:03<00:00, 240.55it/s]
[63585:MainThread](2026-07-19 12:34:06,619) INFO - qlib.workflow - [record_temp.py:520] - Portfolio analysis record 'port_analysis_1day.pkl' has been saved as the artifact of the Experiment 719738221333457950
[63585:MainThread](2026-07-19 12:34:06,622) INFO - qlib.workflow - [record_temp.py:545] - Indicator analysis record 'indicator_analysis_1day.pkl' has been saved as the artifact of the Experiment 719738221333457950
[63585:MainThread](2026-07-19 12:34:07,037) INFO - qlib.timer - [log.py:127] - Time cost: 0.000s | waiting `async_log` Done
