'The following are prediction results of the IGMTF model.'
                          score
datetime   instrument          
2017-01-03 SH600000    0.030773
           SH600008    0.093777
           SH600009    0.174696
           SH600010   -0.000741
           SH600015   -0.036336
{'IC': np.float64(0.04709351309960143),
 'ICIR': np.float64(0.34961156936921006),
 'Rank IC': np.float64(0.06042861713847751),
 'Rank ICIR': np.float64(0.47853230095947247)}
'The following are analysis results of benchmark return(1day).'
                       risk
mean               0.000477
std                0.012295
annualized_return  0.113561
information_ratio  0.598699
max_drawdown      -0.370479
'The following are analysis results of the excess return without cost(1day).'
                       risk
mean               0.000387
std                0.004364
annualized_return  0.092029
information_ratio  1.367095
max_drawdown      -0.061916
'The following are analysis results of the excess return with cost(1day).'
                       risk
mean               0.000220
std                0.004361
annualized_return  0.052290
information_ratio  0.777281
max_drawdown      -0.076091
'The following are analysis results of indicators(1day).'
     value
ffr    1.0
pa     0.0
pos    0.0

[30188:MainThread](2026-07-18 01:05:23,231) INFO - qlib.qrun - [run.py:78] - Render the template with the context: {}
[30188:MainThread](2026-07-18 01:05:23,237) INFO - qlib.Initialization - [config.py:453] - default_conf: client.
[30188:MainThread](2026-07-18 01:05:23,239) INFO - qlib.Initialization - [__init__.py:82] - qlib successfully initialized based on client settings.
[30188:MainThread](2026-07-18 01:05:23,239) INFO - qlib.Initialization - [__init__.py:84] - data_path={'__DEFAULT_FREQ': PosixPath('/Users/xuxin/.qlib/qlib_data/cn_data')}
[30188:MainThread](2026-07-18 01:05:23,247) WARNING - qlib.workflow - [expm.py:230] - No valid experiment found. Create a new experiment with name trav_deep_IGMTF_igmtf_Alpha360_3.
[30188:MainThread](2026-07-18 01:05:23,250) INFO - qlib.workflow - [exp.py:258] - Experiment 909932187047914480 starts running ...
[30188:MainThread](2026-07-18 01:05:24,136) INFO - qlib.workflow - [recorder.py:345] - Recorder a9266875bc774e9889e81f93edf9a4a5 starts running under Experiment 909932187047914480 ...
[30188:MainThread](2026-07-18 01:05:26,878) INFO - qlib.IGMTF - [pytorch_igmtf.py:62] - IMGTF pytorch version...
[30188:MainThread](2026-07-18 01:05:26,878) INFO - qlib.IGMTF - [pytorch_igmtf.py:80] - IGMTF parameters setting:
d_feat : 6
hidden_size : 64
num_layers : 2
dropout : 0
n_epochs : 200
lr : 0.0001
metric : ic
early_stop : 20
optimizer : adam
loss_type : mse
base_model : LSTM
model_path : /Users/xuxin/Documents/dev/qlib/examples/benchmarks/LSTM/model_lstm_csi300.pkl
visible_GPU : 0
use_GPU : False
seed : None
[30188:MainThread](2026-07-18 01:05:26,880) INFO - qlib.IGMTF - [pytorch_igmtf.py:126] - model:
IGMTFModel(
  (rnn): LSTM(6, 64, num_layers=2, batch_first=True)
  (lins): Sequential(
    (linear0): Linear(in_features=64, out_features=64, bias=True)
    (leakyrelu0): LeakyReLU(negative_slope=0.01)
    (linear1): Linear(in_features=64, out_features=64, bias=True)
    (leakyrelu1): LeakyReLU(negative_slope=0.01)
  )
  (fc_output): Linear(in_features=128, out_features=128, bias=True)
  (project1): Linear(in_features=64, out_features=64, bias=False)
  (project2): Linear(in_features=64, out_features=64, bias=False)
  (fc_out_pred): Linear(in_features=128, out_features=1, bias=True)
  (leaky_relu): LeakyReLU(negative_slope=0.01)
)
[30188:MainThread](2026-07-18 01:05:26,880) INFO - qlib.IGMTF - [pytorch_igmtf.py:127] - model size: 0.0809 MB
[30188:MainThread](2026-07-18 01:06:13,280) INFO - qlib.timer - [log.py:127] - Time cost: 44.753s | Loading data Done
/Users/xuxin/.local/lib/python3.12/site-packages/numpy/lib/_nanfunctions_impl.py:1215: RuntimeWarning: All-NaN slice encountered
  return fnb._ureduce(a, func=_nanmedian, keepdims=keepdims,
[30188:MainThread](2026-07-18 01:06:18,909) INFO - qlib.timer - [log.py:127] - Time cost: 5.302s | RobustZScoreNorm Done
[30188:MainThread](2026-07-18 01:06:19,610) INFO - qlib.timer - [log.py:127] - Time cost: 0.701s | Fillna Done
[30188:MainThread](2026-07-18 01:06:20,117) INFO - qlib.timer - [log.py:127] - Time cost: 0.222s | DropnaLabel Done
/Users/xuxin/Documents/dev/qlib/qlib/data/dataset/processor.py:358: SettingWithCopyWarning: 
A value is trying to be set on a copy of a slice from a DataFrame.
Try using .loc[row_indexer,col_indexer] = value instead

See the caveats in the documentation: https://pandas.pydata.org/pandas-docs/stable/user_guide/indexing.html#returning-a-view-versus-a-copy
  df[cols] = t
[30188:MainThread](2026-07-18 01:06:20,276) INFO - qlib.timer - [log.py:127] - Time cost: 0.158s | CSRankNorm Done
[30188:MainThread](2026-07-18 01:06:20,289) INFO - qlib.timer - [log.py:127] - Time cost: 7.009s | fit & process data Done
[30188:MainThread](2026-07-18 01:06:20,289) INFO - qlib.timer - [log.py:127] - Time cost: 51.763s | Init data Done
[30188:MainThread](2026-07-18 01:06:20,290) WARNING - qlib.utils - [__init__.py:849] - The parameter `reweighter` with value `None` is ignored.
[30188:MainThread](2026-07-18 01:06:20,728) INFO - qlib.IGMTF - [pytorch_igmtf.py:282] - Loading pretrained model...
[30188:MainThread](2026-07-18 01:06:20,739) INFO - qlib.IGMTF - [pytorch_igmtf.py:291] - Loading pretrained model Done...
[30188:MainThread](2026-07-18 01:06:20,739) INFO - qlib.IGMTF - [pytorch_igmtf.py:294] - training...
[30188:MainThread](2026-07-18 01:06:20,739) INFO - qlib.IGMTF - [pytorch_igmtf.py:298] - Epoch0:
[30188:MainThread](2026-07-18 01:06:20,740) INFO - qlib.IGMTF - [pytorch_igmtf.py:299] - training...
/Users/xuxin/Documents/dev/qlib/qlib/contrib/model/pytorch_igmtf.py:432: UserWarning: Sparse invariant checks are implicitly disabled. Memory errors (e.g. SEGFAULT) will occur when operating on a sparse tensor which violates the invariants, but checks incur performance overhead. To silence this warning, explicitly opt in or out. See `torch.sparse.check_sparse_tensor_invariants.__doc__` for guidance.  (Triggered internally at /Users/runner/work/pytorch/pytorch/aten/src/ATen/Context.cpp:767.)
  mask = torch.sparse_coo_tensor(
/Users/xuxin/Documents/dev/qlib/qlib/contrib/model/pytorch_igmtf.py:402: UserWarning: torch.sparse.SparseTensor(indices, values, shape, *, device=) is deprecated.  Please use torch.sparse_coo_tensor(indices, values, shape, dtype=, device=). (Triggered internally at /Users/runner/work/pytorch/pytorch/torch/csrc/utils/tensor_new.cpp:656.)
  return torch.sparse.FloatTensor(i, v * dv, s.size())
[30188:MainThread](2026-07-18 01:08:49,934) INFO - qlib.IGMTF - [pytorch_igmtf.py:302] - evaluating...
[30188:MainThread](2026-07-18 01:09:58,913) INFO - qlib.IGMTF - [pytorch_igmtf.py:305] - train 0.123493, valid 0.081949
[30188:MainThread](2026-07-18 01:09:58,915) INFO - qlib.IGMTF - [pytorch_igmtf.py:298] - Epoch1:
[30188:MainThread](2026-07-18 01:09:58,916) INFO - qlib.IGMTF - [pytorch_igmtf.py:299] - training...
[30188:MainThread](2026-07-18 01:12:27,939) INFO - qlib.IGMTF - [pytorch_igmtf.py:302] - evaluating...
[30188:MainThread](2026-07-18 01:13:37,375) INFO - qlib.IGMTF - [pytorch_igmtf.py:305] - train 0.127945, valid 0.086300
[30188:MainThread](2026-07-18 01:13:37,376) INFO - qlib.IGMTF - [pytorch_igmtf.py:298] - Epoch2:
[30188:MainThread](2026-07-18 01:13:37,376) INFO - qlib.IGMTF - [pytorch_igmtf.py:299] - training...
[30188:MainThread](2026-07-18 01:16:05,688) INFO - qlib.IGMTF - [pytorch_igmtf.py:302] - evaluating...
[30188:MainThread](2026-07-18 01:17:14,245) INFO - qlib.IGMTF - [pytorch_igmtf.py:305] - train 0.129003, valid 0.083696
[30188:MainThread](2026-07-18 01:17:14,245) INFO - qlib.IGMTF - [pytorch_igmtf.py:298] - Epoch3:
[30188:MainThread](2026-07-18 01:17:14,245) INFO - qlib.IGMTF - [pytorch_igmtf.py:299] - training...
[30188:MainThread](2026-07-18 01:19:42,650) INFO - qlib.IGMTF - [pytorch_igmtf.py:302] - evaluating...
[30188:MainThread](2026-07-18 01:20:51,558) INFO - qlib.IGMTF - [pytorch_igmtf.py:305] - train 0.129994, valid 0.084972
[30188:MainThread](2026-07-18 01:20:51,558) INFO - qlib.IGMTF - [pytorch_igmtf.py:298] - Epoch4:
[30188:MainThread](2026-07-18 01:20:51,558) INFO - qlib.IGMTF - [pytorch_igmtf.py:299] - training...
[30188:MainThread](2026-07-18 01:23:21,015) INFO - qlib.IGMTF - [pytorch_igmtf.py:302] - evaluating...
[30188:MainThread](2026-07-18 01:24:30,043) INFO - qlib.IGMTF - [pytorch_igmtf.py:305] - train 0.131499, valid 0.085656
[30188:MainThread](2026-07-18 01:24:30,043) INFO - qlib.IGMTF - [pytorch_igmtf.py:298] - Epoch5:
[30188:MainThread](2026-07-18 01:24:30,043) INFO - qlib.IGMTF - [pytorch_igmtf.py:299] - training...
[30188:MainThread](2026-07-18 01:26:58,790) INFO - qlib.IGMTF - [pytorch_igmtf.py:302] - evaluating...
[30188:MainThread](2026-07-18 01:28:07,624) INFO - qlib.IGMTF - [pytorch_igmtf.py:305] - train 0.131961, valid 0.088786
[30188:MainThread](2026-07-18 01:28:07,625) INFO - qlib.IGMTF - [pytorch_igmtf.py:298] - Epoch6:
[30188:MainThread](2026-07-18 01:28:07,625) INFO - qlib.IGMTF - [pytorch_igmtf.py:299] - training...
[30188:MainThread](2026-07-18 01:30:38,009) INFO - qlib.IGMTF - [pytorch_igmtf.py:302] - evaluating...
[30188:MainThread](2026-07-18 01:31:48,046) INFO - qlib.IGMTF - [pytorch_igmtf.py:305] - train 0.133022, valid 0.085194
[30188:MainThread](2026-07-18 01:31:48,046) INFO - qlib.IGMTF - [pytorch_igmtf.py:298] - Epoch7:
[30188:MainThread](2026-07-18 01:31:48,047) INFO - qlib.IGMTF - [pytorch_igmtf.py:299] - training...
[30188:MainThread](2026-07-18 01:34:19,562) INFO - qlib.IGMTF - [pytorch_igmtf.py:302] - evaluating...
[30188:MainThread](2026-07-18 01:35:28,686) INFO - qlib.IGMTF - [pytorch_igmtf.py:305] - train 0.134063, valid 0.085355
[30188:MainThread](2026-07-18 01:35:28,686) INFO - qlib.IGMTF - [pytorch_igmtf.py:298] - Epoch8:
[30188:MainThread](2026-07-18 01:35:28,686) INFO - qlib.IGMTF - [pytorch_igmtf.py:299] - training...
[30188:MainThread](2026-07-18 01:37:58,000) INFO - qlib.IGMTF - [pytorch_igmtf.py:302] - evaluating...
[30188:MainThread](2026-07-18 01:39:07,288) INFO - qlib.IGMTF - [pytorch_igmtf.py:305] - train 0.135584, valid 0.086527
[30188:MainThread](2026-07-18 01:39:07,289) INFO - qlib.IGMTF - [pytorch_igmtf.py:298] - Epoch9:
[30188:MainThread](2026-07-18 01:39:07,289) INFO - qlib.IGMTF - [pytorch_igmtf.py:299] - training...
[30188:MainThread](2026-07-18 01:41:37,634) INFO - qlib.IGMTF - [pytorch_igmtf.py:302] - evaluating...
[30188:MainThread](2026-07-18 01:42:48,866) INFO - qlib.IGMTF - [pytorch_igmtf.py:305] - train 0.134975, valid 0.089002
[30188:MainThread](2026-07-18 01:42:48,871) INFO - qlib.IGMTF - [pytorch_igmtf.py:298] - Epoch10:
[30188:MainThread](2026-07-18 01:42:48,871) INFO - qlib.IGMTF - [pytorch_igmtf.py:299] - training...
[30188:MainThread](2026-07-18 01:45:19,425) INFO - qlib.IGMTF - [pytorch_igmtf.py:302] - evaluating...
[30188:MainThread](2026-07-18 01:46:28,658) INFO - qlib.IGMTF - [pytorch_igmtf.py:305] - train 0.135374, valid 0.090512
[30188:MainThread](2026-07-18 01:46:28,659) INFO - qlib.IGMTF - [pytorch_igmtf.py:298] - Epoch11:
[30188:MainThread](2026-07-18 01:46:28,659) INFO - qlib.IGMTF - [pytorch_igmtf.py:299] - training...
[30188:MainThread](2026-07-18 01:48:57,969) INFO - qlib.IGMTF - [pytorch_igmtf.py:302] - evaluating...
[30188:MainThread](2026-07-18 01:50:06,936) INFO - qlib.IGMTF - [pytorch_igmtf.py:305] - train 0.137080, valid 0.089063
[30188:MainThread](2026-07-18 01:50:06,936) INFO - qlib.IGMTF - [pytorch_igmtf.py:298] - Epoch12:
[30188:MainThread](2026-07-18 01:50:06,936) INFO - qlib.IGMTF - [pytorch_igmtf.py:299] - training...
[30188:MainThread](2026-07-18 01:52:36,578) INFO - qlib.IGMTF - [pytorch_igmtf.py:302] - evaluating...
[30188:MainThread](2026-07-18 01:53:45,523) INFO - qlib.IGMTF - [pytorch_igmtf.py:305] - train 0.139045, valid 0.088267
[30188:MainThread](2026-07-18 01:53:45,523) INFO - qlib.IGMTF - [pytorch_igmtf.py:298] - Epoch13:
[30188:MainThread](2026-07-18 01:53:45,523) INFO - qlib.IGMTF - [pytorch_igmtf.py:299] - training...
[30188:MainThread](2026-07-18 01:56:15,255) INFO - qlib.IGMTF - [pytorch_igmtf.py:302] - evaluating...
[30188:MainThread](2026-07-18 01:57:24,543) INFO - qlib.IGMTF - [pytorch_igmtf.py:305] - train 0.137377, valid 0.091815
[30188:MainThread](2026-07-18 01:57:24,544) INFO - qlib.IGMTF - [pytorch_igmtf.py:298] - Epoch14:
[30188:MainThread](2026-07-18 01:57:24,544) INFO - qlib.IGMTF - [pytorch_igmtf.py:299] - training...
[30188:MainThread](2026-07-18 01:59:54,116) INFO - qlib.IGMTF - [pytorch_igmtf.py:302] - evaluating...
[30188:MainThread](2026-07-18 02:01:03,453) INFO - qlib.IGMTF - [pytorch_igmtf.py:305] - train 0.139997, valid 0.085875
[30188:MainThread](2026-07-18 02:01:03,453) INFO - qlib.IGMTF - [pytorch_igmtf.py:298] - Epoch15:
[30188:MainThread](2026-07-18 02:01:03,453) INFO - qlib.IGMTF - [pytorch_igmtf.py:299] - training...
[30188:MainThread](2026-07-18 02:03:34,621) INFO - qlib.IGMTF - [pytorch_igmtf.py:302] - evaluating...
[30188:MainThread](2026-07-18 02:04:44,376) INFO - qlib.IGMTF - [pytorch_igmtf.py:305] - train 0.141499, valid 0.091472
[30188:MainThread](2026-07-18 02:04:44,377) INFO - qlib.IGMTF - [pytorch_igmtf.py:298] - Epoch16:
[30188:MainThread](2026-07-18 02:04:44,377) INFO - qlib.IGMTF - [pytorch_igmtf.py:299] - training...
[30188:MainThread](2026-07-18 02:07:13,518) INFO - qlib.IGMTF - [pytorch_igmtf.py:302] - evaluating...
[30188:MainThread](2026-07-18 02:08:23,302) INFO - qlib.IGMTF - [pytorch_igmtf.py:305] - train 0.142267, valid 0.090427
[30188:MainThread](2026-07-18 02:08:23,302) INFO - qlib.IGMTF - [pytorch_igmtf.py:298] - Epoch17:
[30188:MainThread](2026-07-18 02:08:23,303) INFO - qlib.IGMTF - [pytorch_igmtf.py:299] - training...
[30188:MainThread](2026-07-18 02:10:54,460) INFO - qlib.IGMTF - [pytorch_igmtf.py:302] - evaluating...
[30188:MainThread](2026-07-18 02:12:04,513) INFO - qlib.IGMTF - [pytorch_igmtf.py:305] - train 0.143749, valid 0.086869
[30188:MainThread](2026-07-18 02:12:04,513) INFO - qlib.IGMTF - [pytorch_igmtf.py:298] - Epoch18:
[30188:MainThread](2026-07-18 02:12:04,514) INFO - qlib.IGMTF - [pytorch_igmtf.py:299] - training...
[30188:MainThread](2026-07-18 02:14:34,893) INFO - qlib.IGMTF - [pytorch_igmtf.py:302] - evaluating...
[30188:MainThread](2026-07-18 02:15:44,297) INFO - qlib.IGMTF - [pytorch_igmtf.py:305] - train 0.144358, valid 0.088065
[30188:MainThread](2026-07-18 02:15:44,298) INFO - qlib.IGMTF - [pytorch_igmtf.py:298] - Epoch19:
[30188:MainThread](2026-07-18 02:15:44,298) INFO - qlib.IGMTF - [pytorch_igmtf.py:299] - training...
[30188:MainThread](2026-07-18 02:18:13,677) INFO - qlib.IGMTF - [pytorch_igmtf.py:302] - evaluating...
[30188:MainThread](2026-07-18 02:19:23,150) INFO - qlib.IGMTF - [pytorch_igmtf.py:305] - train 0.144703, valid 0.088858
[30188:MainThread](2026-07-18 02:19:23,150) INFO - qlib.IGMTF - [pytorch_igmtf.py:298] - Epoch20:
[30188:MainThread](2026-07-18 02:19:23,150) INFO - qlib.IGMTF - [pytorch_igmtf.py:299] - training...
[30188:MainThread](2026-07-18 02:21:53,277) INFO - qlib.IGMTF - [pytorch_igmtf.py:302] - evaluating...
[30188:MainThread](2026-07-18 02:23:02,653) INFO - qlib.IGMTF - [pytorch_igmtf.py:305] - train 0.146105, valid 0.088150
[30188:MainThread](2026-07-18 02:23:02,653) INFO - qlib.IGMTF - [pytorch_igmtf.py:298] - Epoch21:
[30188:MainThread](2026-07-18 02:23:02,653) INFO - qlib.IGMTF - [pytorch_igmtf.py:299] - training...
[30188:MainThread](2026-07-18 02:25:32,781) INFO - qlib.IGMTF - [pytorch_igmtf.py:302] - evaluating...
[30188:MainThread](2026-07-18 02:26:42,678) INFO - qlib.IGMTF - [pytorch_igmtf.py:305] - train 0.146902, valid 0.087490
[30188:MainThread](2026-07-18 02:26:42,679) INFO - qlib.IGMTF - [pytorch_igmtf.py:298] - Epoch22:
[30188:MainThread](2026-07-18 02:26:42,679) INFO - qlib.IGMTF - [pytorch_igmtf.py:299] - training...
[30188:MainThread](2026-07-18 02:29:12,910) INFO - qlib.IGMTF - [pytorch_igmtf.py:302] - evaluating...
[30188:MainThread](2026-07-18 02:30:23,621) INFO - qlib.IGMTF - [pytorch_igmtf.py:305] - train 0.146740, valid 0.092632
[30188:MainThread](2026-07-18 02:30:23,624) INFO - qlib.IGMTF - [pytorch_igmtf.py:298] - Epoch23:
[30188:MainThread](2026-07-18 02:30:23,624) INFO - qlib.IGMTF - [pytorch_igmtf.py:299] - training...
[30188:MainThread](2026-07-18 02:32:53,621) INFO - qlib.IGMTF - [pytorch_igmtf.py:302] - evaluating...
[30188:MainThread](2026-07-18 02:34:04,646) INFO - qlib.IGMTF - [pytorch_igmtf.py:305] - train 0.148489, valid 0.089387
[30188:MainThread](2026-07-18 02:34:04,646) INFO - qlib.IGMTF - [pytorch_igmtf.py:298] - Epoch24:
[30188:MainThread](2026-07-18 02:34:04,646) INFO - qlib.IGMTF - [pytorch_igmtf.py:299] - training...
[30188:MainThread](2026-07-18 02:36:34,560) INFO - qlib.IGMTF - [pytorch_igmtf.py:302] - evaluating...
[30188:MainThread](2026-07-18 02:37:43,837) INFO - qlib.IGMTF - [pytorch_igmtf.py:305] - train 0.147909, valid 0.090784
[30188:MainThread](2026-07-18 02:37:43,838) INFO - qlib.IGMTF - [pytorch_igmtf.py:298] - Epoch25:
[30188:MainThread](2026-07-18 02:37:43,838) INFO - qlib.IGMTF - [pytorch_igmtf.py:299] - training...
[30188:MainThread](2026-07-18 02:40:14,503) INFO - qlib.IGMTF - [pytorch_igmtf.py:302] - evaluating...
[30188:MainThread](2026-07-18 02:41:23,825) INFO - qlib.IGMTF - [pytorch_igmtf.py:305] - train 0.150321, valid 0.085487
[30188:MainThread](2026-07-18 02:41:23,825) INFO - qlib.IGMTF - [pytorch_igmtf.py:298] - Epoch26:
[30188:MainThread](2026-07-18 02:41:23,825) INFO - qlib.IGMTF - [pytorch_igmtf.py:299] - training...
[30188:MainThread](2026-07-18 02:43:53,239) INFO - qlib.IGMTF - [pytorch_igmtf.py:302] - evaluating...
[30188:MainThread](2026-07-18 02:45:04,567) INFO - qlib.IGMTF - [pytorch_igmtf.py:305] - train 0.150682, valid 0.087842
[30188:MainThread](2026-07-18 02:45:04,567) INFO - qlib.IGMTF - [pytorch_igmtf.py:298] - Epoch27:
[30188:MainThread](2026-07-18 02:45:04,568) INFO - qlib.IGMTF - [pytorch_igmtf.py:299] - training...
[30188:MainThread](2026-07-18 02:47:34,494) INFO - qlib.IGMTF - [pytorch_igmtf.py:302] - evaluating...
[30188:MainThread](2026-07-18 02:48:43,766) INFO - qlib.IGMTF - [pytorch_igmtf.py:305] - train 0.151838, valid 0.085026
[30188:MainThread](2026-07-18 02:48:43,766) INFO - qlib.IGMTF - [pytorch_igmtf.py:298] - Epoch28:
[30188:MainThread](2026-07-18 02:48:43,766) INFO - qlib.IGMTF - [pytorch_igmtf.py:299] - training...
[30188:MainThread](2026-07-18 02:51:13,064) INFO - qlib.IGMTF - [pytorch_igmtf.py:302] - evaluating...
[30188:MainThread](2026-07-18 02:52:22,198) INFO - qlib.IGMTF - [pytorch_igmtf.py:305] - train 0.152659, valid 0.086033
[30188:MainThread](2026-07-18 02:52:22,198) INFO - qlib.IGMTF - [pytorch_igmtf.py:298] - Epoch29:
[30188:MainThread](2026-07-18 02:52:22,198) INFO - qlib.IGMTF - [pytorch_igmtf.py:299] - training...
[30188:MainThread](2026-07-18 02:54:52,039) INFO - qlib.IGMTF - [pytorch_igmtf.py:302] - evaluating...
[30188:MainThread](2026-07-18 02:56:01,419) INFO - qlib.IGMTF - [pytorch_igmtf.py:305] - train 0.154348, valid 0.087719
[30188:MainThread](2026-07-18 02:56:01,419) INFO - qlib.IGMTF - [pytorch_igmtf.py:298] - Epoch30:
[30188:MainThread](2026-07-18 02:56:01,419) INFO - qlib.IGMTF - [pytorch_igmtf.py:299] - training...
[30188:MainThread](2026-07-18 02:58:31,245) INFO - qlib.IGMTF - [pytorch_igmtf.py:302] - evaluating...
[30188:MainThread](2026-07-18 02:59:39,994) INFO - qlib.IGMTF - [pytorch_igmtf.py:305] - train 0.155147, valid 0.087256
[30188:MainThread](2026-07-18 02:59:39,995) INFO - qlib.IGMTF - [pytorch_igmtf.py:298] - Epoch31:
[30188:MainThread](2026-07-18 02:59:39,995) INFO - qlib.IGMTF - [pytorch_igmtf.py:299] - training...
[30188:MainThread](2026-07-18 03:02:08,020) INFO - qlib.IGMTF - [pytorch_igmtf.py:302] - evaluating...
[30188:MainThread](2026-07-18 03:03:16,894) INFO - qlib.IGMTF - [pytorch_igmtf.py:305] - train 0.156174, valid 0.087565
[30188:MainThread](2026-07-18 03:03:16,894) INFO - qlib.IGMTF - [pytorch_igmtf.py:298] - Epoch32:
[30188:MainThread](2026-07-18 03:03:16,894) INFO - qlib.IGMTF - [pytorch_igmtf.py:299] - training...
[30188:MainThread](2026-07-18 03:05:47,519) INFO - qlib.IGMTF - [pytorch_igmtf.py:302] - evaluating...
[30188:MainThread](2026-07-18 03:06:56,898) INFO - qlib.IGMTF - [pytorch_igmtf.py:305] - train 0.157408, valid 0.087248
[30188:MainThread](2026-07-18 03:06:56,898) INFO - qlib.IGMTF - [pytorch_igmtf.py:298] - Epoch33:
[30188:MainThread](2026-07-18 03:06:56,898) INFO - qlib.IGMTF - [pytorch_igmtf.py:299] - training...
[30188:MainThread](2026-07-18 03:09:28,720) INFO - qlib.IGMTF - [pytorch_igmtf.py:302] - evaluating...
[30188:MainThread](2026-07-18 03:10:39,379) INFO - qlib.IGMTF - [pytorch_igmtf.py:305] - train 0.154893, valid 0.090652
[30188:MainThread](2026-07-18 03:10:39,379) INFO - qlib.IGMTF - [pytorch_igmtf.py:298] - Epoch34:
[30188:MainThread](2026-07-18 03:10:39,380) INFO - qlib.IGMTF - [pytorch_igmtf.py:299] - training...
[30188:MainThread](2026-07-18 03:13:10,003) INFO - qlib.IGMTF - [pytorch_igmtf.py:302] - evaluating...
[30188:MainThread](2026-07-18 03:14:20,140) INFO - qlib.IGMTF - [pytorch_igmtf.py:305] - train 0.157390, valid 0.086608
[30188:MainThread](2026-07-18 03:14:20,140) INFO - qlib.IGMTF - [pytorch_igmtf.py:298] - Epoch35:
[30188:MainThread](2026-07-18 03:14:20,141) INFO - qlib.IGMTF - [pytorch_igmtf.py:299] - training...
[30188:MainThread](2026-07-18 03:16:51,117) INFO - qlib.IGMTF - [pytorch_igmtf.py:302] - evaluating...
[30188:MainThread](2026-07-18 03:18:00,240) INFO - qlib.IGMTF - [pytorch_igmtf.py:305] - train 0.161040, valid 0.084300
[30188:MainThread](2026-07-18 03:18:00,240) INFO - qlib.IGMTF - [pytorch_igmtf.py:298] - Epoch36:
[30188:MainThread](2026-07-18 03:18:00,240) INFO - qlib.IGMTF - [pytorch_igmtf.py:299] - training...
[30188:MainThread](2026-07-18 03:20:30,098) INFO - qlib.IGMTF - [pytorch_igmtf.py:302] - evaluating...
[30188:MainThread](2026-07-18 03:21:39,521) INFO - qlib.IGMTF - [pytorch_igmtf.py:305] - train 0.160553, valid 0.083353
[30188:MainThread](2026-07-18 03:21:39,521) INFO - qlib.IGMTF - [pytorch_igmtf.py:298] - Epoch37:
[30188:MainThread](2026-07-18 03:21:39,521) INFO - qlib.IGMTF - [pytorch_igmtf.py:299] - training...
[30188:MainThread](2026-07-18 03:24:09,341) INFO - qlib.IGMTF - [pytorch_igmtf.py:302] - evaluating...
[30188:MainThread](2026-07-18 03:25:19,036) INFO - qlib.IGMTF - [pytorch_igmtf.py:305] - train 0.162659, valid 0.084510
[30188:MainThread](2026-07-18 03:25:19,036) INFO - qlib.IGMTF - [pytorch_igmtf.py:298] - Epoch38:
[30188:MainThread](2026-07-18 03:25:19,036) INFO - qlib.IGMTF - [pytorch_igmtf.py:299] - training...
[30188:MainThread](2026-07-18 03:27:48,295) INFO - qlib.IGMTF - [pytorch_igmtf.py:302] - evaluating...
[30188:MainThread](2026-07-18 03:28:57,578) INFO - qlib.IGMTF - [pytorch_igmtf.py:305] - train 0.164014, valid 0.081640
[30188:MainThread](2026-07-18 03:28:57,578) INFO - qlib.IGMTF - [pytorch_igmtf.py:298] - Epoch39:
[30188:MainThread](2026-07-18 03:28:57,579) INFO - qlib.IGMTF - [pytorch_igmtf.py:299] - training...
[30188:MainThread](2026-07-18 03:31:28,884) INFO - qlib.IGMTF - [pytorch_igmtf.py:302] - evaluating...
[30188:MainThread](2026-07-18 03:32:39,107) INFO - qlib.IGMTF - [pytorch_igmtf.py:305] - train 0.164756, valid 0.086120
[30188:MainThread](2026-07-18 03:32:39,108) INFO - qlib.IGMTF - [pytorch_igmtf.py:298] - Epoch40:
[30188:MainThread](2026-07-18 03:32:39,108) INFO - qlib.IGMTF - [pytorch_igmtf.py:299] - training...
[30188:MainThread](2026-07-18 03:35:10,594) INFO - qlib.IGMTF - [pytorch_igmtf.py:302] - evaluating...
[30188:MainThread](2026-07-18 03:36:19,728) INFO - qlib.IGMTF - [pytorch_igmtf.py:305] - train 0.164897, valid 0.085336
[30188:MainThread](2026-07-18 03:36:19,728) INFO - qlib.IGMTF - [pytorch_igmtf.py:298] - Epoch41:
[30188:MainThread](2026-07-18 03:36:19,728) INFO - qlib.IGMTF - [pytorch_igmtf.py:299] - training...
[30188:MainThread](2026-07-18 03:38:49,849) INFO - qlib.IGMTF - [pytorch_igmtf.py:302] - evaluating...
[30188:MainThread](2026-07-18 03:39:59,961) INFO - qlib.IGMTF - [pytorch_igmtf.py:305] - train 0.165665, valid 0.085300
[30188:MainThread](2026-07-18 03:39:59,962) INFO - qlib.IGMTF - [pytorch_igmtf.py:298] - Epoch42:
[30188:MainThread](2026-07-18 03:39:59,962) INFO - qlib.IGMTF - [pytorch_igmtf.py:299] - training...
[30188:MainThread](2026-07-18 03:42:29,732) INFO - qlib.IGMTF - [pytorch_igmtf.py:302] - evaluating...
[30188:MainThread](2026-07-18 03:43:39,096) INFO - qlib.IGMTF - [pytorch_igmtf.py:305] - train 0.166888, valid 0.081961
[30188:MainThread](2026-07-18 03:43:39,097) INFO - qlib.IGMTF - [pytorch_igmtf.py:317] - early stop
[30188:MainThread](2026-07-18 03:43:39,097) INFO - qlib.IGMTF - [pytorch_igmtf.py:320] - best score: 0.092632 @ 22
[30188:MainThread](2026-07-18 03:43:39,156) INFO - qlib.fill_placeholder - [__init__.py:798] - <PRED> lookes like a placeholder, but it can't match to any given values
Gym has been unmaintained since 2022 and does not support NumPy 2.0 amongst other critical functionality.
Please upgrade to Gymnasium, the maintained drop-in replacement of Gym, or contact the authors of your software and request that they upgrade.
Users of this version of Gym should be able to simply replace 'import gym' with 'import gymnasium as gym' in the vast majority of cases.
See the migration guide at https://gymnasium.farama.org/introduction/migration_guide/ for additional information.
[30188:MainThread](2026-07-18 03:44:58,096) INFO - qlib.workflow - [record_temp.py:197] - Signal record 'pred.pkl' has been saved as the artifact of the Experiment 909932187047914480
[30188:MainThread](2026-07-18 03:44:58,383) INFO - qlib.backtest caller - [__init__.py:93] - Create new exchange
[30188:MainThread](2026-07-18 03:45:06,350) WARNING - qlib.online operator - [exchange.py:219] - $close field data contains nan.
[30188:MainThread](2026-07-18 03:45:06,351) WARNING - qlib.online operator - [exchange.py:219] - $close field data contains nan.
[30188:MainThread](2026-07-18 03:45:06,352) WARNING - qlib.online operator - [exchange.py:226] - factor.day.bin file not exists or factor contains `nan`. Order using adjusted_price.
[30188:MainThread](2026-07-18 03:45:06,353) WARNING - qlib.online operator - [exchange.py:228] - trade unit 100 is not supported in adjusted_price mode.
[30188:MainThread](2026-07-18 03:45:14,207) WARNING - qlib.data - [data.py:665] - load calendar error: freq=day, future=True; return current calendar!
[30188:MainThread](2026-07-18 03:45:14,207) WARNING - qlib.data - [data.py:668] - You can get future calendar by referring to the following document: https://github.com/microsoft/qlib/blob/main/scripts/data_collector/contrib/README.md
[30188:MainThread](2026-07-18 03:45:14,212) WARNING - qlib.BaseExecutor - [executor.py:121] - `common_infra` is not set for <qlib.backtest.executor.SimulatorExecutor object at 0x1236afec0>

backtest loop:   0%|          | 0/871 [00:00<?, ?it/s]/Users/xuxin/Documents/dev/qlib/qlib/utils/index_data.py:492: RuntimeWarning: Mean of empty slice
  return np.nanmean(self.data)

backtest loop:   3%|▎         | 24/871 [00:00<00:03, 222.51it/s]
backtest loop:   6%|▌         | 49/871 [00:00<00:03, 234.87it/s]
backtest loop:   8%|▊         | 74/871 [00:00<00:03, 240.24it/s]
backtest loop:  11%|█▏        | 99/871 [00:00<00:03, 242.69it/s]
backtest loop:  15%|█▍        | 127/871 [00:00<00:02, 254.07it/s]
backtest loop:  18%|█▊        | 154/871 [00:00<00:02, 253.62it/s]
backtest loop:  21%|██        | 181/871 [00:00<00:02, 257.46it/s]
backtest loop:  24%|██▍       | 208/871 [00:00<00:02, 259.95it/s]
backtest loop:  27%|██▋       | 235/871 [00:00<00:02, 256.91it/s]
backtest loop:  30%|██▉       | 261/871 [00:01<00:02, 257.16it/s]
backtest loop:  33%|███▎      | 287/871 [00:01<00:02, 253.63it/s]
backtest loop:  36%|███▌      | 313/871 [00:01<00:02, 254.61it/s]
backtest loop:  39%|███▉      | 339/871 [00:01<00:02, 254.23it/s]
backtest loop:  42%|████▏     | 366/871 [00:01<00:01, 258.24it/s]
backtest loop:  45%|████▌     | 392/871 [00:01<00:01, 258.32it/s]
backtest loop:  48%|████▊     | 418/871 [00:01<00:01, 250.20it/s]
backtest loop:  51%|█████     | 444/871 [00:01<00:01, 252.73it/s]
backtest loop:  54%|█████▍    | 470/871 [00:01<00:01, 250.41it/s]
backtest loop:  57%|█████▋    | 496/871 [00:01<00:01, 244.44it/s]
backtest loop:  60%|█████▉    | 521/871 [00:02<00:01, 243.19it/s]
backtest loop:  63%|██████▎   | 546/871 [00:02<00:01, 243.47it/s]/Users/xuxin/Documents/dev/qlib/qlib/utils/index_data.py:492: RuntimeWarning: Mean of empty slice
  return np.nanmean(self.data)
/Users/xuxin/Documents/dev/qlib/qlib/utils/index_data.py:492: RuntimeWarning: Mean of empty slice
  return np.nanmean(self.data)

backtest loop:  66%|██████▌   | 571/871 [00:02<00:01, 245.13it/s]
backtest loop:  68%|██████▊   | 596/871 [00:02<00:01, 246.11it/s]
backtest loop:  71%|███████▏  | 621/871 [00:02<00:01, 244.18it/s]
backtest loop:  74%|███████▍  | 646/871 [00:02<00:00, 239.48it/s]
backtest loop:  77%|███████▋  | 670/871 [00:02<00:00, 234.74it/s]
backtest loop:  80%|███████▉  | 694/871 [00:02<00:00, 235.09it/s]
backtest loop:  83%|████████▎ | 719/871 [00:02<00:00, 236.60it/s]
backtest loop:  85%|████████▌ | 743/871 [00:03<00:00, 231.98it/s]
backtest loop:  88%|████████▊ | 767/871 [00:03<00:00, 233.15it/s]
backtest loop:  91%|█████████ | 792/871 [00:03<00:00, 235.10it/s]
backtest loop:  94%|█████████▎| 816/871 [00:03<00:00, 235.71it/s]
backtest loop:  96%|█████████▋| 840/871 [00:03<00:00, 235.98it/s]
backtest loop:  99%|█████████▉| 864/871 [00:03<00:00, 235.65it/s]
backtest loop: 100%|██████████| 871/871 [00:03<00:00, 238.25it/s]
[30188:MainThread](2026-07-18 03:45:17,893) INFO - qlib.workflow - [record_temp.py:520] - Portfolio analysis record 'port_analysis_1day.pkl' has been saved as the artifact of the Experiment 909932187047914480
[30188:MainThread](2026-07-18 03:45:17,896) INFO - qlib.workflow - [record_temp.py:545] - Indicator analysis record 'indicator_analysis_1day.pkl' has been saved as the artifact of the Experiment 909932187047914480
[30188:MainThread](2026-07-18 03:45:18,186) INFO - qlib.timer - [log.py:127] - Time cost: 0.001s | waiting `async_log` Done
