'The following are prediction results of the GeneralPTNN model.'
                          score
datetime   instrument          
2017-01-03 SH600000   -0.035229
           SH600008   -0.010006
           SH600009    0.010859
           SH600010   -0.002238
           SH600015   -0.048070
{'IC': np.float64(0.03426407665591021),
 'ICIR': np.float64(0.24974669676000152),
 'Rank IC': np.float64(0.0423105142664008),
 'Rank ICIR': np.float64(0.29854504941649385)}
'The following are analysis results of benchmark return(1day).'
                       risk
mean               0.000477
std                0.012295
annualized_return  0.113561
information_ratio  0.598699
max_drawdown      -0.370479
'The following are analysis results of the excess return without cost(1day).'
                       risk
mean               0.000467
std                0.005482
annualized_return  0.111039
information_ratio  1.312957
max_drawdown      -0.082975
'The following are analysis results of the excess return with cost(1day).'
                       risk
mean               0.000270
std                0.005481
annualized_return  0.064156
information_ratio  0.758698
max_drawdown      -0.103788
'The following are analysis results of indicators(1day).'
     value
ffr    1.0
pa     0.0
pos    0.0

[26218:MainThread](2026-07-20 23:22:56,842) INFO - qlib.qrun - [run.py:78] - Render the template with the context: {}
[26218:MainThread](2026-07-20 23:22:56,848) INFO - qlib.Initialization - [config.py:453] - default_conf: client.
[26218:MainThread](2026-07-20 23:22:56,850) INFO - qlib.Initialization - [__init__.py:82] - qlib successfully initialized based on client settings.
[26218:MainThread](2026-07-20 23:22:56,850) INFO - qlib.Initialization - [__init__.py:84] - data_path={'__DEFAULT_FREQ': PosixPath('/Users/xuxin/.qlib/qlib_data/cn_data')}
[26218:MainThread](2026-07-20 23:22:56,859) WARNING - qlib.workflow - [expm.py:230] - No valid experiment found. Create a new experiment with name trav_deep_GeneralPtNN_mlp_1.
[26218:MainThread](2026-07-20 23:22:56,862) INFO - qlib.workflow - [exp.py:258] - Experiment 837376532644266989 starts running ...
[26218:MainThread](2026-07-20 23:22:57,499) INFO - qlib.workflow - [recorder.py:345] - Recorder 437e8ca8dcb94a88adb30faeda62ff6f starts running under Experiment 837376532644266989 ...
[26218:MainThread](2026-07-20 23:22:59,723) INFO - qlib.GeneralPTNN - [pytorch_general_nn.py:75] - GeneralPTNN pytorch version...
[26218:MainThread](2026-07-20 23:22:59,724) INFO - qlib.GeneralPTNN - [pytorch_general_nn.py:93] - GeneralPTNN parameters setting:
n_epochs : 200
lr : 0.002
metric : 
batch_size : 8192
early_stop : 20
optimizer : adam
loss_type : mse
device : cpu
n_jobs : 0
use_GPU : False
weight_decay : 0.0002
seed : None
pt_model_uri: qlib.contrib.model.pytorch_nn.Net
pt_model_kwargs: {'input_dim': 157}
[26218:MainThread](2026-07-20 23:22:59,724) INFO - qlib.GeneralPTNN - [pytorch_general_nn.py:130] - model:
Net(
  (dnn_layers): ModuleList(
    (0): Dropout(p=0.05, inplace=False)
    (1): Sequential(
      (0): Linear(in_features=157, out_features=256, bias=True)
      (1): BatchNorm1d(256, eps=1e-05, momentum=0.1, affine=True, bias=True, track_running_stats=True)
      (2): LeakyReLU(negative_slope=0.1)
    )
    (2): Dropout(p=0.05, inplace=False)
    (3): Linear(in_features=256, out_features=1, bias=True)
  )
)
[26218:MainThread](2026-07-20 23:22:59,725) INFO - qlib.GeneralPTNN - [pytorch_general_nn.py:131] - model size: 0.0393 MB
[26218:MainThread](2026-07-20 23:23:19,248) INFO - qlib.timer - [log.py:127] - Time cost: 18.096s | Loading data Done
[26218:MainThread](2026-07-20 23:23:19,470) INFO - qlib.timer - [log.py:127] - Time cost: 0.073s | DropCol Done
/Users/xuxin/Documents/dev/qlib/qlib/data/dataset/processor.py:370: SettingWithCopyWarning: 
A value is trying to be set on a copy of a slice from a DataFrame.
Try using .loc[row_indexer,col_indexer] = value instead

See the caveats in the documentation: https://pandas.pydata.org/pandas-docs/stable/user_guide/indexing.html#returning-a-view-versus-a-copy
  df[cols] = df[cols].groupby("datetime", group_keys=False).apply(lambda x: x.fillna(x.mean()))
[26218:MainThread](2026-07-20 23:24:07,402) INFO - qlib.timer - [log.py:127] - Time cost: 47.932s | CSZFillna Done
[26218:MainThread](2026-07-20 23:24:07,959) INFO - qlib.timer - [log.py:127] - Time cost: 0.090s | DropCol Done
[26218:MainThread](2026-07-20 23:24:08,495) INFO - qlib.timer - [log.py:127] - Time cost: 0.535s | DropnaProcessor Done
[26218:MainThread](2026-07-20 23:24:08,635) INFO - qlib.timer - [log.py:127] - Time cost: 0.139s | DropnaLabel Done
[26218:MainThread](2026-07-20 23:24:09,517) INFO - qlib.timer - [log.py:127] - Time cost: 0.882s | CSZScoreNorm Done
[26218:MainThread](2026-07-20 23:24:09,529) INFO - qlib.timer - [log.py:127] - Time cost: 50.280s | fit & process data Done
[26218:MainThread](2026-07-20 23:24:09,529) INFO - qlib.timer - [log.py:127] - Time cost: 68.377s | Init data Done
[26218:MainThread](2026-07-20 23:24:09,674) INFO - qlib.GeneralPTNN - [pytorch_general_nn.py:246] - Train samples: 437944
[26218:MainThread](2026-07-20 23:24:09,675) INFO - qlib.GeneralPTNN - [pytorch_general_nn.py:247] - Valid samples: 115241
[26218:MainThread](2026-07-20 23:24:09,711) INFO - qlib.GeneralPTNN - [pytorch_general_nn.py:295] - training...
[26218:MainThread](2026-07-20 23:24:09,711) INFO - qlib.GeneralPTNN - [pytorch_general_nn.py:299] - Epoch0:
[26218:MainThread](2026-07-20 23:24:09,711) INFO - qlib.GeneralPTNN - [pytorch_general_nn.py:300] - training...
[26218:MainThread](2026-07-20 23:24:15,776) INFO - qlib.GeneralPTNN - [pytorch_general_nn.py:302] - evaluating...
[26218:MainThread](2026-07-20 23:24:19,442) INFO - qlib.GeneralPTNN - [pytorch_general_nn.py:305] - Epoch0: train 1.761302, valid 1.013271
[26218:MainThread](2026-07-20 23:24:19,443) INFO - qlib.GeneralPTNN - [pytorch_general_nn.py:299] - Epoch1:
[26218:MainThread](2026-07-20 23:24:19,443) INFO - qlib.GeneralPTNN - [pytorch_general_nn.py:300] - training...
[26218:MainThread](2026-07-20 23:24:25,527) INFO - qlib.GeneralPTNN - [pytorch_general_nn.py:302] - evaluating...
[26218:MainThread](2026-07-20 23:24:29,748) INFO - qlib.GeneralPTNN - [pytorch_general_nn.py:305] - Epoch1: train 1.022016, valid 0.999972
[26218:MainThread](2026-07-20 23:24:29,748) INFO - qlib.GeneralPTNN - [pytorch_general_nn.py:299] - Epoch2:
[26218:MainThread](2026-07-20 23:24:29,749) INFO - qlib.GeneralPTNN - [pytorch_general_nn.py:300] - training...
[26218:MainThread](2026-07-20 23:24:36,605) INFO - qlib.GeneralPTNN - [pytorch_general_nn.py:302] - evaluating...
[26218:MainThread](2026-07-20 23:24:40,561) INFO - qlib.GeneralPTNN - [pytorch_general_nn.py:305] - Epoch2: train 1.011321, valid 1.000657
[26218:MainThread](2026-07-20 23:24:40,561) INFO - qlib.GeneralPTNN - [pytorch_general_nn.py:299] - Epoch3:
[26218:MainThread](2026-07-20 23:24:40,562) INFO - qlib.GeneralPTNN - [pytorch_general_nn.py:300] - training...
[26218:MainThread](2026-07-20 23:24:46,818) INFO - qlib.GeneralPTNN - [pytorch_general_nn.py:302] - evaluating...
[26218:MainThread](2026-07-20 23:24:50,815) INFO - qlib.GeneralPTNN - [pytorch_general_nn.py:305] - Epoch3: train 1.009368, valid 1.000026
[26218:MainThread](2026-07-20 23:24:50,815) INFO - qlib.GeneralPTNN - [pytorch_general_nn.py:299] - Epoch4:
[26218:MainThread](2026-07-20 23:24:50,815) INFO - qlib.GeneralPTNN - [pytorch_general_nn.py:300] - training...
[26218:MainThread](2026-07-20 23:24:57,458) INFO - qlib.GeneralPTNN - [pytorch_general_nn.py:302] - evaluating...
[26218:MainThread](2026-07-20 23:25:01,477) INFO - qlib.GeneralPTNN - [pytorch_general_nn.py:305] - Epoch4: train 1.017975, valid 0.996358
[26218:MainThread](2026-07-20 23:25:01,478) INFO - qlib.GeneralPTNN - [pytorch_general_nn.py:299] - Epoch5:
[26218:MainThread](2026-07-20 23:25:01,478) INFO - qlib.GeneralPTNN - [pytorch_general_nn.py:300] - training...
[26218:MainThread](2026-07-20 23:25:07,771) INFO - qlib.GeneralPTNN - [pytorch_general_nn.py:302] - evaluating...
[26218:MainThread](2026-07-20 23:25:11,666) INFO - qlib.GeneralPTNN - [pytorch_general_nn.py:305] - Epoch5: train 1.012416, valid 0.994418
[26218:MainThread](2026-07-20 23:25:11,667) INFO - qlib.GeneralPTNN - [pytorch_general_nn.py:299] - Epoch6:
[26218:MainThread](2026-07-20 23:25:11,667) INFO - qlib.GeneralPTNN - [pytorch_general_nn.py:300] - training...
[26218:MainThread](2026-07-20 23:25:17,397) INFO - qlib.GeneralPTNN - [pytorch_general_nn.py:302] - evaluating...
[26218:MainThread](2026-07-20 23:25:21,043) INFO - qlib.GeneralPTNN - [pytorch_general_nn.py:305] - Epoch6: train 1.020117, valid 0.995339
[26218:MainThread](2026-07-20 23:25:21,043) INFO - qlib.GeneralPTNN - [pytorch_general_nn.py:299] - Epoch7:
[26218:MainThread](2026-07-20 23:25:21,043) INFO - qlib.GeneralPTNN - [pytorch_general_nn.py:300] - training...
[26218:MainThread](2026-07-20 23:25:26,622) INFO - qlib.GeneralPTNN - [pytorch_general_nn.py:302] - evaluating...
[26218:MainThread](2026-07-20 23:25:30,348) INFO - qlib.GeneralPTNN - [pytorch_general_nn.py:305] - Epoch7: train 1.000924, valid 0.996503
[26218:MainThread](2026-07-20 23:25:30,348) INFO - qlib.GeneralPTNN - [pytorch_general_nn.py:299] - Epoch8:
[26218:MainThread](2026-07-20 23:25:30,349) INFO - qlib.GeneralPTNN - [pytorch_general_nn.py:300] - training...
[26218:MainThread](2026-07-20 23:25:35,827) INFO - qlib.GeneralPTNN - [pytorch_general_nn.py:302] - evaluating...
[26218:MainThread](2026-07-20 23:25:39,481) INFO - qlib.GeneralPTNN - [pytorch_general_nn.py:305] - Epoch8: train 0.994708, valid 0.994697
[26218:MainThread](2026-07-20 23:25:39,481) INFO - qlib.GeneralPTNN - [pytorch_general_nn.py:299] - Epoch9:
[26218:MainThread](2026-07-20 23:25:39,481) INFO - qlib.GeneralPTNN - [pytorch_general_nn.py:300] - training...
[26218:MainThread](2026-07-20 23:25:46,109) INFO - qlib.GeneralPTNN - [pytorch_general_nn.py:302] - evaluating...
[26218:MainThread](2026-07-20 23:25:49,833) INFO - qlib.GeneralPTNN - [pytorch_general_nn.py:305] - Epoch9: train 1.002841, valid 0.994482
[26218:MainThread](2026-07-20 23:25:49,833) INFO - qlib.GeneralPTNN - [pytorch_general_nn.py:299] - Epoch10:
[26218:MainThread](2026-07-20 23:25:49,834) INFO - qlib.GeneralPTNN - [pytorch_general_nn.py:300] - training...
[26218:MainThread](2026-07-20 23:25:55,498) INFO - qlib.GeneralPTNN - [pytorch_general_nn.py:302] - evaluating...
[26218:MainThread](2026-07-20 23:25:59,159) INFO - qlib.GeneralPTNN - [pytorch_general_nn.py:305] - Epoch10: train 1.044748, valid 0.994444
[26218:MainThread](2026-07-20 23:25:59,160) INFO - qlib.GeneralPTNN - [pytorch_general_nn.py:299] - Epoch11:
[26218:MainThread](2026-07-20 23:25:59,160) INFO - qlib.GeneralPTNN - [pytorch_general_nn.py:300] - training...
[26218:MainThread](2026-07-20 23:26:04,896) INFO - qlib.GeneralPTNN - [pytorch_general_nn.py:302] - evaluating...
[26218:MainThread](2026-07-20 23:26:08,575) INFO - qlib.GeneralPTNN - [pytorch_general_nn.py:305] - Epoch11: train 1.005128, valid 0.995011
[26218:MainThread](2026-07-20 23:26:08,575) INFO - qlib.GeneralPTNN - [pytorch_general_nn.py:299] - Epoch12:
[26218:MainThread](2026-07-20 23:26:08,575) INFO - qlib.GeneralPTNN - [pytorch_general_nn.py:300] - training...
[26218:MainThread](2026-07-20 23:26:14,548) INFO - qlib.GeneralPTNN - [pytorch_general_nn.py:302] - evaluating...
[26218:MainThread](2026-07-20 23:26:18,416) INFO - qlib.GeneralPTNN - [pytorch_general_nn.py:305] - Epoch12: train 0.996097, valid 0.994204
[26218:MainThread](2026-07-20 23:26:18,417) INFO - qlib.GeneralPTNN - [pytorch_general_nn.py:299] - Epoch13:
[26218:MainThread](2026-07-20 23:26:18,417) INFO - qlib.GeneralPTNN - [pytorch_general_nn.py:300] - training...
[26218:MainThread](2026-07-20 23:26:24,510) INFO - qlib.GeneralPTNN - [pytorch_general_nn.py:302] - evaluating...
[26218:MainThread](2026-07-20 23:26:28,228) INFO - qlib.GeneralPTNN - [pytorch_general_nn.py:305] - Epoch13: train 0.998101, valid 0.994642
[26218:MainThread](2026-07-20 23:26:28,228) INFO - qlib.GeneralPTNN - [pytorch_general_nn.py:299] - Epoch14:
[26218:MainThread](2026-07-20 23:26:28,228) INFO - qlib.GeneralPTNN - [pytorch_general_nn.py:300] - training...
[26218:MainThread](2026-07-20 23:26:34,112) INFO - qlib.GeneralPTNN - [pytorch_general_nn.py:302] - evaluating...
[26218:MainThread](2026-07-20 23:26:37,817) INFO - qlib.GeneralPTNN - [pytorch_general_nn.py:305] - Epoch14: train 0.999605, valid 0.994568
[26218:MainThread](2026-07-20 23:26:37,817) INFO - qlib.GeneralPTNN - [pytorch_general_nn.py:299] - Epoch15:
[26218:MainThread](2026-07-20 23:26:37,817) INFO - qlib.GeneralPTNN - [pytorch_general_nn.py:300] - training...
[26218:MainThread](2026-07-20 23:26:43,588) INFO - qlib.GeneralPTNN - [pytorch_general_nn.py:302] - evaluating...
[26218:MainThread](2026-07-20 23:26:47,231) INFO - qlib.GeneralPTNN - [pytorch_general_nn.py:305] - Epoch15: train 0.996412, valid 0.994557
[26218:MainThread](2026-07-20 23:26:47,231) INFO - qlib.GeneralPTNN - [pytorch_general_nn.py:299] - Epoch16:
[26218:MainThread](2026-07-20 23:26:47,231) INFO - qlib.GeneralPTNN - [pytorch_general_nn.py:300] - training...
[26218:MainThread](2026-07-20 23:26:52,941) INFO - qlib.GeneralPTNN - [pytorch_general_nn.py:302] - evaluating...
[26218:MainThread](2026-07-20 23:26:56,602) INFO - qlib.GeneralPTNN - [pytorch_general_nn.py:305] - Epoch16: train 0.995901, valid 0.994189
[26218:MainThread](2026-07-20 23:26:56,602) INFO - qlib.GeneralPTNN - [pytorch_general_nn.py:299] - Epoch17:
[26218:MainThread](2026-07-20 23:26:56,603) INFO - qlib.GeneralPTNN - [pytorch_general_nn.py:300] - training...
[26218:MainThread](2026-07-20 23:27:02,436) INFO - qlib.GeneralPTNN - [pytorch_general_nn.py:302] - evaluating...
[26218:MainThread](2026-07-20 23:27:06,134) INFO - qlib.GeneralPTNN - [pytorch_general_nn.py:305] - Epoch17: train 0.999181, valid 0.994273
[26218:MainThread](2026-07-20 23:27:06,134) INFO - qlib.GeneralPTNN - [pytorch_general_nn.py:299] - Epoch18:
[26218:MainThread](2026-07-20 23:27:06,134) INFO - qlib.GeneralPTNN - [pytorch_general_nn.py:300] - training...
[26218:MainThread](2026-07-20 23:27:12,076) INFO - qlib.GeneralPTNN - [pytorch_general_nn.py:302] - evaluating...
[26218:MainThread](2026-07-20 23:27:15,768) INFO - qlib.GeneralPTNN - [pytorch_general_nn.py:305] - Epoch18: train 0.995667, valid 0.994144
[26218:MainThread](2026-07-20 23:27:15,768) INFO - qlib.GeneralPTNN - [pytorch_general_nn.py:299] - Epoch19:
[26218:MainThread](2026-07-20 23:27:15,769) INFO - qlib.GeneralPTNN - [pytorch_general_nn.py:300] - training...
[26218:MainThread](2026-07-20 23:27:21,740) INFO - qlib.GeneralPTNN - [pytorch_general_nn.py:302] - evaluating...
[26218:MainThread](2026-07-20 23:27:25,480) INFO - qlib.GeneralPTNN - [pytorch_general_nn.py:305] - Epoch19: train 1.000771, valid 0.994721
[26218:MainThread](2026-07-20 23:27:25,480) INFO - qlib.GeneralPTNN - [pytorch_general_nn.py:299] - Epoch20:
[26218:MainThread](2026-07-20 23:27:25,481) INFO - qlib.GeneralPTNN - [pytorch_general_nn.py:300] - training...
[26218:MainThread](2026-07-20 23:27:31,445) INFO - qlib.GeneralPTNN - [pytorch_general_nn.py:302] - evaluating...
[26218:MainThread](2026-07-20 23:27:35,149) INFO - qlib.GeneralPTNN - [pytorch_general_nn.py:305] - Epoch20: train 0.993639, valid 0.994174
[26218:MainThread](2026-07-20 23:27:35,149) INFO - qlib.GeneralPTNN - [pytorch_general_nn.py:299] - Epoch21:
[26218:MainThread](2026-07-20 23:27:35,150) INFO - qlib.GeneralPTNN - [pytorch_general_nn.py:300] - training...
[26218:MainThread](2026-07-20 23:27:40,904) INFO - qlib.GeneralPTNN - [pytorch_general_nn.py:302] - evaluating...
[26218:MainThread](2026-07-20 23:27:44,551) INFO - qlib.GeneralPTNN - [pytorch_general_nn.py:305] - Epoch21: train 0.998536, valid 0.993969
[26218:MainThread](2026-07-20 23:27:44,552) INFO - qlib.GeneralPTNN - [pytorch_general_nn.py:299] - Epoch22:
[26218:MainThread](2026-07-20 23:27:44,552) INFO - qlib.GeneralPTNN - [pytorch_general_nn.py:300] - training...
[26218:MainThread](2026-07-20 23:27:50,078) INFO - qlib.GeneralPTNN - [pytorch_general_nn.py:302] - evaluating...
[26218:MainThread](2026-07-20 23:27:53,706) INFO - qlib.GeneralPTNN - [pytorch_general_nn.py:305] - Epoch22: train 0.993041, valid 0.994633
[26218:MainThread](2026-07-20 23:27:53,706) INFO - qlib.GeneralPTNN - [pytorch_general_nn.py:299] - Epoch23:
[26218:MainThread](2026-07-20 23:27:53,707) INFO - qlib.GeneralPTNN - [pytorch_general_nn.py:300] - training...
[26218:MainThread](2026-07-20 23:27:59,361) INFO - qlib.GeneralPTNN - [pytorch_general_nn.py:302] - evaluating...
[26218:MainThread](2026-07-20 23:28:02,916) INFO - qlib.GeneralPTNN - [pytorch_general_nn.py:305] - Epoch23: train 0.993627, valid 0.994089
[26218:MainThread](2026-07-20 23:28:02,917) INFO - qlib.GeneralPTNN - [pytorch_general_nn.py:299] - Epoch24:
[26218:MainThread](2026-07-20 23:28:02,917) INFO - qlib.GeneralPTNN - [pytorch_general_nn.py:300] - training...
[26218:MainThread](2026-07-20 23:28:08,414) INFO - qlib.GeneralPTNN - [pytorch_general_nn.py:302] - evaluating...
[26218:MainThread](2026-07-20 23:28:12,104) INFO - qlib.GeneralPTNN - [pytorch_general_nn.py:305] - Epoch24: train 1.001158, valid 0.993970
[26218:MainThread](2026-07-20 23:28:12,104) INFO - qlib.GeneralPTNN - [pytorch_general_nn.py:299] - Epoch25:
[26218:MainThread](2026-07-20 23:28:12,104) INFO - qlib.GeneralPTNN - [pytorch_general_nn.py:300] - training...
[26218:MainThread](2026-07-20 23:28:17,979) INFO - qlib.GeneralPTNN - [pytorch_general_nn.py:302] - evaluating...
[26218:MainThread](2026-07-20 23:28:21,697) INFO - qlib.GeneralPTNN - [pytorch_general_nn.py:305] - Epoch25: train 0.999422, valid 0.994101
[26218:MainThread](2026-07-20 23:28:21,697) INFO - qlib.GeneralPTNN - [pytorch_general_nn.py:299] - Epoch26:
[26218:MainThread](2026-07-20 23:28:21,697) INFO - qlib.GeneralPTNN - [pytorch_general_nn.py:300] - training...
[26218:MainThread](2026-07-20 23:28:27,212) INFO - qlib.GeneralPTNN - [pytorch_general_nn.py:302] - evaluating...
[26218:MainThread](2026-07-20 23:28:30,890) INFO - qlib.GeneralPTNN - [pytorch_general_nn.py:305] - Epoch26: train 0.996050, valid 0.994238
[26218:MainThread](2026-07-20 23:28:30,890) INFO - qlib.GeneralPTNN - [pytorch_general_nn.py:299] - Epoch27:
[26218:MainThread](2026-07-20 23:28:30,890) INFO - qlib.GeneralPTNN - [pytorch_general_nn.py:300] - training...
[26218:MainThread](2026-07-20 23:28:36,769) INFO - qlib.GeneralPTNN - [pytorch_general_nn.py:302] - evaluating...
[26218:MainThread](2026-07-20 23:28:40,493) INFO - qlib.GeneralPTNN - [pytorch_general_nn.py:305] - Epoch27: train 0.994219, valid 0.994544
[26218:MainThread](2026-07-20 23:28:40,494) INFO - qlib.GeneralPTNN - [pytorch_general_nn.py:299] - Epoch28:
[26218:MainThread](2026-07-20 23:28:40,494) INFO - qlib.GeneralPTNN - [pytorch_general_nn.py:300] - training...
[26218:MainThread](2026-07-20 23:28:46,314) INFO - qlib.GeneralPTNN - [pytorch_general_nn.py:302] - evaluating...
[26218:MainThread](2026-07-20 23:28:49,887) INFO - qlib.GeneralPTNN - [pytorch_general_nn.py:305] - Epoch28: train 0.993819, valid 0.994117
[26218:MainThread](2026-07-20 23:28:49,887) INFO - qlib.GeneralPTNN - [pytorch_general_nn.py:299] - Epoch29:
[26218:MainThread](2026-07-20 23:28:49,887) INFO - qlib.GeneralPTNN - [pytorch_general_nn.py:300] - training...
[26218:MainThread](2026-07-20 23:28:55,300) INFO - qlib.GeneralPTNN - [pytorch_general_nn.py:302] - evaluating...
[26218:MainThread](2026-07-20 23:28:58,915) INFO - qlib.GeneralPTNN - [pytorch_general_nn.py:305] - Epoch29: train 0.995969, valid 0.994292
[26218:MainThread](2026-07-20 23:28:58,915) INFO - qlib.GeneralPTNN - [pytorch_general_nn.py:299] - Epoch30:
[26218:MainThread](2026-07-20 23:28:58,915) INFO - qlib.GeneralPTNN - [pytorch_general_nn.py:300] - training...
[26218:MainThread](2026-07-20 23:29:04,800) INFO - qlib.GeneralPTNN - [pytorch_general_nn.py:302] - evaluating...
[26218:MainThread](2026-07-20 23:29:08,395) INFO - qlib.GeneralPTNN - [pytorch_general_nn.py:305] - Epoch30: train 0.992486, valid 0.994236
[26218:MainThread](2026-07-20 23:29:08,395) INFO - qlib.GeneralPTNN - [pytorch_general_nn.py:299] - Epoch31:
[26218:MainThread](2026-07-20 23:29:08,396) INFO - qlib.GeneralPTNN - [pytorch_general_nn.py:300] - training...
[26218:MainThread](2026-07-20 23:29:13,879) INFO - qlib.GeneralPTNN - [pytorch_general_nn.py:302] - evaluating...
[26218:MainThread](2026-07-20 23:29:17,508) INFO - qlib.GeneralPTNN - [pytorch_general_nn.py:305] - Epoch31: train 0.992613, valid 0.994213
[26218:MainThread](2026-07-20 23:29:17,508) INFO - qlib.GeneralPTNN - [pytorch_general_nn.py:299] - Epoch32:
[26218:MainThread](2026-07-20 23:29:17,509) INFO - qlib.GeneralPTNN - [pytorch_general_nn.py:300] - training...
[26218:MainThread](2026-07-20 23:29:23,411) INFO - qlib.GeneralPTNN - [pytorch_general_nn.py:302] - evaluating...
[26218:MainThread](2026-07-20 23:29:27,176) INFO - qlib.GeneralPTNN - [pytorch_general_nn.py:305] - Epoch32: train 0.992702, valid 0.994240
[26218:MainThread](2026-07-20 23:29:27,176) INFO - qlib.GeneralPTNN - [pytorch_general_nn.py:299] - Epoch33:
[26218:MainThread](2026-07-20 23:29:27,177) INFO - qlib.GeneralPTNN - [pytorch_general_nn.py:300] - training...
[26218:MainThread](2026-07-20 23:29:32,954) INFO - qlib.GeneralPTNN - [pytorch_general_nn.py:302] - evaluating...
[26218:MainThread](2026-07-20 23:29:36,680) INFO - qlib.GeneralPTNN - [pytorch_general_nn.py:305] - Epoch33: train 0.991595, valid 0.994074
[26218:MainThread](2026-07-20 23:29:36,681) INFO - qlib.GeneralPTNN - [pytorch_general_nn.py:299] - Epoch34:
[26218:MainThread](2026-07-20 23:29:36,681) INFO - qlib.GeneralPTNN - [pytorch_general_nn.py:300] - training...
[26218:MainThread](2026-07-20 23:29:42,134) INFO - qlib.GeneralPTNN - [pytorch_general_nn.py:302] - evaluating...
[26218:MainThread](2026-07-20 23:29:45,726) INFO - qlib.GeneralPTNN - [pytorch_general_nn.py:305] - Epoch34: train 0.993687, valid 0.993988
[26218:MainThread](2026-07-20 23:29:45,726) INFO - qlib.GeneralPTNN - [pytorch_general_nn.py:299] - Epoch35:
[26218:MainThread](2026-07-20 23:29:45,726) INFO - qlib.GeneralPTNN - [pytorch_general_nn.py:300] - training...
[26218:MainThread](2026-07-20 23:29:51,471) INFO - qlib.GeneralPTNN - [pytorch_general_nn.py:302] - evaluating...
[26218:MainThread](2026-07-20 23:29:55,049) INFO - qlib.GeneralPTNN - [pytorch_general_nn.py:305] - Epoch35: train 0.995526, valid 0.993943
[26218:MainThread](2026-07-20 23:29:55,049) INFO - qlib.GeneralPTNN - [pytorch_general_nn.py:299] - Epoch36:
[26218:MainThread](2026-07-20 23:29:55,050) INFO - qlib.GeneralPTNN - [pytorch_general_nn.py:300] - training...
[26218:MainThread](2026-07-20 23:30:00,815) INFO - qlib.GeneralPTNN - [pytorch_general_nn.py:302] - evaluating...
[26218:MainThread](2026-07-20 23:30:04,466) INFO - qlib.GeneralPTNN - [pytorch_general_nn.py:305] - Epoch36: train 0.993040, valid 0.994068
[26218:MainThread](2026-07-20 23:30:04,466) INFO - qlib.GeneralPTNN - [pytorch_general_nn.py:299] - Epoch37:
[26218:MainThread](2026-07-20 23:30:04,466) INFO - qlib.GeneralPTNN - [pytorch_general_nn.py:300] - training...
[26218:MainThread](2026-07-20 23:30:09,867) INFO - qlib.GeneralPTNN - [pytorch_general_nn.py:302] - evaluating...
[26218:MainThread](2026-07-20 23:30:13,516) INFO - qlib.GeneralPTNN - [pytorch_general_nn.py:305] - Epoch37: train 0.992071, valid 0.994084
[26218:MainThread](2026-07-20 23:30:13,517) INFO - qlib.GeneralPTNN - [pytorch_general_nn.py:299] - Epoch38:
[26218:MainThread](2026-07-20 23:30:13,517) INFO - qlib.GeneralPTNN - [pytorch_general_nn.py:300] - training...
[26218:MainThread](2026-07-20 23:30:19,012) INFO - qlib.GeneralPTNN - [pytorch_general_nn.py:302] - evaluating...
[26218:MainThread](2026-07-20 23:30:22,561) INFO - qlib.GeneralPTNN - [pytorch_general_nn.py:305] - Epoch38: train 0.993841, valid 0.993995
[26218:MainThread](2026-07-20 23:30:22,561) INFO - qlib.GeneralPTNN - [pytorch_general_nn.py:299] - Epoch39:
[26218:MainThread](2026-07-20 23:30:22,562) INFO - qlib.GeneralPTNN - [pytorch_general_nn.py:300] - training...
[26218:MainThread](2026-07-20 23:30:27,826) INFO - qlib.GeneralPTNN - [pytorch_general_nn.py:302] - evaluating...
[26218:MainThread](2026-07-20 23:30:31,582) INFO - qlib.GeneralPTNN - [pytorch_general_nn.py:305] - Epoch39: train 0.993278, valid 0.994165
[26218:MainThread](2026-07-20 23:30:31,583) INFO - qlib.GeneralPTNN - [pytorch_general_nn.py:299] - Epoch40:
[26218:MainThread](2026-07-20 23:30:31,583) INFO - qlib.GeneralPTNN - [pytorch_general_nn.py:300] - training...
[26218:MainThread](2026-07-20 23:30:37,226) INFO - qlib.GeneralPTNN - [pytorch_general_nn.py:302] - evaluating...
[26218:MainThread](2026-07-20 23:30:40,835) INFO - qlib.GeneralPTNN - [pytorch_general_nn.py:305] - Epoch40: train 0.994043, valid 0.994051
[26218:MainThread](2026-07-20 23:30:40,835) INFO - qlib.GeneralPTNN - [pytorch_general_nn.py:299] - Epoch41:
[26218:MainThread](2026-07-20 23:30:40,836) INFO - qlib.GeneralPTNN - [pytorch_general_nn.py:300] - training...
[26218:MainThread](2026-07-20 23:30:46,292) INFO - qlib.GeneralPTNN - [pytorch_general_nn.py:302] - evaluating...
[26218:MainThread](2026-07-20 23:30:49,894) INFO - qlib.GeneralPTNN - [pytorch_general_nn.py:305] - Epoch41: train 0.993571, valid 0.994153
[26218:MainThread](2026-07-20 23:30:49,895) INFO - qlib.GeneralPTNN - [pytorch_general_nn.py:299] - Epoch42:
[26218:MainThread](2026-07-20 23:30:49,895) INFO - qlib.GeneralPTNN - [pytorch_general_nn.py:300] - training...
[26218:MainThread](2026-07-20 23:30:55,451) INFO - qlib.GeneralPTNN - [pytorch_general_nn.py:302] - evaluating...
[26218:MainThread](2026-07-20 23:30:59,029) INFO - qlib.GeneralPTNN - [pytorch_general_nn.py:305] - Epoch42: train 0.997244, valid 0.994049
[26218:MainThread](2026-07-20 23:30:59,029) INFO - qlib.GeneralPTNN - [pytorch_general_nn.py:299] - Epoch43:
[26218:MainThread](2026-07-20 23:30:59,030) INFO - qlib.GeneralPTNN - [pytorch_general_nn.py:300] - training...
[26218:MainThread](2026-07-20 23:31:04,546) INFO - qlib.GeneralPTNN - [pytorch_general_nn.py:302] - evaluating...
[26218:MainThread](2026-07-20 23:31:08,123) INFO - qlib.GeneralPTNN - [pytorch_general_nn.py:305] - Epoch43: train 0.992213, valid 0.993992
[26218:MainThread](2026-07-20 23:31:08,124) INFO - qlib.GeneralPTNN - [pytorch_general_nn.py:299] - Epoch44:
[26218:MainThread](2026-07-20 23:31:08,124) INFO - qlib.GeneralPTNN - [pytorch_general_nn.py:300] - training...
[26218:MainThread](2026-07-20 23:31:13,701) INFO - qlib.GeneralPTNN - [pytorch_general_nn.py:302] - evaluating...
[26218:MainThread](2026-07-20 23:31:17,292) INFO - qlib.GeneralPTNN - [pytorch_general_nn.py:305] - Epoch44: train 0.992206, valid 0.994141
[26218:MainThread](2026-07-20 23:31:17,292) INFO - qlib.GeneralPTNN - [pytorch_general_nn.py:299] - Epoch45:
[26218:MainThread](2026-07-20 23:31:17,293) INFO - qlib.GeneralPTNN - [pytorch_general_nn.py:300] - training...
[26218:MainThread](2026-07-20 23:31:22,825) INFO - qlib.GeneralPTNN - [pytorch_general_nn.py:302] - evaluating...
[26218:MainThread](2026-07-20 23:31:26,458) INFO - qlib.GeneralPTNN - [pytorch_general_nn.py:305] - Epoch45: train 0.992611, valid 0.994164
[26218:MainThread](2026-07-20 23:31:26,458) INFO - qlib.GeneralPTNN - [pytorch_general_nn.py:299] - Epoch46:
[26218:MainThread](2026-07-20 23:31:26,459) INFO - qlib.GeneralPTNN - [pytorch_general_nn.py:300] - training...
[26218:MainThread](2026-07-20 23:31:32,049) INFO - qlib.GeneralPTNN - [pytorch_general_nn.py:302] - evaluating...
[26218:MainThread](2026-07-20 23:31:35,657) INFO - qlib.GeneralPTNN - [pytorch_general_nn.py:305] - Epoch46: train 0.992493, valid 0.994113
[26218:MainThread](2026-07-20 23:31:35,657) INFO - qlib.GeneralPTNN - [pytorch_general_nn.py:299] - Epoch47:
[26218:MainThread](2026-07-20 23:31:35,657) INFO - qlib.GeneralPTNN - [pytorch_general_nn.py:300] - training...
[26218:MainThread](2026-07-20 23:31:41,309) INFO - qlib.GeneralPTNN - [pytorch_general_nn.py:302] - evaluating...
[26218:MainThread](2026-07-20 23:31:44,931) INFO - qlib.GeneralPTNN - [pytorch_general_nn.py:305] - Epoch47: train 0.995712, valid 0.994212
[26218:MainThread](2026-07-20 23:31:44,931) INFO - qlib.GeneralPTNN - [pytorch_general_nn.py:299] - Epoch48:
[26218:MainThread](2026-07-20 23:31:44,931) INFO - qlib.GeneralPTNN - [pytorch_general_nn.py:300] - training...
[26218:MainThread](2026-07-20 23:31:50,304) INFO - qlib.GeneralPTNN - [pytorch_general_nn.py:302] - evaluating...
[26218:MainThread](2026-07-20 23:31:53,873) INFO - qlib.GeneralPTNN - [pytorch_general_nn.py:305] - Epoch48: train 0.993437, valid 0.994190
[26218:MainThread](2026-07-20 23:31:53,873) INFO - qlib.GeneralPTNN - [pytorch_general_nn.py:299] - Epoch49:
[26218:MainThread](2026-07-20 23:31:53,874) INFO - qlib.GeneralPTNN - [pytorch_general_nn.py:300] - training...
[26218:MainThread](2026-07-20 23:31:59,482) INFO - qlib.GeneralPTNN - [pytorch_general_nn.py:302] - evaluating...
[26218:MainThread](2026-07-20 23:32:03,116) INFO - qlib.GeneralPTNN - [pytorch_general_nn.py:305] - Epoch49: train 0.992436, valid 0.994152
[26218:MainThread](2026-07-20 23:32:03,117) INFO - qlib.GeneralPTNN - [pytorch_general_nn.py:299] - Epoch50:
[26218:MainThread](2026-07-20 23:32:03,117) INFO - qlib.GeneralPTNN - [pytorch_general_nn.py:300] - training...
[26218:MainThread](2026-07-20 23:32:08,839) INFO - qlib.GeneralPTNN - [pytorch_general_nn.py:302] - evaluating...
[26218:MainThread](2026-07-20 23:32:12,512) INFO - qlib.GeneralPTNN - [pytorch_general_nn.py:305] - Epoch50: train 0.993308, valid 0.994290
[26218:MainThread](2026-07-20 23:32:12,512) INFO - qlib.GeneralPTNN - [pytorch_general_nn.py:299] - Epoch51:
[26218:MainThread](2026-07-20 23:32:12,513) INFO - qlib.GeneralPTNN - [pytorch_general_nn.py:300] - training...
[26218:MainThread](2026-07-20 23:32:18,260) INFO - qlib.GeneralPTNN - [pytorch_general_nn.py:302] - evaluating...
[26218:MainThread](2026-07-20 23:32:21,864) INFO - qlib.GeneralPTNN - [pytorch_general_nn.py:305] - Epoch51: train 0.992614, valid 0.994273
[26218:MainThread](2026-07-20 23:32:21,865) INFO - qlib.GeneralPTNN - [pytorch_general_nn.py:299] - Epoch52:
[26218:MainThread](2026-07-20 23:32:21,865) INFO - qlib.GeneralPTNN - [pytorch_general_nn.py:300] - training...
[26218:MainThread](2026-07-20 23:32:27,359) INFO - qlib.GeneralPTNN - [pytorch_general_nn.py:302] - evaluating...
[26218:MainThread](2026-07-20 23:32:31,082) INFO - qlib.GeneralPTNN - [pytorch_general_nn.py:305] - Epoch52: train 0.992479, valid 0.994071
[26218:MainThread](2026-07-20 23:32:31,082) INFO - qlib.GeneralPTNN - [pytorch_general_nn.py:299] - Epoch53:
[26218:MainThread](2026-07-20 23:32:31,082) INFO - qlib.GeneralPTNN - [pytorch_general_nn.py:300] - training...
[26218:MainThread](2026-07-20 23:32:36,758) INFO - qlib.GeneralPTNN - [pytorch_general_nn.py:302] - evaluating...
[26218:MainThread](2026-07-20 23:32:40,356) INFO - qlib.GeneralPTNN - [pytorch_general_nn.py:305] - Epoch53: train 0.992468, valid 0.994017
[26218:MainThread](2026-07-20 23:32:40,356) INFO - qlib.GeneralPTNN - [pytorch_general_nn.py:299] - Epoch54:
[26218:MainThread](2026-07-20 23:32:40,356) INFO - qlib.GeneralPTNN - [pytorch_general_nn.py:300] - training...
[26218:MainThread](2026-07-20 23:32:46,159) INFO - qlib.GeneralPTNN - [pytorch_general_nn.py:302] - evaluating...
[26218:MainThread](2026-07-20 23:32:49,804) INFO - qlib.GeneralPTNN - [pytorch_general_nn.py:305] - Epoch54: train 0.992452, valid 0.994098
[26218:MainThread](2026-07-20 23:32:49,805) INFO - qlib.GeneralPTNN - [pytorch_general_nn.py:299] - Epoch55:
[26218:MainThread](2026-07-20 23:32:49,805) INFO - qlib.GeneralPTNN - [pytorch_general_nn.py:300] - training...
[26218:MainThread](2026-07-20 23:32:55,144) INFO - qlib.GeneralPTNN - [pytorch_general_nn.py:302] - evaluating...
[26218:MainThread](2026-07-20 23:32:58,922) INFO - qlib.GeneralPTNN - [pytorch_general_nn.py:305] - Epoch55: train 0.992827, valid 0.994045
[26218:MainThread](2026-07-20 23:32:58,923) INFO - qlib.GeneralPTNN - [pytorch_general_nn.py:324] - early stop
[26218:MainThread](2026-07-20 23:32:58,923) INFO - qlib.GeneralPTNN - [pytorch_general_nn.py:327] - best score: 0.993943 @ 35 epoch
[26218:MainThread](2026-07-20 23:32:58,946) INFO - qlib.fill_placeholder - [__init__.py:798] - <PRED> lookes like a placeholder, but it can't match to any given values
Gym has been unmaintained since 2022 and does not support NumPy 2.0 amongst other critical functionality.
Please upgrade to Gymnasium, the maintained drop-in replacement of Gym, or contact the authors of your software and request that they upgrade.
Users of this version of Gym should be able to simply replace 'import gym' with 'import gymnasium as gym' in the vast majority of cases.
See the migration guide at https://gymnasium.farama.org/introduction/migration_guide/ for additional information.
[26218:MainThread](2026-07-20 23:32:59,504) INFO - qlib.GeneralPTNN - [pytorch_general_nn.py:344] - Test samples: 261300
[26218:MainThread](2026-07-20 23:32:59,932) INFO - qlib.workflow - [record_temp.py:197] - Signal record 'pred.pkl' has been saved as the artifact of the Experiment 837376532644266989
[26218:MainThread](2026-07-20 23:33:00,233) INFO - qlib.backtest caller - [__init__.py:93] - Create new exchange
[26218:MainThread](2026-07-20 23:33:09,538) WARNING - qlib.online operator - [exchange.py:219] - $close field data contains nan.
[26218:MainThread](2026-07-20 23:33:09,539) WARNING - qlib.online operator - [exchange.py:219] - $close field data contains nan.
[26218:MainThread](2026-07-20 23:33:09,543) WARNING - qlib.online operator - [exchange.py:226] - factor.day.bin file not exists or factor contains `nan`. Order using adjusted_price.
[26218:MainThread](2026-07-20 23:33:09,543) WARNING - qlib.online operator - [exchange.py:228] - trade unit 100 is not supported in adjusted_price mode.
[26218:MainThread](2026-07-20 23:33:17,389) WARNING - qlib.data - [data.py:665] - load calendar error: freq=day, future=True; return current calendar!
[26218:MainThread](2026-07-20 23:33:17,389) WARNING - qlib.data - [data.py:668] - You can get future calendar by referring to the following document: https://github.com/microsoft/qlib/blob/main/scripts/data_collector/contrib/README.md
[26218:MainThread](2026-07-20 23:33:17,394) WARNING - qlib.BaseExecutor - [executor.py:121] - `common_infra` is not set for <qlib.backtest.executor.SimulatorExecutor object at 0x3b0c329f0>

backtest loop:   0%|          | 0/871 [00:00<?, ?it/s]/Users/xuxin/Documents/dev/qlib/qlib/utils/index_data.py:492: RuntimeWarning: Mean of empty slice
  return np.nanmean(self.data)

backtest loop:   3%|▎         | 22/871 [00:00<00:03, 216.01it/s]
backtest loop:   5%|▌         | 46/871 [00:00<00:03, 229.14it/s]
backtest loop:   8%|▊         | 69/871 [00:00<00:03, 216.15it/s]
backtest loop:  11%|█         | 93/871 [00:00<00:03, 224.37it/s]
backtest loop:  14%|█▎        | 118/871 [00:00<00:03, 231.20it/s]
backtest loop:  16%|█▋        | 143/871 [00:00<00:03, 235.70it/s]
backtest loop:  19%|█▉        | 168/871 [00:00<00:02, 238.82it/s]
backtest loop:  22%|██▏       | 193/871 [00:00<00:02, 241.21it/s]
backtest loop:  25%|██▌       | 218/871 [00:00<00:02, 242.89it/s]
backtest loop:  28%|██▊       | 243/871 [00:01<00:02, 244.90it/s]
backtest loop:  31%|███       | 268/871 [00:01<00:02, 241.01it/s]
backtest loop:  34%|███▎      | 293/871 [00:01<00:02, 240.17it/s]
backtest loop:  37%|███▋      | 318/871 [00:01<00:02, 242.21it/s]
backtest loop:  39%|███▉      | 343/871 [00:01<00:02, 243.08it/s]
backtest loop:  42%|████▏     | 368/871 [00:01<00:02, 241.93it/s]
backtest loop:  45%|████▌     | 393/871 [00:01<00:01, 240.66it/s]
backtest loop:  48%|████▊     | 418/871 [00:01<00:01, 242.28it/s]
backtest loop:  51%|█████     | 444/871 [00:01<00:01, 246.35it/s]
backtest loop:  54%|█████▍    | 469/871 [00:01<00:01, 244.91it/s]
backtest loop:  57%|█████▋    | 494/871 [00:02<00:01, 240.69it/s]
backtest loop:  60%|█████▉    | 519/871 [00:02<00:01, 240.28it/s]
backtest loop:  62%|██████▏   | 544/871 [00:02<00:01, 240.53it/s]/Users/xuxin/Documents/dev/qlib/qlib/utils/index_data.py:492: RuntimeWarning: Mean of empty slice
  return np.nanmean(self.data)
/Users/xuxin/Documents/dev/qlib/qlib/utils/index_data.py:492: RuntimeWarning: Mean of empty slice
  return np.nanmean(self.data)

backtest loop:  65%|██████▌   | 569/871 [00:02<00:01, 242.44it/s]
backtest loop:  68%|██████▊   | 594/871 [00:02<00:01, 239.20it/s]
backtest loop:  71%|███████   | 618/871 [00:02<00:01, 236.39it/s]
backtest loop:  74%|███████▎  | 642/871 [00:02<00:00, 236.70it/s]
backtest loop:  76%|███████▋  | 666/871 [00:02<00:00, 237.02it/s]
backtest loop:  79%|███████▉  | 690/871 [00:02<00:00, 233.00it/s]
backtest loop:  82%|████████▏ | 714/871 [00:03<00:00, 231.08it/s]
backtest loop:  85%|████████▍ | 738/871 [00:03<00:00, 228.10it/s]
backtest loop:  87%|████████▋ | 762/871 [00:03<00:00, 231.09it/s]
backtest loop:  90%|█████████ | 787/871 [00:03<00:00, 233.50it/s]
backtest loop:  93%|█████████▎| 811/871 [00:03<00:00, 234.59it/s]
backtest loop:  96%|█████████▌| 835/871 [00:03<00:00, 235.16it/s]
backtest loop:  99%|█████████▊| 859/871 [00:03<00:00, 234.75it/s]
backtest loop: 100%|██████████| 871/871 [00:03<00:00, 236.93it/s]
[26218:MainThread](2026-07-20 23:33:21,094) INFO - qlib.workflow - [record_temp.py:520] - Portfolio analysis record 'port_analysis_1day.pkl' has been saved as the artifact of the Experiment 837376532644266989
[26218:MainThread](2026-07-20 23:33:21,098) INFO - qlib.workflow - [record_temp.py:545] - Indicator analysis record 'indicator_analysis_1day.pkl' has been saved as the artifact of the Experiment 837376532644266989
[26218:MainThread](2026-07-20 23:33:21,564) INFO - qlib.timer - [log.py:127] - Time cost: 0.000s | waiting `async_log` Done
