'The following are prediction results of the IGMTF model.'
                          score
datetime   instrument          
2017-01-03 SH600000    0.081173
           SH600008    0.143688
           SH600009    0.232447
           SH600010    0.050275
           SH600015    0.002748
{'IC': np.float64(0.0508796366958973),
 'ICIR': np.float64(0.379541875146922),
 'Rank IC': np.float64(0.06314925425976603),
 'Rank ICIR': np.float64(0.5006113408418503)}
'The following are analysis results of benchmark return(1day).'
                       risk
mean               0.000477
std                0.012295
annualized_return  0.113561
information_ratio  0.598699
max_drawdown      -0.370479
'The following are analysis results of the excess return without cost(1day).'
                       risk
mean               0.000435
std                0.004544
annualized_return  0.103508
information_ratio  1.476394
max_drawdown      -0.071576
'The following are analysis results of the excess return with cost(1day).'
                       risk
mean               0.000277
std                0.004542
annualized_return  0.065876
information_ratio  0.940226
max_drawdown      -0.077908
'The following are analysis results of indicators(1day).'
     value
ffr    1.0
pa     0.0
pos    0.0

[65840:MainThread](2026-07-17 21:33:38,128) INFO - qlib.qrun - [run.py:78] - Render the template with the context: {}
[65840:MainThread](2026-07-17 21:33:38,143) INFO - qlib.Initialization - [config.py:453] - default_conf: client.
[65840:MainThread](2026-07-17 21:33:38,147) INFO - qlib.Initialization - [__init__.py:82] - qlib successfully initialized based on client settings.
[65840:MainThread](2026-07-17 21:33:38,148) INFO - qlib.Initialization - [__init__.py:84] - data_path={'__DEFAULT_FREQ': PosixPath('/Users/xuxin/.qlib/qlib_data/cn_data')}
[65840:MainThread](2026-07-17 21:33:38,158) WARNING - qlib.workflow - [expm.py:230] - No valid experiment found. Create a new experiment with name trav_deep_IGMTF_igmtf_Alpha360_2.
[65840:MainThread](2026-07-17 21:33:38,163) INFO - qlib.workflow - [exp.py:258] - Experiment 197832533359538672 starts running ...
[65840:MainThread](2026-07-17 21:33:39,029) INFO - qlib.workflow - [recorder.py:345] - Recorder 101db0e8df3d4ea9b769b7ee009da9d8 starts running under Experiment 197832533359538672 ...
[65840:MainThread](2026-07-17 21:33:41,797) INFO - qlib.IGMTF - [pytorch_igmtf.py:62] - IMGTF pytorch version...
[65840:MainThread](2026-07-17 21:33:41,797) INFO - qlib.IGMTF - [pytorch_igmtf.py:80] - IGMTF parameters setting:
d_feat : 6
hidden_size : 64
num_layers : 2
dropout : 0
n_epochs : 200
lr : 0.0001
metric : ic
early_stop : 20
optimizer : adam
loss_type : mse
base_model : LSTM
model_path : /Users/xuxin/Documents/dev/qlib/examples/benchmarks/LSTM/model_lstm_csi300.pkl
visible_GPU : 0
use_GPU : False
seed : None
[65840:MainThread](2026-07-17 21:33:41,799) INFO - qlib.IGMTF - [pytorch_igmtf.py:126] - model:
IGMTFModel(
  (rnn): LSTM(6, 64, num_layers=2, batch_first=True)
  (lins): Sequential(
    (linear0): Linear(in_features=64, out_features=64, bias=True)
    (leakyrelu0): LeakyReLU(negative_slope=0.01)
    (linear1): Linear(in_features=64, out_features=64, bias=True)
    (leakyrelu1): LeakyReLU(negative_slope=0.01)
  )
  (fc_output): Linear(in_features=128, out_features=128, bias=True)
  (project1): Linear(in_features=64, out_features=64, bias=False)
  (project2): Linear(in_features=64, out_features=64, bias=False)
  (fc_out_pred): Linear(in_features=128, out_features=1, bias=True)
  (leaky_relu): LeakyReLU(negative_slope=0.01)
)
[65840:MainThread](2026-07-17 21:33:41,799) INFO - qlib.IGMTF - [pytorch_igmtf.py:127] - model size: 0.0809 MB
[65840:MainThread](2026-07-17 21:34:28,303) INFO - qlib.timer - [log.py:127] - Time cost: 44.849s | Loading data Done
/Users/xuxin/.local/lib/python3.12/site-packages/numpy/lib/_nanfunctions_impl.py:1215: RuntimeWarning: All-NaN slice encountered
  return fnb._ureduce(a, func=_nanmedian, keepdims=keepdims,
[65840:MainThread](2026-07-17 21:34:34,570) INFO - qlib.timer - [log.py:127] - Time cost: 5.871s | RobustZScoreNorm Done
[65840:MainThread](2026-07-17 21:34:35,247) INFO - qlib.timer - [log.py:127] - Time cost: 0.676s | Fillna Done
[65840:MainThread](2026-07-17 21:34:35,830) INFO - qlib.timer - [log.py:127] - Time cost: 0.233s | DropnaLabel Done
/Users/xuxin/Documents/dev/qlib/qlib/data/dataset/processor.py:358: SettingWithCopyWarning: 
A value is trying to be set on a copy of a slice from a DataFrame.
Try using .loc[row_indexer,col_indexer] = value instead

See the caveats in the documentation: https://pandas.pydata.org/pandas-docs/stable/user_guide/indexing.html#returning-a-view-versus-a-copy
  df[cols] = t
[65840:MainThread](2026-07-17 21:34:35,988) INFO - qlib.timer - [log.py:127] - Time cost: 0.158s | CSRankNorm Done
[65840:MainThread](2026-07-17 21:34:36,003) INFO - qlib.timer - [log.py:127] - Time cost: 7.699s | fit & process data Done
[65840:MainThread](2026-07-17 21:34:36,003) INFO - qlib.timer - [log.py:127] - Time cost: 52.550s | Init data Done
[65840:MainThread](2026-07-17 21:34:36,004) WARNING - qlib.utils - [__init__.py:849] - The parameter `reweighter` with value `None` is ignored.
[65840:MainThread](2026-07-17 21:34:36,442) INFO - qlib.IGMTF - [pytorch_igmtf.py:282] - Loading pretrained model...
[65840:MainThread](2026-07-17 21:34:36,449) INFO - qlib.IGMTF - [pytorch_igmtf.py:291] - Loading pretrained model Done...
[65840:MainThread](2026-07-17 21:34:36,450) INFO - qlib.IGMTF - [pytorch_igmtf.py:294] - training...
[65840:MainThread](2026-07-17 21:34:36,450) INFO - qlib.IGMTF - [pytorch_igmtf.py:298] - Epoch0:
[65840:MainThread](2026-07-17 21:34:36,451) INFO - qlib.IGMTF - [pytorch_igmtf.py:299] - training...
/Users/xuxin/Documents/dev/qlib/qlib/contrib/model/pytorch_igmtf.py:432: UserWarning: Sparse invariant checks are implicitly disabled. Memory errors (e.g. SEGFAULT) will occur when operating on a sparse tensor which violates the invariants, but checks incur performance overhead. To silence this warning, explicitly opt in or out. See `torch.sparse.check_sparse_tensor_invariants.__doc__` for guidance.  (Triggered internally at /Users/runner/work/pytorch/pytorch/aten/src/ATen/Context.cpp:767.)
  mask = torch.sparse_coo_tensor(
/Users/xuxin/Documents/dev/qlib/qlib/contrib/model/pytorch_igmtf.py:402: UserWarning: torch.sparse.SparseTensor(indices, values, shape, *, device=) is deprecated.  Please use torch.sparse_coo_tensor(indices, values, shape, dtype=, device=). (Triggered internally at /Users/runner/work/pytorch/pytorch/torch/csrc/utils/tensor_new.cpp:656.)
  return torch.sparse.FloatTensor(i, v * dv, s.size())
[65840:MainThread](2026-07-17 21:37:05,145) INFO - qlib.IGMTF - [pytorch_igmtf.py:302] - evaluating...
[65840:MainThread](2026-07-17 21:38:14,016) INFO - qlib.IGMTF - [pytorch_igmtf.py:305] - train 0.124166, valid 0.081400
[65840:MainThread](2026-07-17 21:38:14,020) INFO - qlib.IGMTF - [pytorch_igmtf.py:298] - Epoch1:
[65840:MainThread](2026-07-17 21:38:14,020) INFO - qlib.IGMTF - [pytorch_igmtf.py:299] - training...
[65840:MainThread](2026-07-17 21:40:44,705) INFO - qlib.IGMTF - [pytorch_igmtf.py:302] - evaluating...
[65840:MainThread](2026-07-17 21:41:53,533) INFO - qlib.IGMTF - [pytorch_igmtf.py:305] - train 0.127603, valid 0.082777
[65840:MainThread](2026-07-17 21:41:53,535) INFO - qlib.IGMTF - [pytorch_igmtf.py:298] - Epoch2:
[65840:MainThread](2026-07-17 21:41:53,536) INFO - qlib.IGMTF - [pytorch_igmtf.py:299] - training...
[65840:MainThread](2026-07-17 21:44:21,823) INFO - qlib.IGMTF - [pytorch_igmtf.py:302] - evaluating...
[65840:MainThread](2026-07-17 21:45:30,320) INFO - qlib.IGMTF - [pytorch_igmtf.py:305] - train 0.128178, valid 0.081566
[65840:MainThread](2026-07-17 21:45:30,320) INFO - qlib.IGMTF - [pytorch_igmtf.py:298] - Epoch3:
[65840:MainThread](2026-07-17 21:45:30,320) INFO - qlib.IGMTF - [pytorch_igmtf.py:299] - training...
[65840:MainThread](2026-07-17 21:47:58,237) INFO - qlib.IGMTF - [pytorch_igmtf.py:302] - evaluating...
[65840:MainThread](2026-07-17 21:49:06,803) INFO - qlib.IGMTF - [pytorch_igmtf.py:305] - train 0.130068, valid 0.086786
[65840:MainThread](2026-07-17 21:49:06,804) INFO - qlib.IGMTF - [pytorch_igmtf.py:298] - Epoch4:
[65840:MainThread](2026-07-17 21:49:06,804) INFO - qlib.IGMTF - [pytorch_igmtf.py:299] - training...
[65840:MainThread](2026-07-17 21:51:34,969) INFO - qlib.IGMTF - [pytorch_igmtf.py:302] - evaluating...
[65840:MainThread](2026-07-17 21:52:43,714) INFO - qlib.IGMTF - [pytorch_igmtf.py:305] - train 0.131800, valid 0.085104
[65840:MainThread](2026-07-17 21:52:43,714) INFO - qlib.IGMTF - [pytorch_igmtf.py:298] - Epoch5:
[65840:MainThread](2026-07-17 21:52:43,715) INFO - qlib.IGMTF - [pytorch_igmtf.py:299] - training...
[65840:MainThread](2026-07-17 21:55:11,864) INFO - qlib.IGMTF - [pytorch_igmtf.py:302] - evaluating...
[65840:MainThread](2026-07-17 21:56:20,763) INFO - qlib.IGMTF - [pytorch_igmtf.py:305] - train 0.133065, valid 0.084320
[65840:MainThread](2026-07-17 21:56:20,763) INFO - qlib.IGMTF - [pytorch_igmtf.py:298] - Epoch6:
[65840:MainThread](2026-07-17 21:56:20,763) INFO - qlib.IGMTF - [pytorch_igmtf.py:299] - training...
[65840:MainThread](2026-07-17 21:58:50,229) INFO - qlib.IGMTF - [pytorch_igmtf.py:302] - evaluating...
[65840:MainThread](2026-07-17 21:59:59,541) INFO - qlib.IGMTF - [pytorch_igmtf.py:305] - train 0.132784, valid 0.088759
[65840:MainThread](2026-07-17 21:59:59,542) INFO - qlib.IGMTF - [pytorch_igmtf.py:298] - Epoch7:
[65840:MainThread](2026-07-17 21:59:59,542) INFO - qlib.IGMTF - [pytorch_igmtf.py:299] - training...
[65840:MainThread](2026-07-17 22:02:30,196) INFO - qlib.IGMTF - [pytorch_igmtf.py:302] - evaluating...
[65840:MainThread](2026-07-17 22:03:40,619) INFO - qlib.IGMTF - [pytorch_igmtf.py:305] - train 0.134197, valid 0.089377
[65840:MainThread](2026-07-17 22:03:40,621) INFO - qlib.IGMTF - [pytorch_igmtf.py:298] - Epoch8:
[65840:MainThread](2026-07-17 22:03:40,621) INFO - qlib.IGMTF - [pytorch_igmtf.py:299] - training...
[65840:MainThread](2026-07-17 22:06:10,880) INFO - qlib.IGMTF - [pytorch_igmtf.py:302] - evaluating...
[65840:MainThread](2026-07-17 22:07:21,432) INFO - qlib.IGMTF - [pytorch_igmtf.py:305] - train 0.135263, valid 0.087908
[65840:MainThread](2026-07-17 22:07:21,433) INFO - qlib.IGMTF - [pytorch_igmtf.py:298] - Epoch9:
[65840:MainThread](2026-07-17 22:07:21,433) INFO - qlib.IGMTF - [pytorch_igmtf.py:299] - training...
[65840:MainThread](2026-07-17 22:09:52,591) INFO - qlib.IGMTF - [pytorch_igmtf.py:302] - evaluating...
[65840:MainThread](2026-07-17 22:11:03,726) INFO - qlib.IGMTF - [pytorch_igmtf.py:305] - train 0.135488, valid 0.085640
[65840:MainThread](2026-07-17 22:11:03,726) INFO - qlib.IGMTF - [pytorch_igmtf.py:298] - Epoch10:
[65840:MainThread](2026-07-17 22:11:03,727) INFO - qlib.IGMTF - [pytorch_igmtf.py:299] - training...
[65840:MainThread](2026-07-17 22:13:34,334) INFO - qlib.IGMTF - [pytorch_igmtf.py:302] - evaluating...
[65840:MainThread](2026-07-17 22:14:44,623) INFO - qlib.IGMTF - [pytorch_igmtf.py:305] - train 0.137421, valid 0.085401
[65840:MainThread](2026-07-17 22:14:44,624) INFO - qlib.IGMTF - [pytorch_igmtf.py:298] - Epoch11:
[65840:MainThread](2026-07-17 22:14:44,624) INFO - qlib.IGMTF - [pytorch_igmtf.py:299] - training...
[65840:MainThread](2026-07-17 22:17:15,317) INFO - qlib.IGMTF - [pytorch_igmtf.py:302] - evaluating...
[65840:MainThread](2026-07-17 22:18:25,293) INFO - qlib.IGMTF - [pytorch_igmtf.py:305] - train 0.137147, valid 0.082960
[65840:MainThread](2026-07-17 22:18:25,294) INFO - qlib.IGMTF - [pytorch_igmtf.py:298] - Epoch12:
[65840:MainThread](2026-07-17 22:18:25,294) INFO - qlib.IGMTF - [pytorch_igmtf.py:299] - training...
[65840:MainThread](2026-07-17 22:20:56,374) INFO - qlib.IGMTF - [pytorch_igmtf.py:302] - evaluating...
[65840:MainThread](2026-07-17 22:22:06,192) INFO - qlib.IGMTF - [pytorch_igmtf.py:305] - train 0.137896, valid 0.087079
[65840:MainThread](2026-07-17 22:22:06,193) INFO - qlib.IGMTF - [pytorch_igmtf.py:298] - Epoch13:
[65840:MainThread](2026-07-17 22:22:06,193) INFO - qlib.IGMTF - [pytorch_igmtf.py:299] - training...
[65840:MainThread](2026-07-17 22:24:37,053) INFO - qlib.IGMTF - [pytorch_igmtf.py:302] - evaluating...
[65840:MainThread](2026-07-17 22:25:47,147) INFO - qlib.IGMTF - [pytorch_igmtf.py:305] - train 0.139899, valid 0.086864
[65840:MainThread](2026-07-17 22:25:47,147) INFO - qlib.IGMTF - [pytorch_igmtf.py:298] - Epoch14:
[65840:MainThread](2026-07-17 22:25:47,147) INFO - qlib.IGMTF - [pytorch_igmtf.py:299] - training...
[65840:MainThread](2026-07-17 22:28:17,743) INFO - qlib.IGMTF - [pytorch_igmtf.py:302] - evaluating...
[65840:MainThread](2026-07-17 22:29:27,314) INFO - qlib.IGMTF - [pytorch_igmtf.py:305] - train 0.140045, valid 0.088522
[65840:MainThread](2026-07-17 22:29:27,314) INFO - qlib.IGMTF - [pytorch_igmtf.py:298] - Epoch15:
[65840:MainThread](2026-07-17 22:29:27,315) INFO - qlib.IGMTF - [pytorch_igmtf.py:299] - training...
[65840:MainThread](2026-07-17 22:31:59,223) INFO - qlib.IGMTF - [pytorch_igmtf.py:302] - evaluating...
[65840:MainThread](2026-07-17 22:33:09,780) INFO - qlib.IGMTF - [pytorch_igmtf.py:305] - train 0.142286, valid 0.086809
[65840:MainThread](2026-07-17 22:33:09,781) INFO - qlib.IGMTF - [pytorch_igmtf.py:298] - Epoch16:
[65840:MainThread](2026-07-17 22:33:09,781) INFO - qlib.IGMTF - [pytorch_igmtf.py:299] - training...
[65840:MainThread](2026-07-17 22:35:40,624) INFO - qlib.IGMTF - [pytorch_igmtf.py:302] - evaluating...
[65840:MainThread](2026-07-17 22:36:49,867) INFO - qlib.IGMTF - [pytorch_igmtf.py:305] - train 0.141421, valid 0.090471
[65840:MainThread](2026-07-17 22:36:49,870) INFO - qlib.IGMTF - [pytorch_igmtf.py:298] - Epoch17:
[65840:MainThread](2026-07-17 22:36:49,870) INFO - qlib.IGMTF - [pytorch_igmtf.py:299] - training...
[65840:MainThread](2026-07-17 22:39:18,959) INFO - qlib.IGMTF - [pytorch_igmtf.py:302] - evaluating...
[65840:MainThread](2026-07-17 22:40:27,459) INFO - qlib.IGMTF - [pytorch_igmtf.py:305] - train 0.142595, valid 0.089699
[65840:MainThread](2026-07-17 22:40:27,459) INFO - qlib.IGMTF - [pytorch_igmtf.py:298] - Epoch18:
[65840:MainThread](2026-07-17 22:40:27,459) INFO - qlib.IGMTF - [pytorch_igmtf.py:299] - training...
[65840:MainThread](2026-07-17 22:42:56,887) INFO - qlib.IGMTF - [pytorch_igmtf.py:302] - evaluating...
[65840:MainThread](2026-07-17 22:44:05,799) INFO - qlib.IGMTF - [pytorch_igmtf.py:305] - train 0.143112, valid 0.088315
[65840:MainThread](2026-07-17 22:44:05,800) INFO - qlib.IGMTF - [pytorch_igmtf.py:298] - Epoch19:
[65840:MainThread](2026-07-17 22:44:05,800) INFO - qlib.IGMTF - [pytorch_igmtf.py:299] - training...
[65840:MainThread](2026-07-17 22:46:33,522) INFO - qlib.IGMTF - [pytorch_igmtf.py:302] - evaluating...
[65840:MainThread](2026-07-17 22:47:41,761) INFO - qlib.IGMTF - [pytorch_igmtf.py:305] - train 0.144113, valid 0.089935
[65840:MainThread](2026-07-17 22:47:41,762) INFO - qlib.IGMTF - [pytorch_igmtf.py:298] - Epoch20:
[65840:MainThread](2026-07-17 22:47:41,762) INFO - qlib.IGMTF - [pytorch_igmtf.py:299] - training...
[65840:MainThread](2026-07-17 22:50:09,799) INFO - qlib.IGMTF - [pytorch_igmtf.py:302] - evaluating...
[65840:MainThread](2026-07-17 22:51:18,880) INFO - qlib.IGMTF - [pytorch_igmtf.py:305] - train 0.144757, valid 0.084961
[65840:MainThread](2026-07-17 22:51:18,881) INFO - qlib.IGMTF - [pytorch_igmtf.py:298] - Epoch21:
[65840:MainThread](2026-07-17 22:51:18,881) INFO - qlib.IGMTF - [pytorch_igmtf.py:299] - training...
[65840:MainThread](2026-07-17 22:53:46,997) INFO - qlib.IGMTF - [pytorch_igmtf.py:302] - evaluating...
[65840:MainThread](2026-07-17 22:54:56,092) INFO - qlib.IGMTF - [pytorch_igmtf.py:305] - train 0.145218, valid 0.080219
[65840:MainThread](2026-07-17 22:54:56,092) INFO - qlib.IGMTF - [pytorch_igmtf.py:298] - Epoch22:
[65840:MainThread](2026-07-17 22:54:56,092) INFO - qlib.IGMTF - [pytorch_igmtf.py:299] - training...
[65840:MainThread](2026-07-17 22:57:25,488) INFO - qlib.IGMTF - [pytorch_igmtf.py:302] - evaluating...
[65840:MainThread](2026-07-17 22:58:34,916) INFO - qlib.IGMTF - [pytorch_igmtf.py:305] - train 0.146074, valid 0.088140
[65840:MainThread](2026-07-17 22:58:34,916) INFO - qlib.IGMTF - [pytorch_igmtf.py:298] - Epoch23:
[65840:MainThread](2026-07-17 22:58:34,916) INFO - qlib.IGMTF - [pytorch_igmtf.py:299] - training...
[65840:MainThread](2026-07-17 23:01:04,711) INFO - qlib.IGMTF - [pytorch_igmtf.py:302] - evaluating...
[65840:MainThread](2026-07-17 23:02:13,850) INFO - qlib.IGMTF - [pytorch_igmtf.py:305] - train 0.148581, valid 0.087406
[65840:MainThread](2026-07-17 23:02:13,850) INFO - qlib.IGMTF - [pytorch_igmtf.py:298] - Epoch24:
[65840:MainThread](2026-07-17 23:02:13,850) INFO - qlib.IGMTF - [pytorch_igmtf.py:299] - training...
[65840:MainThread](2026-07-17 23:04:45,998) INFO - qlib.IGMTF - [pytorch_igmtf.py:302] - evaluating...
[65840:MainThread](2026-07-17 23:05:55,589) INFO - qlib.IGMTF - [pytorch_igmtf.py:305] - train 0.149761, valid 0.085218
[65840:MainThread](2026-07-17 23:05:55,589) INFO - qlib.IGMTF - [pytorch_igmtf.py:298] - Epoch25:
[65840:MainThread](2026-07-17 23:05:55,589) INFO - qlib.IGMTF - [pytorch_igmtf.py:299] - training...
[65840:MainThread](2026-07-17 23:08:27,976) INFO - qlib.IGMTF - [pytorch_igmtf.py:302] - evaluating...
[65840:MainThread](2026-07-17 23:09:38,002) INFO - qlib.IGMTF - [pytorch_igmtf.py:305] - train 0.149948, valid 0.082662
[65840:MainThread](2026-07-17 23:09:38,002) INFO - qlib.IGMTF - [pytorch_igmtf.py:298] - Epoch26:
[65840:MainThread](2026-07-17 23:09:38,003) INFO - qlib.IGMTF - [pytorch_igmtf.py:299] - training...
[65840:MainThread](2026-07-17 23:12:11,111) INFO - qlib.IGMTF - [pytorch_igmtf.py:302] - evaluating...
[65840:MainThread](2026-07-17 23:13:21,758) INFO - qlib.IGMTF - [pytorch_igmtf.py:305] - train 0.150216, valid 0.086809
[65840:MainThread](2026-07-17 23:13:21,759) INFO - qlib.IGMTF - [pytorch_igmtf.py:298] - Epoch27:
[65840:MainThread](2026-07-17 23:13:21,759) INFO - qlib.IGMTF - [pytorch_igmtf.py:299] - training...
[65840:MainThread](2026-07-17 23:15:53,134) INFO - qlib.IGMTF - [pytorch_igmtf.py:302] - evaluating...
[65840:MainThread](2026-07-17 23:17:03,319) INFO - qlib.IGMTF - [pytorch_igmtf.py:305] - train 0.152983, valid 0.086684
[65840:MainThread](2026-07-17 23:17:03,320) INFO - qlib.IGMTF - [pytorch_igmtf.py:298] - Epoch28:
[65840:MainThread](2026-07-17 23:17:03,320) INFO - qlib.IGMTF - [pytorch_igmtf.py:299] - training...
[65840:MainThread](2026-07-17 23:19:33,194) INFO - qlib.IGMTF - [pytorch_igmtf.py:302] - evaluating...
[65840:MainThread](2026-07-17 23:20:42,948) INFO - qlib.IGMTF - [pytorch_igmtf.py:305] - train 0.151340, valid 0.083058
[65840:MainThread](2026-07-17 23:20:42,949) INFO - qlib.IGMTF - [pytorch_igmtf.py:298] - Epoch29:
[65840:MainThread](2026-07-17 23:20:42,949) INFO - qlib.IGMTF - [pytorch_igmtf.py:299] - training...
[65840:MainThread](2026-07-17 23:23:12,459) INFO - qlib.IGMTF - [pytorch_igmtf.py:302] - evaluating...
[65840:MainThread](2026-07-17 23:24:21,859) INFO - qlib.IGMTF - [pytorch_igmtf.py:305] - train 0.154811, valid 0.085460
[65840:MainThread](2026-07-17 23:24:21,859) INFO - qlib.IGMTF - [pytorch_igmtf.py:298] - Epoch30:
[65840:MainThread](2026-07-17 23:24:21,859) INFO - qlib.IGMTF - [pytorch_igmtf.py:299] - training...
[65840:MainThread](2026-07-17 23:26:51,567) INFO - qlib.IGMTF - [pytorch_igmtf.py:302] - evaluating...
[65840:MainThread](2026-07-17 23:28:00,994) INFO - qlib.IGMTF - [pytorch_igmtf.py:305] - train 0.155797, valid 0.085702
[65840:MainThread](2026-07-17 23:28:00,994) INFO - qlib.IGMTF - [pytorch_igmtf.py:298] - Epoch31:
[65840:MainThread](2026-07-17 23:28:00,994) INFO - qlib.IGMTF - [pytorch_igmtf.py:299] - training...
[65840:MainThread](2026-07-17 23:30:31,972) INFO - qlib.IGMTF - [pytorch_igmtf.py:302] - evaluating...
[65840:MainThread](2026-07-17 23:31:42,590) INFO - qlib.IGMTF - [pytorch_igmtf.py:305] - train 0.157196, valid 0.084887
[65840:MainThread](2026-07-17 23:31:42,590) INFO - qlib.IGMTF - [pytorch_igmtf.py:298] - Epoch32:
[65840:MainThread](2026-07-17 23:31:42,591) INFO - qlib.IGMTF - [pytorch_igmtf.py:299] - training...
[65840:MainThread](2026-07-17 23:34:15,068) INFO - qlib.IGMTF - [pytorch_igmtf.py:302] - evaluating...
[65840:MainThread](2026-07-17 23:35:25,191) INFO - qlib.IGMTF - [pytorch_igmtf.py:305] - train 0.157214, valid 0.084270
[65840:MainThread](2026-07-17 23:35:25,191) INFO - qlib.IGMTF - [pytorch_igmtf.py:298] - Epoch33:
[65840:MainThread](2026-07-17 23:35:25,191) INFO - qlib.IGMTF - [pytorch_igmtf.py:299] - training...
[65840:MainThread](2026-07-17 23:37:56,119) INFO - qlib.IGMTF - [pytorch_igmtf.py:302] - evaluating...
[65840:MainThread](2026-07-17 23:39:06,376) INFO - qlib.IGMTF - [pytorch_igmtf.py:305] - train 0.158331, valid 0.084307
[65840:MainThread](2026-07-17 23:39:06,377) INFO - qlib.IGMTF - [pytorch_igmtf.py:298] - Epoch34:
[65840:MainThread](2026-07-17 23:39:06,377) INFO - qlib.IGMTF - [pytorch_igmtf.py:299] - training...
[65840:MainThread](2026-07-17 23:41:37,558) INFO - qlib.IGMTF - [pytorch_igmtf.py:302] - evaluating...
[65840:MainThread](2026-07-17 23:42:48,328) INFO - qlib.IGMTF - [pytorch_igmtf.py:305] - train 0.158060, valid 0.083533
[65840:MainThread](2026-07-17 23:42:48,329) INFO - qlib.IGMTF - [pytorch_igmtf.py:298] - Epoch35:
[65840:MainThread](2026-07-17 23:42:48,329) INFO - qlib.IGMTF - [pytorch_igmtf.py:299] - training...
[65840:MainThread](2026-07-17 23:45:18,903) INFO - qlib.IGMTF - [pytorch_igmtf.py:302] - evaluating...
[65840:MainThread](2026-07-17 23:46:28,111) INFO - qlib.IGMTF - [pytorch_igmtf.py:305] - train 0.160195, valid 0.085471
[65840:MainThread](2026-07-17 23:46:28,111) INFO - qlib.IGMTF - [pytorch_igmtf.py:298] - Epoch36:
[65840:MainThread](2026-07-17 23:46:28,112) INFO - qlib.IGMTF - [pytorch_igmtf.py:299] - training...
[65840:MainThread](2026-07-17 23:48:57,832) INFO - qlib.IGMTF - [pytorch_igmtf.py:302] - evaluating...
[65840:MainThread](2026-07-17 23:50:07,176) INFO - qlib.IGMTF - [pytorch_igmtf.py:305] - train 0.159967, valid 0.091434
[65840:MainThread](2026-07-17 23:50:07,179) INFO - qlib.IGMTF - [pytorch_igmtf.py:298] - Epoch37:
[65840:MainThread](2026-07-17 23:50:07,179) INFO - qlib.IGMTF - [pytorch_igmtf.py:299] - training...
[65840:MainThread](2026-07-17 23:52:37,848) INFO - qlib.IGMTF - [pytorch_igmtf.py:302] - evaluating...
[65840:MainThread](2026-07-17 23:53:47,399) INFO - qlib.IGMTF - [pytorch_igmtf.py:305] - train 0.162067, valid 0.081206
[65840:MainThread](2026-07-17 23:53:47,400) INFO - qlib.IGMTF - [pytorch_igmtf.py:298] - Epoch38:
[65840:MainThread](2026-07-17 23:53:47,400) INFO - qlib.IGMTF - [pytorch_igmtf.py:299] - training...
[65840:MainThread](2026-07-17 23:56:17,293) INFO - qlib.IGMTF - [pytorch_igmtf.py:302] - evaluating...
[65840:MainThread](2026-07-17 23:57:26,893) INFO - qlib.IGMTF - [pytorch_igmtf.py:305] - train 0.162875, valid 0.085282
[65840:MainThread](2026-07-17 23:57:26,893) INFO - qlib.IGMTF - [pytorch_igmtf.py:298] - Epoch39:
[65840:MainThread](2026-07-17 23:57:26,894) INFO - qlib.IGMTF - [pytorch_igmtf.py:299] - training...
[65840:MainThread](2026-07-17 23:59:57,996) INFO - qlib.IGMTF - [pytorch_igmtf.py:302] - evaluating...
[65840:MainThread](2026-07-18 00:01:08,998) INFO - qlib.IGMTF - [pytorch_igmtf.py:305] - train 0.163222, valid 0.084251
[65840:MainThread](2026-07-18 00:01:08,998) INFO - qlib.IGMTF - [pytorch_igmtf.py:298] - Epoch40:
[65840:MainThread](2026-07-18 00:01:08,998) INFO - qlib.IGMTF - [pytorch_igmtf.py:299] - training...
[65840:MainThread](2026-07-18 00:03:41,422) INFO - qlib.IGMTF - [pytorch_igmtf.py:302] - evaluating...
[65840:MainThread](2026-07-18 00:04:51,275) INFO - qlib.IGMTF - [pytorch_igmtf.py:305] - train 0.162486, valid 0.084123
[65840:MainThread](2026-07-18 00:04:51,275) INFO - qlib.IGMTF - [pytorch_igmtf.py:298] - Epoch41:
[65840:MainThread](2026-07-18 00:04:51,275) INFO - qlib.IGMTF - [pytorch_igmtf.py:299] - training...
[65840:MainThread](2026-07-18 00:07:22,010) INFO - qlib.IGMTF - [pytorch_igmtf.py:302] - evaluating...
[65840:MainThread](2026-07-18 00:08:32,166) INFO - qlib.IGMTF - [pytorch_igmtf.py:305] - train 0.165341, valid 0.084343
[65840:MainThread](2026-07-18 00:08:32,166) INFO - qlib.IGMTF - [pytorch_igmtf.py:298] - Epoch42:
[65840:MainThread](2026-07-18 00:08:32,166) INFO - qlib.IGMTF - [pytorch_igmtf.py:299] - training...
[65840:MainThread](2026-07-18 00:11:03,431) INFO - qlib.IGMTF - [pytorch_igmtf.py:302] - evaluating...
[65840:MainThread](2026-07-18 00:12:13,255) INFO - qlib.IGMTF - [pytorch_igmtf.py:305] - train 0.168108, valid 0.084676
[65840:MainThread](2026-07-18 00:12:13,256) INFO - qlib.IGMTF - [pytorch_igmtf.py:298] - Epoch43:
[65840:MainThread](2026-07-18 00:12:13,256) INFO - qlib.IGMTF - [pytorch_igmtf.py:299] - training...
[65840:MainThread](2026-07-18 00:14:43,933) INFO - qlib.IGMTF - [pytorch_igmtf.py:302] - evaluating...
[65840:MainThread](2026-07-18 00:15:53,479) INFO - qlib.IGMTF - [pytorch_igmtf.py:305] - train 0.168371, valid 0.085582
[65840:MainThread](2026-07-18 00:15:53,479) INFO - qlib.IGMTF - [pytorch_igmtf.py:298] - Epoch44:
[65840:MainThread](2026-07-18 00:15:53,479) INFO - qlib.IGMTF - [pytorch_igmtf.py:299] - training...
[65840:MainThread](2026-07-18 00:18:24,372) INFO - qlib.IGMTF - [pytorch_igmtf.py:302] - evaluating...
[65840:MainThread](2026-07-18 00:19:34,414) INFO - qlib.IGMTF - [pytorch_igmtf.py:305] - train 0.169869, valid 0.080827
[65840:MainThread](2026-07-18 00:19:34,414) INFO - qlib.IGMTF - [pytorch_igmtf.py:298] - Epoch45:
[65840:MainThread](2026-07-18 00:19:34,414) INFO - qlib.IGMTF - [pytorch_igmtf.py:299] - training...
[65840:MainThread](2026-07-18 00:22:05,086) INFO - qlib.IGMTF - [pytorch_igmtf.py:302] - evaluating...
[65840:MainThread](2026-07-18 00:23:14,810) INFO - qlib.IGMTF - [pytorch_igmtf.py:305] - train 0.170545, valid 0.080627
[65840:MainThread](2026-07-18 00:23:14,810) INFO - qlib.IGMTF - [pytorch_igmtf.py:298] - Epoch46:
[65840:MainThread](2026-07-18 00:23:14,810) INFO - qlib.IGMTF - [pytorch_igmtf.py:299] - training...
[65840:MainThread](2026-07-18 00:25:44,968) INFO - qlib.IGMTF - [pytorch_igmtf.py:302] - evaluating...
[65840:MainThread](2026-07-18 00:26:54,747) INFO - qlib.IGMTF - [pytorch_igmtf.py:305] - train 0.174457, valid 0.082016
[65840:MainThread](2026-07-18 00:26:54,748) INFO - qlib.IGMTF - [pytorch_igmtf.py:298] - Epoch47:
[65840:MainThread](2026-07-18 00:26:54,748) INFO - qlib.IGMTF - [pytorch_igmtf.py:299] - training...
[65840:MainThread](2026-07-18 00:29:24,909) INFO - qlib.IGMTF - [pytorch_igmtf.py:302] - evaluating...
[65840:MainThread](2026-07-18 00:30:34,957) INFO - qlib.IGMTF - [pytorch_igmtf.py:305] - train 0.174383, valid 0.078465
[65840:MainThread](2026-07-18 00:30:34,958) INFO - qlib.IGMTF - [pytorch_igmtf.py:298] - Epoch48:
[65840:MainThread](2026-07-18 00:30:34,958) INFO - qlib.IGMTF - [pytorch_igmtf.py:299] - training...
[65840:MainThread](2026-07-18 00:33:06,051) INFO - qlib.IGMTF - [pytorch_igmtf.py:302] - evaluating...
[65840:MainThread](2026-07-18 00:34:17,010) INFO - qlib.IGMTF - [pytorch_igmtf.py:305] - train 0.175191, valid 0.082000
[65840:MainThread](2026-07-18 00:34:17,010) INFO - qlib.IGMTF - [pytorch_igmtf.py:298] - Epoch49:
[65840:MainThread](2026-07-18 00:34:17,011) INFO - qlib.IGMTF - [pytorch_igmtf.py:299] - training...
[65840:MainThread](2026-07-18 00:36:48,747) INFO - qlib.IGMTF - [pytorch_igmtf.py:302] - evaluating...
[65840:MainThread](2026-07-18 00:37:58,617) INFO - qlib.IGMTF - [pytorch_igmtf.py:305] - train 0.174246, valid 0.084148
[65840:MainThread](2026-07-18 00:37:58,618) INFO - qlib.IGMTF - [pytorch_igmtf.py:298] - Epoch50:
[65840:MainThread](2026-07-18 00:37:58,618) INFO - qlib.IGMTF - [pytorch_igmtf.py:299] - training...
[65840:MainThread](2026-07-18 00:40:30,193) INFO - qlib.IGMTF - [pytorch_igmtf.py:302] - evaluating...
[65840:MainThread](2026-07-18 00:41:40,706) INFO - qlib.IGMTF - [pytorch_igmtf.py:305] - train 0.177643, valid 0.077428
[65840:MainThread](2026-07-18 00:41:40,707) INFO - qlib.IGMTF - [pytorch_igmtf.py:298] - Epoch51:
[65840:MainThread](2026-07-18 00:41:40,707) INFO - qlib.IGMTF - [pytorch_igmtf.py:299] - training...
[65840:MainThread](2026-07-18 00:44:11,203) INFO - qlib.IGMTF - [pytorch_igmtf.py:302] - evaluating...
[65840:MainThread](2026-07-18 00:45:20,116) INFO - qlib.IGMTF - [pytorch_igmtf.py:305] - train 0.177262, valid 0.076387
[65840:MainThread](2026-07-18 00:45:20,116) INFO - qlib.IGMTF - [pytorch_igmtf.py:298] - Epoch52:
[65840:MainThread](2026-07-18 00:45:20,116) INFO - qlib.IGMTF - [pytorch_igmtf.py:299] - training...
[65840:MainThread](2026-07-18 00:47:49,851) INFO - qlib.IGMTF - [pytorch_igmtf.py:302] - evaluating...
[65840:MainThread](2026-07-18 00:48:59,520) INFO - qlib.IGMTF - [pytorch_igmtf.py:305] - train 0.178927, valid 0.079783
[65840:MainThread](2026-07-18 00:48:59,520) INFO - qlib.IGMTF - [pytorch_igmtf.py:298] - Epoch53:
[65840:MainThread](2026-07-18 00:48:59,520) INFO - qlib.IGMTF - [pytorch_igmtf.py:299] - training...
[65840:MainThread](2026-07-18 00:51:29,625) INFO - qlib.IGMTF - [pytorch_igmtf.py:302] - evaluating...
[65840:MainThread](2026-07-18 00:52:38,845) INFO - qlib.IGMTF - [pytorch_igmtf.py:305] - train 0.181356, valid 0.081129
[65840:MainThread](2026-07-18 00:52:38,845) INFO - qlib.IGMTF - [pytorch_igmtf.py:298] - Epoch54:
[65840:MainThread](2026-07-18 00:52:38,845) INFO - qlib.IGMTF - [pytorch_igmtf.py:299] - training...
[65840:MainThread](2026-07-18 00:55:08,975) INFO - qlib.IGMTF - [pytorch_igmtf.py:302] - evaluating...
[65840:MainThread](2026-07-18 00:56:18,488) INFO - qlib.IGMTF - [pytorch_igmtf.py:305] - train 0.182125, valid 0.077588
[65840:MainThread](2026-07-18 00:56:18,488) INFO - qlib.IGMTF - [pytorch_igmtf.py:298] - Epoch55:
[65840:MainThread](2026-07-18 00:56:18,489) INFO - qlib.IGMTF - [pytorch_igmtf.py:299] - training...
[65840:MainThread](2026-07-18 00:58:48,557) INFO - qlib.IGMTF - [pytorch_igmtf.py:302] - evaluating...
[65840:MainThread](2026-07-18 00:59:58,164) INFO - qlib.IGMTF - [pytorch_igmtf.py:305] - train 0.181809, valid 0.078834
[65840:MainThread](2026-07-18 00:59:58,164) INFO - qlib.IGMTF - [pytorch_igmtf.py:298] - Epoch56:
[65840:MainThread](2026-07-18 00:59:58,164) INFO - qlib.IGMTF - [pytorch_igmtf.py:299] - training...
[65840:MainThread](2026-07-18 01:02:28,076) INFO - qlib.IGMTF - [pytorch_igmtf.py:302] - evaluating...
[65840:MainThread](2026-07-18 01:03:39,047) INFO - qlib.IGMTF - [pytorch_igmtf.py:305] - train 0.185257, valid 0.075556
[65840:MainThread](2026-07-18 01:03:39,047) INFO - qlib.IGMTF - [pytorch_igmtf.py:317] - early stop
[65840:MainThread](2026-07-18 01:03:39,047) INFO - qlib.IGMTF - [pytorch_igmtf.py:320] - best score: 0.091434 @ 36
[65840:MainThread](2026-07-18 01:03:39,132) INFO - qlib.fill_placeholder - [__init__.py:798] - <PRED> lookes like a placeholder, but it can't match to any given values
Gym has been unmaintained since 2022 and does not support NumPy 2.0 amongst other critical functionality.
Please upgrade to Gymnasium, the maintained drop-in replacement of Gym, or contact the authors of your software and request that they upgrade.
Users of this version of Gym should be able to simply replace 'import gym' with 'import gymnasium as gym' in the vast majority of cases.
See the migration guide at https://gymnasium.farama.org/introduction/migration_guide/ for additional information.
[65840:MainThread](2026-07-18 01:04:59,299) INFO - qlib.workflow - [record_temp.py:197] - Signal record 'pred.pkl' has been saved as the artifact of the Experiment 197832533359538672
[65840:MainThread](2026-07-18 01:04:59,584) INFO - qlib.backtest caller - [__init__.py:93] - Create new exchange
[65840:MainThread](2026-07-18 01:05:07,548) WARNING - qlib.online operator - [exchange.py:219] - $close field data contains nan.
[65840:MainThread](2026-07-18 01:05:07,548) WARNING - qlib.online operator - [exchange.py:219] - $close field data contains nan.
[65840:MainThread](2026-07-18 01:05:07,550) WARNING - qlib.online operator - [exchange.py:226] - factor.day.bin file not exists or factor contains `nan`. Order using adjusted_price.
[65840:MainThread](2026-07-18 01:05:07,550) WARNING - qlib.online operator - [exchange.py:228] - trade unit 100 is not supported in adjusted_price mode.
[65840:MainThread](2026-07-18 01:05:15,301) WARNING - qlib.data - [data.py:665] - load calendar error: freq=day, future=True; return current calendar!
[65840:MainThread](2026-07-18 01:05:15,302) WARNING - qlib.data - [data.py:668] - You can get future calendar by referring to the following document: https://github.com/microsoft/qlib/blob/main/scripts/data_collector/contrib/README.md
[65840:MainThread](2026-07-18 01:05:15,306) WARNING - qlib.BaseExecutor - [executor.py:121] - `common_infra` is not set for <qlib.backtest.executor.SimulatorExecutor object at 0x123a00680>

backtest loop:   0%|          | 0/871 [00:00<?, ?it/s]/Users/xuxin/Documents/dev/qlib/qlib/utils/index_data.py:492: RuntimeWarning: Mean of empty slice
  return np.nanmean(self.data)

backtest loop:   3%|▎         | 24/871 [00:00<00:03, 223.89it/s]
backtest loop:   6%|▌         | 50/871 [00:00<00:03, 241.90it/s]
backtest loop:   9%|▊         | 76/871 [00:00<00:03, 249.18it/s]
backtest loop:  12%|█▏        | 102/871 [00:00<00:03, 252.31it/s]
backtest loop:  15%|█▍        | 129/871 [00:00<00:02, 255.10it/s]
backtest loop:  18%|█▊        | 157/871 [00:00<00:02, 262.85it/s]
backtest loop:  21%|██        | 184/871 [00:00<00:02, 264.37it/s]
backtest loop:  24%|██▍       | 212/871 [00:00<00:02, 268.00it/s]
backtest loop:  27%|██▋       | 239/871 [00:00<00:02, 264.90it/s]
backtest loop:  31%|███       | 266/871 [00:01<00:02, 266.22it/s]/Users/xuxin/Documents/dev/qlib/qlib/utils/index_data.py:492: RuntimeWarning: Mean of empty slice
  return np.nanmean(self.data)

backtest loop:  34%|███▎      | 293/871 [00:01<00:02, 258.95it/s]
backtest loop:  37%|███▋      | 322/871 [00:01<00:02, 266.08it/s]
backtest loop:  40%|████      | 349/871 [00:01<00:01, 264.30it/s]/Users/xuxin/Documents/dev/qlib/qlib/utils/index_data.py:492: RuntimeWarning: Mean of empty slice
  return np.nanmean(self.data)
/Users/xuxin/Documents/dev/qlib/qlib/utils/index_data.py:492: RuntimeWarning: Mean of empty slice
  return np.nanmean(self.data)

backtest loop:  43%|████▎     | 377/871 [00:01<00:01, 267.45it/s]
backtest loop:  46%|████▋     | 404/871 [00:01<00:01, 260.88it/s]
backtest loop:  49%|████▉     | 431/871 [00:01<00:01, 261.89it/s]
backtest loop:  53%|█████▎    | 458/871 [00:01<00:01, 258.44it/s]
backtest loop:  56%|█████▌    | 484/871 [00:01<00:01, 254.33it/s]
backtest loop:  59%|█████▊    | 510/871 [00:01<00:01, 247.81it/s]
backtest loop:  61%|██████▏   | 535/871 [00:02<00:01, 247.76it/s]
backtest loop:  64%|██████▍   | 560/871 [00:02<00:01, 247.16it/s]/Users/xuxin/Documents/dev/qlib/qlib/utils/index_data.py:492: RuntimeWarning: Mean of empty slice
  return np.nanmean(self.data)
/Users/xuxin/Documents/dev/qlib/qlib/utils/index_data.py:492: RuntimeWarning: Mean of empty slice
  return np.nanmean(self.data)

backtest loop:  67%|██████▋   | 586/871 [00:02<00:01, 249.82it/s]
backtest loop:  70%|███████   | 612/871 [00:02<00:01, 250.77it/s]
backtest loop:  73%|███████▎  | 638/871 [00:02<00:00, 249.10it/s]
backtest loop:  76%|███████▌  | 663/871 [00:02<00:00, 247.38it/s]
backtest loop:  79%|███████▉  | 688/871 [00:02<00:00, 242.04it/s]
backtest loop:  82%|████████▏ | 713/871 [00:02<00:00, 242.51it/s]
backtest loop:  85%|████████▍ | 738/871 [00:02<00:00, 235.05it/s]
backtest loop:  88%|████████▊ | 763/871 [00:03<00:00, 237.49it/s]
backtest loop:  90%|█████████ | 788/871 [00:03<00:00, 239.33it/s]
backtest loop:  93%|█████████▎| 812/871 [00:03<00:00, 239.29it/s]
backtest loop:  96%|█████████▌| 837/871 [00:03<00:00, 240.40it/s]
backtest loop:  99%|█████████▉| 862/871 [00:03<00:00, 237.49it/s]
backtest loop: 100%|██████████| 871/871 [00:03<00:00, 243.94it/s]
[65840:MainThread](2026-07-18 01:05:18,901) INFO - qlib.workflow - [record_temp.py:520] - Portfolio analysis record 'port_analysis_1day.pkl' has been saved as the artifact of the Experiment 197832533359538672
[65840:MainThread](2026-07-18 01:05:18,904) INFO - qlib.workflow - [record_temp.py:545] - Indicator analysis record 'indicator_analysis_1day.pkl' has been saved as the artifact of the Experiment 197832533359538672
[65840:MainThread](2026-07-18 01:05:19,184) INFO - qlib.timer - [log.py:127] - Time cost: 0.000s | waiting `async_log` Done
