'The following are prediction results of the GATs model.'
                          score
datetime   instrument          
2017-01-03 SH600000    0.010293
           SH600008    0.055065
           SH600009    0.114055
           SH600010    0.000279
           SH600015   -0.017166
{'IC': np.float64(0.04844853014638966),
 'ICIR': np.float64(0.35780838762626965),
 'Rank IC': np.float64(0.05998148044721695),
 'Rank ICIR': np.float64(0.46014713651751926)}
'The following are analysis results of benchmark return(1day).'
                       risk
mean               0.000477
std                0.012295
annualized_return  0.113561
information_ratio  0.598699
max_drawdown      -0.370479
'The following are analysis results of the excess return without cost(1day).'
                       risk
mean               0.000361
std                0.004821
annualized_return  0.085937
information_ratio  1.155495
max_drawdown      -0.063606
'The following are analysis results of the excess return with cost(1day).'
                       risk
mean               0.000215
std                0.004817
annualized_return  0.051177
information_ratio  0.688606
max_drawdown      -0.070120
'The following are analysis results of indicators(1day).'
     value
ffr    1.0
pa     0.0
pos    0.0

[36357:MainThread](2026-07-21 19:09:16,368) INFO - qlib.qrun - [run.py:78] - Render the template with the context: {}
[36357:MainThread](2026-07-21 19:09:16,375) INFO - qlib.Initialization - [config.py:453] - default_conf: client.
[36357:MainThread](2026-07-21 19:09:16,377) INFO - qlib.Initialization - [__init__.py:82] - qlib successfully initialized based on client settings.
[36357:MainThread](2026-07-21 19:09:16,377) INFO - qlib.Initialization - [__init__.py:84] - data_path={'__DEFAULT_FREQ': PosixPath('/Users/xuxin/.qlib/qlib_data/cn_data')}
[36357:MainThread](2026-07-21 19:09:16,386) WARNING - qlib.workflow - [expm.py:230] - No valid experiment found. Create a new experiment with name trav_deep1b_GATs_gats_Alpha360_1.
[36357:MainThread](2026-07-21 19:09:16,391) INFO - qlib.workflow - [exp.py:258] - Experiment 528660299402247868 starts running ...
[36357:MainThread](2026-07-21 19:09:17,288) INFO - qlib.workflow - [recorder.py:345] - Recorder 9359ccab3460442dae7d91cad39714ce starts running under Experiment 528660299402247868 ...
[36357:MainThread](2026-07-21 19:09:19,660) INFO - qlib.GATs - [pytorch_gats.py:63] - GATs pytorch version...
[36357:MainThread](2026-07-21 19:09:19,660) INFO - qlib.GATs - [pytorch_gats.py:81] - GATs parameters setting:
d_feat : 6
hidden_size : 64
num_layers : 2
dropout : 0.7
n_epochs : 200
lr : 0.0001
metric : loss
early_stop : 20
optimizer : adam
loss_type : mse
base_model : LSTM
model_path : /Users/xuxin/Documents/dev/qlib/examples/benchmarks/LSTM/model_lstm_csi300.pkl
device : cpu
use_GPU : False
seed : None
[36357:MainThread](2026-07-21 19:09:19,661) INFO - qlib.GATs - [pytorch_gats.py:127] - model:
GATModel(
  (rnn): LSTM(6, 64, num_layers=2, batch_first=True, dropout=0.7)
  (transformation): Linear(in_features=64, out_features=64, bias=True)
  (fc): Linear(in_features=64, out_features=64, bias=True)
  (fc_out): Linear(in_features=64, out_features=1, bias=True)
  (leaky_relu): LeakyReLU(negative_slope=0.01)
  (softmax): Softmax(dim=1)
)
[36357:MainThread](2026-07-21 19:09:19,661) INFO - qlib.GATs - [pytorch_gats.py:128] - model size: 0.0574 MB
[36357:MainThread](2026-07-21 19:10:06,539) INFO - qlib.timer - [log.py:127] - Time cost: 45.274s | Loading data Done
/Users/xuxin/.local/lib/python3.12/site-packages/numpy/lib/_nanfunctions_impl.py:1215: RuntimeWarning: All-NaN slice encountered
  return fnb._ureduce(a, func=_nanmedian, keepdims=keepdims,
[36357:MainThread](2026-07-21 19:10:13,568) INFO - qlib.timer - [log.py:127] - Time cost: 5.910s | RobustZScoreNorm Done
[36357:MainThread](2026-07-21 19:10:14,313) INFO - qlib.timer - [log.py:127] - Time cost: 0.744s | Fillna Done
[36357:MainThread](2026-07-21 19:10:15,410) INFO - qlib.timer - [log.py:127] - Time cost: 0.320s | DropnaLabel Done
/Users/xuxin/Documents/dev/qlib/qlib/data/dataset/processor.py:358: SettingWithCopyWarning: 
A value is trying to be set on a copy of a slice from a DataFrame.
Try using .loc[row_indexer,col_indexer] = value instead

See the caveats in the documentation: https://pandas.pydata.org/pandas-docs/stable/user_guide/indexing.html#returning-a-view-versus-a-copy
  df[cols] = t
[36357:MainThread](2026-07-21 19:10:15,570) INFO - qlib.timer - [log.py:127] - Time cost: 0.160s | CSRankNorm Done
[36357:MainThread](2026-07-21 19:10:15,582) INFO - qlib.timer - [log.py:127] - Time cost: 9.043s | fit & process data Done
[36357:MainThread](2026-07-21 19:10:15,582) INFO - qlib.timer - [log.py:127] - Time cost: 54.318s | Init data Done
[36357:MainThread](2026-07-21 19:10:15,583) WARNING - qlib.utils - [__init__.py:849] - The parameter `reweighter` with value `None` is ignored.
[36357:MainThread](2026-07-21 19:10:16,259) INFO - qlib.GATs - [pytorch_gats.py:257] - Loading pretrained model...
[36357:MainThread](2026-07-21 19:10:16,274) INFO - qlib.GATs - [pytorch_gats.py:266] - Loading pretrained model Done...
[36357:MainThread](2026-07-21 19:10:16,274) INFO - qlib.GATs - [pytorch_gats.py:269] - training...
[36357:MainThread](2026-07-21 19:10:16,274) INFO - qlib.GATs - [pytorch_gats.py:273] - Epoch0:
[36357:MainThread](2026-07-21 19:10:16,275) INFO - qlib.GATs - [pytorch_gats.py:274] - training...
[36357:MainThread](2026-07-21 19:12:12,537) INFO - qlib.GATs - [pytorch_gats.py:276] - evaluating...
[36357:MainThread](2026-07-21 19:13:24,801) INFO - qlib.GATs - [pytorch_gats.py:279] - train -0.987604, valid -0.992644
[36357:MainThread](2026-07-21 19:13:24,802) INFO - qlib.GATs - [pytorch_gats.py:273] - Epoch1:
[36357:MainThread](2026-07-21 19:13:24,802) INFO - qlib.GATs - [pytorch_gats.py:274] - training...
[36357:MainThread](2026-07-21 19:15:19,620) INFO - qlib.GATs - [pytorch_gats.py:276] - evaluating...
[36357:MainThread](2026-07-21 19:16:32,216) INFO - qlib.GATs - [pytorch_gats.py:279] - train -0.986601, valid -0.992326
[36357:MainThread](2026-07-21 19:16:32,217) INFO - qlib.GATs - [pytorch_gats.py:273] - Epoch2:
[36357:MainThread](2026-07-21 19:16:32,217) INFO - qlib.GATs - [pytorch_gats.py:274] - training...
[36357:MainThread](2026-07-21 19:18:26,099) INFO - qlib.GATs - [pytorch_gats.py:276] - evaluating...
[36357:MainThread](2026-07-21 19:19:38,167) INFO - qlib.GATs - [pytorch_gats.py:279] - train -0.985981, valid -0.991869
[36357:MainThread](2026-07-21 19:19:38,168) INFO - qlib.GATs - [pytorch_gats.py:273] - Epoch3:
[36357:MainThread](2026-07-21 19:19:38,168) INFO - qlib.GATs - [pytorch_gats.py:274] - training...
[36357:MainThread](2026-07-21 19:21:31,775) INFO - qlib.GATs - [pytorch_gats.py:276] - evaluating...
[36357:MainThread](2026-07-21 19:22:43,505) INFO - qlib.GATs - [pytorch_gats.py:279] - train -0.985641, valid -0.991688
[36357:MainThread](2026-07-21 19:22:43,506) INFO - qlib.GATs - [pytorch_gats.py:273] - Epoch4:
[36357:MainThread](2026-07-21 19:22:43,507) INFO - qlib.GATs - [pytorch_gats.py:274] - training...
[36357:MainThread](2026-07-21 19:24:36,623) INFO - qlib.GATs - [pytorch_gats.py:276] - evaluating...
[36357:MainThread](2026-07-21 19:25:48,027) INFO - qlib.GATs - [pytorch_gats.py:279] - train -0.985196, valid -0.992357
[36357:MainThread](2026-07-21 19:25:48,027) INFO - qlib.GATs - [pytorch_gats.py:273] - Epoch5:
[36357:MainThread](2026-07-21 19:25:48,027) INFO - qlib.GATs - [pytorch_gats.py:274] - training...
[36357:MainThread](2026-07-21 19:27:41,301) INFO - qlib.GATs - [pytorch_gats.py:276] - evaluating...
[36357:MainThread](2026-07-21 19:28:53,133) INFO - qlib.GATs - [pytorch_gats.py:279] - train -0.984492, valid -0.991789
[36357:MainThread](2026-07-21 19:28:53,134) INFO - qlib.GATs - [pytorch_gats.py:273] - Epoch6:
[36357:MainThread](2026-07-21 19:28:53,134) INFO - qlib.GATs - [pytorch_gats.py:274] - training...
[36357:MainThread](2026-07-21 19:30:46,042) INFO - qlib.GATs - [pytorch_gats.py:276] - evaluating...
[36357:MainThread](2026-07-21 19:31:57,245) INFO - qlib.GATs - [pytorch_gats.py:279] - train -0.984176, valid -0.991546
[36357:MainThread](2026-07-21 19:31:57,246) INFO - qlib.GATs - [pytorch_gats.py:273] - Epoch7:
[36357:MainThread](2026-07-21 19:31:57,246) INFO - qlib.GATs - [pytorch_gats.py:274] - training...
[36357:MainThread](2026-07-21 19:33:50,665) INFO - qlib.GATs - [pytorch_gats.py:276] - evaluating...
[36357:MainThread](2026-07-21 19:35:02,339) INFO - qlib.GATs - [pytorch_gats.py:279] - train -0.983876, valid -0.992134
[36357:MainThread](2026-07-21 19:35:02,340) INFO - qlib.GATs - [pytorch_gats.py:273] - Epoch8:
[36357:MainThread](2026-07-21 19:35:02,340) INFO - qlib.GATs - [pytorch_gats.py:274] - training...
[36357:MainThread](2026-07-21 19:36:55,599) INFO - qlib.GATs - [pytorch_gats.py:276] - evaluating...
[36357:MainThread](2026-07-21 19:38:07,764) INFO - qlib.GATs - [pytorch_gats.py:279] - train -0.984267, valid -0.991621
[36357:MainThread](2026-07-21 19:38:07,764) INFO - qlib.GATs - [pytorch_gats.py:273] - Epoch9:
[36357:MainThread](2026-07-21 19:38:07,765) INFO - qlib.GATs - [pytorch_gats.py:274] - training...
[36357:MainThread](2026-07-21 19:40:02,444) INFO - qlib.GATs - [pytorch_gats.py:276] - evaluating...
[36357:MainThread](2026-07-21 19:41:15,745) INFO - qlib.GATs - [pytorch_gats.py:279] - train -0.984612, valid -0.993126
[36357:MainThread](2026-07-21 19:41:15,746) INFO - qlib.GATs - [pytorch_gats.py:273] - Epoch10:
[36357:MainThread](2026-07-21 19:41:15,746) INFO - qlib.GATs - [pytorch_gats.py:274] - training...
[36357:MainThread](2026-07-21 19:43:09,948) INFO - qlib.GATs - [pytorch_gats.py:276] - evaluating...
[36357:MainThread](2026-07-21 19:44:22,712) INFO - qlib.GATs - [pytorch_gats.py:279] - train -0.983713, valid -0.992546
[36357:MainThread](2026-07-21 19:44:22,713) INFO - qlib.GATs - [pytorch_gats.py:273] - Epoch11:
[36357:MainThread](2026-07-21 19:44:22,713) INFO - qlib.GATs - [pytorch_gats.py:274] - training...
[36357:MainThread](2026-07-21 19:46:16,785) INFO - qlib.GATs - [pytorch_gats.py:276] - evaluating...
[36357:MainThread](2026-07-21 19:47:29,038) INFO - qlib.GATs - [pytorch_gats.py:279] - train -0.982973, valid -0.991743
[36357:MainThread](2026-07-21 19:47:29,038) INFO - qlib.GATs - [pytorch_gats.py:273] - Epoch12:
[36357:MainThread](2026-07-21 19:47:29,038) INFO - qlib.GATs - [pytorch_gats.py:274] - training...
[36357:MainThread](2026-07-21 19:49:24,183) INFO - qlib.GATs - [pytorch_gats.py:276] - evaluating...
[36357:MainThread](2026-07-21 19:50:36,771) INFO - qlib.GATs - [pytorch_gats.py:279] - train -0.982955, valid -0.992184
[36357:MainThread](2026-07-21 19:50:36,771) INFO - qlib.GATs - [pytorch_gats.py:273] - Epoch13:
[36357:MainThread](2026-07-21 19:50:36,771) INFO - qlib.GATs - [pytorch_gats.py:274] - training...
[36357:MainThread](2026-07-21 19:52:30,043) INFO - qlib.GATs - [pytorch_gats.py:276] - evaluating...
[36357:MainThread](2026-07-21 19:53:41,667) INFO - qlib.GATs - [pytorch_gats.py:279] - train -0.982852, valid -0.991991
[36357:MainThread](2026-07-21 19:53:41,667) INFO - qlib.GATs - [pytorch_gats.py:273] - Epoch14:
[36357:MainThread](2026-07-21 19:53:41,667) INFO - qlib.GATs - [pytorch_gats.py:274] - training...
[36357:MainThread](2026-07-21 19:55:33,641) INFO - qlib.GATs - [pytorch_gats.py:276] - evaluating...
[36357:MainThread](2026-07-21 19:56:45,757) INFO - qlib.GATs - [pytorch_gats.py:279] - train -0.983044, valid -0.992965
[36357:MainThread](2026-07-21 19:56:45,757) INFO - qlib.GATs - [pytorch_gats.py:273] - Epoch15:
[36357:MainThread](2026-07-21 19:56:45,757) INFO - qlib.GATs - [pytorch_gats.py:274] - training...
[36357:MainThread](2026-07-21 19:58:39,446) INFO - qlib.GATs - [pytorch_gats.py:276] - evaluating...
[36357:MainThread](2026-07-21 19:59:51,924) INFO - qlib.GATs - [pytorch_gats.py:279] - train -0.982225, valid -0.992052
[36357:MainThread](2026-07-21 19:59:51,924) INFO - qlib.GATs - [pytorch_gats.py:273] - Epoch16:
[36357:MainThread](2026-07-21 19:59:51,924) INFO - qlib.GATs - [pytorch_gats.py:274] - training...
[36357:MainThread](2026-07-21 20:01:45,292) INFO - qlib.GATs - [pytorch_gats.py:276] - evaluating...
[36357:MainThread](2026-07-21 20:02:57,021) INFO - qlib.GATs - [pytorch_gats.py:279] - train -0.982144, valid -0.992644
[36357:MainThread](2026-07-21 20:02:57,021) INFO - qlib.GATs - [pytorch_gats.py:273] - Epoch17:
[36357:MainThread](2026-07-21 20:02:57,022) INFO - qlib.GATs - [pytorch_gats.py:274] - training...
[36357:MainThread](2026-07-21 20:04:50,577) INFO - qlib.GATs - [pytorch_gats.py:276] - evaluating...
[36357:MainThread](2026-07-21 20:06:02,841) INFO - qlib.GATs - [pytorch_gats.py:279] - train -0.982443, valid -0.991548
[36357:MainThread](2026-07-21 20:06:02,841) INFO - qlib.GATs - [pytorch_gats.py:273] - Epoch18:
[36357:MainThread](2026-07-21 20:06:02,841) INFO - qlib.GATs - [pytorch_gats.py:274] - training...
[36357:MainThread](2026-07-21 20:07:56,596) INFO - qlib.GATs - [pytorch_gats.py:276] - evaluating...
[36357:MainThread](2026-07-21 20:09:09,568) INFO - qlib.GATs - [pytorch_gats.py:279] - train -0.981679, valid -0.991288
[36357:MainThread](2026-07-21 20:09:09,572) INFO - qlib.GATs - [pytorch_gats.py:273] - Epoch19:
[36357:MainThread](2026-07-21 20:09:09,572) INFO - qlib.GATs - [pytorch_gats.py:274] - training...
[36357:MainThread](2026-07-21 20:11:04,130) INFO - qlib.GATs - [pytorch_gats.py:276] - evaluating...
[36357:MainThread](2026-07-21 20:12:18,004) INFO - qlib.GATs - [pytorch_gats.py:279] - train -0.981348, valid -0.992304
[36357:MainThread](2026-07-21 20:12:18,004) INFO - qlib.GATs - [pytorch_gats.py:273] - Epoch20:
[36357:MainThread](2026-07-21 20:12:18,005) INFO - qlib.GATs - [pytorch_gats.py:274] - training...
[36357:MainThread](2026-07-21 20:14:11,809) INFO - qlib.GATs - [pytorch_gats.py:276] - evaluating...
[36357:MainThread](2026-07-21 20:15:24,194) INFO - qlib.GATs - [pytorch_gats.py:279] - train -0.981226, valid -0.992748
[36357:MainThread](2026-07-21 20:15:24,194) INFO - qlib.GATs - [pytorch_gats.py:273] - Epoch21:
[36357:MainThread](2026-07-21 20:15:24,194) INFO - qlib.GATs - [pytorch_gats.py:274] - training...
[36357:MainThread](2026-07-21 20:17:18,959) INFO - qlib.GATs - [pytorch_gats.py:276] - evaluating...
[36357:MainThread](2026-07-21 20:18:30,725) INFO - qlib.GATs - [pytorch_gats.py:279] - train -0.981423, valid -0.992933
[36357:MainThread](2026-07-21 20:18:30,725) INFO - qlib.GATs - [pytorch_gats.py:273] - Epoch22:
[36357:MainThread](2026-07-21 20:18:30,725) INFO - qlib.GATs - [pytorch_gats.py:274] - training...
[36357:MainThread](2026-07-21 20:20:24,017) INFO - qlib.GATs - [pytorch_gats.py:276] - evaluating...
[36357:MainThread](2026-07-21 20:21:36,024) INFO - qlib.GATs - [pytorch_gats.py:279] - train -0.981710, valid -0.993220
[36357:MainThread](2026-07-21 20:21:36,024) INFO - qlib.GATs - [pytorch_gats.py:273] - Epoch23:
[36357:MainThread](2026-07-21 20:21:36,025) INFO - qlib.GATs - [pytorch_gats.py:274] - training...
[36357:MainThread](2026-07-21 20:23:28,772) INFO - qlib.GATs - [pytorch_gats.py:276] - evaluating...
[36357:MainThread](2026-07-21 20:24:39,959) INFO - qlib.GATs - [pytorch_gats.py:279] - train -0.980766, valid -0.993342
[36357:MainThread](2026-07-21 20:24:39,959) INFO - qlib.GATs - [pytorch_gats.py:273] - Epoch24:
[36357:MainThread](2026-07-21 20:24:39,959) INFO - qlib.GATs - [pytorch_gats.py:274] - training...
[36357:MainThread](2026-07-21 20:26:33,013) INFO - qlib.GATs - [pytorch_gats.py:276] - evaluating...
[36357:MainThread](2026-07-21 20:27:45,101) INFO - qlib.GATs - [pytorch_gats.py:279] - train -0.980793, valid -0.991170
[36357:MainThread](2026-07-21 20:27:45,105) INFO - qlib.GATs - [pytorch_gats.py:273] - Epoch25:
[36357:MainThread](2026-07-21 20:27:45,106) INFO - qlib.GATs - [pytorch_gats.py:274] - training...
[36357:MainThread](2026-07-21 20:29:37,626) INFO - qlib.GATs - [pytorch_gats.py:276] - evaluating...
[36357:MainThread](2026-07-21 20:30:49,468) INFO - qlib.GATs - [pytorch_gats.py:279] - train -0.980562, valid -0.993791
[36357:MainThread](2026-07-21 20:30:49,468) INFO - qlib.GATs - [pytorch_gats.py:273] - Epoch26:
[36357:MainThread](2026-07-21 20:30:49,468) INFO - qlib.GATs - [pytorch_gats.py:274] - training...
[36357:MainThread](2026-07-21 20:32:43,623) INFO - qlib.GATs - [pytorch_gats.py:276] - evaluating...
[36357:MainThread](2026-07-21 20:33:54,646) INFO - qlib.GATs - [pytorch_gats.py:279] - train -0.980447, valid -0.993548
[36357:MainThread](2026-07-21 20:33:54,646) INFO - qlib.GATs - [pytorch_gats.py:273] - Epoch27:
[36357:MainThread](2026-07-21 20:33:54,646) INFO - qlib.GATs - [pytorch_gats.py:274] - training...
[36357:MainThread](2026-07-21 20:35:46,664) INFO - qlib.GATs - [pytorch_gats.py:276] - evaluating...
[36357:MainThread](2026-07-21 20:36:58,589) INFO - qlib.GATs - [pytorch_gats.py:279] - train -0.980477, valid -0.993349
[36357:MainThread](2026-07-21 20:36:58,589) INFO - qlib.GATs - [pytorch_gats.py:273] - Epoch28:
[36357:MainThread](2026-07-21 20:36:58,590) INFO - qlib.GATs - [pytorch_gats.py:274] - training...
[36357:MainThread](2026-07-21 20:38:53,098) INFO - qlib.GATs - [pytorch_gats.py:276] - evaluating...
[36357:MainThread](2026-07-21 20:40:05,190) INFO - qlib.GATs - [pytorch_gats.py:279] - train -0.980347, valid -0.993785
[36357:MainThread](2026-07-21 20:40:05,191) INFO - qlib.GATs - [pytorch_gats.py:273] - Epoch29:
[36357:MainThread](2026-07-21 20:40:05,191) INFO - qlib.GATs - [pytorch_gats.py:274] - training...
[36357:MainThread](2026-07-21 20:41:59,498) INFO - qlib.GATs - [pytorch_gats.py:276] - evaluating...
[36357:MainThread](2026-07-21 20:43:12,197) INFO - qlib.GATs - [pytorch_gats.py:279] - train -0.979821, valid -0.993025
[36357:MainThread](2026-07-21 20:43:12,197) INFO - qlib.GATs - [pytorch_gats.py:273] - Epoch30:
[36357:MainThread](2026-07-21 20:43:12,198) INFO - qlib.GATs - [pytorch_gats.py:274] - training...
[36357:MainThread](2026-07-21 20:45:06,026) INFO - qlib.GATs - [pytorch_gats.py:276] - evaluating...
[36357:MainThread](2026-07-21 20:46:19,195) INFO - qlib.GATs - [pytorch_gats.py:279] - train -0.979511, valid -0.992561
[36357:MainThread](2026-07-21 20:46:19,195) INFO - qlib.GATs - [pytorch_gats.py:273] - Epoch31:
[36357:MainThread](2026-07-21 20:46:19,195) INFO - qlib.GATs - [pytorch_gats.py:274] - training...
[36357:MainThread](2026-07-21 20:48:14,213) INFO - qlib.GATs - [pytorch_gats.py:276] - evaluating...
[36357:MainThread](2026-07-21 20:49:26,552) INFO - qlib.GATs - [pytorch_gats.py:279] - train -0.979542, valid -0.992873
[36357:MainThread](2026-07-21 20:49:26,553) INFO - qlib.GATs - [pytorch_gats.py:273] - Epoch32:
[36357:MainThread](2026-07-21 20:49:26,553) INFO - qlib.GATs - [pytorch_gats.py:274] - training...
[36357:MainThread](2026-07-21 20:51:19,779) INFO - qlib.GATs - [pytorch_gats.py:276] - evaluating...
[36357:MainThread](2026-07-21 20:52:31,718) INFO - qlib.GATs - [pytorch_gats.py:279] - train -0.980066, valid -0.993363
[36357:MainThread](2026-07-21 20:52:31,718) INFO - qlib.GATs - [pytorch_gats.py:273] - Epoch33:
[36357:MainThread](2026-07-21 20:52:31,718) INFO - qlib.GATs - [pytorch_gats.py:274] - training...
[36357:MainThread](2026-07-21 20:54:25,598) INFO - qlib.GATs - [pytorch_gats.py:276] - evaluating...
[36357:MainThread](2026-07-21 20:55:37,819) INFO - qlib.GATs - [pytorch_gats.py:279] - train -0.979039, valid -0.993354
[36357:MainThread](2026-07-21 20:55:37,819) INFO - qlib.GATs - [pytorch_gats.py:273] - Epoch34:
[36357:MainThread](2026-07-21 20:55:37,819) INFO - qlib.GATs - [pytorch_gats.py:274] - training...
[36357:MainThread](2026-07-21 20:57:31,131) INFO - qlib.GATs - [pytorch_gats.py:276] - evaluating...
[36357:MainThread](2026-07-21 20:58:42,958) INFO - qlib.GATs - [pytorch_gats.py:279] - train -0.979072, valid -0.993011
[36357:MainThread](2026-07-21 20:58:42,959) INFO - qlib.GATs - [pytorch_gats.py:273] - Epoch35:
[36357:MainThread](2026-07-21 20:58:42,959) INFO - qlib.GATs - [pytorch_gats.py:274] - training...
[36357:MainThread](2026-07-21 21:00:36,341) INFO - qlib.GATs - [pytorch_gats.py:276] - evaluating...
[36357:MainThread](2026-07-21 21:01:47,963) INFO - qlib.GATs - [pytorch_gats.py:279] - train -0.979024, valid -0.992456
[36357:MainThread](2026-07-21 21:01:47,964) INFO - qlib.GATs - [pytorch_gats.py:273] - Epoch36:
[36357:MainThread](2026-07-21 21:01:47,964) INFO - qlib.GATs - [pytorch_gats.py:274] - training...
[36357:MainThread](2026-07-21 21:03:40,684) INFO - qlib.GATs - [pytorch_gats.py:276] - evaluating...
[36357:MainThread](2026-07-21 21:04:52,091) INFO - qlib.GATs - [pytorch_gats.py:279] - train -0.978982, valid -0.992677
[36357:MainThread](2026-07-21 21:04:52,091) INFO - qlib.GATs - [pytorch_gats.py:273] - Epoch37:
[36357:MainThread](2026-07-21 21:04:52,091) INFO - qlib.GATs - [pytorch_gats.py:274] - training...
[36357:MainThread](2026-07-21 21:06:45,506) INFO - qlib.GATs - [pytorch_gats.py:276] - evaluating...
[36357:MainThread](2026-07-21 21:07:56,897) INFO - qlib.GATs - [pytorch_gats.py:279] - train -0.978064, valid -0.992551
[36357:MainThread](2026-07-21 21:07:56,897) INFO - qlib.GATs - [pytorch_gats.py:273] - Epoch38:
[36357:MainThread](2026-07-21 21:07:56,898) INFO - qlib.GATs - [pytorch_gats.py:274] - training...
[36357:MainThread](2026-07-21 21:09:51,749) INFO - qlib.GATs - [pytorch_gats.py:276] - evaluating...
[36357:MainThread](2026-07-21 21:11:04,468) INFO - qlib.GATs - [pytorch_gats.py:279] - train -0.978672, valid -0.994140
[36357:MainThread](2026-07-21 21:11:04,468) INFO - qlib.GATs - [pytorch_gats.py:273] - Epoch39:
[36357:MainThread](2026-07-21 21:11:04,469) INFO - qlib.GATs - [pytorch_gats.py:274] - training...
[36357:MainThread](2026-07-21 21:12:59,831) INFO - qlib.GATs - [pytorch_gats.py:276] - evaluating...
[36357:MainThread](2026-07-21 21:14:12,089) INFO - qlib.GATs - [pytorch_gats.py:279] - train -0.978313, valid -0.992829
[36357:MainThread](2026-07-21 21:14:12,089) INFO - qlib.GATs - [pytorch_gats.py:273] - Epoch40:
[36357:MainThread](2026-07-21 21:14:12,089) INFO - qlib.GATs - [pytorch_gats.py:274] - training...
[36357:MainThread](2026-07-21 21:16:05,916) INFO - qlib.GATs - [pytorch_gats.py:276] - evaluating...
[36357:MainThread](2026-07-21 21:17:17,984) INFO - qlib.GATs - [pytorch_gats.py:279] - train -0.977838, valid -0.994093
[36357:MainThread](2026-07-21 21:17:17,984) INFO - qlib.GATs - [pytorch_gats.py:273] - Epoch41:
[36357:MainThread](2026-07-21 21:17:17,985) INFO - qlib.GATs - [pytorch_gats.py:274] - training...
[36357:MainThread](2026-07-21 21:19:11,167) INFO - qlib.GATs - [pytorch_gats.py:276] - evaluating...
[36357:MainThread](2026-07-21 21:20:23,792) INFO - qlib.GATs - [pytorch_gats.py:279] - train -0.977532, valid -0.993658
[36357:MainThread](2026-07-21 21:20:23,793) INFO - qlib.GATs - [pytorch_gats.py:273] - Epoch42:
[36357:MainThread](2026-07-21 21:20:23,793) INFO - qlib.GATs - [pytorch_gats.py:274] - training...
[36357:MainThread](2026-07-21 21:22:17,058) INFO - qlib.GATs - [pytorch_gats.py:276] - evaluating...
[36357:MainThread](2026-07-21 21:23:29,023) INFO - qlib.GATs - [pytorch_gats.py:279] - train -0.978052, valid -0.992946
[36357:MainThread](2026-07-21 21:23:29,023) INFO - qlib.GATs - [pytorch_gats.py:273] - Epoch43:
[36357:MainThread](2026-07-21 21:23:29,023) INFO - qlib.GATs - [pytorch_gats.py:274] - training...
[36357:MainThread](2026-07-21 21:25:21,669) INFO - qlib.GATs - [pytorch_gats.py:276] - evaluating...
[36357:MainThread](2026-07-21 21:26:34,111) INFO - qlib.GATs - [pytorch_gats.py:279] - train -0.977403, valid -0.994847
[36357:MainThread](2026-07-21 21:26:34,112) INFO - qlib.GATs - [pytorch_gats.py:273] - Epoch44:
[36357:MainThread](2026-07-21 21:26:34,112) INFO - qlib.GATs - [pytorch_gats.py:274] - training...
[36357:MainThread](2026-07-21 21:28:27,896) INFO - qlib.GATs - [pytorch_gats.py:276] - evaluating...
[36357:MainThread](2026-07-21 21:29:39,790) INFO - qlib.GATs - [pytorch_gats.py:279] - train -0.978252, valid -0.993211
[36357:MainThread](2026-07-21 21:29:39,790) INFO - qlib.GATs - [pytorch_gats.py:291] - early stop
[36357:MainThread](2026-07-21 21:29:39,791) INFO - qlib.GATs - [pytorch_gats.py:294] - best score: -0.991170 @ 24
[36357:MainThread](2026-07-21 21:29:39,864) INFO - qlib.fill_placeholder - [__init__.py:798] - <PRED> lookes like a placeholder, but it can't match to any given values
Gym has been unmaintained since 2022 and does not support NumPy 2.0 amongst other critical functionality.
Please upgrade to Gymnasium, the maintained drop-in replacement of Gym, or contact the authors of your software and request that they upgrade.
Users of this version of Gym should be able to simply replace 'import gym' with 'import gymnasium as gym' in the vast majority of cases.
See the migration guide at https://gymnasium.farama.org/introduction/migration_guide/ for additional information.
[36357:MainThread](2026-07-21 21:30:08,008) INFO - qlib.workflow - [record_temp.py:197] - Signal record 'pred.pkl' has been saved as the artifact of the Experiment 528660299402247868
/Users/xuxin/.local/lib/python3.12/site-packages/pandas/core/nanops.py:1632: ConstantInputWarning: An input array is constant; the correlation coefficient is not defined.
  return spearmanr(a, b)[0]
[36357:MainThread](2026-07-21 21:30:08,307) INFO - qlib.backtest caller - [__init__.py:93] - Create new exchange
[36357:MainThread](2026-07-21 21:30:16,678) WARNING - qlib.online operator - [exchange.py:219] - $close field data contains nan.
[36357:MainThread](2026-07-21 21:30:16,678) WARNING - qlib.online operator - [exchange.py:219] - $close field data contains nan.
[36357:MainThread](2026-07-21 21:30:16,680) WARNING - qlib.online operator - [exchange.py:226] - factor.day.bin file not exists or factor contains `nan`. Order using adjusted_price.
[36357:MainThread](2026-07-21 21:30:16,680) WARNING - qlib.online operator - [exchange.py:228] - trade unit 100 is not supported in adjusted_price mode.
[36357:MainThread](2026-07-21 21:30:24,478) WARNING - qlib.data - [data.py:665] - load calendar error: freq=day, future=True; return current calendar!
[36357:MainThread](2026-07-21 21:30:24,478) WARNING - qlib.data - [data.py:668] - You can get future calendar by referring to the following document: https://github.com/microsoft/qlib/blob/main/scripts/data_collector/contrib/README.md
[36357:MainThread](2026-07-21 21:30:24,483) WARNING - qlib.BaseExecutor - [executor.py:121] - `common_infra` is not set for <qlib.backtest.executor.SimulatorExecutor object at 0x127e64680>

backtest loop:   0%|          | 0/871 [00:00<?, ?it/s]/Users/xuxin/Documents/dev/qlib/qlib/utils/index_data.py:492: RuntimeWarning: Mean of empty slice
  return np.nanmean(self.data)

backtest loop:   3%|▎         | 23/871 [00:00<00:03, 225.71it/s]
backtest loop:   6%|▌         | 48/871 [00:00<00:03, 237.11it/s]
backtest loop:   8%|▊         | 72/871 [00:00<00:03, 235.04it/s]
backtest loop:  11%|█▏        | 99/871 [00:00<00:03, 248.20it/s]
backtest loop:  15%|█▍        | 127/871 [00:00<00:02, 258.54it/s]
backtest loop:  18%|█▊        | 154/871 [00:00<00:02, 261.97it/s]/Users/xuxin/Documents/dev/qlib/qlib/utils/index_data.py:492: RuntimeWarning: Mean of empty slice
  return np.nanmean(self.data)

backtest loop:  21%|██        | 184/871 [00:00<00:02, 268.98it/s]
backtest loop:  24%|██▍       | 213/871 [00:00<00:02, 274.97it/s]
backtest loop:  28%|██▊       | 241/871 [00:00<00:02, 273.90it/s]
backtest loop:  31%|███       | 269/871 [00:01<00:02, 272.21it/s]/Users/xuxin/Documents/dev/qlib/qlib/utils/index_data.py:492: RuntimeWarning: Mean of empty slice
  return np.nanmean(self.data)

backtest loop:  34%|███▍      | 297/871 [00:01<00:02, 272.44it/s]/Users/xuxin/Documents/dev/qlib/qlib/utils/index_data.py:492: RuntimeWarning: Mean of empty slice
  return np.nanmean(self.data)
/Users/xuxin/Documents/dev/qlib/qlib/utils/index_data.py:492: RuntimeWarning: Mean of empty slice
  return np.nanmean(self.data)
/Users/xuxin/Documents/dev/qlib/qlib/utils/index_data.py:492: RuntimeWarning: Mean of empty slice
  return np.nanmean(self.data)
/Users/xuxin/Documents/dev/qlib/qlib/utils/index_data.py:492: RuntimeWarning: Mean of empty slice
  return np.nanmean(self.data)
/Users/xuxin/Documents/dev/qlib/qlib/utils/index_data.py:492: RuntimeWarning: Mean of empty slice
  return np.nanmean(self.data)

backtest loop:  37%|███▋      | 325/871 [00:01<00:02, 271.78it/s]
backtest loop:  41%|████      | 353/871 [00:01<00:01, 273.91it/s]
backtest loop:  44%|████▎     | 381/871 [00:01<00:01, 272.52it/s]
backtest loop:  47%|████▋     | 409/871 [00:01<00:01, 269.94it/s]/Users/xuxin/Documents/dev/qlib/qlib/utils/index_data.py:492: RuntimeWarning: Mean of empty slice
  return np.nanmean(self.data)
/Users/xuxin/Documents/dev/qlib/qlib/utils/index_data.py:492: RuntimeWarning: Mean of empty slice
  return np.nanmean(self.data)

backtest loop:  50%|█████     | 437/871 [00:01<00:01, 271.16it/s]
backtest loop:  53%|█████▎    | 465/871 [00:01<00:01, 268.78it/s]
backtest loop:  56%|█████▋    | 492/871 [00:01<00:01, 260.62it/s]
backtest loop:  60%|█████▉    | 519/871 [00:01<00:01, 254.36it/s]
backtest loop:  63%|██████▎   | 545/871 [00:02<00:01, 248.05it/s]/Users/xuxin/Documents/dev/qlib/qlib/utils/index_data.py:492: RuntimeWarning: Mean of empty slice
  return np.nanmean(self.data)
/Users/xuxin/Documents/dev/qlib/qlib/utils/index_data.py:492: RuntimeWarning: Mean of empty slice
  return np.nanmean(self.data)

backtest loop:  66%|██████▌   | 571/871 [00:02<00:01, 246.44it/s]
backtest loop:  68%|██████▊   | 596/871 [00:02<00:01, 245.22it/s]
backtest loop:  71%|███████▏  | 621/871 [00:02<00:01, 242.39it/s]
backtest loop:  74%|███████▍  | 646/871 [00:02<00:00, 241.43it/s]
backtest loop:  77%|███████▋  | 671/871 [00:02<00:00, 236.62it/s]
backtest loop:  80%|███████▉  | 695/871 [00:02<00:00, 236.65it/s]
backtest loop:  83%|████████▎ | 719/871 [00:02<00:00, 237.04it/s]
backtest loop:  85%|████████▌ | 743/871 [00:02<00:00, 233.64it/s]
backtest loop:  88%|████████▊ | 768/871 [00:03<00:00, 236.63it/s]
backtest loop:  91%|█████████ | 793/871 [00:03<00:00, 239.03it/s]
backtest loop:  94%|█████████▍| 818/871 [00:03<00:00, 238.07it/s]
backtest loop:  97%|█████████▋| 843/871 [00:03<00:00, 240.55it/s]
backtest loop: 100%|█████████▉| 868/871 [00:03<00:00, 189.22it/s]
backtest loop: 100%|██████████| 871/871 [00:03<00:00, 245.53it/s]
[36357:MainThread](2026-07-21 21:30:28,055) INFO - qlib.workflow - [record_temp.py:520] - Portfolio analysis record 'port_analysis_1day.pkl' has been saved as the artifact of the Experiment 528660299402247868
[36357:MainThread](2026-07-21 21:30:28,058) INFO - qlib.workflow - [record_temp.py:545] - Indicator analysis record 'indicator_analysis_1day.pkl' has been saved as the artifact of the Experiment 528660299402247868
[36357:MainThread](2026-07-21 21:30:28,350) INFO - qlib.timer - [log.py:127] - Time cost: 0.000s | waiting `async_log` Done
