'The following are prediction results of the TabnetModel model.'
                          score
datetime   instrument          
2017-01-03 SH600000   -0.010212
           SH600008    0.069297
           SH600009    0.040948
           SH600010    0.031024
           SH600015   -0.021122
{'IC': np.float64(0.04044207404747263),
 'ICIR': np.float64(0.3483164812578577),
 'Rank IC': np.float64(0.04432845873401349),
 'Rank ICIR': np.float64(0.3858780432085764)}
'The following are analysis results of benchmark return(1day).'
                       risk
mean               0.000477
std                0.012295
annualized_return  0.113561
information_ratio  0.598699
max_drawdown      -0.370479
'The following are analysis results of the excess return without cost(1day).'
                       risk
mean               0.000323
std                0.004429
annualized_return  0.076986
information_ratio  1.126692
max_drawdown      -0.070361
'The following are analysis results of the excess return with cost(1day).'
                       risk
mean               0.000130
std                0.004429
annualized_return  0.030962
information_ratio  0.453165
max_drawdown      -0.106123
'The following are analysis results of indicators(1day).'
     value
ffr    1.0
pa     0.0
pos    0.0

[72353:MainThread](2026-07-19 12:34:11,450) INFO - qlib.qrun - [run.py:78] - Render the template with the context: {}
[72353:MainThread](2026-07-19 12:34:11,456) INFO - qlib.Initialization - [config.py:453] - default_conf: client.
[72353:MainThread](2026-07-19 12:34:11,458) INFO - qlib.Initialization - [__init__.py:82] - qlib successfully initialized based on client settings.
[72353:MainThread](2026-07-19 12:34:11,458) INFO - qlib.Initialization - [__init__.py:84] - data_path={'__DEFAULT_FREQ': PosixPath('/Users/xuxin/.qlib/qlib_data/cn_data')}
[72353:MainThread](2026-07-19 12:34:11,471) INFO - qlib.workflow - [exp.py:258] - Experiment 560305581459824404 starts running ...
[72353:MainThread](2026-07-19 12:34:12,392) INFO - qlib.workflow - [recorder.py:345] - Recorder 5beaf3b6700948e38b4479643cf77662 starts running under Experiment 560305581459824404 ...
[72353:MainThread](2026-07-19 12:34:14,889) INFO - qlib.TabNet - [pytorch_tabnet.py:78] - TabNet:
batch_size : 4096
virtual bs : 2048
device : cpu
pretrain: True
[72353:MainThread](2026-07-19 12:34:14,902) INFO - qlib.TabNet - [pytorch_tabnet.py:91] - model:
TabNet(
  (shared): ModuleList(
    (0): Linear(in_features=158, out_features=256, bias=True)
    (1): Linear(in_features=128, out_features=256, bias=True)
  )
  (first_step): FeatureTransformer(
    (shared): ModuleList(
      (0): GLU(
        (fc): Linear(in_features=158, out_features=256, bias=True)
        (bn): GBN(
          (bn): BatchNorm1d(256, eps=1e-05, momentum=0.01, affine=True, bias=True, track_running_stats=True)
        )
      )
      (1): GLU(
        (fc): Linear(in_features=128, out_features=256, bias=True)
        (bn): GBN(
          (bn): BatchNorm1d(256, eps=1e-05, momentum=0.01, affine=True, bias=True, track_running_stats=True)
        )
      )
    )
    (independ): ModuleList(
      (0-1): 2 x GLU(
        (fc): Linear(in_features=128, out_features=256, bias=True)
        (bn): GBN(
          (bn): BatchNorm1d(256, eps=1e-05, momentum=0.01, affine=True, bias=True, track_running_stats=True)
        )
      )
    )
  )
  (steps): ModuleList(
    (0-3): 4 x DecisionStep(
      (atten_tran): AttentionTransformer(
        (fc): Linear(in_features=64, out_features=158, bias=True)
        (bn): GBN(
          (bn): BatchNorm1d(158, eps=1e-05, momentum=0.01, affine=True, bias=True, track_running_stats=True)
        )
      )
      (fea_tran): FeatureTransformer(
        (shared): ModuleList(
          (0): GLU(
            (fc): Linear(in_features=158, out_features=256, bias=True)
            (bn): GBN(
              (bn): BatchNorm1d(256, eps=1e-05, momentum=0.01, affine=True, bias=True, track_running_stats=True)
            )
          )
          (1): GLU(
            (fc): Linear(in_features=128, out_features=256, bias=True)
            (bn): GBN(
              (bn): BatchNorm1d(256, eps=1e-05, momentum=0.01, affine=True, bias=True, track_running_stats=True)
            )
          )
        )
        (independ): ModuleList(
          (0-1): 2 x GLU(
            (fc): Linear(in_features=128, out_features=256, bias=True)
            (bn): GBN(
              (bn): BatchNorm1d(256, eps=1e-05, momentum=0.01, affine=True, bias=True, track_running_stats=True)
            )
          )
        )
      )
    )
  )
  (fc): Linear(in_features=64, out_features=64, bias=True)
  (bn): BatchNorm1d(158, eps=1e-05, momentum=0.01, affine=True, bias=True, track_running_stats=True)
)
TabNet_Decoder(
  (shared): ModuleList(
    (0): Linear(in_features=64, out_features=316, bias=True)
    (1): Linear(in_features=158, out_features=316, bias=True)
  )
  (steps): ModuleList(
    (0-4): 5 x DecoderStep(
      (fea_tran): FeatureTransformer(
        (shared): ModuleList(
          (0): GLU(
            (fc): Linear(in_features=64, out_features=316, bias=True)
            (bn): GBN(
              (bn): BatchNorm1d(316, eps=1e-05, momentum=0.01, affine=True, bias=True, track_running_stats=True)
            )
          )
          (1): GLU(
            (fc): Linear(in_features=158, out_features=316, bias=True)
            (bn): GBN(
              (bn): BatchNorm1d(316, eps=1e-05, momentum=0.01, affine=True, bias=True, track_running_stats=True)
            )
          )
        )
        (independ): ModuleList(
          (0-1): 2 x GLU(
            (fc): Linear(in_features=158, out_features=316, bias=True)
            (bn): GBN(
              (bn): BatchNorm1d(316, eps=1e-05, momentum=0.01, affine=True, bias=True, track_running_stats=True)
            )
          )
        )
      )
      (fc): Linear(in_features=158, out_features=158, bias=True)
    )
  )
)
[72353:MainThread](2026-07-19 12:34:14,903) INFO - qlib.TabNet - [pytorch_tabnet.py:92] - model size: 1.1182 MB
[72353:MainThread](2026-07-19 12:34:34,129) INFO - qlib.timer - [log.py:127] - Time cost: 17.585s | Loading data Done
/Users/xuxin/.local/lib/python3.12/site-packages/numpy/lib/_nanfunctions_impl.py:1215: RuntimeWarning: All-NaN slice encountered
  return fnb._ureduce(a, func=_nanmedian, keepdims=keepdims,
[72353:MainThread](2026-07-19 12:34:36,212) INFO - qlib.timer - [log.py:127] - Time cost: 1.967s | RobustZScoreNorm Done
[72353:MainThread](2026-07-19 12:34:36,523) INFO - qlib.timer - [log.py:127] - Time cost: 0.311s | Fillna Done
[72353:MainThread](2026-07-19 12:34:36,733) INFO - qlib.timer - [log.py:127] - Time cost: 0.097s | DropnaLabel Done
/Users/xuxin/Documents/dev/qlib/qlib/data/dataset/processor.py:358: SettingWithCopyWarning: 
A value is trying to be set on a copy of a slice from a DataFrame.
Try using .loc[row_indexer,col_indexer] = value instead

See the caveats in the documentation: https://pandas.pydata.org/pandas-docs/stable/user_guide/indexing.html#returning-a-view-versus-a-copy
  df[cols] = t
[72353:MainThread](2026-07-19 12:34:36,890) INFO - qlib.timer - [log.py:127] - Time cost: 0.157s | CSRankNorm Done
[72353:MainThread](2026-07-19 12:34:36,895) INFO - qlib.timer - [log.py:127] - Time cost: 2.766s | fit & process data Done
[72353:MainThread](2026-07-19 12:34:36,895) INFO - qlib.timer - [log.py:127] - Time cost: 20.352s | Init data Done
[72353:MainThread](2026-07-19 12:34:36,896) WARNING - qlib.utils - [__init__.py:849] - The parameter `reweighter` with value `None` is ignored.
[72353:MainThread](2026-07-19 12:34:36,896) INFO - qlib.TabNet - [pytorch_tabnet.py:159] - Pretrain...
[72353:MainThread](2026-07-19 12:34:46,352) INFO - qlib.TabNet - [pytorch_tabnet.py:133] - epoch: 0
[72353:MainThread](2026-07-19 12:34:46,352) INFO - qlib.TabNet - [pytorch_tabnet.py:134] - pre-training...
[72353:MainThread](2026-07-19 12:35:07,232) INFO - qlib.TabNet - [pytorch_tabnet.py:136] - evaluating...
[72353:MainThread](2026-07-19 12:35:17,767) INFO - qlib.TabNet - [pytorch_tabnet.py:139] - train 410.386493, valid 471.164282
[72353:MainThread](2026-07-19 12:35:17,767) INFO - qlib.TabNet - [pytorch_tabnet.py:142] - Save Model...
[72353:MainThread](2026-07-19 12:35:17,783) INFO - qlib.TabNet - [pytorch_tabnet.py:133] - epoch: 1
[72353:MainThread](2026-07-19 12:35:17,783) INFO - qlib.TabNet - [pytorch_tabnet.py:134] - pre-training...
[72353:MainThread](2026-07-19 12:35:38,559) INFO - qlib.TabNet - [pytorch_tabnet.py:136] - evaluating...
[72353:MainThread](2026-07-19 12:35:49,119) INFO - qlib.TabNet - [pytorch_tabnet.py:139] - train 64.592336, valid 73.432021
[72353:MainThread](2026-07-19 12:35:49,119) INFO - qlib.TabNet - [pytorch_tabnet.py:142] - Save Model...
[72353:MainThread](2026-07-19 12:35:49,129) INFO - qlib.TabNet - [pytorch_tabnet.py:133] - epoch: 2
[72353:MainThread](2026-07-19 12:35:49,129) INFO - qlib.TabNet - [pytorch_tabnet.py:134] - pre-training...
[72353:MainThread](2026-07-19 12:36:09,962) INFO - qlib.TabNet - [pytorch_tabnet.py:136] - evaluating...
[72353:MainThread](2026-07-19 12:36:20,544) INFO - qlib.TabNet - [pytorch_tabnet.py:139] - train 28.596319, valid 33.143655
[72353:MainThread](2026-07-19 12:36:20,544) INFO - qlib.TabNet - [pytorch_tabnet.py:142] - Save Model...
[72353:MainThread](2026-07-19 12:36:20,555) INFO - qlib.TabNet - [pytorch_tabnet.py:133] - epoch: 3
[72353:MainThread](2026-07-19 12:36:20,555) INFO - qlib.TabNet - [pytorch_tabnet.py:134] - pre-training...
[72353:MainThread](2026-07-19 12:36:41,439) INFO - qlib.TabNet - [pytorch_tabnet.py:136] - evaluating...
[72353:MainThread](2026-07-19 12:36:51,997) INFO - qlib.TabNet - [pytorch_tabnet.py:139] - train 21.558428, valid 24.695584
[72353:MainThread](2026-07-19 12:36:51,997) INFO - qlib.TabNet - [pytorch_tabnet.py:142] - Save Model...
[72353:MainThread](2026-07-19 12:36:52,007) INFO - qlib.TabNet - [pytorch_tabnet.py:133] - epoch: 4
[72353:MainThread](2026-07-19 12:36:52,008) INFO - qlib.TabNet - [pytorch_tabnet.py:134] - pre-training...
[72353:MainThread](2026-07-19 12:37:12,843) INFO - qlib.TabNet - [pytorch_tabnet.py:136] - evaluating...
[72353:MainThread](2026-07-19 12:37:23,406) INFO - qlib.TabNet - [pytorch_tabnet.py:139] - train 20.228777, valid 22.702278
[72353:MainThread](2026-07-19 12:37:23,407) INFO - qlib.TabNet - [pytorch_tabnet.py:142] - Save Model...
[72353:MainThread](2026-07-19 12:37:23,417) INFO - qlib.TabNet - [pytorch_tabnet.py:133] - epoch: 5
[72353:MainThread](2026-07-19 12:37:23,417) INFO - qlib.TabNet - [pytorch_tabnet.py:134] - pre-training...
[72353:MainThread](2026-07-19 12:37:44,188) INFO - qlib.TabNet - [pytorch_tabnet.py:136] - evaluating...
[72353:MainThread](2026-07-19 12:37:54,739) INFO - qlib.TabNet - [pytorch_tabnet.py:139] - train 21.483042, valid 24.286826
[72353:MainThread](2026-07-19 12:37:54,739) INFO - qlib.TabNet - [pytorch_tabnet.py:133] - epoch: 6
[72353:MainThread](2026-07-19 12:37:54,739) INFO - qlib.TabNet - [pytorch_tabnet.py:134] - pre-training...
[72353:MainThread](2026-07-19 12:38:15,541) INFO - qlib.TabNet - [pytorch_tabnet.py:136] - evaluating...
[72353:MainThread](2026-07-19 12:38:26,074) INFO - qlib.TabNet - [pytorch_tabnet.py:139] - train 16.352214, valid 18.344515
[72353:MainThread](2026-07-19 12:38:26,074) INFO - qlib.TabNet - [pytorch_tabnet.py:142] - Save Model...
[72353:MainThread](2026-07-19 12:38:26,084) INFO - qlib.TabNet - [pytorch_tabnet.py:133] - epoch: 7
[72353:MainThread](2026-07-19 12:38:26,084) INFO - qlib.TabNet - [pytorch_tabnet.py:134] - pre-training...
[72353:MainThread](2026-07-19 12:38:46,914) INFO - qlib.TabNet - [pytorch_tabnet.py:136] - evaluating...
[72353:MainThread](2026-07-19 12:38:57,505) INFO - qlib.TabNet - [pytorch_tabnet.py:139] - train 19.400033, valid 21.757862
[72353:MainThread](2026-07-19 12:38:57,506) INFO - qlib.TabNet - [pytorch_tabnet.py:133] - epoch: 8
[72353:MainThread](2026-07-19 12:38:57,506) INFO - qlib.TabNet - [pytorch_tabnet.py:134] - pre-training...
[72353:MainThread](2026-07-19 12:39:18,377) INFO - qlib.TabNet - [pytorch_tabnet.py:136] - evaluating...
[72353:MainThread](2026-07-19 12:39:28,925) INFO - qlib.TabNet - [pytorch_tabnet.py:139] - train 16.248479, valid 18.159815
[72353:MainThread](2026-07-19 12:39:28,926) INFO - qlib.TabNet - [pytorch_tabnet.py:142] - Save Model...
[72353:MainThread](2026-07-19 12:39:28,937) INFO - qlib.TabNet - [pytorch_tabnet.py:133] - epoch: 9
[72353:MainThread](2026-07-19 12:39:28,937) INFO - qlib.TabNet - [pytorch_tabnet.py:134] - pre-training...
[72353:MainThread](2026-07-19 12:39:49,771) INFO - qlib.TabNet - [pytorch_tabnet.py:136] - evaluating...
[72353:MainThread](2026-07-19 12:40:00,347) INFO - qlib.TabNet - [pytorch_tabnet.py:139] - train 15.567117, valid 18.016205
[72353:MainThread](2026-07-19 12:40:00,347) INFO - qlib.TabNet - [pytorch_tabnet.py:142] - Save Model...
[72353:MainThread](2026-07-19 12:40:00,358) INFO - qlib.TabNet - [pytorch_tabnet.py:133] - epoch: 10
[72353:MainThread](2026-07-19 12:40:00,358) INFO - qlib.TabNet - [pytorch_tabnet.py:134] - pre-training...
[72353:MainThread](2026-07-19 12:40:21,224) INFO - qlib.TabNet - [pytorch_tabnet.py:136] - evaluating...
[72353:MainThread](2026-07-19 12:40:31,736) INFO - qlib.TabNet - [pytorch_tabnet.py:139] - train 52.286726, valid 55.876533
[72353:MainThread](2026-07-19 12:40:31,737) INFO - qlib.TabNet - [pytorch_tabnet.py:133] - epoch: 11
[72353:MainThread](2026-07-19 12:40:31,737) INFO - qlib.TabNet - [pytorch_tabnet.py:134] - pre-training...
[72353:MainThread](2026-07-19 12:40:52,924) INFO - qlib.TabNet - [pytorch_tabnet.py:136] - evaluating...
[72353:MainThread](2026-07-19 12:41:03,458) INFO - qlib.TabNet - [pytorch_tabnet.py:139] - train 25.115980, valid 28.002702
[72353:MainThread](2026-07-19 12:41:03,458) INFO - qlib.TabNet - [pytorch_tabnet.py:133] - epoch: 12
[72353:MainThread](2026-07-19 12:41:03,458) INFO - qlib.TabNet - [pytorch_tabnet.py:134] - pre-training...
[72353:MainThread](2026-07-19 12:41:24,445) INFO - qlib.TabNet - [pytorch_tabnet.py:136] - evaluating...
[72353:MainThread](2026-07-19 12:41:34,992) INFO - qlib.TabNet - [pytorch_tabnet.py:139] - train 20.231281, valid 21.986751
[72353:MainThread](2026-07-19 12:41:34,992) INFO - qlib.TabNet - [pytorch_tabnet.py:133] - epoch: 13
[72353:MainThread](2026-07-19 12:41:34,992) INFO - qlib.TabNet - [pytorch_tabnet.py:134] - pre-training...
[72353:MainThread](2026-07-19 12:41:55,953) INFO - qlib.TabNet - [pytorch_tabnet.py:136] - evaluating...
[72353:MainThread](2026-07-19 12:42:06,556) INFO - qlib.TabNet - [pytorch_tabnet.py:139] - train 23.798453, valid 26.219410
[72353:MainThread](2026-07-19 12:42:06,556) INFO - qlib.TabNet - [pytorch_tabnet.py:133] - epoch: 14
[72353:MainThread](2026-07-19 12:42:06,556) INFO - qlib.TabNet - [pytorch_tabnet.py:134] - pre-training...
[72353:MainThread](2026-07-19 12:42:27,662) INFO - qlib.TabNet - [pytorch_tabnet.py:136] - evaluating...
[72353:MainThread](2026-07-19 12:42:38,230) INFO - qlib.TabNet - [pytorch_tabnet.py:139] - train 20.180566, valid 22.849281
[72353:MainThread](2026-07-19 12:42:38,230) INFO - qlib.TabNet - [pytorch_tabnet.py:133] - epoch: 15
[72353:MainThread](2026-07-19 12:42:38,230) INFO - qlib.TabNet - [pytorch_tabnet.py:134] - pre-training...
[72353:MainThread](2026-07-19 12:42:59,240) INFO - qlib.TabNet - [pytorch_tabnet.py:136] - evaluating...
[72353:MainThread](2026-07-19 12:43:09,816) INFO - qlib.TabNet - [pytorch_tabnet.py:139] - train 80.352448, valid 79.246242
[72353:MainThread](2026-07-19 12:43:09,816) INFO - qlib.TabNet - [pytorch_tabnet.py:133] - epoch: 16
[72353:MainThread](2026-07-19 12:43:09,816) INFO - qlib.TabNet - [pytorch_tabnet.py:134] - pre-training...
[72353:MainThread](2026-07-19 12:43:30,690) INFO - qlib.TabNet - [pytorch_tabnet.py:136] - evaluating...
[72353:MainThread](2026-07-19 12:43:41,214) INFO - qlib.TabNet - [pytorch_tabnet.py:139] - train 26.098376, valid 28.877504
[72353:MainThread](2026-07-19 12:43:41,214) INFO - qlib.TabNet - [pytorch_tabnet.py:133] - epoch: 17
[72353:MainThread](2026-07-19 12:43:41,214) INFO - qlib.TabNet - [pytorch_tabnet.py:134] - pre-training...
[72353:MainThread](2026-07-19 12:44:02,159) INFO - qlib.TabNet - [pytorch_tabnet.py:136] - evaluating...
[72353:MainThread](2026-07-19 12:44:12,753) INFO - qlib.TabNet - [pytorch_tabnet.py:139] - train 17.166469, valid 19.352250
[72353:MainThread](2026-07-19 12:44:12,754) INFO - qlib.TabNet - [pytorch_tabnet.py:133] - epoch: 18
[72353:MainThread](2026-07-19 12:44:12,754) INFO - qlib.TabNet - [pytorch_tabnet.py:134] - pre-training...
[72353:MainThread](2026-07-19 12:44:33,666) INFO - qlib.TabNet - [pytorch_tabnet.py:136] - evaluating...
[72353:MainThread](2026-07-19 12:44:44,195) INFO - qlib.TabNet - [pytorch_tabnet.py:139] - train 29.188926, valid 32.820259
[72353:MainThread](2026-07-19 12:44:44,196) INFO - qlib.TabNet - [pytorch_tabnet.py:133] - epoch: 19
[72353:MainThread](2026-07-19 12:44:44,196) INFO - qlib.TabNet - [pytorch_tabnet.py:134] - pre-training...
[72353:MainThread](2026-07-19 12:45:05,127) INFO - qlib.TabNet - [pytorch_tabnet.py:136] - evaluating...
[72353:MainThread](2026-07-19 12:45:15,704) INFO - qlib.TabNet - [pytorch_tabnet.py:139] - train 48.408658, valid 51.515084
[72353:MainThread](2026-07-19 12:45:15,705) INFO - qlib.TabNet - [pytorch_tabnet.py:133] - epoch: 20
[72353:MainThread](2026-07-19 12:45:15,705) INFO - qlib.TabNet - [pytorch_tabnet.py:134] - pre-training...
[72353:MainThread](2026-07-19 12:45:36,604) INFO - qlib.TabNet - [pytorch_tabnet.py:136] - evaluating...
[72353:MainThread](2026-07-19 12:45:47,328) INFO - qlib.TabNet - [pytorch_tabnet.py:139] - train 94.102033, valid 98.436223
[72353:MainThread](2026-07-19 12:45:47,329) INFO - qlib.TabNet - [pytorch_tabnet.py:133] - epoch: 21
[72353:MainThread](2026-07-19 12:45:47,329) INFO - qlib.TabNet - [pytorch_tabnet.py:134] - pre-training...
[72353:MainThread](2026-07-19 12:46:08,302) INFO - qlib.TabNet - [pytorch_tabnet.py:136] - evaluating...
[72353:MainThread](2026-07-19 12:46:18,962) INFO - qlib.TabNet - [pytorch_tabnet.py:139] - train 42.554325, valid 46.381355
[72353:MainThread](2026-07-19 12:46:18,962) INFO - qlib.TabNet - [pytorch_tabnet.py:133] - epoch: 22
[72353:MainThread](2026-07-19 12:46:18,962) INFO - qlib.TabNet - [pytorch_tabnet.py:134] - pre-training...
[72353:MainThread](2026-07-19 12:46:40,504) INFO - qlib.TabNet - [pytorch_tabnet.py:136] - evaluating...
[72353:MainThread](2026-07-19 12:46:51,066) INFO - qlib.TabNet - [pytorch_tabnet.py:139] - train 14.815960, valid 17.243219
[72353:MainThread](2026-07-19 12:46:51,066) INFO - qlib.TabNet - [pytorch_tabnet.py:142] - Save Model...
[72353:MainThread](2026-07-19 12:46:51,076) INFO - qlib.TabNet - [pytorch_tabnet.py:133] - epoch: 23
[72353:MainThread](2026-07-19 12:46:51,077) INFO - qlib.TabNet - [pytorch_tabnet.py:134] - pre-training...
[72353:MainThread](2026-07-19 12:47:12,149) INFO - qlib.TabNet - [pytorch_tabnet.py:136] - evaluating...
[72353:MainThread](2026-07-19 12:47:22,687) INFO - qlib.TabNet - [pytorch_tabnet.py:139] - train 25.766745, valid 28.558456
[72353:MainThread](2026-07-19 12:47:22,687) INFO - qlib.TabNet - [pytorch_tabnet.py:133] - epoch: 24
[72353:MainThread](2026-07-19 12:47:22,687) INFO - qlib.TabNet - [pytorch_tabnet.py:134] - pre-training...
[72353:MainThread](2026-07-19 12:47:43,683) INFO - qlib.TabNet - [pytorch_tabnet.py:136] - evaluating...
[72353:MainThread](2026-07-19 12:47:54,228) INFO - qlib.TabNet - [pytorch_tabnet.py:139] - train 82.907487, valid 86.709279
[72353:MainThread](2026-07-19 12:47:54,228) INFO - qlib.TabNet - [pytorch_tabnet.py:133] - epoch: 25
[72353:MainThread](2026-07-19 12:47:54,228) INFO - qlib.TabNet - [pytorch_tabnet.py:134] - pre-training...
[72353:MainThread](2026-07-19 12:48:15,291) INFO - qlib.TabNet - [pytorch_tabnet.py:136] - evaluating...
[72353:MainThread](2026-07-19 12:48:25,875) INFO - qlib.TabNet - [pytorch_tabnet.py:139] - train 48.621511, valid 55.007005
[72353:MainThread](2026-07-19 12:48:25,875) INFO - qlib.TabNet - [pytorch_tabnet.py:133] - epoch: 26
[72353:MainThread](2026-07-19 12:48:25,876) INFO - qlib.TabNet - [pytorch_tabnet.py:134] - pre-training...
[72353:MainThread](2026-07-19 12:48:46,882) INFO - qlib.TabNet - [pytorch_tabnet.py:136] - evaluating...
[72353:MainThread](2026-07-19 12:48:57,429) INFO - qlib.TabNet - [pytorch_tabnet.py:139] - train 34.378130, valid 37.297297
[72353:MainThread](2026-07-19 12:48:57,429) INFO - qlib.TabNet - [pytorch_tabnet.py:133] - epoch: 27
[72353:MainThread](2026-07-19 12:48:57,430) INFO - qlib.TabNet - [pytorch_tabnet.py:134] - pre-training...
[72353:MainThread](2026-07-19 12:49:18,554) INFO - qlib.TabNet - [pytorch_tabnet.py:136] - evaluating...
[72353:MainThread](2026-07-19 12:49:29,183) INFO - qlib.TabNet - [pytorch_tabnet.py:139] - train 18.509289, valid 21.660388
[72353:MainThread](2026-07-19 12:49:29,183) INFO - qlib.TabNet - [pytorch_tabnet.py:133] - epoch: 28
[72353:MainThread](2026-07-19 12:49:29,184) INFO - qlib.TabNet - [pytorch_tabnet.py:134] - pre-training...
[72353:MainThread](2026-07-19 12:49:50,229) INFO - qlib.TabNet - [pytorch_tabnet.py:136] - evaluating...
[72353:MainThread](2026-07-19 12:50:00,822) INFO - qlib.TabNet - [pytorch_tabnet.py:139] - train 19.808624, valid 22.310272
[72353:MainThread](2026-07-19 12:50:00,822) INFO - qlib.TabNet - [pytorch_tabnet.py:148] - early stop
[72353:MainThread](2026-07-19 12:50:00,843) INFO - qlib.TabNet - [pytorch_tabnet.py:161] - Load Pretrain model
[72353:MainThread](2026-07-19 12:50:08,364) INFO - qlib.TabNet - [pytorch_tabnet.py:185] - training...
[72353:MainThread](2026-07-19 12:50:08,364) INFO - qlib.TabNet - [pytorch_tabnet.py:189] - epoch: 0
[72353:MainThread](2026-07-19 12:50:08,364) INFO - qlib.TabNet - [pytorch_tabnet.py:190] - training...
[72353:MainThread](2026-07-19 12:50:19,507) INFO - qlib.TabNet - [pytorch_tabnet.py:192] - evaluating...
[72353:MainThread](2026-07-19 12:50:25,887) INFO - qlib.TabNet - [pytorch_tabnet.py:195] - train -1.003747, valid -1.007805
[72353:MainThread](2026-07-19 12:50:25,890) INFO - qlib.TabNet - [pytorch_tabnet.py:189] - epoch: 1
[72353:MainThread](2026-07-19 12:50:25,891) INFO - qlib.TabNet - [pytorch_tabnet.py:190] - training...
[72353:MainThread](2026-07-19 12:50:37,016) INFO - qlib.TabNet - [pytorch_tabnet.py:192] - evaluating...
[72353:MainThread](2026-07-19 12:50:43,535) INFO - qlib.TabNet - [pytorch_tabnet.py:195] - train -1.000974, valid -1.007147
[72353:MainThread](2026-07-19 12:50:43,538) INFO - qlib.TabNet - [pytorch_tabnet.py:189] - epoch: 2
[72353:MainThread](2026-07-19 12:50:43,538) INFO - qlib.TabNet - [pytorch_tabnet.py:190] - training...
[72353:MainThread](2026-07-19 12:50:54,649) INFO - qlib.TabNet - [pytorch_tabnet.py:192] - evaluating...
[72353:MainThread](2026-07-19 12:51:01,060) INFO - qlib.TabNet - [pytorch_tabnet.py:195] - train -0.991992, valid -0.997712
[72353:MainThread](2026-07-19 12:51:01,063) INFO - qlib.TabNet - [pytorch_tabnet.py:189] - epoch: 3
[72353:MainThread](2026-07-19 12:51:01,063) INFO - qlib.TabNet - [pytorch_tabnet.py:190] - training...
[72353:MainThread](2026-07-19 12:51:12,170) INFO - qlib.TabNet - [pytorch_tabnet.py:192] - evaluating...
[72353:MainThread](2026-07-19 12:51:18,559) INFO - qlib.TabNet - [pytorch_tabnet.py:195] - train -0.994412, valid -1.001938
[72353:MainThread](2026-07-19 12:51:18,560) INFO - qlib.TabNet - [pytorch_tabnet.py:189] - epoch: 4
[72353:MainThread](2026-07-19 12:51:18,560) INFO - qlib.TabNet - [pytorch_tabnet.py:190] - training...
[72353:MainThread](2026-07-19 12:51:29,648) INFO - qlib.TabNet - [pytorch_tabnet.py:192] - evaluating...
[72353:MainThread](2026-07-19 12:51:36,002) INFO - qlib.TabNet - [pytorch_tabnet.py:195] - train -1.005764, valid -1.012211
[72353:MainThread](2026-07-19 12:51:36,002) INFO - qlib.TabNet - [pytorch_tabnet.py:189] - epoch: 5
[72353:MainThread](2026-07-19 12:51:36,002) INFO - qlib.TabNet - [pytorch_tabnet.py:190] - training...
[72353:MainThread](2026-07-19 12:51:47,075) INFO - qlib.TabNet - [pytorch_tabnet.py:192] - evaluating...
[72353:MainThread](2026-07-19 12:51:53,392) INFO - qlib.TabNet - [pytorch_tabnet.py:195] - train -0.990823, valid -0.999051
[72353:MainThread](2026-07-19 12:51:53,393) INFO - qlib.TabNet - [pytorch_tabnet.py:189] - epoch: 6
[72353:MainThread](2026-07-19 12:51:53,393) INFO - qlib.TabNet - [pytorch_tabnet.py:190] - training...
[72353:MainThread](2026-07-19 12:52:04,486) INFO - qlib.TabNet - [pytorch_tabnet.py:192] - evaluating...
[72353:MainThread](2026-07-19 12:52:10,858) INFO - qlib.TabNet - [pytorch_tabnet.py:195] - train -1.023424, valid -1.029640
[72353:MainThread](2026-07-19 12:52:10,859) INFO - qlib.TabNet - [pytorch_tabnet.py:189] - epoch: 7
[72353:MainThread](2026-07-19 12:52:10,859) INFO - qlib.TabNet - [pytorch_tabnet.py:190] - training...
[72353:MainThread](2026-07-19 12:52:21,959) INFO - qlib.TabNet - [pytorch_tabnet.py:192] - evaluating...
[72353:MainThread](2026-07-19 12:52:28,342) INFO - qlib.TabNet - [pytorch_tabnet.py:195] - train -1.027794, valid -1.038275
[72353:MainThread](2026-07-19 12:52:28,342) INFO - qlib.TabNet - [pytorch_tabnet.py:189] - epoch: 8
[72353:MainThread](2026-07-19 12:52:28,342) INFO - qlib.TabNet - [pytorch_tabnet.py:190] - training...
[72353:MainThread](2026-07-19 12:52:39,436) INFO - qlib.TabNet - [pytorch_tabnet.py:192] - evaluating...
[72353:MainThread](2026-07-19 12:52:45,772) INFO - qlib.TabNet - [pytorch_tabnet.py:195] - train -0.995502, valid -1.003876
[72353:MainThread](2026-07-19 12:52:45,772) INFO - qlib.TabNet - [pytorch_tabnet.py:189] - epoch: 9
[72353:MainThread](2026-07-19 12:52:45,772) INFO - qlib.TabNet - [pytorch_tabnet.py:190] - training...
[72353:MainThread](2026-07-19 12:52:56,839) INFO - qlib.TabNet - [pytorch_tabnet.py:192] - evaluating...
[72353:MainThread](2026-07-19 12:53:03,218) INFO - qlib.TabNet - [pytorch_tabnet.py:195] - train -1.029157, valid -1.037149
[72353:MainThread](2026-07-19 12:53:03,218) INFO - qlib.TabNet - [pytorch_tabnet.py:189] - epoch: 10
[72353:MainThread](2026-07-19 12:53:03,218) INFO - qlib.TabNet - [pytorch_tabnet.py:190] - training...
[72353:MainThread](2026-07-19 12:53:14,298) INFO - qlib.TabNet - [pytorch_tabnet.py:192] - evaluating...
[72353:MainThread](2026-07-19 12:53:20,639) INFO - qlib.TabNet - [pytorch_tabnet.py:195] - train -1.003640, valid -1.008811
[72353:MainThread](2026-07-19 12:53:20,639) INFO - qlib.TabNet - [pytorch_tabnet.py:189] - epoch: 11
[72353:MainThread](2026-07-19 12:53:20,639) INFO - qlib.TabNet - [pytorch_tabnet.py:190] - training...
[72353:MainThread](2026-07-19 12:53:31,755) INFO - qlib.TabNet - [pytorch_tabnet.py:192] - evaluating...
[72353:MainThread](2026-07-19 12:53:38,083) INFO - qlib.TabNet - [pytorch_tabnet.py:195] - train -1.137491, valid -1.143146
[72353:MainThread](2026-07-19 12:53:38,083) INFO - qlib.TabNet - [pytorch_tabnet.py:189] - epoch: 12
[72353:MainThread](2026-07-19 12:53:38,084) INFO - qlib.TabNet - [pytorch_tabnet.py:190] - training...
[72353:MainThread](2026-07-19 12:53:49,143) INFO - qlib.TabNet - [pytorch_tabnet.py:192] - evaluating...
[72353:MainThread](2026-07-19 12:53:55,466) INFO - qlib.TabNet - [pytorch_tabnet.py:195] - train -1.031049, valid -1.042919
[72353:MainThread](2026-07-19 12:53:55,466) INFO - qlib.TabNet - [pytorch_tabnet.py:189] - epoch: 13
[72353:MainThread](2026-07-19 12:53:55,467) INFO - qlib.TabNet - [pytorch_tabnet.py:190] - training...
[72353:MainThread](2026-07-19 12:54:06,671) INFO - qlib.TabNet - [pytorch_tabnet.py:192] - evaluating...
[72353:MainThread](2026-07-19 12:54:13,019) INFO - qlib.TabNet - [pytorch_tabnet.py:195] - train -0.997192, valid -1.008919
[72353:MainThread](2026-07-19 12:54:13,019) INFO - qlib.TabNet - [pytorch_tabnet.py:189] - epoch: 14
[72353:MainThread](2026-07-19 12:54:13,020) INFO - qlib.TabNet - [pytorch_tabnet.py:190] - training...
[72353:MainThread](2026-07-19 12:54:24,140) INFO - qlib.TabNet - [pytorch_tabnet.py:192] - evaluating...
[72353:MainThread](2026-07-19 12:54:30,491) INFO - qlib.TabNet - [pytorch_tabnet.py:195] - train -1.006366, valid -1.014548
[72353:MainThread](2026-07-19 12:54:30,491) INFO - qlib.TabNet - [pytorch_tabnet.py:189] - epoch: 15
[72353:MainThread](2026-07-19 12:54:30,491) INFO - qlib.TabNet - [pytorch_tabnet.py:190] - training...
[72353:MainThread](2026-07-19 12:54:41,577) INFO - qlib.TabNet - [pytorch_tabnet.py:192] - evaluating...
[72353:MainThread](2026-07-19 12:54:47,944) INFO - qlib.TabNet - [pytorch_tabnet.py:195] - train -0.988614, valid -0.997811
[72353:MainThread](2026-07-19 12:54:47,944) INFO - qlib.TabNet - [pytorch_tabnet.py:189] - epoch: 16
[72353:MainThread](2026-07-19 12:54:47,945) INFO - qlib.TabNet - [pytorch_tabnet.py:190] - training...
[72353:MainThread](2026-07-19 12:54:59,026) INFO - qlib.TabNet - [pytorch_tabnet.py:192] - evaluating...
[72353:MainThread](2026-07-19 12:55:05,391) INFO - qlib.TabNet - [pytorch_tabnet.py:195] - train -1.161457, valid -1.167781
[72353:MainThread](2026-07-19 12:55:05,391) INFO - qlib.TabNet - [pytorch_tabnet.py:189] - epoch: 17
[72353:MainThread](2026-07-19 12:55:05,391) INFO - qlib.TabNet - [pytorch_tabnet.py:190] - training...
[72353:MainThread](2026-07-19 12:55:16,539) INFO - qlib.TabNet - [pytorch_tabnet.py:192] - evaluating...
[72353:MainThread](2026-07-19 12:55:22,879) INFO - qlib.TabNet - [pytorch_tabnet.py:195] - train -0.998318, valid -1.007465
[72353:MainThread](2026-07-19 12:55:22,879) INFO - qlib.TabNet - [pytorch_tabnet.py:189] - epoch: 18
[72353:MainThread](2026-07-19 12:55:22,879) INFO - qlib.TabNet - [pytorch_tabnet.py:190] - training...
[72353:MainThread](2026-07-19 12:55:33,975) INFO - qlib.TabNet - [pytorch_tabnet.py:192] - evaluating...
[72353:MainThread](2026-07-19 12:55:40,304) INFO - qlib.TabNet - [pytorch_tabnet.py:195] - train -0.991216, valid -1.000692
[72353:MainThread](2026-07-19 12:55:40,304) INFO - qlib.TabNet - [pytorch_tabnet.py:189] - epoch: 19
[72353:MainThread](2026-07-19 12:55:40,304) INFO - qlib.TabNet - [pytorch_tabnet.py:190] - training...
[72353:MainThread](2026-07-19 12:55:51,360) INFO - qlib.TabNet - [pytorch_tabnet.py:192] - evaluating...
[72353:MainThread](2026-07-19 12:55:57,701) INFO - qlib.TabNet - [pytorch_tabnet.py:195] - train -1.079133, valid -1.090854
[72353:MainThread](2026-07-19 12:55:57,701) INFO - qlib.TabNet - [pytorch_tabnet.py:189] - epoch: 20
[72353:MainThread](2026-07-19 12:55:57,701) INFO - qlib.TabNet - [pytorch_tabnet.py:190] - training...
[72353:MainThread](2026-07-19 12:56:08,790) INFO - qlib.TabNet - [pytorch_tabnet.py:192] - evaluating...
[72353:MainThread](2026-07-19 12:56:15,195) INFO - qlib.TabNet - [pytorch_tabnet.py:195] - train -0.988056, valid -0.997323
[72353:MainThread](2026-07-19 12:56:15,198) INFO - qlib.TabNet - [pytorch_tabnet.py:189] - epoch: 21
[72353:MainThread](2026-07-19 12:56:15,199) INFO - qlib.TabNet - [pytorch_tabnet.py:190] - training...
[72353:MainThread](2026-07-19 12:56:26,306) INFO - qlib.TabNet - [pytorch_tabnet.py:192] - evaluating...
[72353:MainThread](2026-07-19 12:56:32,610) INFO - qlib.TabNet - [pytorch_tabnet.py:195] - train -1.024636, valid -1.037909
[72353:MainThread](2026-07-19 12:56:32,611) INFO - qlib.TabNet - [pytorch_tabnet.py:189] - epoch: 22
[72353:MainThread](2026-07-19 12:56:32,611) INFO - qlib.TabNet - [pytorch_tabnet.py:190] - training...
[72353:MainThread](2026-07-19 12:56:43,680) INFO - qlib.TabNet - [pytorch_tabnet.py:192] - evaluating...
[72353:MainThread](2026-07-19 12:56:50,025) INFO - qlib.TabNet - [pytorch_tabnet.py:195] - train -0.987720, valid -0.996022
[72353:MainThread](2026-07-19 12:56:50,028) INFO - qlib.TabNet - [pytorch_tabnet.py:189] - epoch: 23
[72353:MainThread](2026-07-19 12:56:50,029) INFO - qlib.TabNet - [pytorch_tabnet.py:190] - training...
[72353:MainThread](2026-07-19 12:57:01,131) INFO - qlib.TabNet - [pytorch_tabnet.py:192] - evaluating...
[72353:MainThread](2026-07-19 12:57:07,464) INFO - qlib.TabNet - [pytorch_tabnet.py:195] - train -1.077029, valid -1.089741
[72353:MainThread](2026-07-19 12:57:07,465) INFO - qlib.TabNet - [pytorch_tabnet.py:189] - epoch: 24
[72353:MainThread](2026-07-19 12:57:07,465) INFO - qlib.TabNet - [pytorch_tabnet.py:190] - training...
[72353:MainThread](2026-07-19 12:57:18,546) INFO - qlib.TabNet - [pytorch_tabnet.py:192] - evaluating...
[72353:MainThread](2026-07-19 12:57:24,868) INFO - qlib.TabNet - [pytorch_tabnet.py:195] - train -1.009585, valid -1.021314
[72353:MainThread](2026-07-19 12:57:24,869) INFO - qlib.TabNet - [pytorch_tabnet.py:189] - epoch: 25
[72353:MainThread](2026-07-19 12:57:24,869) INFO - qlib.TabNet - [pytorch_tabnet.py:190] - training...
[72353:MainThread](2026-07-19 12:57:35,922) INFO - qlib.TabNet - [pytorch_tabnet.py:192] - evaluating...
[72353:MainThread](2026-07-19 12:57:42,384) INFO - qlib.TabNet - [pytorch_tabnet.py:195] - train -0.992716, valid -1.002076
[72353:MainThread](2026-07-19 12:57:42,384) INFO - qlib.TabNet - [pytorch_tabnet.py:189] - epoch: 26
[72353:MainThread](2026-07-19 12:57:42,384) INFO - qlib.TabNet - [pytorch_tabnet.py:190] - training...
[72353:MainThread](2026-07-19 12:57:53,443) INFO - qlib.TabNet - [pytorch_tabnet.py:192] - evaluating...
[72353:MainThread](2026-07-19 12:57:59,780) INFO - qlib.TabNet - [pytorch_tabnet.py:195] - train -1.004953, valid -1.012426
[72353:MainThread](2026-07-19 12:57:59,780) INFO - qlib.TabNet - [pytorch_tabnet.py:189] - epoch: 27
[72353:MainThread](2026-07-19 12:57:59,781) INFO - qlib.TabNet - [pytorch_tabnet.py:190] - training...
[72353:MainThread](2026-07-19 12:58:10,933) INFO - qlib.TabNet - [pytorch_tabnet.py:192] - evaluating...
[72353:MainThread](2026-07-19 12:58:17,329) INFO - qlib.TabNet - [pytorch_tabnet.py:195] - train -1.031804, valid -1.040200
[72353:MainThread](2026-07-19 12:58:17,329) INFO - qlib.TabNet - [pytorch_tabnet.py:189] - epoch: 28
[72353:MainThread](2026-07-19 12:58:17,329) INFO - qlib.TabNet - [pytorch_tabnet.py:190] - training...
[72353:MainThread](2026-07-19 12:58:28,402) INFO - qlib.TabNet - [pytorch_tabnet.py:192] - evaluating...
[72353:MainThread](2026-07-19 12:58:34,743) INFO - qlib.TabNet - [pytorch_tabnet.py:195] - train -0.987470, valid -0.997841
[72353:MainThread](2026-07-19 12:58:34,743) INFO - qlib.TabNet - [pytorch_tabnet.py:189] - epoch: 29
[72353:MainThread](2026-07-19 12:58:34,744) INFO - qlib.TabNet - [pytorch_tabnet.py:190] - training...
[72353:MainThread](2026-07-19 12:58:45,846) INFO - qlib.TabNet - [pytorch_tabnet.py:192] - evaluating...
[72353:MainThread](2026-07-19 12:58:52,212) INFO - qlib.TabNet - [pytorch_tabnet.py:195] - train -0.991417, valid -1.003140
[72353:MainThread](2026-07-19 12:58:52,212) INFO - qlib.TabNet - [pytorch_tabnet.py:189] - epoch: 30
[72353:MainThread](2026-07-19 12:58:52,213) INFO - qlib.TabNet - [pytorch_tabnet.py:190] - training...
[72353:MainThread](2026-07-19 12:59:03,337) INFO - qlib.TabNet - [pytorch_tabnet.py:192] - evaluating...
[72353:MainThread](2026-07-19 12:59:09,687) INFO - qlib.TabNet - [pytorch_tabnet.py:195] - train -0.986917, valid -0.999191
[72353:MainThread](2026-07-19 12:59:09,687) INFO - qlib.TabNet - [pytorch_tabnet.py:189] - epoch: 31
[72353:MainThread](2026-07-19 12:59:09,688) INFO - qlib.TabNet - [pytorch_tabnet.py:190] - training...
[72353:MainThread](2026-07-19 12:59:20,793) INFO - qlib.TabNet - [pytorch_tabnet.py:192] - evaluating...
[72353:MainThread](2026-07-19 12:59:27,135) INFO - qlib.TabNet - [pytorch_tabnet.py:195] - train -1.008987, valid -1.014494
[72353:MainThread](2026-07-19 12:59:27,136) INFO - qlib.TabNet - [pytorch_tabnet.py:189] - epoch: 32
[72353:MainThread](2026-07-19 12:59:27,136) INFO - qlib.TabNet - [pytorch_tabnet.py:190] - training...
[72353:MainThread](2026-07-19 12:59:38,188) INFO - qlib.TabNet - [pytorch_tabnet.py:192] - evaluating...
[72353:MainThread](2026-07-19 12:59:44,614) INFO - qlib.TabNet - [pytorch_tabnet.py:195] - train -0.991319, valid -0.997687
[72353:MainThread](2026-07-19 12:59:44,614) INFO - qlib.TabNet - [pytorch_tabnet.py:189] - epoch: 33
[72353:MainThread](2026-07-19 12:59:44,614) INFO - qlib.TabNet - [pytorch_tabnet.py:190] - training...
[72353:MainThread](2026-07-19 12:59:55,650) INFO - qlib.TabNet - [pytorch_tabnet.py:192] - evaluating...
[72353:MainThread](2026-07-19 13:00:01,993) INFO - qlib.TabNet - [pytorch_tabnet.py:195] - train -0.987745, valid -0.999763
[72353:MainThread](2026-07-19 13:00:01,993) INFO - qlib.TabNet - [pytorch_tabnet.py:189] - epoch: 34
[72353:MainThread](2026-07-19 13:00:01,994) INFO - qlib.TabNet - [pytorch_tabnet.py:190] - training...
[72353:MainThread](2026-07-19 13:00:13,082) INFO - qlib.TabNet - [pytorch_tabnet.py:192] - evaluating...
[72353:MainThread](2026-07-19 13:00:19,384) INFO - qlib.TabNet - [pytorch_tabnet.py:195] - train -0.994004, valid -1.004551
[72353:MainThread](2026-07-19 13:00:19,384) INFO - qlib.TabNet - [pytorch_tabnet.py:189] - epoch: 35
[72353:MainThread](2026-07-19 13:00:19,384) INFO - qlib.TabNet - [pytorch_tabnet.py:190] - training...
[72353:MainThread](2026-07-19 13:00:30,411) INFO - qlib.TabNet - [pytorch_tabnet.py:192] - evaluating...
[72353:MainThread](2026-07-19 13:00:36,693) INFO - qlib.TabNet - [pytorch_tabnet.py:195] - train -0.986193, valid -1.000842
[72353:MainThread](2026-07-19 13:00:36,693) INFO - qlib.TabNet - [pytorch_tabnet.py:189] - epoch: 36
[72353:MainThread](2026-07-19 13:00:36,693) INFO - qlib.TabNet - [pytorch_tabnet.py:190] - training...
[72353:MainThread](2026-07-19 13:00:47,879) INFO - qlib.TabNet - [pytorch_tabnet.py:192] - evaluating...
[72353:MainThread](2026-07-19 13:00:54,189) INFO - qlib.TabNet - [pytorch_tabnet.py:195] - train -1.013308, valid -1.025103
[72353:MainThread](2026-07-19 13:00:54,190) INFO - qlib.TabNet - [pytorch_tabnet.py:189] - epoch: 37
[72353:MainThread](2026-07-19 13:00:54,190) INFO - qlib.TabNet - [pytorch_tabnet.py:190] - training...
[72353:MainThread](2026-07-19 13:01:05,306) INFO - qlib.TabNet - [pytorch_tabnet.py:192] - evaluating...
[72353:MainThread](2026-07-19 13:01:11,658) INFO - qlib.TabNet - [pytorch_tabnet.py:195] - train -0.992964, valid -1.005202
[72353:MainThread](2026-07-19 13:01:11,658) INFO - qlib.TabNet - [pytorch_tabnet.py:189] - epoch: 38
[72353:MainThread](2026-07-19 13:01:11,658) INFO - qlib.TabNet - [pytorch_tabnet.py:190] - training...
[72353:MainThread](2026-07-19 13:01:22,723) INFO - qlib.TabNet - [pytorch_tabnet.py:192] - evaluating...
[72353:MainThread](2026-07-19 13:01:29,033) INFO - qlib.TabNet - [pytorch_tabnet.py:195] - train -1.017331, valid -1.032544
[72353:MainThread](2026-07-19 13:01:29,033) INFO - qlib.TabNet - [pytorch_tabnet.py:189] - epoch: 39
[72353:MainThread](2026-07-19 13:01:29,033) INFO - qlib.TabNet - [pytorch_tabnet.py:190] - training...
[72353:MainThread](2026-07-19 13:01:40,066) INFO - qlib.TabNet - [pytorch_tabnet.py:192] - evaluating...
[72353:MainThread](2026-07-19 13:01:46,335) INFO - qlib.TabNet - [pytorch_tabnet.py:195] - train -1.040893, valid -1.053131
[72353:MainThread](2026-07-19 13:01:46,335) INFO - qlib.TabNet - [pytorch_tabnet.py:189] - epoch: 40
[72353:MainThread](2026-07-19 13:01:46,335) INFO - qlib.TabNet - [pytorch_tabnet.py:190] - training...
[72353:MainThread](2026-07-19 13:01:57,345) INFO - qlib.TabNet - [pytorch_tabnet.py:192] - evaluating...
[72353:MainThread](2026-07-19 13:02:03,703) INFO - qlib.TabNet - [pytorch_tabnet.py:195] - train -0.992416, valid -1.004405
[72353:MainThread](2026-07-19 13:02:03,703) INFO - qlib.TabNet - [pytorch_tabnet.py:189] - epoch: 41
[72353:MainThread](2026-07-19 13:02:03,704) INFO - qlib.TabNet - [pytorch_tabnet.py:190] - training...
[72353:MainThread](2026-07-19 13:02:14,939) INFO - qlib.TabNet - [pytorch_tabnet.py:192] - evaluating...
[72353:MainThread](2026-07-19 13:02:21,232) INFO - qlib.TabNet - [pytorch_tabnet.py:195] - train -0.986249, valid -1.001072
[72353:MainThread](2026-07-19 13:02:21,232) INFO - qlib.TabNet - [pytorch_tabnet.py:189] - epoch: 42
[72353:MainThread](2026-07-19 13:02:21,232) INFO - qlib.TabNet - [pytorch_tabnet.py:190] - training...
[72353:MainThread](2026-07-19 13:02:32,254) INFO - qlib.TabNet - [pytorch_tabnet.py:192] - evaluating...
[72353:MainThread](2026-07-19 13:02:38,490) INFO - qlib.TabNet - [pytorch_tabnet.py:195] - train -1.001291, valid -1.016824
[72353:MainThread](2026-07-19 13:02:38,491) INFO - qlib.TabNet - [pytorch_tabnet.py:207] - early stop
[72353:MainThread](2026-07-19 13:02:38,491) INFO - qlib.TabNet - [pytorch_tabnet.py:210] - best score: -0.996022 @ 22
[72353:MainThread](2026-07-19 13:02:38,568) INFO - qlib.fill_placeholder - [__init__.py:798] - <PRED> lookes like a placeholder, but it can't match to any given values
Gym has been unmaintained since 2022 and does not support NumPy 2.0 amongst other critical functionality.
Please upgrade to Gymnasium, the maintained drop-in replacement of Gym, or contact the authors of your software and request that they upgrade.
Users of this version of Gym should be able to simply replace 'import gym' with 'import gymnasium as gym' in the vast majority of cases.
See the migration guide at https://gymnasium.farama.org/introduction/migration_guide/ for additional information.
[72353:MainThread](2026-07-19 13:02:41,834) INFO - qlib.workflow - [record_temp.py:197] - Signal record 'pred.pkl' has been saved as the artifact of the Experiment 560305581459824404
[72353:MainThread](2026-07-19 13:02:42,131) INFO - qlib.backtest caller - [__init__.py:93] - Create new exchange
[72353:MainThread](2026-07-19 13:02:50,537) WARNING - qlib.online operator - [exchange.py:219] - $close field data contains nan.
[72353:MainThread](2026-07-19 13:02:50,537) WARNING - qlib.online operator - [exchange.py:219] - $close field data contains nan.
[72353:MainThread](2026-07-19 13:02:50,539) WARNING - qlib.online operator - [exchange.py:226] - factor.day.bin file not exists or factor contains `nan`. Order using adjusted_price.
[72353:MainThread](2026-07-19 13:02:50,539) WARNING - qlib.online operator - [exchange.py:228] - trade unit 100 is not supported in adjusted_price mode.
[72353:MainThread](2026-07-19 13:02:58,465) WARNING - qlib.data - [data.py:665] - load calendar error: freq=day, future=True; return current calendar!
[72353:MainThread](2026-07-19 13:02:58,465) WARNING - qlib.data - [data.py:668] - You can get future calendar by referring to the following document: https://github.com/microsoft/qlib/blob/main/scripts/data_collector/contrib/README.md
[72353:MainThread](2026-07-19 13:02:58,471) WARNING - qlib.BaseExecutor - [executor.py:121] - `common_infra` is not set for <qlib.backtest.executor.SimulatorExecutor object at 0x125235040>

backtest loop:   0%|          | 0/871 [00:00<?, ?it/s]/Users/xuxin/Documents/dev/qlib/qlib/utils/index_data.py:492: RuntimeWarning: Mean of empty slice
  return np.nanmean(self.data)

backtest loop:   3%|▎         | 22/871 [00:00<00:03, 218.04it/s]
backtest loop:   5%|▌         | 47/871 [00:00<00:03, 232.71it/s]
backtest loop:   8%|▊         | 71/871 [00:00<00:03, 235.58it/s]
backtest loop:  11%|█         | 95/871 [00:00<00:03, 237.01it/s]
backtest loop:  14%|█▎        | 119/871 [00:00<00:03, 234.31it/s]
backtest loop:  17%|█▋        | 144/871 [00:00<00:03, 238.54it/s]
backtest loop:  19%|█▉        | 169/871 [00:00<00:02, 240.33it/s]
backtest loop:  22%|██▏       | 194/871 [00:00<00:02, 241.28it/s]
backtest loop:  25%|██▌       | 219/871 [00:00<00:02, 240.36it/s]
backtest loop:  28%|██▊       | 244/871 [00:01<00:02, 241.31it/s]
backtest loop:  31%|███       | 269/871 [00:01<00:02, 238.61it/s]
backtest loop:  34%|███▎      | 293/871 [00:01<00:02, 234.74it/s]
backtest loop:  37%|███▋      | 318/871 [00:01<00:02, 237.38it/s]
backtest loop:  39%|███▉      | 343/871 [00:01<00:02, 239.77it/s]
backtest loop:  42%|████▏     | 368/871 [00:01<00:02, 239.48it/s]
backtest loop:  45%|████▌     | 393/871 [00:01<00:01, 240.53it/s]
backtest loop:  48%|████▊     | 418/871 [00:01<00:01, 240.88it/s]
backtest loop:  51%|█████     | 443/871 [00:01<00:01, 241.24it/s]
backtest loop:  54%|█████▎    | 468/871 [00:01<00:01, 240.91it/s]
backtest loop:  57%|█████▋    | 493/871 [00:02<00:01, 240.76it/s]
backtest loop:  59%|█████▉    | 518/871 [00:02<00:01, 240.95it/s]
backtest loop:  62%|██████▏   | 543/871 [00:02<00:01, 241.47it/s]/Users/xuxin/Documents/dev/qlib/qlib/utils/index_data.py:492: RuntimeWarning: Mean of empty slice
  return np.nanmean(self.data)
/Users/xuxin/Documents/dev/qlib/qlib/utils/index_data.py:492: RuntimeWarning: Mean of empty slice
  return np.nanmean(self.data)

backtest loop:  65%|██████▌   | 568/871 [00:02<00:01, 241.17it/s]
backtest loop:  68%|██████▊   | 593/871 [00:02<00:01, 241.57it/s]
backtest loop:  71%|███████   | 618/871 [00:02<00:01, 241.54it/s]
backtest loop:  74%|███████▍  | 643/871 [00:02<00:00, 241.06it/s]
backtest loop:  77%|███████▋  | 668/871 [00:02<00:00, 240.61it/s]
backtest loop:  80%|███████▉  | 693/871 [00:02<00:00, 235.89it/s]
backtest loop:  82%|████████▏ | 717/871 [00:03<00:00, 236.45it/s]
backtest loop:  85%|████████▌ | 741/871 [00:03<00:00, 232.97it/s]
backtest loop:  88%|████████▊ | 766/871 [00:03<00:00, 236.20it/s]
backtest loop:  91%|█████████ | 790/871 [00:03<00:00, 237.20it/s]
backtest loop:  93%|█████████▎| 814/871 [00:03<00:00, 233.85it/s]
backtest loop:  96%|█████████▌| 838/871 [00:03<00:00, 235.39it/s]
backtest loop:  99%|█████████▉| 863/871 [00:03<00:00, 237.77it/s]
backtest loop: 100%|██████████| 871/871 [00:03<00:00, 238.35it/s]
[72353:MainThread](2026-07-19 13:03:02,150) INFO - qlib.workflow - [record_temp.py:520] - Portfolio analysis record 'port_analysis_1day.pkl' has been saved as the artifact of the Experiment 560305581459824404
[72353:MainThread](2026-07-19 13:03:02,153) INFO - qlib.workflow - [record_temp.py:545] - Indicator analysis record 'indicator_analysis_1day.pkl' has been saved as the artifact of the Experiment 560305581459824404
[72353:MainThread](2026-07-19 13:03:02,577) INFO - qlib.timer - [log.py:127] - Time cost: 0.002s | waiting `async_log` Done
