'The following are prediction results of the GeneralPTNN model.'
                          score
datetime   instrument          
2017-01-03 SH600000   -0.032427
           SH600008   -0.000688
           SH600009    0.037465
           SH600010    0.008026
           SH600015   -0.040852
{'IC': np.float64(0.03617632716814793),
 'ICIR': np.float64(0.2661516269823328),
 'Rank IC': np.float64(0.0426796963312283),
 'Rank ICIR': np.float64(0.30584767497220444)}
'The following are analysis results of benchmark return(1day).'
                       risk
mean               0.000477
std                0.012295
annualized_return  0.113561
information_ratio  0.598699
max_drawdown      -0.370479
'The following are analysis results of the excess return without cost(1day).'
                       risk
mean               0.000449
std                0.005176
annualized_return  0.106883
information_ratio  1.338505
max_drawdown      -0.097906
'The following are analysis results of the excess return with cost(1day).'
                       risk
mean               0.000258
std                0.005176
annualized_return  0.061337
information_ratio  0.768116
max_drawdown      -0.118493
'The following are analysis results of indicators(1day).'
     value
ffr    1.0
pa     0.0
pos    0.0

[33093:MainThread](2026-07-20 23:48:27,251) INFO - qlib.qrun - [run.py:78] - Render the template with the context: {}
[33093:MainThread](2026-07-20 23:48:27,258) INFO - qlib.Initialization - [config.py:453] - default_conf: client.
[33093:MainThread](2026-07-20 23:48:27,259) INFO - qlib.Initialization - [__init__.py:82] - qlib successfully initialized based on client settings.
[33093:MainThread](2026-07-20 23:48:27,260) INFO - qlib.Initialization - [__init__.py:84] - data_path={'__DEFAULT_FREQ': PosixPath('/Users/xuxin/.qlib/qlib_data/cn_data')}
[33093:MainThread](2026-07-20 23:48:27,271) WARNING - qlib.workflow - [expm.py:230] - No valid experiment found. Create a new experiment with name trav_deep_GeneralPtNN_mlp_3.
[33093:MainThread](2026-07-20 23:48:27,276) INFO - qlib.workflow - [exp.py:258] - Experiment 180533250787700413 starts running ...
[33093:MainThread](2026-07-20 23:48:28,007) INFO - qlib.workflow - [recorder.py:345] - Recorder 3e7ffd9a071a439f83736fc53f90f9e0 starts running under Experiment 180533250787700413 ...
[33093:MainThread](2026-07-20 23:48:30,681) INFO - qlib.GeneralPTNN - [pytorch_general_nn.py:75] - GeneralPTNN pytorch version...
[33093:MainThread](2026-07-20 23:48:30,684) INFO - qlib.GeneralPTNN - [pytorch_general_nn.py:93] - GeneralPTNN parameters setting:
n_epochs : 200
lr : 0.002
metric : 
batch_size : 8192
early_stop : 20
optimizer : adam
loss_type : mse
device : cpu
n_jobs : 0
use_GPU : False
weight_decay : 0.0002
seed : None
pt_model_uri: qlib.contrib.model.pytorch_nn.Net
pt_model_kwargs: {'input_dim': 157}
[33093:MainThread](2026-07-20 23:48:30,684) INFO - qlib.GeneralPTNN - [pytorch_general_nn.py:130] - model:
Net(
  (dnn_layers): ModuleList(
    (0): Dropout(p=0.05, inplace=False)
    (1): Sequential(
      (0): Linear(in_features=157, out_features=256, bias=True)
      (1): BatchNorm1d(256, eps=1e-05, momentum=0.1, affine=True, bias=True, track_running_stats=True)
      (2): LeakyReLU(negative_slope=0.1)
    )
    (2): Dropout(p=0.05, inplace=False)
    (3): Linear(in_features=256, out_features=1, bias=True)
  )
)
[33093:MainThread](2026-07-20 23:48:30,684) INFO - qlib.GeneralPTNN - [pytorch_general_nn.py:131] - model size: 0.0393 MB
[33093:MainThread](2026-07-20 23:48:51,762) INFO - qlib.timer - [log.py:127] - Time cost: 19.571s | Loading data Done
[33093:MainThread](2026-07-20 23:48:51,974) INFO - qlib.timer - [log.py:127] - Time cost: 0.057s | DropCol Done
/Users/xuxin/Documents/dev/qlib/qlib/data/dataset/processor.py:370: SettingWithCopyWarning: 
A value is trying to be set on a copy of a slice from a DataFrame.
Try using .loc[row_indexer,col_indexer] = value instead

See the caveats in the documentation: https://pandas.pydata.org/pandas-docs/stable/user_guide/indexing.html#returning-a-view-versus-a-copy
  df[cols] = df[cols].groupby("datetime", group_keys=False).apply(lambda x: x.fillna(x.mean()))
[33093:MainThread](2026-07-20 23:49:35,213) INFO - qlib.timer - [log.py:127] - Time cost: 43.238s | CSZFillna Done
[33093:MainThread](2026-07-20 23:49:36,119) INFO - qlib.timer - [log.py:127] - Time cost: 0.099s | DropCol Done
[33093:MainThread](2026-07-20 23:49:36,658) INFO - qlib.timer - [log.py:127] - Time cost: 0.539s | DropnaProcessor Done
[33093:MainThread](2026-07-20 23:49:36,811) INFO - qlib.timer - [log.py:127] - Time cost: 0.152s | DropnaLabel Done
[33093:MainThread](2026-07-20 23:49:37,591) INFO - qlib.timer - [log.py:127] - Time cost: 0.780s | CSZScoreNorm Done
[33093:MainThread](2026-07-20 23:49:37,598) INFO - qlib.timer - [log.py:127] - Time cost: 45.836s | fit & process data Done
[33093:MainThread](2026-07-20 23:49:37,598) INFO - qlib.timer - [log.py:127] - Time cost: 65.407s | Init data Done
[33093:MainThread](2026-07-20 23:49:37,744) INFO - qlib.GeneralPTNN - [pytorch_general_nn.py:246] - Train samples: 437944
[33093:MainThread](2026-07-20 23:49:37,744) INFO - qlib.GeneralPTNN - [pytorch_general_nn.py:247] - Valid samples: 115241
[33093:MainThread](2026-07-20 23:49:37,776) INFO - qlib.GeneralPTNN - [pytorch_general_nn.py:295] - training...
[33093:MainThread](2026-07-20 23:49:37,776) INFO - qlib.GeneralPTNN - [pytorch_general_nn.py:299] - Epoch0:
[33093:MainThread](2026-07-20 23:49:37,777) INFO - qlib.GeneralPTNN - [pytorch_general_nn.py:300] - training...
[33093:MainThread](2026-07-20 23:49:43,239) INFO - qlib.GeneralPTNN - [pytorch_general_nn.py:302] - evaluating...
[33093:MainThread](2026-07-20 23:49:46,688) INFO - qlib.GeneralPTNN - [pytorch_general_nn.py:305] - Epoch0: train 1.078199, valid 1.000041
[33093:MainThread](2026-07-20 23:49:46,689) INFO - qlib.GeneralPTNN - [pytorch_general_nn.py:299] - Epoch1:
[33093:MainThread](2026-07-20 23:49:46,689) INFO - qlib.GeneralPTNN - [pytorch_general_nn.py:300] - training...
[33093:MainThread](2026-07-20 23:49:52,159) INFO - qlib.GeneralPTNN - [pytorch_general_nn.py:302] - evaluating...
[33093:MainThread](2026-07-20 23:49:55,793) INFO - qlib.GeneralPTNN - [pytorch_general_nn.py:305] - Epoch1: train 1.015119, valid 1.002565
[33093:MainThread](2026-07-20 23:49:55,793) INFO - qlib.GeneralPTNN - [pytorch_general_nn.py:299] - Epoch2:
[33093:MainThread](2026-07-20 23:49:55,793) INFO - qlib.GeneralPTNN - [pytorch_general_nn.py:300] - training...
[33093:MainThread](2026-07-20 23:50:01,654) INFO - qlib.GeneralPTNN - [pytorch_general_nn.py:302] - evaluating...
[33093:MainThread](2026-07-20 23:50:05,338) INFO - qlib.GeneralPTNN - [pytorch_general_nn.py:305] - Epoch2: train 1.000801, valid 0.995923
[33093:MainThread](2026-07-20 23:50:05,339) INFO - qlib.GeneralPTNN - [pytorch_general_nn.py:299] - Epoch3:
[33093:MainThread](2026-07-20 23:50:05,339) INFO - qlib.GeneralPTNN - [pytorch_general_nn.py:300] - training...
[33093:MainThread](2026-07-20 23:50:10,797) INFO - qlib.GeneralPTNN - [pytorch_general_nn.py:302] - evaluating...
[33093:MainThread](2026-07-20 23:50:14,399) INFO - qlib.GeneralPTNN - [pytorch_general_nn.py:305] - Epoch3: train 1.015413, valid 0.996302
[33093:MainThread](2026-07-20 23:50:14,399) INFO - qlib.GeneralPTNN - [pytorch_general_nn.py:299] - Epoch4:
[33093:MainThread](2026-07-20 23:50:14,400) INFO - qlib.GeneralPTNN - [pytorch_general_nn.py:300] - training...
[33093:MainThread](2026-07-20 23:50:20,040) INFO - qlib.GeneralPTNN - [pytorch_general_nn.py:302] - evaluating...
[33093:MainThread](2026-07-20 23:50:23,727) INFO - qlib.GeneralPTNN - [pytorch_general_nn.py:305] - Epoch4: train 1.005260, valid 0.995785
[33093:MainThread](2026-07-20 23:50:23,728) INFO - qlib.GeneralPTNN - [pytorch_general_nn.py:299] - Epoch5:
[33093:MainThread](2026-07-20 23:50:23,728) INFO - qlib.GeneralPTNN - [pytorch_general_nn.py:300] - training...
[33093:MainThread](2026-07-20 23:50:29,454) INFO - qlib.GeneralPTNN - [pytorch_general_nn.py:302] - evaluating...
[33093:MainThread](2026-07-20 23:50:33,148) INFO - qlib.GeneralPTNN - [pytorch_general_nn.py:305] - Epoch5: train 1.000954, valid 0.995214
[33093:MainThread](2026-07-20 23:50:33,148) INFO - qlib.GeneralPTNN - [pytorch_general_nn.py:299] - Epoch6:
[33093:MainThread](2026-07-20 23:50:33,149) INFO - qlib.GeneralPTNN - [pytorch_general_nn.py:300] - training...
[33093:MainThread](2026-07-20 23:50:38,736) INFO - qlib.GeneralPTNN - [pytorch_general_nn.py:302] - evaluating...
[33093:MainThread](2026-07-20 23:50:42,564) INFO - qlib.GeneralPTNN - [pytorch_general_nn.py:305] - Epoch6: train 1.000965, valid 0.998074
[33093:MainThread](2026-07-20 23:50:42,564) INFO - qlib.GeneralPTNN - [pytorch_general_nn.py:299] - Epoch7:
[33093:MainThread](2026-07-20 23:50:42,564) INFO - qlib.GeneralPTNN - [pytorch_general_nn.py:300] - training...
[33093:MainThread](2026-07-20 23:50:48,484) INFO - qlib.GeneralPTNN - [pytorch_general_nn.py:302] - evaluating...
[33093:MainThread](2026-07-20 23:50:52,154) INFO - qlib.GeneralPTNN - [pytorch_general_nn.py:305] - Epoch7: train 1.019101, valid 0.997209
[33093:MainThread](2026-07-20 23:50:52,154) INFO - qlib.GeneralPTNN - [pytorch_general_nn.py:299] - Epoch8:
[33093:MainThread](2026-07-20 23:50:52,154) INFO - qlib.GeneralPTNN - [pytorch_general_nn.py:300] - training...
[33093:MainThread](2026-07-20 23:50:57,799) INFO - qlib.GeneralPTNN - [pytorch_general_nn.py:302] - evaluating...
[33093:MainThread](2026-07-20 23:51:01,523) INFO - qlib.GeneralPTNN - [pytorch_general_nn.py:305] - Epoch8: train 1.000351, valid 0.994632
[33093:MainThread](2026-07-20 23:51:01,524) INFO - qlib.GeneralPTNN - [pytorch_general_nn.py:299] - Epoch9:
[33093:MainThread](2026-07-20 23:51:01,524) INFO - qlib.GeneralPTNN - [pytorch_general_nn.py:300] - training...
[33093:MainThread](2026-07-20 23:51:07,199) INFO - qlib.GeneralPTNN - [pytorch_general_nn.py:302] - evaluating...
[33093:MainThread](2026-07-20 23:51:10,774) INFO - qlib.GeneralPTNN - [pytorch_general_nn.py:305] - Epoch9: train 1.058245, valid 0.995003
[33093:MainThread](2026-07-20 23:51:10,774) INFO - qlib.GeneralPTNN - [pytorch_general_nn.py:299] - Epoch10:
[33093:MainThread](2026-07-20 23:51:10,774) INFO - qlib.GeneralPTNN - [pytorch_general_nn.py:300] - training...
[33093:MainThread](2026-07-20 23:51:16,180) INFO - qlib.GeneralPTNN - [pytorch_general_nn.py:302] - evaluating...
[33093:MainThread](2026-07-20 23:51:19,796) INFO - qlib.GeneralPTNN - [pytorch_general_nn.py:305] - Epoch10: train 0.999530, valid 0.994694
[33093:MainThread](2026-07-20 23:51:19,796) INFO - qlib.GeneralPTNN - [pytorch_general_nn.py:299] - Epoch11:
[33093:MainThread](2026-07-20 23:51:19,797) INFO - qlib.GeneralPTNN - [pytorch_general_nn.py:300] - training...
[33093:MainThread](2026-07-20 23:51:25,349) INFO - qlib.GeneralPTNN - [pytorch_general_nn.py:302] - evaluating...
[33093:MainThread](2026-07-20 23:51:28,986) INFO - qlib.GeneralPTNN - [pytorch_general_nn.py:305] - Epoch11: train 0.998359, valid 0.994700
[33093:MainThread](2026-07-20 23:51:28,987) INFO - qlib.GeneralPTNN - [pytorch_general_nn.py:299] - Epoch12:
[33093:MainThread](2026-07-20 23:51:28,987) INFO - qlib.GeneralPTNN - [pytorch_general_nn.py:300] - training...
[33093:MainThread](2026-07-20 23:51:34,967) INFO - qlib.GeneralPTNN - [pytorch_general_nn.py:302] - evaluating...
[33093:MainThread](2026-07-20 23:51:38,608) INFO - qlib.GeneralPTNN - [pytorch_general_nn.py:305] - Epoch12: train 1.017545, valid 0.994361
[33093:MainThread](2026-07-20 23:51:38,609) INFO - qlib.GeneralPTNN - [pytorch_general_nn.py:299] - Epoch13:
[33093:MainThread](2026-07-20 23:51:38,609) INFO - qlib.GeneralPTNN - [pytorch_general_nn.py:300] - training...
[33093:MainThread](2026-07-20 23:51:44,147) INFO - qlib.GeneralPTNN - [pytorch_general_nn.py:302] - evaluating...
[33093:MainThread](2026-07-20 23:51:47,723) INFO - qlib.GeneralPTNN - [pytorch_general_nn.py:305] - Epoch13: train 1.038722, valid 0.995334
[33093:MainThread](2026-07-20 23:51:47,723) INFO - qlib.GeneralPTNN - [pytorch_general_nn.py:299] - Epoch14:
[33093:MainThread](2026-07-20 23:51:47,723) INFO - qlib.GeneralPTNN - [pytorch_general_nn.py:300] - training...
[33093:MainThread](2026-07-20 23:51:53,257) INFO - qlib.GeneralPTNN - [pytorch_general_nn.py:302] - evaluating...
[33093:MainThread](2026-07-20 23:51:56,830) INFO - qlib.GeneralPTNN - [pytorch_general_nn.py:305] - Epoch14: train 1.004590, valid 0.994550
[33093:MainThread](2026-07-20 23:51:56,831) INFO - qlib.GeneralPTNN - [pytorch_general_nn.py:299] - Epoch15:
[33093:MainThread](2026-07-20 23:51:56,831) INFO - qlib.GeneralPTNN - [pytorch_general_nn.py:300] - training...
[33093:MainThread](2026-07-20 23:52:02,332) INFO - qlib.GeneralPTNN - [pytorch_general_nn.py:302] - evaluating...
[33093:MainThread](2026-07-20 23:52:05,923) INFO - qlib.GeneralPTNN - [pytorch_general_nn.py:305] - Epoch15: train 0.993496, valid 0.994404
[33093:MainThread](2026-07-20 23:52:05,923) INFO - qlib.GeneralPTNN - [pytorch_general_nn.py:299] - Epoch16:
[33093:MainThread](2026-07-20 23:52:05,924) INFO - qlib.GeneralPTNN - [pytorch_general_nn.py:300] - training...
[33093:MainThread](2026-07-20 23:52:11,500) INFO - qlib.GeneralPTNN - [pytorch_general_nn.py:302] - evaluating...
[33093:MainThread](2026-07-20 23:52:15,089) INFO - qlib.GeneralPTNN - [pytorch_general_nn.py:305] - Epoch16: train 0.996057, valid 0.995146
[33093:MainThread](2026-07-20 23:52:15,089) INFO - qlib.GeneralPTNN - [pytorch_general_nn.py:299] - Epoch17:
[33093:MainThread](2026-07-20 23:52:15,089) INFO - qlib.GeneralPTNN - [pytorch_general_nn.py:300] - training...
[33093:MainThread](2026-07-20 23:52:20,538) INFO - qlib.GeneralPTNN - [pytorch_general_nn.py:302] - evaluating...
[33093:MainThread](2026-07-20 23:52:24,219) INFO - qlib.GeneralPTNN - [pytorch_general_nn.py:305] - Epoch17: train 1.009782, valid 0.994293
[33093:MainThread](2026-07-20 23:52:24,219) INFO - qlib.GeneralPTNN - [pytorch_general_nn.py:299] - Epoch18:
[33093:MainThread](2026-07-20 23:52:24,220) INFO - qlib.GeneralPTNN - [pytorch_general_nn.py:300] - training...
[33093:MainThread](2026-07-20 23:52:29,889) INFO - qlib.GeneralPTNN - [pytorch_general_nn.py:302] - evaluating...
[33093:MainThread](2026-07-20 23:52:33,559) INFO - qlib.GeneralPTNN - [pytorch_general_nn.py:305] - Epoch18: train 1.017749, valid 0.994122
[33093:MainThread](2026-07-20 23:52:33,560) INFO - qlib.GeneralPTNN - [pytorch_general_nn.py:299] - Epoch19:
[33093:MainThread](2026-07-20 23:52:33,560) INFO - qlib.GeneralPTNN - [pytorch_general_nn.py:300] - training...
[33093:MainThread](2026-07-20 23:52:39,175) INFO - qlib.GeneralPTNN - [pytorch_general_nn.py:302] - evaluating...
[33093:MainThread](2026-07-20 23:52:42,747) INFO - qlib.GeneralPTNN - [pytorch_general_nn.py:305] - Epoch19: train 1.009255, valid 0.994586
[33093:MainThread](2026-07-20 23:52:42,747) INFO - qlib.GeneralPTNN - [pytorch_general_nn.py:299] - Epoch20:
[33093:MainThread](2026-07-20 23:52:42,747) INFO - qlib.GeneralPTNN - [pytorch_general_nn.py:300] - training...
[33093:MainThread](2026-07-20 23:52:48,402) INFO - qlib.GeneralPTNN - [pytorch_general_nn.py:302] - evaluating...
[33093:MainThread](2026-07-20 23:52:51,957) INFO - qlib.GeneralPTNN - [pytorch_general_nn.py:305] - Epoch20: train 0.994437, valid 0.994604
[33093:MainThread](2026-07-20 23:52:51,958) INFO - qlib.GeneralPTNN - [pytorch_general_nn.py:299] - Epoch21:
[33093:MainThread](2026-07-20 23:52:51,958) INFO - qlib.GeneralPTNN - [pytorch_general_nn.py:300] - training...
[33093:MainThread](2026-07-20 23:52:57,358) INFO - qlib.GeneralPTNN - [pytorch_general_nn.py:302] - evaluating...
[33093:MainThread](2026-07-20 23:53:00,917) INFO - qlib.GeneralPTNN - [pytorch_general_nn.py:305] - Epoch21: train 1.028070, valid 0.994199
[33093:MainThread](2026-07-20 23:53:00,917) INFO - qlib.GeneralPTNN - [pytorch_general_nn.py:299] - Epoch22:
[33093:MainThread](2026-07-20 23:53:00,917) INFO - qlib.GeneralPTNN - [pytorch_general_nn.py:300] - training...
[33093:MainThread](2026-07-20 23:53:06,548) INFO - qlib.GeneralPTNN - [pytorch_general_nn.py:302] - evaluating...
[33093:MainThread](2026-07-20 23:53:10,121) INFO - qlib.GeneralPTNN - [pytorch_general_nn.py:305] - Epoch22: train 0.992699, valid 0.994376
[33093:MainThread](2026-07-20 23:53:10,121) INFO - qlib.GeneralPTNN - [pytorch_general_nn.py:299] - Epoch23:
[33093:MainThread](2026-07-20 23:53:10,122) INFO - qlib.GeneralPTNN - [pytorch_general_nn.py:300] - training...
[33093:MainThread](2026-07-20 23:53:15,502) INFO - qlib.GeneralPTNN - [pytorch_general_nn.py:302] - evaluating...
[33093:MainThread](2026-07-20 23:53:19,067) INFO - qlib.GeneralPTNN - [pytorch_general_nn.py:305] - Epoch23: train 0.992563, valid 0.994481
[33093:MainThread](2026-07-20 23:53:19,067) INFO - qlib.GeneralPTNN - [pytorch_general_nn.py:299] - Epoch24:
[33093:MainThread](2026-07-20 23:53:19,067) INFO - qlib.GeneralPTNN - [pytorch_general_nn.py:300] - training...
[33093:MainThread](2026-07-20 23:53:24,410) INFO - qlib.GeneralPTNN - [pytorch_general_nn.py:302] - evaluating...
[33093:MainThread](2026-07-20 23:53:27,979) INFO - qlib.GeneralPTNN - [pytorch_general_nn.py:305] - Epoch24: train 0.995784, valid 0.994703
[33093:MainThread](2026-07-20 23:53:27,979) INFO - qlib.GeneralPTNN - [pytorch_general_nn.py:299] - Epoch25:
[33093:MainThread](2026-07-20 23:53:27,980) INFO - qlib.GeneralPTNN - [pytorch_general_nn.py:300] - training...
[33093:MainThread](2026-07-20 23:53:33,413) INFO - qlib.GeneralPTNN - [pytorch_general_nn.py:302] - evaluating...
[33093:MainThread](2026-07-20 23:53:36,958) INFO - qlib.GeneralPTNN - [pytorch_general_nn.py:305] - Epoch25: train 0.993932, valid 0.994669
[33093:MainThread](2026-07-20 23:53:36,958) INFO - qlib.GeneralPTNN - [pytorch_general_nn.py:299] - Epoch26:
[33093:MainThread](2026-07-20 23:53:36,958) INFO - qlib.GeneralPTNN - [pytorch_general_nn.py:300] - training...
[33093:MainThread](2026-07-20 23:53:42,233) INFO - qlib.GeneralPTNN - [pytorch_general_nn.py:302] - evaluating...
[33093:MainThread](2026-07-20 23:53:45,788) INFO - qlib.GeneralPTNN - [pytorch_general_nn.py:305] - Epoch26: train 0.993024, valid 0.994113
[33093:MainThread](2026-07-20 23:53:45,789) INFO - qlib.GeneralPTNN - [pytorch_general_nn.py:299] - Epoch27:
[33093:MainThread](2026-07-20 23:53:45,789) INFO - qlib.GeneralPTNN - [pytorch_general_nn.py:300] - training...
[33093:MainThread](2026-07-20 23:53:51,094) INFO - qlib.GeneralPTNN - [pytorch_general_nn.py:302] - evaluating...
[33093:MainThread](2026-07-20 23:53:54,636) INFO - qlib.GeneralPTNN - [pytorch_general_nn.py:305] - Epoch27: train 0.993591, valid 0.994277
[33093:MainThread](2026-07-20 23:53:54,636) INFO - qlib.GeneralPTNN - [pytorch_general_nn.py:299] - Epoch28:
[33093:MainThread](2026-07-20 23:53:54,636) INFO - qlib.GeneralPTNN - [pytorch_general_nn.py:300] - training...
[33093:MainThread](2026-07-20 23:54:00,008) INFO - qlib.GeneralPTNN - [pytorch_general_nn.py:302] - evaluating...
[33093:MainThread](2026-07-20 23:54:03,571) INFO - qlib.GeneralPTNN - [pytorch_general_nn.py:305] - Epoch28: train 0.992952, valid 0.994186
[33093:MainThread](2026-07-20 23:54:03,571) INFO - qlib.GeneralPTNN - [pytorch_general_nn.py:299] - Epoch29:
[33093:MainThread](2026-07-20 23:54:03,571) INFO - qlib.GeneralPTNN - [pytorch_general_nn.py:300] - training...
[33093:MainThread](2026-07-20 23:54:08,956) INFO - qlib.GeneralPTNN - [pytorch_general_nn.py:302] - evaluating...
[33093:MainThread](2026-07-20 23:54:12,507) INFO - qlib.GeneralPTNN - [pytorch_general_nn.py:305] - Epoch29: train 0.993550, valid 0.994114
[33093:MainThread](2026-07-20 23:54:12,507) INFO - qlib.GeneralPTNN - [pytorch_general_nn.py:299] - Epoch30:
[33093:MainThread](2026-07-20 23:54:12,507) INFO - qlib.GeneralPTNN - [pytorch_general_nn.py:300] - training...
[33093:MainThread](2026-07-20 23:54:18,095) INFO - qlib.GeneralPTNN - [pytorch_general_nn.py:302] - evaluating...
[33093:MainThread](2026-07-20 23:54:21,639) INFO - qlib.GeneralPTNN - [pytorch_general_nn.py:305] - Epoch30: train 0.993128, valid 0.994158
[33093:MainThread](2026-07-20 23:54:21,639) INFO - qlib.GeneralPTNN - [pytorch_general_nn.py:299] - Epoch31:
[33093:MainThread](2026-07-20 23:54:21,639) INFO - qlib.GeneralPTNN - [pytorch_general_nn.py:300] - training...
[33093:MainThread](2026-07-20 23:54:26,940) INFO - qlib.GeneralPTNN - [pytorch_general_nn.py:302] - evaluating...
[33093:MainThread](2026-07-20 23:54:30,540) INFO - qlib.GeneralPTNN - [pytorch_general_nn.py:305] - Epoch31: train 0.992258, valid 0.994325
[33093:MainThread](2026-07-20 23:54:30,541) INFO - qlib.GeneralPTNN - [pytorch_general_nn.py:299] - Epoch32:
[33093:MainThread](2026-07-20 23:54:30,541) INFO - qlib.GeneralPTNN - [pytorch_general_nn.py:300] - training...
[33093:MainThread](2026-07-20 23:54:36,204) INFO - qlib.GeneralPTNN - [pytorch_general_nn.py:302] - evaluating...
[33093:MainThread](2026-07-20 23:54:39,748) INFO - qlib.GeneralPTNN - [pytorch_general_nn.py:305] - Epoch32: train 0.992712, valid 0.994265
[33093:MainThread](2026-07-20 23:54:39,748) INFO - qlib.GeneralPTNN - [pytorch_general_nn.py:299] - Epoch33:
[33093:MainThread](2026-07-20 23:54:39,749) INFO - qlib.GeneralPTNN - [pytorch_general_nn.py:300] - training...
[33093:MainThread](2026-07-20 23:54:45,082) INFO - qlib.GeneralPTNN - [pytorch_general_nn.py:302] - evaluating...
[33093:MainThread](2026-07-20 23:54:48,598) INFO - qlib.GeneralPTNN - [pytorch_general_nn.py:305] - Epoch33: train 0.992429, valid 0.994205
[33093:MainThread](2026-07-20 23:54:48,598) INFO - qlib.GeneralPTNN - [pytorch_general_nn.py:299] - Epoch34:
[33093:MainThread](2026-07-20 23:54:48,598) INFO - qlib.GeneralPTNN - [pytorch_general_nn.py:300] - training...
[33093:MainThread](2026-07-20 23:54:53,839) INFO - qlib.GeneralPTNN - [pytorch_general_nn.py:302] - evaluating...
[33093:MainThread](2026-07-20 23:54:57,276) INFO - qlib.GeneralPTNN - [pytorch_general_nn.py:305] - Epoch34: train 0.994637, valid 0.994111
[33093:MainThread](2026-07-20 23:54:57,277) INFO - qlib.GeneralPTNN - [pytorch_general_nn.py:299] - Epoch35:
[33093:MainThread](2026-07-20 23:54:57,277) INFO - qlib.GeneralPTNN - [pytorch_general_nn.py:300] - training...
[33093:MainThread](2026-07-20 23:55:02,665) INFO - qlib.GeneralPTNN - [pytorch_general_nn.py:302] - evaluating...
[33093:MainThread](2026-07-20 23:55:06,202) INFO - qlib.GeneralPTNN - [pytorch_general_nn.py:305] - Epoch35: train 0.992750, valid 0.994100
[33093:MainThread](2026-07-20 23:55:06,202) INFO - qlib.GeneralPTNN - [pytorch_general_nn.py:299] - Epoch36:
[33093:MainThread](2026-07-20 23:55:06,202) INFO - qlib.GeneralPTNN - [pytorch_general_nn.py:300] - training...
[33093:MainThread](2026-07-20 23:55:11,450) INFO - qlib.GeneralPTNN - [pytorch_general_nn.py:302] - evaluating...
[33093:MainThread](2026-07-20 23:55:14,978) INFO - qlib.GeneralPTNN - [pytorch_general_nn.py:305] - Epoch36: train 0.992801, valid 0.994167
[33093:MainThread](2026-07-20 23:55:14,978) INFO - qlib.GeneralPTNN - [pytorch_general_nn.py:299] - Epoch37:
[33093:MainThread](2026-07-20 23:55:14,978) INFO - qlib.GeneralPTNN - [pytorch_general_nn.py:300] - training...
[33093:MainThread](2026-07-20 23:55:20,381) INFO - qlib.GeneralPTNN - [pytorch_general_nn.py:302] - evaluating...
[33093:MainThread](2026-07-20 23:55:24,049) INFO - qlib.GeneralPTNN - [pytorch_general_nn.py:305] - Epoch37: train 0.992458, valid 0.994047
[33093:MainThread](2026-07-20 23:55:24,050) INFO - qlib.GeneralPTNN - [pytorch_general_nn.py:299] - Epoch38:
[33093:MainThread](2026-07-20 23:55:24,050) INFO - qlib.GeneralPTNN - [pytorch_general_nn.py:300] - training...
[33093:MainThread](2026-07-20 23:55:29,476) INFO - qlib.GeneralPTNN - [pytorch_general_nn.py:302] - evaluating...
[33093:MainThread](2026-07-20 23:55:33,016) INFO - qlib.GeneralPTNN - [pytorch_general_nn.py:305] - Epoch38: train 0.993199, valid 0.994267
[33093:MainThread](2026-07-20 23:55:33,016) INFO - qlib.GeneralPTNN - [pytorch_general_nn.py:299] - Epoch39:
[33093:MainThread](2026-07-20 23:55:33,017) INFO - qlib.GeneralPTNN - [pytorch_general_nn.py:300] - training...
[33093:MainThread](2026-07-20 23:55:38,556) INFO - qlib.GeneralPTNN - [pytorch_general_nn.py:302] - evaluating...
[33093:MainThread](2026-07-20 23:55:42,164) INFO - qlib.GeneralPTNN - [pytorch_general_nn.py:305] - Epoch39: train 0.997163, valid 0.994264
[33093:MainThread](2026-07-20 23:55:42,164) INFO - qlib.GeneralPTNN - [pytorch_general_nn.py:299] - Epoch40:
[33093:MainThread](2026-07-20 23:55:42,164) INFO - qlib.GeneralPTNN - [pytorch_general_nn.py:300] - training...
[33093:MainThread](2026-07-20 23:55:47,714) INFO - qlib.GeneralPTNN - [pytorch_general_nn.py:302] - evaluating...
[33093:MainThread](2026-07-20 23:55:51,279) INFO - qlib.GeneralPTNN - [pytorch_general_nn.py:305] - Epoch40: train 0.992946, valid 0.994359
[33093:MainThread](2026-07-20 23:55:51,280) INFO - qlib.GeneralPTNN - [pytorch_general_nn.py:299] - Epoch41:
[33093:MainThread](2026-07-20 23:55:51,280) INFO - qlib.GeneralPTNN - [pytorch_general_nn.py:300] - training...
[33093:MainThread](2026-07-20 23:55:56,694) INFO - qlib.GeneralPTNN - [pytorch_general_nn.py:302] - evaluating...
[33093:MainThread](2026-07-20 23:56:00,534) INFO - qlib.GeneralPTNN - [pytorch_general_nn.py:305] - Epoch41: train 0.993883, valid 0.994089
[33093:MainThread](2026-07-20 23:56:00,534) INFO - qlib.GeneralPTNN - [pytorch_general_nn.py:299] - Epoch42:
[33093:MainThread](2026-07-20 23:56:00,535) INFO - qlib.GeneralPTNN - [pytorch_general_nn.py:300] - training...
[33093:MainThread](2026-07-20 23:56:06,275) INFO - qlib.GeneralPTNN - [pytorch_general_nn.py:302] - evaluating...
[33093:MainThread](2026-07-20 23:56:09,879) INFO - qlib.GeneralPTNN - [pytorch_general_nn.py:305] - Epoch42: train 0.992570, valid 0.994232
[33093:MainThread](2026-07-20 23:56:09,879) INFO - qlib.GeneralPTNN - [pytorch_general_nn.py:299] - Epoch43:
[33093:MainThread](2026-07-20 23:56:09,879) INFO - qlib.GeneralPTNN - [pytorch_general_nn.py:300] - training...
[33093:MainThread](2026-07-20 23:56:15,221) INFO - qlib.GeneralPTNN - [pytorch_general_nn.py:302] - evaluating...
[33093:MainThread](2026-07-20 23:56:18,806) INFO - qlib.GeneralPTNN - [pytorch_general_nn.py:305] - Epoch43: train 0.993628, valid 0.994383
[33093:MainThread](2026-07-20 23:56:18,806) INFO - qlib.GeneralPTNN - [pytorch_general_nn.py:299] - Epoch44:
[33093:MainThread](2026-07-20 23:56:18,807) INFO - qlib.GeneralPTNN - [pytorch_general_nn.py:300] - training...
[33093:MainThread](2026-07-20 23:56:24,326) INFO - qlib.GeneralPTNN - [pytorch_general_nn.py:302] - evaluating...
[33093:MainThread](2026-07-20 23:56:27,939) INFO - qlib.GeneralPTNN - [pytorch_general_nn.py:305] - Epoch44: train 0.993090, valid 0.994161
[33093:MainThread](2026-07-20 23:56:27,939) INFO - qlib.GeneralPTNN - [pytorch_general_nn.py:299] - Epoch45:
[33093:MainThread](2026-07-20 23:56:27,939) INFO - qlib.GeneralPTNN - [pytorch_general_nn.py:300] - training...
[33093:MainThread](2026-07-20 23:56:33,327) INFO - qlib.GeneralPTNN - [pytorch_general_nn.py:302] - evaluating...
[33093:MainThread](2026-07-20 23:56:36,914) INFO - qlib.GeneralPTNN - [pytorch_general_nn.py:305] - Epoch45: train 0.992920, valid 0.994242
[33093:MainThread](2026-07-20 23:56:36,914) INFO - qlib.GeneralPTNN - [pytorch_general_nn.py:299] - Epoch46:
[33093:MainThread](2026-07-20 23:56:36,914) INFO - qlib.GeneralPTNN - [pytorch_general_nn.py:300] - training...
[33093:MainThread](2026-07-20 23:56:42,726) INFO - qlib.GeneralPTNN - [pytorch_general_nn.py:302] - evaluating...
[33093:MainThread](2026-07-20 23:56:46,384) INFO - qlib.GeneralPTNN - [pytorch_general_nn.py:305] - Epoch46: train 0.992511, valid 0.994150
[33093:MainThread](2026-07-20 23:56:46,385) INFO - qlib.GeneralPTNN - [pytorch_general_nn.py:299] - Epoch47:
[33093:MainThread](2026-07-20 23:56:46,385) INFO - qlib.GeneralPTNN - [pytorch_general_nn.py:300] - training...
[33093:MainThread](2026-07-20 23:56:51,710) INFO - qlib.GeneralPTNN - [pytorch_general_nn.py:302] - evaluating...
[33093:MainThread](2026-07-20 23:56:55,310) INFO - qlib.GeneralPTNN - [pytorch_general_nn.py:305] - Epoch47: train 0.993152, valid 0.994119
[33093:MainThread](2026-07-20 23:56:55,310) INFO - qlib.GeneralPTNN - [pytorch_general_nn.py:299] - Epoch48:
[33093:MainThread](2026-07-20 23:56:55,311) INFO - qlib.GeneralPTNN - [pytorch_general_nn.py:300] - training...
[33093:MainThread](2026-07-20 23:57:01,337) INFO - qlib.GeneralPTNN - [pytorch_general_nn.py:302] - evaluating...
[33093:MainThread](2026-07-20 23:57:05,215) INFO - qlib.GeneralPTNN - [pytorch_general_nn.py:305] - Epoch48: train 0.993788, valid 0.994168
[33093:MainThread](2026-07-20 23:57:05,215) INFO - qlib.GeneralPTNN - [pytorch_general_nn.py:299] - Epoch49:
[33093:MainThread](2026-07-20 23:57:05,215) INFO - qlib.GeneralPTNN - [pytorch_general_nn.py:300] - training...
[33093:MainThread](2026-07-20 23:57:10,964) INFO - qlib.GeneralPTNN - [pytorch_general_nn.py:302] - evaluating...
[33093:MainThread](2026-07-20 23:57:14,636) INFO - qlib.GeneralPTNN - [pytorch_general_nn.py:305] - Epoch49: train 0.994103, valid 0.994188
[33093:MainThread](2026-07-20 23:57:14,636) INFO - qlib.GeneralPTNN - [pytorch_general_nn.py:299] - Epoch50:
[33093:MainThread](2026-07-20 23:57:14,637) INFO - qlib.GeneralPTNN - [pytorch_general_nn.py:300] - training...
[33093:MainThread](2026-07-20 23:57:20,215) INFO - qlib.GeneralPTNN - [pytorch_general_nn.py:302] - evaluating...
[33093:MainThread](2026-07-20 23:57:23,869) INFO - qlib.GeneralPTNN - [pytorch_general_nn.py:305] - Epoch50: train 0.992054, valid 0.994140
[33093:MainThread](2026-07-20 23:57:23,870) INFO - qlib.GeneralPTNN - [pytorch_general_nn.py:299] - Epoch51:
[33093:MainThread](2026-07-20 23:57:23,870) INFO - qlib.GeneralPTNN - [pytorch_general_nn.py:300] - training...
[33093:MainThread](2026-07-20 23:57:29,745) INFO - qlib.GeneralPTNN - [pytorch_general_nn.py:302] - evaluating...
[33093:MainThread](2026-07-20 23:57:33,366) INFO - qlib.GeneralPTNN - [pytorch_general_nn.py:305] - Epoch51: train 0.992613, valid 0.994221
[33093:MainThread](2026-07-20 23:57:33,366) INFO - qlib.GeneralPTNN - [pytorch_general_nn.py:299] - Epoch52:
[33093:MainThread](2026-07-20 23:57:33,366) INFO - qlib.GeneralPTNN - [pytorch_general_nn.py:300] - training...
[33093:MainThread](2026-07-20 23:57:38,947) INFO - qlib.GeneralPTNN - [pytorch_general_nn.py:302] - evaluating...
[33093:MainThread](2026-07-20 23:57:42,582) INFO - qlib.GeneralPTNN - [pytorch_general_nn.py:305] - Epoch52: train 0.992041, valid 0.994158
[33093:MainThread](2026-07-20 23:57:42,582) INFO - qlib.GeneralPTNN - [pytorch_general_nn.py:299] - Epoch53:
[33093:MainThread](2026-07-20 23:57:42,582) INFO - qlib.GeneralPTNN - [pytorch_general_nn.py:300] - training...
[33093:MainThread](2026-07-20 23:57:47,999) INFO - qlib.GeneralPTNN - [pytorch_general_nn.py:302] - evaluating...
[33093:MainThread](2026-07-20 23:57:51,670) INFO - qlib.GeneralPTNN - [pytorch_general_nn.py:305] - Epoch53: train 0.992330, valid 0.994189
[33093:MainThread](2026-07-20 23:57:51,671) INFO - qlib.GeneralPTNN - [pytorch_general_nn.py:299] - Epoch54:
[33093:MainThread](2026-07-20 23:57:51,671) INFO - qlib.GeneralPTNN - [pytorch_general_nn.py:300] - training...
[33093:MainThread](2026-07-20 23:57:57,150) INFO - qlib.GeneralPTNN - [pytorch_general_nn.py:302] - evaluating...
[33093:MainThread](2026-07-20 23:58:00,737) INFO - qlib.GeneralPTNN - [pytorch_general_nn.py:305] - Epoch54: train 0.992412, valid 0.994198
[33093:MainThread](2026-07-20 23:58:00,737) INFO - qlib.GeneralPTNN - [pytorch_general_nn.py:299] - Epoch55:
[33093:MainThread](2026-07-20 23:58:00,737) INFO - qlib.GeneralPTNN - [pytorch_general_nn.py:300] - training...
[33093:MainThread](2026-07-20 23:58:06,489) INFO - qlib.GeneralPTNN - [pytorch_general_nn.py:302] - evaluating...
[33093:MainThread](2026-07-20 23:58:10,119) INFO - qlib.GeneralPTNN - [pytorch_general_nn.py:305] - Epoch55: train 0.992231, valid 0.994107
[33093:MainThread](2026-07-20 23:58:10,119) INFO - qlib.GeneralPTNN - [pytorch_general_nn.py:299] - Epoch56:
[33093:MainThread](2026-07-20 23:58:10,119) INFO - qlib.GeneralPTNN - [pytorch_general_nn.py:300] - training...
[33093:MainThread](2026-07-20 23:58:15,714) INFO - qlib.GeneralPTNN - [pytorch_general_nn.py:302] - evaluating...
[33093:MainThread](2026-07-20 23:58:19,346) INFO - qlib.GeneralPTNN - [pytorch_general_nn.py:305] - Epoch56: train 0.993430, valid 0.994030
[33093:MainThread](2026-07-20 23:58:19,349) INFO - qlib.GeneralPTNN - [pytorch_general_nn.py:299] - Epoch57:
[33093:MainThread](2026-07-20 23:58:19,349) INFO - qlib.GeneralPTNN - [pytorch_general_nn.py:300] - training...
[33093:MainThread](2026-07-20 23:58:24,674) INFO - qlib.GeneralPTNN - [pytorch_general_nn.py:302] - evaluating...
[33093:MainThread](2026-07-20 23:58:28,250) INFO - qlib.GeneralPTNN - [pytorch_general_nn.py:305] - Epoch57: train 0.992021, valid 0.994111
[33093:MainThread](2026-07-20 23:58:28,250) INFO - qlib.GeneralPTNN - [pytorch_general_nn.py:299] - Epoch58:
[33093:MainThread](2026-07-20 23:58:28,250) INFO - qlib.GeneralPTNN - [pytorch_general_nn.py:300] - training...
[33093:MainThread](2026-07-20 23:58:33,808) INFO - qlib.GeneralPTNN - [pytorch_general_nn.py:302] - evaluating...
[33093:MainThread](2026-07-20 23:58:37,392) INFO - qlib.GeneralPTNN - [pytorch_general_nn.py:305] - Epoch58: train 0.992184, valid 0.994079
[33093:MainThread](2026-07-20 23:58:37,393) INFO - qlib.GeneralPTNN - [pytorch_general_nn.py:299] - Epoch59:
[33093:MainThread](2026-07-20 23:58:37,393) INFO - qlib.GeneralPTNN - [pytorch_general_nn.py:300] - training...
[33093:MainThread](2026-07-20 23:58:42,881) INFO - qlib.GeneralPTNN - [pytorch_general_nn.py:302] - evaluating...
[33093:MainThread](2026-07-20 23:58:46,432) INFO - qlib.GeneralPTNN - [pytorch_general_nn.py:305] - Epoch59: train 0.991327, valid 0.993990
[33093:MainThread](2026-07-20 23:58:46,432) INFO - qlib.GeneralPTNN - [pytorch_general_nn.py:299] - Epoch60:
[33093:MainThread](2026-07-20 23:58:46,433) INFO - qlib.GeneralPTNN - [pytorch_general_nn.py:300] - training...
[33093:MainThread](2026-07-20 23:58:51,796) INFO - qlib.GeneralPTNN - [pytorch_general_nn.py:302] - evaluating...
[33093:MainThread](2026-07-20 23:58:55,340) INFO - qlib.GeneralPTNN - [pytorch_general_nn.py:305] - Epoch60: train 0.993140, valid 0.994138
[33093:MainThread](2026-07-20 23:58:55,340) INFO - qlib.GeneralPTNN - [pytorch_general_nn.py:299] - Epoch61:
[33093:MainThread](2026-07-20 23:58:55,340) INFO - qlib.GeneralPTNN - [pytorch_general_nn.py:300] - training...
[33093:MainThread](2026-07-20 23:59:00,956) INFO - qlib.GeneralPTNN - [pytorch_general_nn.py:302] - evaluating...
[33093:MainThread](2026-07-20 23:59:04,607) INFO - qlib.GeneralPTNN - [pytorch_general_nn.py:305] - Epoch61: train 0.993314, valid 0.994130
[33093:MainThread](2026-07-20 23:59:04,608) INFO - qlib.GeneralPTNN - [pytorch_general_nn.py:299] - Epoch62:
[33093:MainThread](2026-07-20 23:59:04,608) INFO - qlib.GeneralPTNN - [pytorch_general_nn.py:300] - training...
[33093:MainThread](2026-07-20 23:59:10,013) INFO - qlib.GeneralPTNN - [pytorch_general_nn.py:302] - evaluating...
[33093:MainThread](2026-07-20 23:59:13,582) INFO - qlib.GeneralPTNN - [pytorch_general_nn.py:305] - Epoch62: train 0.992037, valid 0.994065
[33093:MainThread](2026-07-20 23:59:13,582) INFO - qlib.GeneralPTNN - [pytorch_general_nn.py:299] - Epoch63:
[33093:MainThread](2026-07-20 23:59:13,582) INFO - qlib.GeneralPTNN - [pytorch_general_nn.py:300] - training...
[33093:MainThread](2026-07-20 23:59:19,057) INFO - qlib.GeneralPTNN - [pytorch_general_nn.py:302] - evaluating...
[33093:MainThread](2026-07-20 23:59:22,637) INFO - qlib.GeneralPTNN - [pytorch_general_nn.py:305] - Epoch63: train 0.991572, valid 0.994079
[33093:MainThread](2026-07-20 23:59:22,638) INFO - qlib.GeneralPTNN - [pytorch_general_nn.py:299] - Epoch64:
[33093:MainThread](2026-07-20 23:59:22,638) INFO - qlib.GeneralPTNN - [pytorch_general_nn.py:300] - training...
[33093:MainThread](2026-07-20 23:59:27,945) INFO - qlib.GeneralPTNN - [pytorch_general_nn.py:302] - evaluating...
[33093:MainThread](2026-07-20 23:59:31,480) INFO - qlib.GeneralPTNN - [pytorch_general_nn.py:305] - Epoch64: train 0.992855, valid 0.994130
[33093:MainThread](2026-07-20 23:59:31,480) INFO - qlib.GeneralPTNN - [pytorch_general_nn.py:299] - Epoch65:
[33093:MainThread](2026-07-20 23:59:31,480) INFO - qlib.GeneralPTNN - [pytorch_general_nn.py:300] - training...
[33093:MainThread](2026-07-20 23:59:36,874) INFO - qlib.GeneralPTNN - [pytorch_general_nn.py:302] - evaluating...
[33093:MainThread](2026-07-20 23:59:40,451) INFO - qlib.GeneralPTNN - [pytorch_general_nn.py:305] - Epoch65: train 0.992167, valid 0.994035
[33093:MainThread](2026-07-20 23:59:40,451) INFO - qlib.GeneralPTNN - [pytorch_general_nn.py:299] - Epoch66:
[33093:MainThread](2026-07-20 23:59:40,452) INFO - qlib.GeneralPTNN - [pytorch_general_nn.py:300] - training...
[33093:MainThread](2026-07-20 23:59:45,871) INFO - qlib.GeneralPTNN - [pytorch_general_nn.py:302] - evaluating...
[33093:MainThread](2026-07-20 23:59:49,427) INFO - qlib.GeneralPTNN - [pytorch_general_nn.py:305] - Epoch66: train 0.991223, valid 0.994097
[33093:MainThread](2026-07-20 23:59:49,427) INFO - qlib.GeneralPTNN - [pytorch_general_nn.py:299] - Epoch67:
[33093:MainThread](2026-07-20 23:59:49,427) INFO - qlib.GeneralPTNN - [pytorch_general_nn.py:300] - training...
[33093:MainThread](2026-07-20 23:59:54,708) INFO - qlib.GeneralPTNN - [pytorch_general_nn.py:302] - evaluating...
[33093:MainThread](2026-07-20 23:59:58,222) INFO - qlib.GeneralPTNN - [pytorch_general_nn.py:305] - Epoch67: train 0.992844, valid 0.994153
[33093:MainThread](2026-07-20 23:59:58,222) INFO - qlib.GeneralPTNN - [pytorch_general_nn.py:299] - Epoch68:
[33093:MainThread](2026-07-20 23:59:58,222) INFO - qlib.GeneralPTNN - [pytorch_general_nn.py:300] - training...
[33093:MainThread](2026-07-21 00:00:03,930) INFO - qlib.GeneralPTNN - [pytorch_general_nn.py:302] - evaluating...
[33093:MainThread](2026-07-21 00:00:07,470) INFO - qlib.GeneralPTNN - [pytorch_general_nn.py:305] - Epoch68: train 0.992723, valid 0.994043
[33093:MainThread](2026-07-21 00:00:07,470) INFO - qlib.GeneralPTNN - [pytorch_general_nn.py:299] - Epoch69:
[33093:MainThread](2026-07-21 00:00:07,471) INFO - qlib.GeneralPTNN - [pytorch_general_nn.py:300] - training...
[33093:MainThread](2026-07-21 00:00:12,944) INFO - qlib.GeneralPTNN - [pytorch_general_nn.py:302] - evaluating...
[33093:MainThread](2026-07-21 00:00:16,530) INFO - qlib.GeneralPTNN - [pytorch_general_nn.py:305] - Epoch69: train 0.991467, valid 0.994295
[33093:MainThread](2026-07-21 00:00:16,530) INFO - qlib.GeneralPTNN - [pytorch_general_nn.py:299] - Epoch70:
[33093:MainThread](2026-07-21 00:00:16,531) INFO - qlib.GeneralPTNN - [pytorch_general_nn.py:300] - training...
[33093:MainThread](2026-07-21 00:00:22,457) INFO - qlib.GeneralPTNN - [pytorch_general_nn.py:302] - evaluating...
[33093:MainThread](2026-07-21 00:00:26,078) INFO - qlib.GeneralPTNN - [pytorch_general_nn.py:305] - Epoch70: train 0.992569, valid 0.994188
[33093:MainThread](2026-07-21 00:00:26,078) INFO - qlib.GeneralPTNN - [pytorch_general_nn.py:299] - Epoch71:
[33093:MainThread](2026-07-21 00:00:26,079) INFO - qlib.GeneralPTNN - [pytorch_general_nn.py:300] - training...
[33093:MainThread](2026-07-21 00:00:31,518) INFO - qlib.GeneralPTNN - [pytorch_general_nn.py:302] - evaluating...
[33093:MainThread](2026-07-21 00:00:35,136) INFO - qlib.GeneralPTNN - [pytorch_general_nn.py:305] - Epoch71: train 0.991608, valid 0.994151
[33093:MainThread](2026-07-21 00:00:35,136) INFO - qlib.GeneralPTNN - [pytorch_general_nn.py:299] - Epoch72:
[33093:MainThread](2026-07-21 00:00:35,136) INFO - qlib.GeneralPTNN - [pytorch_general_nn.py:300] - training...
[33093:MainThread](2026-07-21 00:00:40,667) INFO - qlib.GeneralPTNN - [pytorch_general_nn.py:302] - evaluating...
[33093:MainThread](2026-07-21 00:00:44,270) INFO - qlib.GeneralPTNN - [pytorch_general_nn.py:305] - Epoch72: train 0.992088, valid 0.994055
[33093:MainThread](2026-07-21 00:00:44,271) INFO - qlib.GeneralPTNN - [pytorch_general_nn.py:299] - Epoch73:
[33093:MainThread](2026-07-21 00:00:44,271) INFO - qlib.GeneralPTNN - [pytorch_general_nn.py:300] - training...
[33093:MainThread](2026-07-21 00:00:49,730) INFO - qlib.GeneralPTNN - [pytorch_general_nn.py:302] - evaluating...
[33093:MainThread](2026-07-21 00:00:53,338) INFO - qlib.GeneralPTNN - [pytorch_general_nn.py:305] - Epoch73: train 0.991868, valid 0.994120
[33093:MainThread](2026-07-21 00:00:53,338) INFO - qlib.GeneralPTNN - [pytorch_general_nn.py:299] - Epoch74:
[33093:MainThread](2026-07-21 00:00:53,338) INFO - qlib.GeneralPTNN - [pytorch_general_nn.py:300] - training...
[33093:MainThread](2026-07-21 00:00:58,702) INFO - qlib.GeneralPTNN - [pytorch_general_nn.py:302] - evaluating...
[33093:MainThread](2026-07-21 00:01:02,187) INFO - qlib.GeneralPTNN - [pytorch_general_nn.py:305] - Epoch74: train 0.993126, valid 0.994081
[33093:MainThread](2026-07-21 00:01:02,188) INFO - qlib.GeneralPTNN - [pytorch_general_nn.py:299] - Epoch75:
[33093:MainThread](2026-07-21 00:01:02,188) INFO - qlib.GeneralPTNN - [pytorch_general_nn.py:300] - training...
[33093:MainThread](2026-07-21 00:01:07,606) INFO - qlib.GeneralPTNN - [pytorch_general_nn.py:302] - evaluating...
[33093:MainThread](2026-07-21 00:01:11,082) INFO - qlib.GeneralPTNN - [pytorch_general_nn.py:305] - Epoch75: train 0.992958, valid 0.994294
[33093:MainThread](2026-07-21 00:01:11,082) INFO - qlib.GeneralPTNN - [pytorch_general_nn.py:299] - Epoch76:
[33093:MainThread](2026-07-21 00:01:11,083) INFO - qlib.GeneralPTNN - [pytorch_general_nn.py:300] - training...
[33093:MainThread](2026-07-21 00:01:17,934) INFO - qlib.GeneralPTNN - [pytorch_general_nn.py:302] - evaluating...
[33093:MainThread](2026-07-21 00:01:22,432) INFO - qlib.GeneralPTNN - [pytorch_general_nn.py:305] - Epoch76: train 0.991859, valid 0.994072
[33093:MainThread](2026-07-21 00:01:22,433) INFO - qlib.GeneralPTNN - [pytorch_general_nn.py:299] - Epoch77:
[33093:MainThread](2026-07-21 00:01:22,433) INFO - qlib.GeneralPTNN - [pytorch_general_nn.py:300] - training...
[33093:MainThread](2026-07-21 00:01:29,184) INFO - qlib.GeneralPTNN - [pytorch_general_nn.py:302] - evaluating...
[33093:MainThread](2026-07-21 00:01:33,514) INFO - qlib.GeneralPTNN - [pytorch_general_nn.py:305] - Epoch77: train 0.991649, valid 0.994059
[33093:MainThread](2026-07-21 00:01:33,515) INFO - qlib.GeneralPTNN - [pytorch_general_nn.py:299] - Epoch78:
[33093:MainThread](2026-07-21 00:01:33,515) INFO - qlib.GeneralPTNN - [pytorch_general_nn.py:300] - training...
[33093:MainThread](2026-07-21 00:01:39,961) INFO - qlib.GeneralPTNN - [pytorch_general_nn.py:302] - evaluating...
[33093:MainThread](2026-07-21 00:01:44,064) INFO - qlib.GeneralPTNN - [pytorch_general_nn.py:305] - Epoch78: train 0.992321, valid 0.994057
[33093:MainThread](2026-07-21 00:01:44,064) INFO - qlib.GeneralPTNN - [pytorch_general_nn.py:299] - Epoch79:
[33093:MainThread](2026-07-21 00:01:44,065) INFO - qlib.GeneralPTNN - [pytorch_general_nn.py:300] - training...
[33093:MainThread](2026-07-21 00:01:50,537) INFO - qlib.GeneralPTNN - [pytorch_general_nn.py:302] - evaluating...
[33093:MainThread](2026-07-21 00:01:54,509) INFO - qlib.GeneralPTNN - [pytorch_general_nn.py:305] - Epoch79: train 0.992792, valid 0.994086
[33093:MainThread](2026-07-21 00:01:54,509) INFO - qlib.GeneralPTNN - [pytorch_general_nn.py:324] - early stop
[33093:MainThread](2026-07-21 00:01:54,509) INFO - qlib.GeneralPTNN - [pytorch_general_nn.py:327] - best score: 0.993990 @ 59 epoch
[33093:MainThread](2026-07-21 00:01:54,529) INFO - qlib.fill_placeholder - [__init__.py:798] - <PRED> lookes like a placeholder, but it can't match to any given values
Gym has been unmaintained since 2022 and does not support NumPy 2.0 amongst other critical functionality.
Please upgrade to Gymnasium, the maintained drop-in replacement of Gym, or contact the authors of your software and request that they upgrade.
Users of this version of Gym should be able to simply replace 'import gym' with 'import gymnasium as gym' in the vast majority of cases.
See the migration guide at https://gymnasium.farama.org/introduction/migration_guide/ for additional information.
[33093:MainThread](2026-07-21 00:01:55,042) INFO - qlib.GeneralPTNN - [pytorch_general_nn.py:344] - Test samples: 261300
[33093:MainThread](2026-07-21 00:01:55,376) INFO - qlib.workflow - [record_temp.py:197] - Signal record 'pred.pkl' has been saved as the artifact of the Experiment 180533250787700413
[33093:MainThread](2026-07-21 00:01:55,683) INFO - qlib.backtest caller - [__init__.py:93] - Create new exchange
[33093:MainThread](2026-07-21 00:02:05,723) WARNING - qlib.online operator - [exchange.py:219] - $close field data contains nan.
[33093:MainThread](2026-07-21 00:02:05,724) WARNING - qlib.online operator - [exchange.py:219] - $close field data contains nan.
[33093:MainThread](2026-07-21 00:02:05,726) WARNING - qlib.online operator - [exchange.py:226] - factor.day.bin file not exists or factor contains `nan`. Order using adjusted_price.
[33093:MainThread](2026-07-21 00:02:05,726) WARNING - qlib.online operator - [exchange.py:228] - trade unit 100 is not supported in adjusted_price mode.
[33093:MainThread](2026-07-21 00:02:14,224) WARNING - qlib.data - [data.py:665] - load calendar error: freq=day, future=True; return current calendar!
[33093:MainThread](2026-07-21 00:02:14,224) WARNING - qlib.data - [data.py:668] - You can get future calendar by referring to the following document: https://github.com/microsoft/qlib/blob/main/scripts/data_collector/contrib/README.md
[33093:MainThread](2026-07-21 00:02:14,229) WARNING - qlib.BaseExecutor - [executor.py:121] - `common_infra` is not set for <qlib.backtest.executor.SimulatorExecutor object at 0x124cd9820>

backtest loop:   0%|          | 0/871 [00:00<?, ?it/s]/Users/xuxin/Documents/dev/qlib/qlib/utils/index_data.py:492: RuntimeWarning: Mean of empty slice
  return np.nanmean(self.data)

backtest loop:   3%|▎         | 23/871 [00:00<00:03, 227.73it/s]
backtest loop:   5%|▌         | 46/871 [00:00<00:03, 219.62it/s]
backtest loop:   8%|▊         | 68/871 [00:00<00:04, 185.39it/s]
backtest loop:  10%|█         | 88/871 [00:00<00:04, 190.05it/s]
backtest loop:  13%|█▎        | 109/871 [00:00<00:03, 195.63it/s]
backtest loop:  15%|█▍        | 129/871 [00:00<00:03, 194.72it/s]
backtest loop:  17%|█▋        | 150/871 [00:00<00:03, 198.96it/s]
backtest loop:  20%|█▉        | 171/871 [00:00<00:03, 195.57it/s]
backtest loop:  22%|██▏       | 191/871 [00:00<00:03, 183.78it/s]
backtest loop:  24%|██▍       | 210/871 [00:01<00:03, 182.67it/s]
backtest loop:  26%|██▋       | 230/871 [00:01<00:03, 187.14it/s]
backtest loop:  29%|██▊       | 249/871 [00:01<00:03, 177.47it/s]
backtest loop:  31%|███       | 270/871 [00:01<00:03, 185.01it/s]
backtest loop:  33%|███▎      | 290/871 [00:01<00:03, 189.27it/s]
backtest loop:  36%|███▌      | 313/871 [00:01<00:02, 199.72it/s]
backtest loop:  39%|███▊      | 337/871 [00:01<00:02, 210.72it/s]
backtest loop:  42%|████▏     | 363/871 [00:01<00:02, 220.75it/s]
backtest loop:  45%|████▍     | 388/871 [00:01<00:02, 227.15it/s]
backtest loop:  47%|████▋     | 411/871 [00:02<00:02, 226.38it/s]
backtest loop:  50%|█████     | 437/871 [00:02<00:01, 231.76it/s]
backtest loop:  53%|█████▎    | 462/871 [00:02<00:01, 235.16it/s]
backtest loop:  56%|█████▌    | 487/871 [00:02<00:01, 238.24it/s]
backtest loop:  59%|█████▊    | 511/871 [00:02<00:01, 232.98it/s]
backtest loop:  61%|██████▏   | 535/871 [00:02<00:01, 224.67it/s]
backtest loop:  64%|██████▍   | 558/871 [00:02<00:01, 220.61it/s]/Users/xuxin/Documents/dev/qlib/qlib/utils/index_data.py:492: RuntimeWarning: Mean of empty slice
  return np.nanmean(self.data)
/Users/xuxin/Documents/dev/qlib/qlib/utils/index_data.py:492: RuntimeWarning: Mean of empty slice
  return np.nanmean(self.data)

backtest loop:  67%|██████▋   | 581/871 [00:02<00:01, 221.88it/s]
backtest loop:  69%|██████▉   | 605/871 [00:02<00:01, 223.40it/s]
backtest loop:  72%|███████▏  | 630/871 [00:02<00:01, 227.45it/s]
backtest loop:  75%|███████▌  | 655/871 [00:03<00:00, 231.22it/s]
backtest loop:  78%|███████▊  | 679/871 [00:03<00:00, 219.58it/s]
backtest loop:  81%|████████  | 702/871 [00:03<00:00, 204.70it/s]
backtest loop:  83%|████████▎ | 724/871 [00:03<00:00, 207.12it/s]
backtest loop:  86%|████████▌ | 745/871 [00:03<00:00, 205.06it/s]
backtest loop:  88%|████████▊ | 766/871 [00:03<00:00, 204.18it/s]
backtest loop:  90%|█████████ | 787/871 [00:03<00:00, 190.05it/s]
backtest loop:  93%|█████████▎| 809/871 [00:03<00:00, 196.46it/s]
backtest loop:  95%|█████████▌| 829/871 [00:04<00:00, 195.95it/s]
backtest loop:  98%|█████████▊| 850/871 [00:04<00:00, 199.14it/s]
backtest loop: 100%|██████████| 871/871 [00:04<00:00, 198.06it/s]
backtest loop: 100%|██████████| 871/871 [00:04<00:00, 206.91it/s]
[33093:MainThread](2026-07-21 00:02:18,466) INFO - qlib.workflow - [record_temp.py:520] - Portfolio analysis record 'port_analysis_1day.pkl' has been saved as the artifact of the Experiment 180533250787700413
[33093:MainThread](2026-07-21 00:02:18,470) INFO - qlib.workflow - [record_temp.py:545] - Indicator analysis record 'indicator_analysis_1day.pkl' has been saved as the artifact of the Experiment 180533250787700413
[33093:MainThread](2026-07-21 00:02:19,001) INFO - qlib.timer - [log.py:127] - Time cost: 0.000s | waiting `async_log` Done
