'The following are prediction results of the KRNN model.'
                          score
datetime   instrument          
2017-01-03 SH600000    0.031900
           SH600008    0.013163
           SH600009    0.067161
           SH600010    0.001531
           SH600015    0.030863
{'IC': np.float64(0.0075903076866878924),
 'ICIR': np.float64(0.0506533229290815),
 'Rank IC': np.float64(0.020669126385688498),
 'Rank ICIR': np.float64(0.15431913153240312)}
'The following are analysis results of benchmark return(1day).'
                       risk
mean               0.000477
std                0.012295
annualized_return  0.113561
information_ratio  0.598699
max_drawdown      -0.370479
'The following are analysis results of the excess return without cost(1day).'
                       risk
mean              -0.000251
std                0.005386
annualized_return -0.059785
information_ratio -0.719542
max_drawdown      -0.252103
'The following are analysis results of the excess return with cost(1day).'
                       risk
mean              -0.000447
std                0.005385
annualized_return -0.106337
information_ratio -1.280043
max_drawdown      -0.403400
'The following are analysis results of indicators(1day).'
     value
ffr    1.0
pa     0.0
pos    0.0

[47643:MainThread](2026-07-22 01:28:02,012) INFO - qlib.qrun - [run.py:78] - Render the template with the context: {}
[47643:MainThread](2026-07-22 01:28:02,018) INFO - qlib.Initialization - [config.py:453] - default_conf: client.
[47643:MainThread](2026-07-22 01:28:02,020) INFO - qlib.Initialization - [__init__.py:82] - qlib successfully initialized based on client settings.
[47643:MainThread](2026-07-22 01:28:02,020) INFO - qlib.Initialization - [__init__.py:84] - data_path={'__DEFAULT_FREQ': PosixPath('/Users/xuxin/.qlib/qlib_data/cn_data')}
[47643:MainThread](2026-07-22 01:28:02,025) WARNING - qlib.workflow - [expm.py:230] - No valid experiment found. Create a new experiment with name trav_deep1b_KRNN_krnn_Alpha360_1.
[47643:MainThread](2026-07-22 01:28:02,028) INFO - qlib.workflow - [exp.py:258] - Experiment 649000481772660331 starts running ...
[47643:MainThread](2026-07-22 01:28:02,799) INFO - qlib.workflow - [recorder.py:345] - Recorder a6b81b8333dd46c5bb299afe0d1f69d3 starts running under Experiment 649000481772660331 ...
[47643:MainThread](2026-07-22 01:28:05,551) INFO - qlib.KRNN - [pytorch_krnn.py:262] - KRNN pytorch version...
[47643:MainThread](2026-07-22 01:28:05,551) INFO - qlib.KRNN - [pytorch_krnn.py:282] - KRNN parameters setting:
fea_dim : 6
cnn_dim : 8
cnn_kernel_size : 3
rnn_dim : 8
rnn_dups : 2
rnn_layers : 2
dropout : 0
n_epochs : 200
lr : 0.001
metric : loss
batch_size: 2000
early_stop : 20
optimizer : adam
loss_type : mse
visible_GPU : 0
use_GPU : False
seed : None
[47643:MainThread](2026-07-22 01:28:51,823) INFO - qlib.timer - [log.py:127] - Time cost: 44.880s | Loading data Done
/Users/xuxin/.local/lib/python3.12/site-packages/numpy/lib/_nanfunctions_impl.py:1215: RuntimeWarning: All-NaN slice encountered
  return fnb._ureduce(a, func=_nanmedian, keepdims=keepdims,
[47643:MainThread](2026-07-22 01:28:57,613) INFO - qlib.timer - [log.py:127] - Time cost: 5.476s | RobustZScoreNorm Done
[47643:MainThread](2026-07-22 01:28:58,296) INFO - qlib.timer - [log.py:127] - Time cost: 0.682s | Fillna Done
[47643:MainThread](2026-07-22 01:28:58,806) INFO - qlib.timer - [log.py:127] - Time cost: 0.226s | DropnaLabel Done
/Users/xuxin/Documents/dev/qlib/qlib/data/dataset/processor.py:358: SettingWithCopyWarning: 
A value is trying to be set on a copy of a slice from a DataFrame.
Try using .loc[row_indexer,col_indexer] = value instead

See the caveats in the documentation: https://pandas.pydata.org/pandas-docs/stable/user_guide/indexing.html#returning-a-view-versus-a-copy
  df[cols] = t
[47643:MainThread](2026-07-22 01:28:58,965) INFO - qlib.timer - [log.py:127] - Time cost: 0.158s | CSRankNorm Done
[47643:MainThread](2026-07-22 01:28:58,977) INFO - qlib.timer - [log.py:127] - Time cost: 7.154s | fit & process data Done
[47643:MainThread](2026-07-22 01:28:58,977) INFO - qlib.timer - [log.py:127] - Time cost: 52.035s | Init data Done
[47643:MainThread](2026-07-22 01:28:58,978) WARNING - qlib.utils - [__init__.py:849] - The parameter `reweighter` with value `None` is ignored.
[47643:MainThread](2026-07-22 01:28:59,542) INFO - qlib.KRNN - [pytorch_krnn.py:458] - training...
[47643:MainThread](2026-07-22 01:28:59,542) INFO - qlib.KRNN - [pytorch_krnn.py:462] - Epoch0:
[47643:MainThread](2026-07-22 01:28:59,543) INFO - qlib.KRNN - [pytorch_krnn.py:463] - training...
[47643:MainThread](2026-07-22 01:29:30,727) INFO - qlib.KRNN - [pytorch_krnn.py:465] - evaluating...
[47643:MainThread](2026-07-22 01:29:46,958) INFO - qlib.KRNN - [pytorch_krnn.py:468] - train -0.997127, valid -0.996751
[47643:MainThread](2026-07-22 01:29:46,959) INFO - qlib.KRNN - [pytorch_krnn.py:462] - Epoch1:
[47643:MainThread](2026-07-22 01:29:46,959) INFO - qlib.KRNN - [pytorch_krnn.py:463] - training...
[47643:MainThread](2026-07-22 01:30:17,302) INFO - qlib.KRNN - [pytorch_krnn.py:465] - evaluating...
[47643:MainThread](2026-07-22 01:30:33,640) INFO - qlib.KRNN - [pytorch_krnn.py:468] - train -0.996613, valid -0.996286
[47643:MainThread](2026-07-22 01:30:33,640) INFO - qlib.KRNN - [pytorch_krnn.py:462] - Epoch2:
[47643:MainThread](2026-07-22 01:30:33,641) INFO - qlib.KRNN - [pytorch_krnn.py:463] - training...
[47643:MainThread](2026-07-22 01:31:04,333) INFO - qlib.KRNN - [pytorch_krnn.py:465] - evaluating...
[47643:MainThread](2026-07-22 01:31:20,975) INFO - qlib.KRNN - [pytorch_krnn.py:468] - train -0.996494, valid -0.996336
[47643:MainThread](2026-07-22 01:31:20,975) INFO - qlib.KRNN - [pytorch_krnn.py:462] - Epoch3:
[47643:MainThread](2026-07-22 01:31:20,975) INFO - qlib.KRNN - [pytorch_krnn.py:463] - training...
[47643:MainThread](2026-07-22 01:31:51,282) INFO - qlib.KRNN - [pytorch_krnn.py:465] - evaluating...
[47643:MainThread](2026-07-22 01:32:07,936) INFO - qlib.KRNN - [pytorch_krnn.py:468] - train -0.996180, valid -0.995604
[47643:MainThread](2026-07-22 01:32:07,938) INFO - qlib.KRNN - [pytorch_krnn.py:462] - Epoch4:
[47643:MainThread](2026-07-22 01:32:07,938) INFO - qlib.KRNN - [pytorch_krnn.py:463] - training...
[47643:MainThread](2026-07-22 01:32:38,212) INFO - qlib.KRNN - [pytorch_krnn.py:465] - evaluating...
[47643:MainThread](2026-07-22 01:32:54,683) INFO - qlib.KRNN - [pytorch_krnn.py:468] - train -0.995802, valid -0.994925
[47643:MainThread](2026-07-22 01:32:54,683) INFO - qlib.KRNN - [pytorch_krnn.py:462] - Epoch5:
[47643:MainThread](2026-07-22 01:32:54,684) INFO - qlib.KRNN - [pytorch_krnn.py:463] - training...
[47643:MainThread](2026-07-22 01:33:24,920) INFO - qlib.KRNN - [pytorch_krnn.py:465] - evaluating...
[47643:MainThread](2026-07-22 01:33:41,208) INFO - qlib.KRNN - [pytorch_krnn.py:468] - train -0.995527, valid -0.994894
[47643:MainThread](2026-07-22 01:33:41,209) INFO - qlib.KRNN - [pytorch_krnn.py:462] - Epoch6:
[47643:MainThread](2026-07-22 01:33:41,209) INFO - qlib.KRNN - [pytorch_krnn.py:463] - training...
[47643:MainThread](2026-07-22 01:34:11,539) INFO - qlib.KRNN - [pytorch_krnn.py:465] - evaluating...
[47643:MainThread](2026-07-22 01:34:27,862) INFO - qlib.KRNN - [pytorch_krnn.py:468] - train -0.995598, valid -0.995155
[47643:MainThread](2026-07-22 01:34:27,862) INFO - qlib.KRNN - [pytorch_krnn.py:462] - Epoch7:
[47643:MainThread](2026-07-22 01:34:27,862) INFO - qlib.KRNN - [pytorch_krnn.py:463] - training...
[47643:MainThread](2026-07-22 01:34:58,116) INFO - qlib.KRNN - [pytorch_krnn.py:465] - evaluating...
[47643:MainThread](2026-07-22 01:35:14,498) INFO - qlib.KRNN - [pytorch_krnn.py:468] - train -0.995197, valid -0.994706
[47643:MainThread](2026-07-22 01:35:14,499) INFO - qlib.KRNN - [pytorch_krnn.py:462] - Epoch8:
[47643:MainThread](2026-07-22 01:35:14,499) INFO - qlib.KRNN - [pytorch_krnn.py:463] - training...
[47643:MainThread](2026-07-22 01:35:44,643) INFO - qlib.KRNN - [pytorch_krnn.py:465] - evaluating...
[47643:MainThread](2026-07-22 01:36:01,092) INFO - qlib.KRNN - [pytorch_krnn.py:468] - train -0.994804, valid -0.995022
[47643:MainThread](2026-07-22 01:36:01,093) INFO - qlib.KRNN - [pytorch_krnn.py:462] - Epoch9:
[47643:MainThread](2026-07-22 01:36:01,093) INFO - qlib.KRNN - [pytorch_krnn.py:463] - training...
[47643:MainThread](2026-07-22 01:36:31,524) INFO - qlib.KRNN - [pytorch_krnn.py:465] - evaluating...
[47643:MainThread](2026-07-22 01:36:47,815) INFO - qlib.KRNN - [pytorch_krnn.py:468] - train -0.994665, valid -0.994534
[47643:MainThread](2026-07-22 01:36:47,816) INFO - qlib.KRNN - [pytorch_krnn.py:462] - Epoch10:
[47643:MainThread](2026-07-22 01:36:47,816) INFO - qlib.KRNN - [pytorch_krnn.py:463] - training...
[47643:MainThread](2026-07-22 01:37:18,120) INFO - qlib.KRNN - [pytorch_krnn.py:465] - evaluating...
[47643:MainThread](2026-07-22 01:37:34,368) INFO - qlib.KRNN - [pytorch_krnn.py:468] - train -0.994768, valid -0.994768
[47643:MainThread](2026-07-22 01:37:34,368) INFO - qlib.KRNN - [pytorch_krnn.py:462] - Epoch11:
[47643:MainThread](2026-07-22 01:37:34,368) INFO - qlib.KRNN - [pytorch_krnn.py:463] - training...
[47643:MainThread](2026-07-22 01:38:05,003) INFO - qlib.KRNN - [pytorch_krnn.py:465] - evaluating...
[47643:MainThread](2026-07-22 01:38:21,813) INFO - qlib.KRNN - [pytorch_krnn.py:468] - train -0.994610, valid -0.995019
[47643:MainThread](2026-07-22 01:38:21,813) INFO - qlib.KRNN - [pytorch_krnn.py:462] - Epoch12:
[47643:MainThread](2026-07-22 01:38:21,814) INFO - qlib.KRNN - [pytorch_krnn.py:463] - training...
[47643:MainThread](2026-07-22 01:38:52,455) INFO - qlib.KRNN - [pytorch_krnn.py:465] - evaluating...
[47643:MainThread](2026-07-22 01:39:09,013) INFO - qlib.KRNN - [pytorch_krnn.py:468] - train -0.994179, valid -0.994512
[47643:MainThread](2026-07-22 01:39:09,014) INFO - qlib.KRNN - [pytorch_krnn.py:462] - Epoch13:
[47643:MainThread](2026-07-22 01:39:09,014) INFO - qlib.KRNN - [pytorch_krnn.py:463] - training...
[47643:MainThread](2026-07-22 01:39:39,975) INFO - qlib.KRNN - [pytorch_krnn.py:465] - evaluating...
[47643:MainThread](2026-07-22 01:39:57,352) INFO - qlib.KRNN - [pytorch_krnn.py:468] - train -0.994480, valid -0.995376
[47643:MainThread](2026-07-22 01:39:57,352) INFO - qlib.KRNN - [pytorch_krnn.py:462] - Epoch14:
[47643:MainThread](2026-07-22 01:39:57,353) INFO - qlib.KRNN - [pytorch_krnn.py:463] - training...
[47643:MainThread](2026-07-22 01:40:28,591) INFO - qlib.KRNN - [pytorch_krnn.py:465] - evaluating...
[47643:MainThread](2026-07-22 01:40:45,157) INFO - qlib.KRNN - [pytorch_krnn.py:468] - train -0.993827, valid -0.994619
[47643:MainThread](2026-07-22 01:40:45,158) INFO - qlib.KRNN - [pytorch_krnn.py:462] - Epoch15:
[47643:MainThread](2026-07-22 01:40:45,158) INFO - qlib.KRNN - [pytorch_krnn.py:463] - training...
[47643:MainThread](2026-07-22 01:41:16,131) INFO - qlib.KRNN - [pytorch_krnn.py:465] - evaluating...
[47643:MainThread](2026-07-22 01:41:32,598) INFO - qlib.KRNN - [pytorch_krnn.py:468] - train -0.994253, valid -0.995620
[47643:MainThread](2026-07-22 01:41:32,598) INFO - qlib.KRNN - [pytorch_krnn.py:462] - Epoch16:
[47643:MainThread](2026-07-22 01:41:32,599) INFO - qlib.KRNN - [pytorch_krnn.py:463] - training...
[47643:MainThread](2026-07-22 01:42:02,843) INFO - qlib.KRNN - [pytorch_krnn.py:465] - evaluating...
[47643:MainThread](2026-07-22 01:42:19,145) INFO - qlib.KRNN - [pytorch_krnn.py:468] - train -0.993304, valid -0.994803
[47643:MainThread](2026-07-22 01:42:19,145) INFO - qlib.KRNN - [pytorch_krnn.py:462] - Epoch17:
[47643:MainThread](2026-07-22 01:42:19,146) INFO - qlib.KRNN - [pytorch_krnn.py:463] - training...
[47643:MainThread](2026-07-22 01:42:49,367) INFO - qlib.KRNN - [pytorch_krnn.py:465] - evaluating...
[47643:MainThread](2026-07-22 01:43:05,776) INFO - qlib.KRNN - [pytorch_krnn.py:468] - train -0.993570, valid -0.995707
[47643:MainThread](2026-07-22 01:43:05,776) INFO - qlib.KRNN - [pytorch_krnn.py:462] - Epoch18:
[47643:MainThread](2026-07-22 01:43:05,777) INFO - qlib.KRNN - [pytorch_krnn.py:463] - training...
[47643:MainThread](2026-07-22 01:43:36,796) INFO - qlib.KRNN - [pytorch_krnn.py:465] - evaluating...
[47643:MainThread](2026-07-22 01:43:53,463) INFO - qlib.KRNN - [pytorch_krnn.py:468] - train -0.992950, valid -0.995113
[47643:MainThread](2026-07-22 01:43:53,463) INFO - qlib.KRNN - [pytorch_krnn.py:462] - Epoch19:
[47643:MainThread](2026-07-22 01:43:53,463) INFO - qlib.KRNN - [pytorch_krnn.py:463] - training...
[47643:MainThread](2026-07-22 01:44:23,930) INFO - qlib.KRNN - [pytorch_krnn.py:465] - evaluating...
[47643:MainThread](2026-07-22 01:44:40,511) INFO - qlib.KRNN - [pytorch_krnn.py:468] - train -0.994303, valid -0.996372
[47643:MainThread](2026-07-22 01:44:40,511) INFO - qlib.KRNN - [pytorch_krnn.py:462] - Epoch20:
[47643:MainThread](2026-07-22 01:44:40,511) INFO - qlib.KRNN - [pytorch_krnn.py:463] - training...
[47643:MainThread](2026-07-22 01:45:11,004) INFO - qlib.KRNN - [pytorch_krnn.py:465] - evaluating...
[47643:MainThread](2026-07-22 01:45:27,718) INFO - qlib.KRNN - [pytorch_krnn.py:468] - train -0.992441, valid -0.995379
[47643:MainThread](2026-07-22 01:45:27,718) INFO - qlib.KRNN - [pytorch_krnn.py:462] - Epoch21:
[47643:MainThread](2026-07-22 01:45:27,718) INFO - qlib.KRNN - [pytorch_krnn.py:463] - training...
[47643:MainThread](2026-07-22 01:45:58,698) INFO - qlib.KRNN - [pytorch_krnn.py:465] - evaluating...
[47643:MainThread](2026-07-22 01:46:15,555) INFO - qlib.KRNN - [pytorch_krnn.py:468] - train -0.992427, valid -0.994885
[47643:MainThread](2026-07-22 01:46:15,555) INFO - qlib.KRNN - [pytorch_krnn.py:462] - Epoch22:
[47643:MainThread](2026-07-22 01:46:15,555) INFO - qlib.KRNN - [pytorch_krnn.py:463] - training...
[47643:MainThread](2026-07-22 01:46:46,410) INFO - qlib.KRNN - [pytorch_krnn.py:465] - evaluating...
[47643:MainThread](2026-07-22 01:47:03,092) INFO - qlib.KRNN - [pytorch_krnn.py:468] - train -0.992167, valid -0.995174
[47643:MainThread](2026-07-22 01:47:03,092) INFO - qlib.KRNN - [pytorch_krnn.py:462] - Epoch23:
[47643:MainThread](2026-07-22 01:47:03,092) INFO - qlib.KRNN - [pytorch_krnn.py:463] - training...
[47643:MainThread](2026-07-22 01:47:33,592) INFO - qlib.KRNN - [pytorch_krnn.py:465] - evaluating...
[47643:MainThread](2026-07-22 01:47:50,020) INFO - qlib.KRNN - [pytorch_krnn.py:468] - train -0.991904, valid -0.994903
[47643:MainThread](2026-07-22 01:47:50,020) INFO - qlib.KRNN - [pytorch_krnn.py:462] - Epoch24:
[47643:MainThread](2026-07-22 01:47:50,020) INFO - qlib.KRNN - [pytorch_krnn.py:463] - training...
[47643:MainThread](2026-07-22 01:48:20,859) INFO - qlib.KRNN - [pytorch_krnn.py:465] - evaluating...
[47643:MainThread](2026-07-22 01:48:37,607) INFO - qlib.KRNN - [pytorch_krnn.py:468] - train -0.991912, valid -0.995122
[47643:MainThread](2026-07-22 01:48:37,607) INFO - qlib.KRNN - [pytorch_krnn.py:462] - Epoch25:
[47643:MainThread](2026-07-22 01:48:37,608) INFO - qlib.KRNN - [pytorch_krnn.py:463] - training...
[47643:MainThread](2026-07-22 01:49:08,252) INFO - qlib.KRNN - [pytorch_krnn.py:465] - evaluating...
[47643:MainThread](2026-07-22 01:49:24,830) INFO - qlib.KRNN - [pytorch_krnn.py:468] - train -0.991796, valid -0.995131
[47643:MainThread](2026-07-22 01:49:24,830) INFO - qlib.KRNN - [pytorch_krnn.py:462] - Epoch26:
[47643:MainThread](2026-07-22 01:49:24,831) INFO - qlib.KRNN - [pytorch_krnn.py:463] - training...
[47643:MainThread](2026-07-22 01:49:55,475) INFO - qlib.KRNN - [pytorch_krnn.py:465] - evaluating...
[47643:MainThread](2026-07-22 01:50:12,089) INFO - qlib.KRNN - [pytorch_krnn.py:468] - train -0.991389, valid -0.994879
[47643:MainThread](2026-07-22 01:50:12,089) INFO - qlib.KRNN - [pytorch_krnn.py:462] - Epoch27:
[47643:MainThread](2026-07-22 01:50:12,090) INFO - qlib.KRNN - [pytorch_krnn.py:463] - training...
[47643:MainThread](2026-07-22 01:50:42,791) INFO - qlib.KRNN - [pytorch_krnn.py:465] - evaluating...
[47643:MainThread](2026-07-22 01:50:59,481) INFO - qlib.KRNN - [pytorch_krnn.py:468] - train -0.991335, valid -0.995296
[47643:MainThread](2026-07-22 01:50:59,481) INFO - qlib.KRNN - [pytorch_krnn.py:462] - Epoch28:
[47643:MainThread](2026-07-22 01:50:59,481) INFO - qlib.KRNN - [pytorch_krnn.py:463] - training...
[47643:MainThread](2026-07-22 01:51:30,119) INFO - qlib.KRNN - [pytorch_krnn.py:465] - evaluating...
[47643:MainThread](2026-07-22 01:51:46,816) INFO - qlib.KRNN - [pytorch_krnn.py:468] - train -0.991612, valid -0.995229
[47643:MainThread](2026-07-22 01:51:46,816) INFO - qlib.KRNN - [pytorch_krnn.py:462] - Epoch29:
[47643:MainThread](2026-07-22 01:51:46,816) INFO - qlib.KRNN - [pytorch_krnn.py:463] - training...
[47643:MainThread](2026-07-22 01:52:17,633) INFO - qlib.KRNN - [pytorch_krnn.py:465] - evaluating...
[47643:MainThread](2026-07-22 01:52:34,327) INFO - qlib.KRNN - [pytorch_krnn.py:468] - train -0.991157, valid -0.994775
[47643:MainThread](2026-07-22 01:52:34,328) INFO - qlib.KRNN - [pytorch_krnn.py:462] - Epoch30:
[47643:MainThread](2026-07-22 01:52:34,328) INFO - qlib.KRNN - [pytorch_krnn.py:463] - training...
[47643:MainThread](2026-07-22 01:53:05,236) INFO - qlib.KRNN - [pytorch_krnn.py:465] - evaluating...
[47643:MainThread](2026-07-22 01:53:21,889) INFO - qlib.KRNN - [pytorch_krnn.py:468] - train -0.990858, valid -0.994930
[47643:MainThread](2026-07-22 01:53:21,889) INFO - qlib.KRNN - [pytorch_krnn.py:462] - Epoch31:
[47643:MainThread](2026-07-22 01:53:21,889) INFO - qlib.KRNN - [pytorch_krnn.py:463] - training...
[47643:MainThread](2026-07-22 01:53:52,699) INFO - qlib.KRNN - [pytorch_krnn.py:465] - evaluating...
[47643:MainThread](2026-07-22 01:54:09,345) INFO - qlib.KRNN - [pytorch_krnn.py:468] - train -0.990843, valid -0.994603
[47643:MainThread](2026-07-22 01:54:09,345) INFO - qlib.KRNN - [pytorch_krnn.py:462] - Epoch32:
[47643:MainThread](2026-07-22 01:54:09,346) INFO - qlib.KRNN - [pytorch_krnn.py:463] - training...
[47643:MainThread](2026-07-22 01:54:40,130) INFO - qlib.KRNN - [pytorch_krnn.py:465] - evaluating...
[47643:MainThread](2026-07-22 01:54:56,713) INFO - qlib.KRNN - [pytorch_krnn.py:468] - train -0.990640, valid -0.995118
[47643:MainThread](2026-07-22 01:54:56,714) INFO - qlib.KRNN - [pytorch_krnn.py:480] - early stop
[47643:MainThread](2026-07-22 01:54:56,714) INFO - qlib.KRNN - [pytorch_krnn.py:483] - best score: -0.994512 @ 12
[47643:MainThread](2026-07-22 01:54:56,777) INFO - qlib.fill_placeholder - [__init__.py:798] - <PRED> lookes like a placeholder, but it can't match to any given values
Gym has been unmaintained since 2022 and does not support NumPy 2.0 amongst other critical functionality.
Please upgrade to Gymnasium, the maintained drop-in replacement of Gym, or contact the authors of your software and request that they upgrade.
Users of this version of Gym should be able to simply replace 'import gym' with 'import gymnasium as gym' in the vast majority of cases.
See the migration guide at https://gymnasium.farama.org/introduction/migration_guide/ for additional information.
[47643:MainThread](2026-07-22 01:55:03,689) INFO - qlib.workflow - [record_temp.py:197] - Signal record 'pred.pkl' has been saved as the artifact of the Experiment 649000481772660331
/Users/xuxin/.local/lib/python3.12/site-packages/pandas/core/nanops.py:1632: ConstantInputWarning: An input array is constant; the correlation coefficient is not defined.
  return spearmanr(a, b)[0]
[47643:MainThread](2026-07-22 01:55:03,986) INFO - qlib.backtest caller - [__init__.py:93] - Create new exchange
[47643:MainThread](2026-07-22 01:55:12,868) WARNING - qlib.online operator - [exchange.py:219] - $close field data contains nan.
[47643:MainThread](2026-07-22 01:55:12,869) WARNING - qlib.online operator - [exchange.py:219] - $close field data contains nan.
[47643:MainThread](2026-07-22 01:55:12,871) WARNING - qlib.online operator - [exchange.py:226] - factor.day.bin file not exists or factor contains `nan`. Order using adjusted_price.
[47643:MainThread](2026-07-22 01:55:12,871) WARNING - qlib.online operator - [exchange.py:228] - trade unit 100 is not supported in adjusted_price mode.
[47643:MainThread](2026-07-22 01:55:20,778) WARNING - qlib.data - [data.py:665] - load calendar error: freq=day, future=True; return current calendar!
[47643:MainThread](2026-07-22 01:55:20,779) WARNING - qlib.data - [data.py:668] - You can get future calendar by referring to the following document: https://github.com/microsoft/qlib/blob/main/scripts/data_collector/contrib/README.md
[47643:MainThread](2026-07-22 01:55:20,784) WARNING - qlib.BaseExecutor - [executor.py:121] - `common_infra` is not set for <qlib.backtest.executor.SimulatorExecutor object at 0x1288e60f0>

backtest loop:   0%|          | 0/871 [00:00<?, ?it/s]/Users/xuxin/Documents/dev/qlib/qlib/utils/index_data.py:492: RuntimeWarning: Mean of empty slice
  return np.nanmean(self.data)

backtest loop:   3%|▎         | 23/871 [00:00<00:03, 223.32it/s]
backtest loop:   5%|▌         | 47/871 [00:00<00:03, 229.22it/s]
backtest loop:   8%|▊         | 72/871 [00:00<00:03, 229.85it/s]
backtest loop:  11%|█         | 96/871 [00:00<00:03, 232.99it/s]
backtest loop:  14%|█▍        | 121/871 [00:00<00:03, 236.98it/s]
backtest loop:  17%|█▋        | 146/871 [00:00<00:03, 240.35it/s]
backtest loop:  20%|█▉        | 171/871 [00:00<00:02, 242.38it/s]
backtest loop:  23%|██▎       | 196/871 [00:00<00:02, 243.46it/s]
backtest loop:  25%|██▌       | 221/871 [00:00<00:02, 243.75it/s]
backtest loop:  28%|██▊       | 246/871 [00:01<00:02, 243.99it/s]
backtest loop:  31%|███       | 271/871 [00:01<00:02, 244.12it/s]
backtest loop:  34%|███▍      | 296/871 [00:01<00:02, 240.21it/s]
backtest loop:  37%|███▋      | 321/871 [00:01<00:02, 238.52it/s]
backtest loop:  40%|███▉      | 346/871 [00:01<00:02, 240.54it/s]
backtest loop:  43%|████▎     | 372/871 [00:01<00:02, 245.94it/s]
backtest loop:  46%|████▌     | 398/871 [00:01<00:01, 244.52it/s]
backtest loop:  49%|████▊     | 423/871 [00:01<00:01, 244.03it/s]
backtest loop:  51%|█████▏    | 448/871 [00:01<00:01, 244.60it/s]
backtest loop:  54%|█████▍    | 473/871 [00:01<00:01, 243.69it/s]
backtest loop:  57%|█████▋    | 498/871 [00:02<00:01, 242.76it/s]
backtest loop:  60%|██████    | 523/871 [00:02<00:01, 242.79it/s]
backtest loop:  63%|██████▎   | 548/871 [00:02<00:01, 242.80it/s]/Users/xuxin/Documents/dev/qlib/qlib/utils/index_data.py:492: RuntimeWarning: Mean of empty slice
  return np.nanmean(self.data)
/Users/xuxin/Documents/dev/qlib/qlib/utils/index_data.py:492: RuntimeWarning: Mean of empty slice
  return np.nanmean(self.data)

backtest loop:  66%|██████▌   | 573/871 [00:02<00:01, 243.97it/s]
backtest loop:  69%|██████▊   | 598/871 [00:02<00:01, 242.48it/s]
backtest loop:  72%|███████▏  | 623/871 [00:02<00:01, 241.90it/s]
backtest loop:  74%|███████▍  | 648/871 [00:02<00:00, 242.14it/s]
backtest loop:  77%|███████▋  | 673/871 [00:02<00:00, 237.49it/s]
backtest loop:  80%|████████  | 697/871 [00:02<00:00, 237.39it/s]
backtest loop:  83%|████████▎ | 721/871 [00:02<00:00, 237.74it/s]
backtest loop:  86%|████████▌ | 745/871 [00:03<00:00, 234.22it/s]
backtest loop:  88%|████████▊ | 769/871 [00:03<00:00, 235.73it/s]
backtest loop:  91%|█████████ | 793/871 [00:03<00:00, 236.67it/s]
backtest loop:  94%|█████████▍| 817/871 [00:03<00:00, 237.32it/s]
backtest loop:  97%|█████████▋| 841/871 [00:03<00:00, 185.39it/s]
backtest loop:  99%|█████████▉| 865/871 [00:03<00:00, 198.71it/s]
backtest loop: 100%|██████████| 871/871 [00:03<00:00, 233.63it/s]
[47643:MainThread](2026-07-22 01:55:24,537) INFO - qlib.workflow - [record_temp.py:520] - Portfolio analysis record 'port_analysis_1day.pkl' has been saved as the artifact of the Experiment 649000481772660331
[47643:MainThread](2026-07-22 01:55:24,540) INFO - qlib.workflow - [record_temp.py:545] - Indicator analysis record 'indicator_analysis_1day.pkl' has been saved as the artifact of the Experiment 649000481772660331
[47643:MainThread](2026-07-22 01:55:24,849) INFO - qlib.timer - [log.py:127] - Time cost: 0.000s | waiting `async_log` Done
