'The following are prediction results of the GATs model.'
                          score
datetime   instrument          
2017-01-03 SH600000   -0.012700
2017-01-04 SH600000   -0.014177
2017-01-05 SH600000   -0.002772
2017-01-06 SH600000    0.025348
2017-01-09 SH600000    0.018713
{'IC': np.float64(0.048042281489420156),
 'ICIR': np.float64(0.33821393679693434),
 'Rank IC': np.float64(0.0551927198561225),
 'Rank ICIR': np.float64(0.3929841443410621)}
'The following are analysis results of benchmark return(1day).'
                       risk
mean               0.000477
std                0.012295
annualized_return  0.113561
information_ratio  0.598699
max_drawdown      -0.370479
'The following are analysis results of the excess return without cost(1day).'
                       risk
mean               0.000777
std                0.004891
annualized_return  0.184818
information_ratio  2.449496
max_drawdown      -0.074770
'The following are analysis results of the excess return with cost(1day).'
                       risk
mean               0.000606
std                0.004888
annualized_return  0.144248
information_ratio  1.912835
max_drawdown      -0.082137
'The following are analysis results of indicators(1day).'
     value
ffr    1.0
pa     0.0
pos    0.0

[22129:MainThread](2026-07-21 18:20:24,464) INFO - qlib.qrun - [run.py:78] - Render the template with the context: {}
[22129:MainThread](2026-07-21 18:20:24,471) INFO - qlib.Initialization - [config.py:453] - default_conf: client.
[22129:MainThread](2026-07-21 18:20:24,473) INFO - qlib.Initialization - [__init__.py:82] - qlib successfully initialized based on client settings.
[22129:MainThread](2026-07-21 18:20:24,473) INFO - qlib.Initialization - [__init__.py:84] - data_path={'__DEFAULT_FREQ': PosixPath('/Users/xuxin/.qlib/qlib_data/cn_data')}
[22129:MainThread](2026-07-21 18:20:24,482) WARNING - qlib.workflow - [expm.py:230] - No valid experiment found. Create a new experiment with name trav_deep1b_GATs_gats_Alpha158_1.
[22129:MainThread](2026-07-21 18:20:24,485) INFO - qlib.workflow - [exp.py:258] - Experiment 679353222105714106 starts running ...
[22129:MainThread](2026-07-21 18:20:25,158) INFO - qlib.workflow - [recorder.py:345] - Recorder 804f85d6539f470896e4d10cb478092c starts running under Experiment 679353222105714106 ...
[22129:MainThread](2026-07-21 18:20:28,340) INFO - qlib.GATs - [pytorch_gats_ts.py:82] - GATs pytorch version...
[22129:MainThread](2026-07-21 18:20:28,340) INFO - qlib.GATs - [pytorch_gats_ts.py:101] - GATs parameters setting:
d_feat : 20
hidden_size : 64
num_layers : 2
dropout : 0.7
n_epochs : 200
lr : 0.0001
metric : loss
early_stop : 10
optimizer : adam
loss_type : mse
base_model : LSTM
model_path : /Users/xuxin/Documents/dev/qlib/examples/benchmarks/LSTM/csi300_lstm_ts.pkl
visible_GPU : 0
use_GPU : False
seed : None
[22129:MainThread](2026-07-21 18:20:28,343) INFO - qlib.GATs - [pytorch_gats_ts.py:147] - model:
GATModel(
  (rnn): LSTM(20, 64, num_layers=2, batch_first=True, dropout=0.7)
  (transformation): Linear(in_features=64, out_features=64, bias=True)
  (fc): Linear(in_features=64, out_features=64, bias=True)
  (fc_out): Linear(in_features=64, out_features=1, bias=True)
  (leaky_relu): LeakyReLU(negative_slope=0.01)
  (softmax): Softmax(dim=1)
)
[22129:MainThread](2026-07-21 18:20:28,343) INFO - qlib.GATs - [pytorch_gats_ts.py:148] - model size: 0.0609 MB
[22129:MainThread](2026-07-21 18:20:47,440) INFO - qlib.timer - [log.py:127] - Time cost: 17.151s | Loading data Done
[22129:MainThread](2026-07-21 18:20:47,575) INFO - qlib.timer - [log.py:127] - Time cost: 0.011s | FilterCol Done
/Users/xuxin/Documents/dev/qlib/qlib/data/dataset/processor.py:296: SettingWithCopyWarning: 
A value is trying to be set on a copy of a slice from a DataFrame.
Try using .loc[row_indexer,col_indexer] = value instead

See the caveats in the documentation: https://pandas.pydata.org/pandas-docs/stable/user_guide/indexing.html#returning-a-view-versus-a-copy
  df[self.cols] = X
[22129:MainThread](2026-07-21 18:20:47,821) INFO - qlib.timer - [log.py:127] - Time cost: 0.246s | RobustZScoreNorm Done
/Users/xuxin/Documents/dev/qlib/qlib/data/dataset/processor.py:192: SettingWithCopyWarning: 
A value is trying to be set on a copy of a slice from a DataFrame.
Try using .loc[row_indexer,col_indexer] = value instead

See the caveats in the documentation: https://pandas.pydata.org/pandas-docs/stable/user_guide/indexing.html#returning-a-view-versus-a-copy
  df[self.fields_group] = df[self.fields_group].fillna(self.fill_value)
[22129:MainThread](2026-07-21 18:20:47,861) INFO - qlib.timer - [log.py:127] - Time cost: 0.040s | Fillna Done
[22129:MainThread](2026-07-21 18:20:47,891) INFO - qlib.timer - [log.py:127] - Time cost: 0.015s | DropnaLabel Done
/Users/xuxin/Documents/dev/qlib/qlib/data/dataset/processor.py:358: SettingWithCopyWarning: 
A value is trying to be set on a copy of a slice from a DataFrame.
Try using .loc[row_indexer,col_indexer] = value instead

See the caveats in the documentation: https://pandas.pydata.org/pandas-docs/stable/user_guide/indexing.html#returning-a-view-versus-a-copy
  df[cols] = t
[22129:MainThread](2026-07-21 18:20:48,045) INFO - qlib.timer - [log.py:127] - Time cost: 0.154s | CSRankNorm Done
[22129:MainThread](2026-07-21 18:20:48,046) INFO - qlib.timer - [log.py:127] - Time cost: 0.605s | fit & process data Done
[22129:MainThread](2026-07-21 18:20:48,046) INFO - qlib.timer - [log.py:127] - Time cost: 17.757s | Init data Done
[22129:MainThread](2026-07-21 18:20:48,058) WARNING - qlib.utils - [__init__.py:849] - The parameter `reweighter` with value `None` is ignored.
[22129:MainThread](2026-07-21 18:20:48,777) INFO - qlib.GATs - [pytorch_gats_ts.py:271] - Loading pretrained model...
[22129:MainThread](2026-07-21 18:20:48,784) INFO - qlib.GATs - [pytorch_gats_ts.py:280] - Loading pretrained model Done...
[22129:MainThread](2026-07-21 18:20:48,784) INFO - qlib.GATs - [pytorch_gats_ts.py:283] - training...
[22129:MainThread](2026-07-21 18:20:48,784) INFO - qlib.GATs - [pytorch_gats_ts.py:287] - Epoch0:
[22129:MainThread](2026-07-21 18:20:48,785) INFO - qlib.GATs - [pytorch_gats_ts.py:288] - training...
[22129:MainThread](2026-07-21 18:21:38,051) INFO - qlib.GATs - [pytorch_gats_ts.py:290] - evaluating...
[22129:MainThread](2026-07-21 18:22:08,848) INFO - qlib.GATs - [pytorch_gats_ts.py:293] - train -0.987211, valid -0.993399
[22129:MainThread](2026-07-21 18:22:08,850) INFO - qlib.GATs - [pytorch_gats_ts.py:287] - Epoch1:
[22129:MainThread](2026-07-21 18:22:08,850) INFO - qlib.GATs - [pytorch_gats_ts.py:288] - training...
[22129:MainThread](2026-07-21 18:22:57,829) INFO - qlib.GATs - [pytorch_gats_ts.py:290] - evaluating...
[22129:MainThread](2026-07-21 18:23:28,288) INFO - qlib.GATs - [pytorch_gats_ts.py:293] - train -0.986321, valid -0.993592
[22129:MainThread](2026-07-21 18:23:28,289) INFO - qlib.GATs - [pytorch_gats_ts.py:287] - Epoch2:
[22129:MainThread](2026-07-21 18:23:28,289) INFO - qlib.GATs - [pytorch_gats_ts.py:288] - training...
[22129:MainThread](2026-07-21 18:24:17,175) INFO - qlib.GATs - [pytorch_gats_ts.py:290] - evaluating...
[22129:MainThread](2026-07-21 18:24:47,826) INFO - qlib.GATs - [pytorch_gats_ts.py:293] - train -0.985429, valid -0.993741
[22129:MainThread](2026-07-21 18:24:47,827) INFO - qlib.GATs - [pytorch_gats_ts.py:287] - Epoch3:
[22129:MainThread](2026-07-21 18:24:47,827) INFO - qlib.GATs - [pytorch_gats_ts.py:288] - training...
[22129:MainThread](2026-07-21 18:25:36,679) INFO - qlib.GATs - [pytorch_gats_ts.py:290] - evaluating...
[22129:MainThread](2026-07-21 18:26:07,290) INFO - qlib.GATs - [pytorch_gats_ts.py:293] - train -0.984862, valid -0.993445
[22129:MainThread](2026-07-21 18:26:07,290) INFO - qlib.GATs - [pytorch_gats_ts.py:287] - Epoch4:
[22129:MainThread](2026-07-21 18:26:07,290) INFO - qlib.GATs - [pytorch_gats_ts.py:288] - training...
[22129:MainThread](2026-07-21 18:26:55,588) INFO - qlib.GATs - [pytorch_gats_ts.py:290] - evaluating...
[22129:MainThread](2026-07-21 18:27:26,069) INFO - qlib.GATs - [pytorch_gats_ts.py:293] - train -0.984290, valid -0.994059
[22129:MainThread](2026-07-21 18:27:26,069) INFO - qlib.GATs - [pytorch_gats_ts.py:287] - Epoch5:
[22129:MainThread](2026-07-21 18:27:26,070) INFO - qlib.GATs - [pytorch_gats_ts.py:288] - training...
[22129:MainThread](2026-07-21 18:28:14,536) INFO - qlib.GATs - [pytorch_gats_ts.py:290] - evaluating...
[22129:MainThread](2026-07-21 18:28:45,013) INFO - qlib.GATs - [pytorch_gats_ts.py:293] - train -0.983694, valid -0.993755
[22129:MainThread](2026-07-21 18:28:45,013) INFO - qlib.GATs - [pytorch_gats_ts.py:287] - Epoch6:
[22129:MainThread](2026-07-21 18:28:45,013) INFO - qlib.GATs - [pytorch_gats_ts.py:288] - training...
[22129:MainThread](2026-07-21 18:29:33,887) INFO - qlib.GATs - [pytorch_gats_ts.py:290] - evaluating...
[22129:MainThread](2026-07-21 18:30:04,855) INFO - qlib.GATs - [pytorch_gats_ts.py:293] - train -0.983175, valid -0.994296
[22129:MainThread](2026-07-21 18:30:04,856) INFO - qlib.GATs - [pytorch_gats_ts.py:287] - Epoch7:
[22129:MainThread](2026-07-21 18:30:04,856) INFO - qlib.GATs - [pytorch_gats_ts.py:288] - training...
[22129:MainThread](2026-07-21 18:30:53,807) INFO - qlib.GATs - [pytorch_gats_ts.py:290] - evaluating...
[22129:MainThread](2026-07-21 18:31:24,583) INFO - qlib.GATs - [pytorch_gats_ts.py:293] - train -0.982790, valid -0.994373
[22129:MainThread](2026-07-21 18:31:24,583) INFO - qlib.GATs - [pytorch_gats_ts.py:287] - Epoch8:
[22129:MainThread](2026-07-21 18:31:24,583) INFO - qlib.GATs - [pytorch_gats_ts.py:288] - training...
[22129:MainThread](2026-07-21 18:32:13,397) INFO - qlib.GATs - [pytorch_gats_ts.py:290] - evaluating...
[22129:MainThread](2026-07-21 18:32:44,329) INFO - qlib.GATs - [pytorch_gats_ts.py:293] - train -0.982423, valid -0.994503
[22129:MainThread](2026-07-21 18:32:44,330) INFO - qlib.GATs - [pytorch_gats_ts.py:287] - Epoch9:
[22129:MainThread](2026-07-21 18:32:44,330) INFO - qlib.GATs - [pytorch_gats_ts.py:288] - training...
[22129:MainThread](2026-07-21 18:33:33,558) INFO - qlib.GATs - [pytorch_gats_ts.py:290] - evaluating...
[22129:MainThread](2026-07-21 18:34:04,329) INFO - qlib.GATs - [pytorch_gats_ts.py:293] - train -0.981925, valid -0.994945
[22129:MainThread](2026-07-21 18:34:04,329) INFO - qlib.GATs - [pytorch_gats_ts.py:287] - Epoch10:
[22129:MainThread](2026-07-21 18:34:04,329) INFO - qlib.GATs - [pytorch_gats_ts.py:288] - training...
[22129:MainThread](2026-07-21 18:34:53,419) INFO - qlib.GATs - [pytorch_gats_ts.py:290] - evaluating...
[22129:MainThread](2026-07-21 18:35:24,102) INFO - qlib.GATs - [pytorch_gats_ts.py:293] - train -0.981521, valid -0.994809
[22129:MainThread](2026-07-21 18:35:24,103) INFO - qlib.GATs - [pytorch_gats_ts.py:305] - early stop
[22129:MainThread](2026-07-21 18:35:24,103) INFO - qlib.GATs - [pytorch_gats_ts.py:308] - best score: -0.993399 @ 0
[22129:MainThread](2026-07-21 18:35:24,115) INFO - qlib.fill_placeholder - [__init__.py:798] - <PRED> lookes like a placeholder, but it can't match to any given values
Gym has been unmaintained since 2022 and does not support NumPy 2.0 amongst other critical functionality.
Please upgrade to Gymnasium, the maintained drop-in replacement of Gym, or contact the authors of your software and request that they upgrade.
Users of this version of Gym should be able to simply replace 'import gym' with 'import gymnasium as gym' in the vast majority of cases.
See the migration guide at https://gymnasium.farama.org/introduction/migration_guide/ for additional information.
[22129:MainThread](2026-07-21 18:35:36,630) INFO - qlib.workflow - [record_temp.py:197] - Signal record 'pred.pkl' has been saved as the artifact of the Experiment 679353222105714106
[22129:MainThread](2026-07-21 18:35:36,924) INFO - qlib.backtest caller - [__init__.py:93] - Create new exchange
[22129:MainThread](2026-07-21 18:35:44,576) WARNING - qlib.online operator - [exchange.py:219] - $close field data contains nan.
[22129:MainThread](2026-07-21 18:35:44,576) WARNING - qlib.online operator - [exchange.py:219] - $close field data contains nan.
[22129:MainThread](2026-07-21 18:35:44,578) WARNING - qlib.online operator - [exchange.py:226] - factor.day.bin file not exists or factor contains `nan`. Order using adjusted_price.
[22129:MainThread](2026-07-21 18:35:44,578) WARNING - qlib.online operator - [exchange.py:228] - trade unit 100 is not supported in adjusted_price mode.
[22129:MainThread](2026-07-21 18:35:52,363) WARNING - qlib.data - [data.py:665] - load calendar error: freq=day, future=True; return current calendar!
[22129:MainThread](2026-07-21 18:35:52,363) WARNING - qlib.data - [data.py:668] - You can get future calendar by referring to the following document: https://github.com/microsoft/qlib/blob/main/scripts/data_collector/contrib/README.md
[22129:MainThread](2026-07-21 18:35:52,367) WARNING - qlib.BaseExecutor - [executor.py:121] - `common_infra` is not set for <qlib.backtest.executor.SimulatorExecutor object at 0x12e230680>

backtest loop:   0%|          | 0/871 [00:00<?, ?it/s]/Users/xuxin/Documents/dev/qlib/qlib/utils/index_data.py:492: RuntimeWarning: Mean of empty slice
  return np.nanmean(self.data)

backtest loop:   1%|▏         | 12/871 [00:00<00:07, 118.55it/s]
backtest loop:   3%|▎         | 24/871 [00:00<00:07, 113.29it/s]
backtest loop:   4%|▍         | 37/871 [00:00<00:07, 117.81it/s]
backtest loop:   6%|▌         | 49/871 [00:00<00:07, 116.41it/s]
backtest loop:   7%|▋         | 62/871 [00:00<00:06, 116.50it/s]
backtest loop:   8%|▊         | 74/871 [00:00<00:06, 116.15it/s]
backtest loop:  10%|▉         | 86/871 [00:00<00:06, 115.32it/s]
backtest loop:  11%|█▏        | 99/871 [00:00<00:06, 115.94it/s]
backtest loop:  13%|█▎        | 112/871 [00:00<00:06, 118.43it/s]
backtest loop:  14%|█▍        | 124/871 [00:01<00:06, 116.83it/s]
backtest loop:  16%|█▌        | 137/871 [00:01<00:06, 118.43it/s]
backtest loop:  17%|█▋        | 149/871 [00:01<00:06, 118.39it/s]
backtest loop:  19%|█▊        | 162/871 [00:01<00:05, 120.10it/s]
backtest loop:  20%|██        | 175/871 [00:01<00:05, 119.65it/s]
backtest loop:  22%|██▏       | 188/871 [00:01<00:05, 121.48it/s]
backtest loop:  23%|██▎       | 201/871 [00:01<00:05, 120.61it/s]
backtest loop:  25%|██▍       | 214/871 [00:01<00:05, 120.60it/s]
backtest loop:  26%|██▌       | 227/871 [00:01<00:05, 121.38it/s]
backtest loop:  28%|██▊       | 240/871 [00:02<00:05, 121.16it/s]
backtest loop:  29%|██▉       | 253/871 [00:02<00:05, 120.72it/s]
backtest loop:  31%|███       | 266/871 [00:02<00:04, 121.19it/s]
backtest loop:  32%|███▏      | 279/871 [00:02<00:05, 117.67it/s]
backtest loop:  34%|███▎      | 292/871 [00:02<00:04, 119.88it/s]
backtest loop:  35%|███▌      | 305/871 [00:02<00:04, 119.65it/s]
backtest loop:  36%|███▋      | 317/871 [00:02<00:04, 119.33it/s]
backtest loop:  38%|███▊      | 329/871 [00:02<00:04, 118.78it/s]
backtest loop:  39%|███▉      | 341/871 [00:02<00:04, 118.76it/s]
backtest loop:  41%|████      | 354/871 [00:02<00:04, 119.12it/s]
backtest loop:  42%|████▏     | 367/871 [00:03<00:04, 121.61it/s]
backtest loop:  44%|████▎     | 380/871 [00:03<00:04, 121.06it/s]
backtest loop:  45%|████▌     | 393/871 [00:03<00:03, 121.68it/s]
backtest loop:  47%|████▋     | 406/871 [00:03<00:03, 122.70it/s]
backtest loop:  48%|████▊     | 419/871 [00:03<00:03, 122.49it/s]
backtest loop:  50%|████▉     | 432/871 [00:03<00:03, 121.99it/s]
backtest loop:  51%|█████     | 445/871 [00:03<00:03, 123.02it/s]
backtest loop:  53%|█████▎    | 458/871 [00:03<00:03, 121.92it/s]
backtest loop:  54%|█████▍    | 471/871 [00:03<00:03, 122.21it/s]
backtest loop:  56%|█████▌    | 484/871 [00:04<00:03, 120.61it/s]
backtest loop:  57%|█████▋    | 497/871 [00:04<00:03, 119.23it/s]
backtest loop:  59%|█████▊    | 510/871 [00:04<00:03, 118.28it/s]
backtest loop:  60%|██████    | 523/871 [00:04<00:02, 119.55it/s]
backtest loop:  61%|██████▏   | 535/871 [00:04<00:02, 118.36it/s]
backtest loop:  63%|██████▎   | 548/871 [00:04<00:02, 119.27it/s]
backtest loop:  64%|██████▍   | 560/871 [00:04<00:02, 118.03it/s]/Users/xuxin/Documents/dev/qlib/qlib/utils/index_data.py:492: RuntimeWarning: Mean of empty slice
  return np.nanmean(self.data)
/Users/xuxin/Documents/dev/qlib/qlib/utils/index_data.py:492: RuntimeWarning: Mean of empty slice
  return np.nanmean(self.data)

backtest loop:  66%|██████▌   | 573/871 [00:04<00:02, 120.14it/s]
backtest loop:  67%|██████▋   | 586/871 [00:04<00:02, 119.17it/s]
backtest loop:  69%|██████▉   | 599/871 [00:05<00:02, 120.15it/s]
backtest loop:  70%|███████   | 612/871 [00:05<00:02, 119.15it/s]
backtest loop:  72%|███████▏  | 625/871 [00:05<00:02, 117.99it/s]
backtest loop:  73%|███████▎  | 638/871 [00:05<00:01, 119.18it/s]
backtest loop:  75%|███████▍  | 650/871 [00:05<00:01, 118.29it/s]
backtest loop:  76%|███████▌  | 663/871 [00:05<00:01, 119.28it/s]
backtest loop:  77%|███████▋  | 675/871 [00:05<00:01, 116.17it/s]
backtest loop:  79%|███████▉  | 688/871 [00:05<00:01, 117.93it/s]
backtest loop:  80%|████████  | 700/871 [00:05<00:01, 116.49it/s]
backtest loop:  82%|████████▏ | 713/871 [00:05<00:01, 117.93it/s]
backtest loop:  83%|████████▎ | 725/871 [00:06<00:01, 116.19it/s]
backtest loop:  85%|████████▍ | 737/871 [00:06<00:01, 115.18it/s]
backtest loop:  86%|████████▌ | 749/871 [00:06<00:01, 115.42it/s]
backtest loop:  87%|████████▋ | 762/871 [00:06<00:00, 115.46it/s]
backtest loop:  89%|████████▉ | 774/871 [00:06<00:00, 113.49it/s]
backtest loop:  90%|█████████ | 786/871 [00:06<00:00, 114.15it/s]
backtest loop:  92%|█████████▏| 798/871 [00:06<00:00, 112.26it/s]
backtest loop:  93%|█████████▎| 810/871 [00:06<00:00, 110.71it/s]
backtest loop:  94%|█████████▍| 822/871 [00:07<00:00, 87.32it/s] 
backtest loop:  96%|█████████▌| 833/871 [00:07<00:00, 92.22it/s]
backtest loop:  97%|█████████▋| 845/871 [00:07<00:00, 98.94it/s]
backtest loop:  98%|█████████▊| 857/871 [00:07<00:00, 103.23it/s]
backtest loop: 100%|█████████▉| 870/871 [00:07<00:00, 109.24it/s]
backtest loop: 100%|██████████| 871/871 [00:07<00:00, 116.52it/s]
[22129:MainThread](2026-07-21 18:35:59,863) INFO - qlib.workflow - [record_temp.py:520] - Portfolio analysis record 'port_analysis_1day.pkl' has been saved as the artifact of the Experiment 679353222105714106
[22129:MainThread](2026-07-21 18:35:59,866) INFO - qlib.workflow - [record_temp.py:545] - Indicator analysis record 'indicator_analysis_1day.pkl' has been saved as the artifact of the Experiment 679353222105714106
[22129:MainThread](2026-07-21 18:36:00,156) INFO - qlib.timer - [log.py:127] - Time cost: 0.005s | waiting `async_log` Done
