'The following are prediction results of the GeneralPTNN model.'
                          score
datetime   instrument          
2017-01-03 SH600000    0.015132
2017-01-04 SH600000    0.014618
2017-01-05 SH600000    0.013770
2017-01-06 SH600000    0.012274
2017-01-09 SH600000    0.011707
{'IC': np.float64(0.00034445054469325897),
 'ICIR': np.float64(0.0028618322114848395),
 'Rank IC': np.float64(0.010971849853779268),
 'Rank ICIR': np.float64(0.08444462243200324)}
'The following are analysis results of benchmark return(1day).'
                       risk
mean               0.000477
std                0.012295
annualized_return  0.113561
information_ratio  0.598699
max_drawdown      -0.370479
'The following are analysis results of the excess return without cost(1day).'
                       risk
mean              -0.000242
std                0.004657
annualized_return -0.057574
information_ratio -0.801321
max_drawdown      -0.245871
'The following are analysis results of the excess return with cost(1day).'
                       risk
mean              -0.000408
std                0.004659
annualized_return -0.097062
information_ratio -1.350397
max_drawdown      -0.383575
'The following are analysis results of indicators(1day).'
     value
ffr    1.0
pa     0.0
pos    0.0

[15516:MainThread](2026-07-20 18:35:42,132) INFO - qlib.qrun - [run.py:78] - Render the template with the context: {}
[15516:MainThread](2026-07-20 18:35:42,139) INFO - qlib.Initialization - [config.py:453] - default_conf: client.
[15516:MainThread](2026-07-20 18:35:42,141) INFO - qlib.Initialization - [__init__.py:82] - qlib successfully initialized based on client settings.
[15516:MainThread](2026-07-20 18:35:42,141) INFO - qlib.Initialization - [__init__.py:84] - data_path={'__DEFAULT_FREQ': PosixPath('/Users/xuxin/.qlib/qlib_data/cn_data')}
[15516:MainThread](2026-07-20 18:35:42,147) WARNING - qlib.workflow - [expm.py:230] - No valid experiment found. Create a new experiment with name trav_deep_GeneralPtNN_gru_3.
[15516:MainThread](2026-07-20 18:35:42,150) INFO - qlib.workflow - [exp.py:258] - Experiment 630519723234785580 starts running ...
[15516:MainThread](2026-07-20 18:35:43,109) INFO - qlib.workflow - [recorder.py:345] - Recorder 5ae2be140fb447479a31eb8dd77688e1 starts running under Experiment 630519723234785580 ...
[15516:MainThread](2026-07-20 18:35:45,743) INFO - qlib.GeneralPTNN - [pytorch_general_nn.py:75] - GeneralPTNN pytorch version...
[15516:MainThread](2026-07-20 18:35:45,745) INFO - qlib.GeneralPTNN - [pytorch_general_nn.py:93] - GeneralPTNN parameters setting:
n_epochs : 200
lr : 0.0002
metric : loss
batch_size : 800
early_stop : 10
optimizer : adam
loss_type : mse
device : cpu
n_jobs : 0
use_GPU : False
weight_decay : 0.0
seed : None
pt_model_uri: qlib.contrib.model.pytorch_gru_ts.GRUModel
pt_model_kwargs: {'d_feat': 20, 'hidden_size': 64, 'num_layers': 2, 'dropout': 0.0}
[15516:MainThread](2026-07-20 18:35:45,745) INFO - qlib.GeneralPTNN - [pytorch_general_nn.py:130] - model:
GRUModel(
  (rnn): GRU(20, 64, num_layers=2, batch_first=True)
  (fc_out): Linear(in_features=64, out_features=1, bias=True)
)
[15516:MainThread](2026-07-20 18:35:45,745) INFO - qlib.GeneralPTNN - [pytorch_general_nn.py:131] - model size: 0.0396 MB
[15516:MainThread](2026-07-20 18:36:04,760) INFO - qlib.timer - [log.py:127] - Time cost: 17.338s | Loading data Done
[15516:MainThread](2026-07-20 18:36:04,882) INFO - qlib.timer - [log.py:127] - Time cost: 0.011s | FilterCol Done
/Users/xuxin/Documents/dev/qlib/qlib/data/dataset/processor.py:296: SettingWithCopyWarning: 
A value is trying to be set on a copy of a slice from a DataFrame.
Try using .loc[row_indexer,col_indexer] = value instead

See the caveats in the documentation: https://pandas.pydata.org/pandas-docs/stable/user_guide/indexing.html#returning-a-view-versus-a-copy
  df[self.cols] = X
[15516:MainThread](2026-07-20 18:36:05,128) INFO - qlib.timer - [log.py:127] - Time cost: 0.246s | RobustZScoreNorm Done
/Users/xuxin/Documents/dev/qlib/qlib/data/dataset/processor.py:192: SettingWithCopyWarning: 
A value is trying to be set on a copy of a slice from a DataFrame.
Try using .loc[row_indexer,col_indexer] = value instead

See the caveats in the documentation: https://pandas.pydata.org/pandas-docs/stable/user_guide/indexing.html#returning-a-view-versus-a-copy
  df[self.fields_group] = df[self.fields_group].fillna(self.fill_value)
[15516:MainThread](2026-07-20 18:36:05,169) INFO - qlib.timer - [log.py:127] - Time cost: 0.041s | Fillna Done
[15516:MainThread](2026-07-20 18:36:05,200) INFO - qlib.timer - [log.py:127] - Time cost: 0.015s | DropnaLabel Done
/Users/xuxin/Documents/dev/qlib/qlib/data/dataset/processor.py:358: SettingWithCopyWarning: 
A value is trying to be set on a copy of a slice from a DataFrame.
Try using .loc[row_indexer,col_indexer] = value instead

See the caveats in the documentation: https://pandas.pydata.org/pandas-docs/stable/user_guide/indexing.html#returning-a-view-versus-a-copy
  df[cols] = t
[15516:MainThread](2026-07-20 18:36:05,354) INFO - qlib.timer - [log.py:127] - Time cost: 0.154s | CSRankNorm Done
[15516:MainThread](2026-07-20 18:36:05,355) INFO - qlib.timer - [log.py:127] - Time cost: 0.595s | fit & process data Done
[15516:MainThread](2026-07-20 18:36:05,355) INFO - qlib.timer - [log.py:127] - Time cost: 17.934s | Init data Done
[15516:MainThread](2026-07-20 18:36:06,086) INFO - qlib.GeneralPTNN - [pytorch_general_nn.py:246] - Train samples: 478007
[15516:MainThread](2026-07-20 18:36:06,087) INFO - qlib.GeneralPTNN - [pytorch_general_nn.py:247] - Valid samples: 128309
[15516:MainThread](2026-07-20 18:36:06,089) INFO - qlib.GeneralPTNN - [pytorch_general_nn.py:295] - training...
[15516:MainThread](2026-07-20 18:36:06,089) INFO - qlib.GeneralPTNN - [pytorch_general_nn.py:299] - Epoch0:
[15516:MainThread](2026-07-20 18:36:06,089) INFO - qlib.GeneralPTNN - [pytorch_general_nn.py:300] - training...
[15516:MainThread](2026-07-20 18:36:38,989) INFO - qlib.GeneralPTNN - [pytorch_general_nn.py:302] - evaluating...
[15516:MainThread](2026-07-20 18:37:01,389) INFO - qlib.GeneralPTNN - [pytorch_general_nn.py:305] - Epoch0: train 0.997644, valid 0.997265
[15516:MainThread](2026-07-20 18:37:01,390) INFO - qlib.GeneralPTNN - [pytorch_general_nn.py:299] - Epoch1:
[15516:MainThread](2026-07-20 18:37:01,390) INFO - qlib.GeneralPTNN - [pytorch_general_nn.py:300] - training...
[15516:MainThread](2026-07-20 18:37:34,272) INFO - qlib.GeneralPTNN - [pytorch_general_nn.py:302] - evaluating...
[15516:MainThread](2026-07-20 18:37:56,646) INFO - qlib.GeneralPTNN - [pytorch_general_nn.py:305] - Epoch1: train 0.997689, valid 0.997351
[15516:MainThread](2026-07-20 18:37:56,647) INFO - qlib.GeneralPTNN - [pytorch_general_nn.py:299] - Epoch2:
[15516:MainThread](2026-07-20 18:37:56,647) INFO - qlib.GeneralPTNN - [pytorch_general_nn.py:300] - training...
[15516:MainThread](2026-07-20 18:38:29,443) INFO - qlib.GeneralPTNN - [pytorch_general_nn.py:302] - evaluating...
[15516:MainThread](2026-07-20 18:38:51,901) INFO - qlib.GeneralPTNN - [pytorch_general_nn.py:305] - Epoch2: train 0.997600, valid 0.997273
[15516:MainThread](2026-07-20 18:38:51,901) INFO - qlib.GeneralPTNN - [pytorch_general_nn.py:299] - Epoch3:
[15516:MainThread](2026-07-20 18:38:51,902) INFO - qlib.GeneralPTNN - [pytorch_general_nn.py:300] - training...
[15516:MainThread](2026-07-20 18:39:24,539) INFO - qlib.GeneralPTNN - [pytorch_general_nn.py:302] - evaluating...
[15516:MainThread](2026-07-20 18:39:46,737) INFO - qlib.GeneralPTNN - [pytorch_general_nn.py:305] - Epoch3: train 0.997654, valid 0.997278
[15516:MainThread](2026-07-20 18:39:46,737) INFO - qlib.GeneralPTNN - [pytorch_general_nn.py:299] - Epoch4:
[15516:MainThread](2026-07-20 18:39:46,737) INFO - qlib.GeneralPTNN - [pytorch_general_nn.py:300] - training...
[15516:MainThread](2026-07-20 18:40:19,607) INFO - qlib.GeneralPTNN - [pytorch_general_nn.py:302] - evaluating...
[15516:MainThread](2026-07-20 18:40:42,070) INFO - qlib.GeneralPTNN - [pytorch_general_nn.py:305] - Epoch4: train 0.997667, valid 0.997279
[15516:MainThread](2026-07-20 18:40:42,071) INFO - qlib.GeneralPTNN - [pytorch_general_nn.py:299] - Epoch5:
[15516:MainThread](2026-07-20 18:40:42,071) INFO - qlib.GeneralPTNN - [pytorch_general_nn.py:300] - training...
[15516:MainThread](2026-07-20 18:41:15,081) INFO - qlib.GeneralPTNN - [pytorch_general_nn.py:302] - evaluating...
[15516:MainThread](2026-07-20 18:41:37,618) INFO - qlib.GeneralPTNN - [pytorch_general_nn.py:305] - Epoch5: train 0.997661, valid 0.997256
[15516:MainThread](2026-07-20 18:41:37,619) INFO - qlib.GeneralPTNN - [pytorch_general_nn.py:299] - Epoch6:
[15516:MainThread](2026-07-20 18:41:37,619) INFO - qlib.GeneralPTNN - [pytorch_general_nn.py:300] - training...
[15516:MainThread](2026-07-20 18:42:10,483) INFO - qlib.GeneralPTNN - [pytorch_general_nn.py:302] - evaluating...
[15516:MainThread](2026-07-20 18:42:33,075) INFO - qlib.GeneralPTNN - [pytorch_general_nn.py:305] - Epoch6: train 0.997551, valid 0.997230
[15516:MainThread](2026-07-20 18:42:33,075) INFO - qlib.GeneralPTNN - [pytorch_general_nn.py:299] - Epoch7:
[15516:MainThread](2026-07-20 18:42:33,075) INFO - qlib.GeneralPTNN - [pytorch_general_nn.py:300] - training...
[15516:MainThread](2026-07-20 18:43:06,001) INFO - qlib.GeneralPTNN - [pytorch_general_nn.py:302] - evaluating...
[15516:MainThread](2026-07-20 18:43:30,801) INFO - qlib.GeneralPTNN - [pytorch_general_nn.py:305] - Epoch7: train 0.997642, valid 0.997256
[15516:MainThread](2026-07-20 18:43:30,801) INFO - qlib.GeneralPTNN - [pytorch_general_nn.py:299] - Epoch8:
[15516:MainThread](2026-07-20 18:43:30,802) INFO - qlib.GeneralPTNN - [pytorch_general_nn.py:300] - training...
[15516:MainThread](2026-07-20 18:44:05,840) INFO - qlib.GeneralPTNN - [pytorch_general_nn.py:302] - evaluating...
[15516:MainThread](2026-07-20 18:44:29,131) INFO - qlib.GeneralPTNN - [pytorch_general_nn.py:305] - Epoch8: train 0.997615, valid 0.997271
[15516:MainThread](2026-07-20 18:44:29,131) INFO - qlib.GeneralPTNN - [pytorch_general_nn.py:299] - Epoch9:
[15516:MainThread](2026-07-20 18:44:29,132) INFO - qlib.GeneralPTNN - [pytorch_general_nn.py:300] - training...
[15516:MainThread](2026-07-20 18:45:03,161) INFO - qlib.GeneralPTNN - [pytorch_general_nn.py:302] - evaluating...
[15516:MainThread](2026-07-20 18:45:26,339) INFO - qlib.GeneralPTNN - [pytorch_general_nn.py:305] - Epoch9: train 0.997579, valid 0.997234
[15516:MainThread](2026-07-20 18:45:26,340) INFO - qlib.GeneralPTNN - [pytorch_general_nn.py:299] - Epoch10:
[15516:MainThread](2026-07-20 18:45:26,340) INFO - qlib.GeneralPTNN - [pytorch_general_nn.py:300] - training...
[15516:MainThread](2026-07-20 18:46:00,242) INFO - qlib.GeneralPTNN - [pytorch_general_nn.py:302] - evaluating...
[15516:MainThread](2026-07-20 18:46:23,262) INFO - qlib.GeneralPTNN - [pytorch_general_nn.py:305] - Epoch10: train 0.997544, valid 0.997222
[15516:MainThread](2026-07-20 18:46:23,263) INFO - qlib.GeneralPTNN - [pytorch_general_nn.py:299] - Epoch11:
[15516:MainThread](2026-07-20 18:46:23,263) INFO - qlib.GeneralPTNN - [pytorch_general_nn.py:300] - training...
[15516:MainThread](2026-07-20 18:46:58,293) INFO - qlib.GeneralPTNN - [pytorch_general_nn.py:302] - evaluating...
[15516:MainThread](2026-07-20 18:47:21,818) INFO - qlib.GeneralPTNN - [pytorch_general_nn.py:305] - Epoch11: train 0.997604, valid 0.997228
[15516:MainThread](2026-07-20 18:47:21,818) INFO - qlib.GeneralPTNN - [pytorch_general_nn.py:299] - Epoch12:
[15516:MainThread](2026-07-20 18:47:21,819) INFO - qlib.GeneralPTNN - [pytorch_general_nn.py:300] - training...
[15516:MainThread](2026-07-20 18:47:55,923) INFO - qlib.GeneralPTNN - [pytorch_general_nn.py:302] - evaluating...
[15516:MainThread](2026-07-20 18:48:19,293) INFO - qlib.GeneralPTNN - [pytorch_general_nn.py:305] - Epoch12: train 0.997569, valid 0.997225
[15516:MainThread](2026-07-20 18:48:19,293) INFO - qlib.GeneralPTNN - [pytorch_general_nn.py:299] - Epoch13:
[15516:MainThread](2026-07-20 18:48:19,293) INFO - qlib.GeneralPTNN - [pytorch_general_nn.py:300] - training...
[15516:MainThread](2026-07-20 18:48:53,288) INFO - qlib.GeneralPTNN - [pytorch_general_nn.py:302] - evaluating...
[15516:MainThread](2026-07-20 18:49:16,228) INFO - qlib.GeneralPTNN - [pytorch_general_nn.py:305] - Epoch13: train 0.997629, valid 0.997217
[15516:MainThread](2026-07-20 18:49:16,228) INFO - qlib.GeneralPTNN - [pytorch_general_nn.py:299] - Epoch14:
[15516:MainThread](2026-07-20 18:49:16,229) INFO - qlib.GeneralPTNN - [pytorch_general_nn.py:300] - training...
[15516:MainThread](2026-07-20 18:49:50,290) INFO - qlib.GeneralPTNN - [pytorch_general_nn.py:302] - evaluating...
[15516:MainThread](2026-07-20 18:50:13,596) INFO - qlib.GeneralPTNN - [pytorch_general_nn.py:305] - Epoch14: train 0.997657, valid 0.997260
[15516:MainThread](2026-07-20 18:50:13,597) INFO - qlib.GeneralPTNN - [pytorch_general_nn.py:299] - Epoch15:
[15516:MainThread](2026-07-20 18:50:13,597) INFO - qlib.GeneralPTNN - [pytorch_general_nn.py:300] - training...
[15516:MainThread](2026-07-20 18:50:48,017) INFO - qlib.GeneralPTNN - [pytorch_general_nn.py:302] - evaluating...
[15516:MainThread](2026-07-20 18:51:11,552) INFO - qlib.GeneralPTNN - [pytorch_general_nn.py:305] - Epoch15: train 0.997563, valid 0.997234
[15516:MainThread](2026-07-20 18:51:11,552) INFO - qlib.GeneralPTNN - [pytorch_general_nn.py:299] - Epoch16:
[15516:MainThread](2026-07-20 18:51:11,552) INFO - qlib.GeneralPTNN - [pytorch_general_nn.py:300] - training...
[15516:MainThread](2026-07-20 18:51:46,361) INFO - qlib.GeneralPTNN - [pytorch_general_nn.py:302] - evaluating...
[15516:MainThread](2026-07-20 18:52:09,708) INFO - qlib.GeneralPTNN - [pytorch_general_nn.py:305] - Epoch16: train 0.997534, valid 0.997217
[15516:MainThread](2026-07-20 18:52:09,709) INFO - qlib.GeneralPTNN - [pytorch_general_nn.py:299] - Epoch17:
[15516:MainThread](2026-07-20 18:52:09,709) INFO - qlib.GeneralPTNN - [pytorch_general_nn.py:300] - training...
[15516:MainThread](2026-07-20 18:52:43,725) INFO - qlib.GeneralPTNN - [pytorch_general_nn.py:302] - evaluating...
[15516:MainThread](2026-07-20 18:53:06,627) INFO - qlib.GeneralPTNN - [pytorch_general_nn.py:305] - Epoch17: train 0.997530, valid 0.997216
[15516:MainThread](2026-07-20 18:53:06,628) INFO - qlib.GeneralPTNN - [pytorch_general_nn.py:299] - Epoch18:
[15516:MainThread](2026-07-20 18:53:06,628) INFO - qlib.GeneralPTNN - [pytorch_general_nn.py:300] - training...
[15516:MainThread](2026-07-20 18:53:40,328) INFO - qlib.GeneralPTNN - [pytorch_general_nn.py:302] - evaluating...
[15516:MainThread](2026-07-20 18:54:03,538) INFO - qlib.GeneralPTNN - [pytorch_general_nn.py:305] - Epoch18: train 0.997524, valid 0.997196
[15516:MainThread](2026-07-20 18:54:03,538) INFO - qlib.GeneralPTNN - [pytorch_general_nn.py:299] - Epoch19:
[15516:MainThread](2026-07-20 18:54:03,538) INFO - qlib.GeneralPTNN - [pytorch_general_nn.py:300] - training...
[15516:MainThread](2026-07-20 18:54:37,604) INFO - qlib.GeneralPTNN - [pytorch_general_nn.py:302] - evaluating...
[15516:MainThread](2026-07-20 18:55:01,110) INFO - qlib.GeneralPTNN - [pytorch_general_nn.py:305] - Epoch19: train 0.997581, valid 0.997226
[15516:MainThread](2026-07-20 18:55:01,111) INFO - qlib.GeneralPTNN - [pytorch_general_nn.py:299] - Epoch20:
[15516:MainThread](2026-07-20 18:55:01,111) INFO - qlib.GeneralPTNN - [pytorch_general_nn.py:300] - training...
[15516:MainThread](2026-07-20 18:55:34,753) INFO - qlib.GeneralPTNN - [pytorch_general_nn.py:302] - evaluating...
[15516:MainThread](2026-07-20 18:55:57,710) INFO - qlib.GeneralPTNN - [pytorch_general_nn.py:305] - Epoch20: train 0.997524, valid 0.997211
[15516:MainThread](2026-07-20 18:55:57,710) INFO - qlib.GeneralPTNN - [pytorch_general_nn.py:299] - Epoch21:
[15516:MainThread](2026-07-20 18:55:57,711) INFO - qlib.GeneralPTNN - [pytorch_general_nn.py:300] - training...
[15516:MainThread](2026-07-20 18:56:31,442) INFO - qlib.GeneralPTNN - [pytorch_general_nn.py:302] - evaluating...
[15516:MainThread](2026-07-20 18:56:54,825) INFO - qlib.GeneralPTNN - [pytorch_general_nn.py:305] - Epoch21: train 0.997542, valid 0.997218
[15516:MainThread](2026-07-20 18:56:54,826) INFO - qlib.GeneralPTNN - [pytorch_general_nn.py:299] - Epoch22:
[15516:MainThread](2026-07-20 18:56:54,826) INFO - qlib.GeneralPTNN - [pytorch_general_nn.py:300] - training...
[15516:MainThread](2026-07-20 18:57:28,658) INFO - qlib.GeneralPTNN - [pytorch_general_nn.py:302] - evaluating...
[15516:MainThread](2026-07-20 18:57:52,483) INFO - qlib.GeneralPTNN - [pytorch_general_nn.py:305] - Epoch22: train 0.997590, valid 0.997239
[15516:MainThread](2026-07-20 18:57:52,484) INFO - qlib.GeneralPTNN - [pytorch_general_nn.py:299] - Epoch23:
[15516:MainThread](2026-07-20 18:57:52,484) INFO - qlib.GeneralPTNN - [pytorch_general_nn.py:300] - training...
[15516:MainThread](2026-07-20 18:58:26,724) INFO - qlib.GeneralPTNN - [pytorch_general_nn.py:302] - evaluating...
[15516:MainThread](2026-07-20 18:58:49,858) INFO - qlib.GeneralPTNN - [pytorch_general_nn.py:305] - Epoch23: train 0.997599, valid 0.997213
[15516:MainThread](2026-07-20 18:58:49,858) INFO - qlib.GeneralPTNN - [pytorch_general_nn.py:299] - Epoch24:
[15516:MainThread](2026-07-20 18:58:49,858) INFO - qlib.GeneralPTNN - [pytorch_general_nn.py:300] - training...
[15516:MainThread](2026-07-20 18:59:25,092) INFO - qlib.GeneralPTNN - [pytorch_general_nn.py:302] - evaluating...
[15516:MainThread](2026-07-20 18:59:49,078) INFO - qlib.GeneralPTNN - [pytorch_general_nn.py:305] - Epoch24: train 0.997529, valid 0.997212
[15516:MainThread](2026-07-20 18:59:49,078) INFO - qlib.GeneralPTNN - [pytorch_general_nn.py:299] - Epoch25:
[15516:MainThread](2026-07-20 18:59:49,078) INFO - qlib.GeneralPTNN - [pytorch_general_nn.py:300] - training...
[15516:MainThread](2026-07-20 19:00:24,130) INFO - qlib.GeneralPTNN - [pytorch_general_nn.py:302] - evaluating...
[15516:MainThread](2026-07-20 19:00:48,387) INFO - qlib.GeneralPTNN - [pytorch_general_nn.py:305] - Epoch25: train 0.997553, valid 0.997207
[15516:MainThread](2026-07-20 19:00:48,387) INFO - qlib.GeneralPTNN - [pytorch_general_nn.py:299] - Epoch26:
[15516:MainThread](2026-07-20 19:00:48,387) INFO - qlib.GeneralPTNN - [pytorch_general_nn.py:300] - training...
[15516:MainThread](2026-07-20 19:01:29,859) INFO - qlib.GeneralPTNN - [pytorch_general_nn.py:302] - evaluating...
[15516:MainThread](2026-07-20 19:09:07,564) INFO - qlib.GeneralPTNN - [pytorch_general_nn.py:305] - Epoch26: train 0.997533, valid 0.997208
[15516:MainThread](2026-07-20 19:09:07,564) INFO - qlib.GeneralPTNN - [pytorch_general_nn.py:299] - Epoch27:
[15516:MainThread](2026-07-20 19:09:07,565) INFO - qlib.GeneralPTNN - [pytorch_general_nn.py:300] - training...
[15516:MainThread](2026-07-20 19:10:37,601) INFO - qlib.GeneralPTNN - [pytorch_general_nn.py:302] - evaluating...
[15516:MainThread](2026-07-20 20:00:42,793) INFO - qlib.GeneralPTNN - [pytorch_general_nn.py:305] - Epoch27: train 0.997488, valid 0.997212
[15516:MainThread](2026-07-20 20:00:42,793) INFO - qlib.GeneralPTNN - [pytorch_general_nn.py:299] - Epoch28:
[15516:MainThread](2026-07-20 20:00:42,793) INFO - qlib.GeneralPTNN - [pytorch_general_nn.py:300] - training...
[15516:MainThread](2026-07-20 20:38:41,639) INFO - qlib.GeneralPTNN - [pytorch_general_nn.py:302] - evaluating...
[15516:MainThread](2026-07-20 20:39:07,291) INFO - qlib.GeneralPTNN - [pytorch_general_nn.py:305] - Epoch28: train 0.997555, valid 0.997215
[15516:MainThread](2026-07-20 20:39:07,291) INFO - qlib.GeneralPTNN - [pytorch_general_nn.py:324] - early stop
[15516:MainThread](2026-07-20 20:39:07,291) INFO - qlib.GeneralPTNN - [pytorch_general_nn.py:327] - best score: 0.997196 @ 18 epoch
[15516:MainThread](2026-07-20 20:39:07,322) INFO - qlib.fill_placeholder - [__init__.py:798] - <PRED> lookes like a placeholder, but it can't match to any given values
Gym has been unmaintained since 2022 and does not support NumPy 2.0 amongst other critical functionality.
Please upgrade to Gymnasium, the maintained drop-in replacement of Gym, or contact the authors of your software and request that they upgrade.
Users of this version of Gym should be able to simply replace 'import gym' with 'import gymnasium as gym' in the vast majority of cases.
See the migration guide at https://gymnasium.farama.org/introduction/migration_guide/ for additional information.
[15516:MainThread](2026-07-20 20:39:07,838) INFO - qlib.GeneralPTNN - [pytorch_general_nn.py:344] - Test samples: 261300
[15516:MainThread](2026-07-20 20:39:16,745) INFO - qlib.workflow - [record_temp.py:197] - Signal record 'pred.pkl' has been saved as the artifact of the Experiment 630519723234785580
[15516:MainThread](2026-07-20 20:55:58,221) INFO - qlib.backtest caller - [__init__.py:93] - Create new exchange
[15516:MainThread](2026-07-20 21:02:11,659) WARNING - qlib.online operator - [exchange.py:219] - $close field data contains nan.
[15516:MainThread](2026-07-20 21:02:11,660) WARNING - qlib.online operator - [exchange.py:219] - $close field data contains nan.
[15516:MainThread](2026-07-20 21:02:11,662) WARNING - qlib.online operator - [exchange.py:226] - factor.day.bin file not exists or factor contains `nan`. Order using adjusted_price.
[15516:MainThread](2026-07-20 21:02:11,663) WARNING - qlib.online operator - [exchange.py:228] - trade unit 100 is not supported in adjusted_price mode.
[15516:MainThread](2026-07-20 21:02:21,120) WARNING - qlib.data - [data.py:665] - load calendar error: freq=day, future=True; return current calendar!
[15516:MainThread](2026-07-20 21:02:21,120) WARNING - qlib.data - [data.py:668] - You can get future calendar by referring to the following document: https://github.com/microsoft/qlib/blob/main/scripts/data_collector/contrib/README.md
[15516:MainThread](2026-07-20 21:02:21,124) WARNING - qlib.BaseExecutor - [executor.py:121] - `common_infra` is not set for <qlib.backtest.executor.SimulatorExecutor object at 0x129ac4680>

backtest loop:   0%|          | 0/871 [00:00<?, ?it/s]/Users/xuxin/Documents/dev/qlib/qlib/utils/index_data.py:492: RuntimeWarning: Mean of empty slice
  return np.nanmean(self.data)

backtest loop:   1%|▏         | 13/871 [00:00<00:06, 125.27it/s]
backtest loop:   3%|▎         | 26/871 [00:00<00:07, 120.46it/s]
backtest loop:   4%|▍         | 39/871 [00:00<00:06, 122.80it/s]
backtest loop:   6%|▌         | 53/871 [00:00<00:06, 126.35it/s]
backtest loop:   8%|▊         | 66/871 [00:00<00:06, 126.17it/s]
backtest loop:   9%|▉         | 79/871 [00:00<00:06, 124.92it/s]
backtest loop:  11%|█         | 92/871 [00:00<00:06, 121.55it/s]
backtest loop:  12%|█▏        | 105/871 [17:42<5:29:58, 25.85s/it]
backtest loop:  13%|█▎        | 117/871 [17:42<3:49:11, 18.24s/it]
backtest loop:  15%|█▍        | 129/871 [17:42<2:38:47, 12.84s/it]
backtest loop:  16%|█▋        | 142/871 [17:42<1:47:01,  8.81s/it]
backtest loop:  18%|█▊        | 154/871 [17:42<1:14:26,  6.23s/it]
backtest loop:  19%|█▉        | 167/871 [17:42<50:19,  4.29s/it]  
backtest loop:  21%|██        | 180/871 [17:42<34:11,  2.97s/it]
backtest loop:  22%|██▏       | 193/871 [17:42<23:19,  2.06s/it]
backtest loop:  24%|██▎       | 206/871 [17:43<15:56,  1.44s/it]
backtest loop:  25%|██▌       | 219/871 [17:43<10:55,  1.01s/it]
backtest loop:  27%|██▋       | 232/871 [17:43<07:30,  1.42it/s]
backtest loop:  28%|██▊       | 245/871 [17:43<05:09,  2.02it/s]
backtest loop:  30%|██▉       | 258/871 [17:43<03:33,  2.87it/s]
backtest loop:  31%|███       | 271/871 [17:43<02:27,  4.07it/s]
backtest loop:  33%|███▎      | 284/871 [17:43<01:42,  5.73it/s]
backtest loop:  34%|███▍      | 297/871 [17:43<01:11,  8.01it/s]
backtest loop:  35%|███▌      | 309/871 [17:43<00:51, 10.87it/s]
backtest loop:  37%|███▋      | 322/871 [17:43<00:36, 15.07it/s]
backtest loop:  38%|███▊      | 335/871 [17:44<00:26, 20.56it/s]
backtest loop:  40%|███▉      | 348/871 [17:44<00:18, 27.53it/s]
backtest loop:  41%|████▏     | 361/871 [17:44<00:14, 36.06it/s]
backtest loop:  43%|████▎     | 374/871 [17:44<00:10, 46.04it/s]
backtest loop:  45%|████▍     | 388/871 [17:44<00:08, 57.74it/s]
backtest loop:  46%|████▌     | 401/871 [17:44<00:06, 69.00it/s]
backtest loop:  48%|████▊     | 414/871 [17:44<00:05, 79.47it/s]
backtest loop:  49%|████▉     | 427/871 [17:44<00:04, 89.46it/s]
backtest loop:  51%|█████     | 440/871 [17:44<00:04, 97.92it/s]
backtest loop:  52%|█████▏    | 453/871 [17:45<00:03, 104.75it/s]
backtest loop:  54%|█████▎    | 466/871 [17:45<00:03, 110.65it/s]
backtest loop:  55%|█████▍    | 479/871 [17:45<00:03, 114.46it/s]
backtest loop:  56%|█████▋    | 492/871 [17:45<00:03, 117.32it/s]
backtest loop:  58%|█████▊    | 505/871 [17:45<00:03, 119.21it/s]
backtest loop:  59%|█████▉    | 518/871 [17:45<00:02, 121.96it/s]
backtest loop:  61%|██████    | 531/871 [17:45<00:02, 122.20it/s]
backtest loop:  62%|██████▏   | 544/871 [17:45<00:02, 124.00it/s]
backtest loop:  64%|██████▍   | 557/871 [17:45<00:02, 123.72it/s]/Users/xuxin/Documents/dev/qlib/qlib/utils/index_data.py:492: RuntimeWarning: Mean of empty slice
  return np.nanmean(self.data)
/Users/xuxin/Documents/dev/qlib/qlib/utils/index_data.py:492: RuntimeWarning: Mean of empty slice
  return np.nanmean(self.data)

backtest loop:  66%|██████▌   | 571/871 [17:45<00:02, 124.82it/s]
backtest loop:  67%|██████▋   | 584/871 [17:46<00:02, 126.16it/s]
backtest loop:  69%|██████▊   | 597/871 [17:46<00:02, 125.46it/s]
backtest loop:  70%|███████   | 610/871 [17:46<00:02, 124.89it/s]
backtest loop:  72%|███████▏  | 624/871 [17:46<00:01, 127.20it/s]
backtest loop:  73%|███████▎  | 637/871 [17:46<00:01, 125.40it/s]
backtest loop:  75%|███████▍  | 650/871 [17:46<00:01, 123.43it/s]
backtest loop:  76%|███████▌  | 663/871 [17:46<00:01, 124.05it/s]
backtest loop:  78%|███████▊  | 676/871 [17:46<00:01, 121.11it/s]
backtest loop:  79%|███████▉  | 689/871 [17:46<00:01, 120.79it/s]
backtest loop:  81%|████████  | 702/871 [17:47<00:01, 122.56it/s]
backtest loop:  82%|████████▏ | 715/871 [17:47<00:01, 118.59it/s]
backtest loop:  83%|████████▎ | 727/871 [33:10<52:15, 21.77s/it] 
backtest loop:  85%|████████▍ | 738/871 [33:10<35:13, 15.89s/it]
backtest loop:  86%|████████▌ | 750/871 [33:10<22:32, 11.18s/it]
backtest loop:  87%|████████▋ | 762/871 [33:10<14:16,  7.86s/it]
backtest loop:  89%|████████▉ | 774/871 [33:10<08:55,  5.52s/it]
backtest loop:  90%|█████████ | 786/871 [33:10<05:29,  3.87s/it]
backtest loop:  92%|█████████▏| 798/871 [33:10<03:18,  2.72s/it]
backtest loop:  93%|█████████▎| 810/871 [33:10<01:56,  1.91s/it]
backtest loop:  94%|█████████▍| 823/871 [33:11<01:02,  1.31s/it]
backtest loop:  96%|█████████▌| 836/871 [33:11<00:31,  1.11it/s]
backtest loop:  97%|█████████▋| 848/871 [33:11<00:14,  1.56it/s]
backtest loop:  99%|█████████▉| 861/871 [33:11<00:04,  2.25it/s]
backtest loop: 100%|██████████| 871/871 [33:11<00:00,  2.29s/it]
[15516:MainThread](2026-07-20 21:35:32,628) INFO - qlib.workflow - [record_temp.py:520] - Portfolio analysis record 'port_analysis_1day.pkl' has been saved as the artifact of the Experiment 630519723234785580
[15516:MainThread](2026-07-20 21:35:32,632) INFO - qlib.workflow - [record_temp.py:545] - Indicator analysis record 'indicator_analysis_1day.pkl' has been saved as the artifact of the Experiment 630519723234785580
[15516:MainThread](2026-07-20 21:35:32,924) INFO - qlib.timer - [log.py:127] - Time cost: 0.004s | waiting `async_log` Done
